[ 2018-06-02T03:50:23+08:00 ] 202.173.10.31 /
INFO: [ app_init ] --START--
INFO: Run Behavior\BuildLiteBehavior [ RunTime:0.000031s ]
INFO: [ app_init ] --END-- [ RunTime:0.002005s ]
INFO: [ app_begin ] --START--
INFO: Run Behavior\ReadHtmlCacheBehavior [ RunTime:0.007014s ]
INFO: [ app_begin ] --END-- [ RunTime:0.007084s ]
SQL: SHOW COLUMNS FROM `setting` [ RunTime:0.0020s ]
SQL: SELECT * FROM `setting`  [ RunTime:0.0015s ]
SQL: SELECT * FROM `setting`  [ RunTime:0.0007s ]
SQL: SHOW COLUMNS FROM `article` [ RunTime:0.0016s ]
SQL: SELECT COUNT(*) AS tp_count FROM `article` LIMIT 1   [ RunTime:0.0023s ]
SQL: SELECT * FROM `article` ORDER BY createtime desc LIMIT 10   [ RunTime:0.0064s ]
SQL: SELECT * FROM `article` ORDER BY view desc LIMIT 6   [ RunTime:0.0015s ]
SQL: select sum(view) as view,author from article group by author order by view DESC limit 3  [ RunTime:0.0006s ]
INFO: [ view_parse ] --START--
INFO: [ template_filter ] --START--
INFO: Run Behavior\ContentReplaceBehavior [ RunTime:0.000082s ]
INFO: [ template_filter ] --END-- [ RunTime:0.000152s ]
NOTIC: [8] Use of undefined constant aid - assumed 'aid' /www/users/HA396000/WEB/Application/Runtime/Cache/Home/2a94b8bda04ff446dcedd42276fc99ee.php 第 52 行.
NOTIC: [8] Use of undefined constant aid - assumed 'aid' /www/users/HA396000/WEB/Application/Runtime/Cache/Home/2a94b8bda04ff446dcedd42276fc99ee.php 第 52 行.
NOTIC: [8] Use of undefined constant aid - assumed 'aid' /www/users/HA396000/WEB/Application/Runtime/Cache/Home/2a94b8bda04ff446dcedd42276fc99ee.php 第 52 行.
NOTIC: [8] Use of undefined constant aid - assumed 'aid' /www/users/HA396000/WEB/Application/Runtime/Cache/Home/2a94b8bda04ff446dcedd42276fc99ee.php 第 52 行.
NOTIC: [8] Use of undefined constant aid - assumed 'aid' /www/users/HA396000/WEB/Application/Runtime/Cache/Home/2a94b8bda04ff446dcedd42276fc99ee.php 第 52 行.
NOTIC: [8] Use of undefined constant aid - assumed 'aid' /www/users/HA396000/WEB/Application/Runtime/Cache/Home/2a94b8bda04ff446dcedd42276fc99ee.php 第 52 行.
NOTIC: [8] Use of undefined constant aid - assumed 'aid' /www/users/HA396000/WEB/Application/Runtime/Cache/Home/2a94b8bda04ff446dcedd42276fc99ee.php 第 52 行.
NOTIC: [8] Use of undefined constant aid - assumed 'aid' /www/users/HA396000/WEB/Application/Runtime/Cache/Home/2a94b8bda04ff446dcedd42276fc99ee.php 第 52 行.
NOTIC: [8] Use of undefined constant aid - assumed 'aid' /www/users/HA396000/WEB/Application/Runtime/Cache/Home/2a94b8bda04ff446dcedd42276fc99ee.php 第 52 行.
NOTIC: [8] Use of undefined constant aid - assumed 'aid' /www/users/HA396000/WEB/Application/Runtime/Cache/Home/2a94b8bda04ff446dcedd42276fc99ee.php 第 52 行.
INFO: Run Behavior\ParseTemplateBehavior [ RunTime:0.062147s ]
INFO: [ view_parse ] --END-- [ RunTime:0.062220s ]
INFO: [ view_filter ] --START--
INFO: Run Behavior\WriteHtmlCacheBehavior [ RunTime:0.007237s ]
INFO: [ view_filter ] --END-- [ RunTime:0.007299s ]
INFO: [ app_end ] --START--
INFO: Run Behavior\ShowPageTraceBehavior [ RunTime:0.005549s ]
INFO: [ app_end ] --END-- [ RunTime:0.005616s ]

[ 2018-06-02T10:12:12+08:00 ] 36.110.147.197 /
INFO: [ app_init ] --START--
INFO: Run Behavior\BuildLiteBehavior [ RunTime:0.000029s ]
INFO: [ app_init ] --END-- [ RunTime:0.000873s ]
INFO: [ app_begin ] --START--
INFO: Run Behavior\ReadHtmlCacheBehavior [ RunTime:0.001165s ]
INFO: [ app_begin ] --END-- [ RunTime:0.001232s ]
SQL: SHOW COLUMNS FROM `setting` [ RunTime:0.0013s ]
SQL: SELECT * FROM `setting`  [ RunTime:0.0006s ]
SQL: SELECT * FROM `setting`  [ RunTime:0.0016s ]
SQL: SHOW COLUMNS FROM `article` [ RunTime:0.0015s ]
SQL: SELECT COUNT(*) AS tp_count FROM `article` LIMIT 1   [ RunTime:0.0007s ]
SQL: SELECT * FROM `article` ORDER BY createtime desc LIMIT 10   [ RunTime:0.0044s ]
SQL: SELECT * FROM `article` ORDER BY view desc LIMIT 6   [ RunTime:0.0054s ]
SQL: select sum(view) as view,author from article group by author order by view DESC limit 3  [ RunTime:0.0007s ]
INFO: [ view_parse ] --START--
INFO: [ template_filter ] --START--
INFO: Run Behavior\ContentReplaceBehavior [ RunTime:0.000081s ]
INFO: [ template_filter ] --END-- [ RunTime:0.000149s ]
NOTIC: [8] Use of undefined constant aid - assumed 'aid' /www/users/HA396000/WEB/Application/Runtime/Cache/Home/2a94b8bda04ff446dcedd42276fc99ee.php 第 52 行.
NOTIC: [8] Use of undefined constant aid - assumed 'aid' /www/users/HA396000/WEB/Application/Runtime/Cache/Home/2a94b8bda04ff446dcedd42276fc99ee.php 第 52 行.
NOTIC: [8] Use of undefined constant aid - assumed 'aid' /www/users/HA396000/WEB/Application/Runtime/Cache/Home/2a94b8bda04ff446dcedd42276fc99ee.php 第 52 行.
NOTIC: [8] Use of undefined constant aid - assumed 'aid' /www/users/HA396000/WEB/Application/Runtime/Cache/Home/2a94b8bda04ff446dcedd42276fc99ee.php 第 52 行.
NOTIC: [8] Use of undefined constant aid - assumed 'aid' /www/users/HA396000/WEB/Application/Runtime/Cache/Home/2a94b8bda04ff446dcedd42276fc99ee.php 第 52 行.
NOTIC: [8] Use of undefined constant aid - assumed 'aid' /www/users/HA396000/WEB/Application/Runtime/Cache/Home/2a94b8bda04ff446dcedd42276fc99ee.php 第 52 行.
NOTIC: [8] Use of undefined constant aid - assumed 'aid' /www/users/HA396000/WEB/Application/Runtime/Cache/Home/2a94b8bda04ff446dcedd42276fc99ee.php 第 52 行.
NOTIC: [8] Use of undefined constant aid - assumed 'aid' /www/users/HA396000/WEB/Application/Runtime/Cache/Home/2a94b8bda04ff446dcedd42276fc99ee.php 第 52 行.
NOTIC: [8] Use of undefined constant aid - assumed 'aid' /www/users/HA396000/WEB/Application/Runtime/Cache/Home/2a94b8bda04ff446dcedd42276fc99ee.php 第 52 行.
NOTIC: [8] Use of undefined constant aid - assumed 'aid' /www/users/HA396000/WEB/Application/Runtime/Cache/Home/2a94b8bda04ff446dcedd42276fc99ee.php 第 52 行.
INFO: Run Behavior\ParseTemplateBehavior [ RunTime:0.024763s ]
INFO: [ view_parse ] --END-- [ RunTime:0.024830s ]
INFO: [ view_filter ] --START--
INFO: Run Behavior\WriteHtmlCacheBehavior [ RunTime:0.000534s ]
INFO: [ view_filter ] --END-- [ RunTime:0.000595s ]
INFO: [ app_end ] --START--
INFO: Run Behavior\ShowPageTraceBehavior [ RunTime:0.001309s ]
INFO: [ app_end ] --END-- [ RunTime:0.001378s ]

[ 2018-06-02T15:52:46+08:00 ] 119.123.239.36 /
INFO: [ app_init ] --START--
INFO: Run Behavior\BuildLiteBehavior [ RunTime:0.000026s ]
INFO: [ app_init ] --END-- [ RunTime:0.000921s ]
INFO: [ app_begin ] --START--
INFO: Run Behavior\ReadHtmlCacheBehavior [ RunTime:0.001157s ]
INFO: [ app_begin ] --END-- [ RunTime:0.001224s ]
SQL: SHOW COLUMNS FROM `setting` [ RunTime:0.0012s ]
SQL: SELECT * FROM `setting`  [ RunTime:0.0006s ]
SQL: SELECT * FROM `setting`  [ RunTime:0.0007s ]
SQL: SHOW COLUMNS FROM `article` [ RunTime:0.0011s ]
SQL: SELECT COUNT(*) AS tp_count FROM `article` LIMIT 1   [ RunTime:0.0007s ]
SQL: SELECT * FROM `article` ORDER BY createtime desc LIMIT 10   [ RunTime:0.0044s ]
SQL: SELECT * FROM `article` ORDER BY view desc LIMIT 6   [ RunTime:0.0039s ]
SQL: select sum(view) as view,author from article group by author order by view DESC limit 3  [ RunTime:0.0014s ]
INFO: [ view_parse ] --START--
INFO: [ template_filter ] --START--
INFO: Run Behavior\ContentReplaceBehavior [ RunTime:0.000082s ]
INFO: [ template_filter ] --END-- [ RunTime:0.000151s ]
NOTIC: [8] Use of undefined constant aid - assumed 'aid' /www/users/HA396000/WEB/Application/Runtime/Cache/Home/2a94b8bda04ff446dcedd42276fc99ee.php 第 52 行.
NOTIC: [8] Use of undefined constant aid - assumed 'aid' /www/users/HA396000/WEB/Application/Runtime/Cache/Home/2a94b8bda04ff446dcedd42276fc99ee.php 第 52 行.
NOTIC: [8] Use of undefined constant aid - assumed 'aid' /www/users/HA396000/WEB/Application/Runtime/Cache/Home/2a94b8bda04ff446dcedd42276fc99ee.php 第 52 行.
NOTIC: [8] Use of undefined constant aid - assumed 'aid' /www/users/HA396000/WEB/Application/Runtime/Cache/Home/2a94b8bda04ff446dcedd42276fc99ee.php 第 52 行.
NOTIC: [8] Use of undefined constant aid - assumed 'aid' /www/users/HA396000/WEB/Application/Runtime/Cache/Home/2a94b8bda04ff446dcedd42276fc99ee.php 第 52 行.
NOTIC: [8] Use of undefined constant aid - assumed 'aid' /www/users/HA396000/WEB/Application/Runtime/Cache/Home/2a94b8bda04ff446dcedd42276fc99ee.php 第 52 行.
NOTIC: [8] Use of undefined constant aid - assumed 'aid' /www/users/HA396000/WEB/Application/Runtime/Cache/Home/2a94b8bda04ff446dcedd42276fc99ee.php 第 52 行.
NOTIC: [8] Use of undefined constant aid - assumed 'aid' /www/users/HA396000/WEB/Application/Runtime/Cache/Home/2a94b8bda04ff446dcedd42276fc99ee.php 第 52 行.
NOTIC: [8] Use of undefined constant aid - assumed 'aid' /www/users/HA396000/WEB/Application/Runtime/Cache/Home/2a94b8bda04ff446dcedd42276fc99ee.php 第 52 行.
NOTIC: [8] Use of undefined constant aid - assumed 'aid' /www/users/HA396000/WEB/Application/Runtime/Cache/Home/2a94b8bda04ff446dcedd42276fc99ee.php 第 52 行.
INFO: Run Behavior\ParseTemplateBehavior [ RunTime:0.025427s ]
INFO: [ view_parse ] --END-- [ RunTime:0.025495s ]
INFO: [ view_filter ] --START--
INFO: Run Behavior\WriteHtmlCacheBehavior [ RunTime:0.000474s ]
INFO: [ view_filter ] --END-- [ RunTime:0.000561s ]
INFO: [ app_end ] --START--
INFO: Run Behavior\ShowPageTraceBehavior [ RunTime:0.001300s ]
INFO: [ app_end ] --END-- [ RunTime:0.001366s ]

[ 2018-06-02T15:53:16+08:00 ] 113.88.240.170 /
INFO: [ app_init ] --START--
INFO: Run Behavior\BuildLiteBehavior [ RunTime:0.000028s ]
INFO: [ app_init ] --END-- [ RunTime:0.000875s ]
INFO: [ app_begin ] --START--
INFO: Run Behavior\ReadHtmlCacheBehavior [ RunTime:0.001311s ]
INFO: [ app_begin ] --END-- [ RunTime:0.001378s ]
SQL: SHOW COLUMNS FROM `setting` [ RunTime:0.0012s ]
SQL: SELECT * FROM `setting`  [ RunTime:0.0013s ]
SQL: SELECT * FROM `setting`  [ RunTime:0.0006s ]
SQL: SHOW COLUMNS FROM `article` [ RunTime:0.0020s ]
SQL: SELECT COUNT(*) AS tp_count FROM `article` LIMIT 1   [ RunTime:0.0004s ]
SQL: SELECT * FROM `article` ORDER BY createtime desc LIMIT 10   [ RunTime:0.0064s ]
SQL: SELECT * FROM `article` ORDER BY view desc LIMIT 6   [ RunTime:0.0018s ]
SQL: select sum(view) as view,author from article group by author order by view DESC limit 3  [ RunTime:0.0006s ]
INFO: [ view_parse ] --START--
INFO: [ template_filter ] --START--
INFO: Run Behavior\ContentReplaceBehavior [ RunTime:0.000080s ]
INFO: [ template_filter ] --END-- [ RunTime:0.000149s ]
NOTIC: [8] Use of undefined constant aid - assumed 'aid' /www/users/HA396000/WEB/Application/Runtime/Cache/Home/2a94b8bda04ff446dcedd42276fc99ee.php 第 52 行.
NOTIC: [8] Use of undefined constant aid - assumed 'aid' /www/users/HA396000/WEB/Application/Runtime/Cache/Home/2a94b8bda04ff446dcedd42276fc99ee.php 第 52 行.
NOTIC: [8] Use of undefined constant aid - assumed 'aid' /www/users/HA396000/WEB/Application/Runtime/Cache/Home/2a94b8bda04ff446dcedd42276fc99ee.php 第 52 行.
NOTIC: [8] Use of undefined constant aid - assumed 'aid' /www/users/HA396000/WEB/Application/Runtime/Cache/Home/2a94b8bda04ff446dcedd42276fc99ee.php 第 52 行.
NOTIC: [8] Use of undefined constant aid - assumed 'aid' /www/users/HA396000/WEB/Application/Runtime/Cache/Home/2a94b8bda04ff446dcedd42276fc99ee.php 第 52 行.
NOTIC: [8] Use of undefined constant aid - assumed 'aid' /www/users/HA396000/WEB/Application/Runtime/Cache/Home/2a94b8bda04ff446dcedd42276fc99ee.php 第 52 行.
NOTIC: [8] Use of undefined constant aid - assumed 'aid' /www/users/HA396000/WEB/Application/Runtime/Cache/Home/2a94b8bda04ff446dcedd42276fc99ee.php 第 52 行.
NOTIC: [8] Use of undefined constant aid - assumed 'aid' /www/users/HA396000/WEB/Application/Runtime/Cache/Home/2a94b8bda04ff446dcedd42276fc99ee.php 第 52 行.
NOTIC: [8] Use of undefined constant aid - assumed 'aid' /www/users/HA396000/WEB/Application/Runtime/Cache/Home/2a94b8bda04ff446dcedd42276fc99ee.php 第 52 行.
NOTIC: [8] Use of undefined constant aid - assumed 'aid' /www/users/HA396000/WEB/Application/Runtime/Cache/Home/2a94b8bda04ff446dcedd42276fc99ee.php 第 52 行.
INFO: Run Behavior\ParseTemplateBehavior [ RunTime:0.025388s ]
INFO: [ view_parse ] --END-- [ RunTime:0.025455s ]
INFO: [ view_filter ] --START--
INFO: Run Behavior\WriteHtmlCacheBehavior [ RunTime:0.000533s ]
INFO: [ view_filter ] --END-- [ RunTime:0.000592s ]
INFO: [ app_end ] --START--
INFO: Run Behavior\ShowPageTraceBehavior [ RunTime:0.001394s ]
INFO: [ app_end ] --END-- [ RunTime:0.001460s ]

[ 2018-06-02T16:14:21+08:00 ] 113.88.240.170 /
INFO: [ app_init ] --START--
INFO: Run Behavior\BuildLiteBehavior [ RunTime:0.000027s ]
INFO: [ app_init ] --END-- [ RunTime:0.000861s ]
INFO: [ app_begin ] --START--
INFO: Run Behavior\ReadHtmlCacheBehavior [ RunTime:0.001181s ]
INFO: [ app_begin ] --END-- [ RunTime:0.001248s ]
SQL: SHOW COLUMNS FROM `setting` [ RunTime:0.0027s ]
SQL: SELECT * FROM `setting`  [ RunTime:0.0008s ]
SQL: SELECT * FROM `setting`  [ RunTime:0.0005s ]
SQL: SHOW COLUMNS FROM `article` [ RunTime:0.0010s ]
SQL: SELECT COUNT(*) AS tp_count FROM `article` LIMIT 1   [ RunTime:0.0007s ]
SQL: SELECT * FROM `article` ORDER BY createtime desc LIMIT 10   [ RunTime:0.0042s ]
SQL: SELECT * FROM `article` ORDER BY view desc LIMIT 6   [ RunTime:0.0014s ]
SQL: select sum(view) as view,author from article group by author order by view DESC limit 3  [ RunTime:0.0008s ]
INFO: [ view_parse ] --START--
INFO: [ template_filter ] --START--
INFO: Run Behavior\ContentReplaceBehavior [ RunTime:0.000078s ]
INFO: [ template_filter ] --END-- [ RunTime:0.000144s ]
NOTIC: [8] Use of undefined constant aid - assumed 'aid' /www/users/HA396000/WEB/Application/Runtime/Cache/Home/2a94b8bda04ff446dcedd42276fc99ee.php 第 52 行.
NOTIC: [8] Use of undefined constant aid - assumed 'aid' /www/users/HA396000/WEB/Application/Runtime/Cache/Home/2a94b8bda04ff446dcedd42276fc99ee.php 第 52 行.
NOTIC: [8] Use of undefined constant aid - assumed 'aid' /www/users/HA396000/WEB/Application/Runtime/Cache/Home/2a94b8bda04ff446dcedd42276fc99ee.php 第 52 行.
NOTIC: [8] Use of undefined constant aid - assumed 'aid' /www/users/HA396000/WEB/Application/Runtime/Cache/Home/2a94b8bda04ff446dcedd42276fc99ee.php 第 52 行.
NOTIC: [8] Use of undefined constant aid - assumed 'aid' /www/users/HA396000/WEB/Application/Runtime/Cache/Home/2a94b8bda04ff446dcedd42276fc99ee.php 第 52 行.
NOTIC: [8] Use of undefined constant aid - assumed 'aid' /www/users/HA396000/WEB/Application/Runtime/Cache/Home/2a94b8bda04ff446dcedd42276fc99ee.php 第 52 行.
NOTIC: [8] Use of undefined constant aid - assumed 'aid' /www/users/HA396000/WEB/Application/Runtime/Cache/Home/2a94b8bda04ff446dcedd42276fc99ee.php 第 52 行.
NOTIC: [8] Use of undefined constant aid - assumed 'aid' /www/users/HA396000/WEB/Application/Runtime/Cache/Home/2a94b8bda04ff446dcedd42276fc99ee.php 第 52 行.
NOTIC: [8] Use of undefined constant aid - assumed 'aid' /www/users/HA396000/WEB/Application/Runtime/Cache/Home/2a94b8bda04ff446dcedd42276fc99ee.php 第 52 行.
NOTIC: [8] Use of undefined constant aid - assumed 'aid' /www/users/HA396000/WEB/Application/Runtime/Cache/Home/2a94b8bda04ff446dcedd42276fc99ee.php 第 52 行.
INFO: Run Behavior\ParseTemplateBehavior [ RunTime:0.024841s ]
INFO: [ view_parse ] --END-- [ RunTime:0.024906s ]
INFO: [ view_filter ] --START--
INFO: Run Behavior\WriteHtmlCacheBehavior [ RunTime:0.000489s ]
INFO: [ view_filter ] --END-- [ RunTime:0.000549s ]
INFO: [ app_end ] --START--
INFO: Run Behavior\ShowPageTraceBehavior [ RunTime:0.001327s ]
INFO: [ app_end ] --END-- [ RunTime:0.001394s ]

[ 2018-06-02T16:22:37+08:00 ] 165.227.68.38 /
INFO: [ app_init ] --START--
INFO: Run Behavior\BuildLiteBehavior [ RunTime:0.000027s ]
INFO: [ app_init ] --END-- [ RunTime:0.000868s ]
INFO: [ app_begin ] --START--
INFO: Run Behavior\ReadHtmlCacheBehavior [ RunTime:0.001166s ]
INFO: [ app_begin ] --END-- [ RunTime:0.001233s ]
SQL: SHOW COLUMNS FROM `setting` [ RunTime:0.0013s ]
SQL: SELECT * FROM `setting`  [ RunTime:0.0013s ]
SQL: SELECT * FROM `setting`  [ RunTime:0.0006s ]
SQL: SHOW COLUMNS FROM `article` [ RunTime:0.0014s ]
SQL: SELECT COUNT(*) AS tp_count FROM `article` LIMIT 1   [ RunTime:0.0009s ]
SQL: SELECT * FROM `article` ORDER BY createtime desc LIMIT 10   [ RunTime:0.0044s ]
SQL: SELECT * FROM `article` ORDER BY view desc LIMIT 6   [ RunTime:0.0016s ]
SQL: select sum(view) as view,author from article group by author order by view DESC limit 3  [ RunTime:0.0010s ]
INFO: [ view_parse ] --START--
INFO: [ template_filter ] --START--
INFO: Run Behavior\ContentReplaceBehavior [ RunTime:0.000078s ]
INFO: [ template_filter ] --END-- [ RunTime:0.000146s ]
NOTIC: [8] Use of undefined constant aid - assumed 'aid' /www/users/HA396000/WEB/Application/Runtime/Cache/Home/2a94b8bda04ff446dcedd42276fc99ee.php 第 52 行.
NOTIC: [8] Use of undefined constant aid - assumed 'aid' /www/users/HA396000/WEB/Application/Runtime/Cache/Home/2a94b8bda04ff446dcedd42276fc99ee.php 第 52 行.
NOTIC: [8] Use of undefined constant aid - assumed 'aid' /www/users/HA396000/WEB/Application/Runtime/Cache/Home/2a94b8bda04ff446dcedd42276fc99ee.php 第 52 行.
NOTIC: [8] Use of undefined constant aid - assumed 'aid' /www/users/HA396000/WEB/Application/Runtime/Cache/Home/2a94b8bda04ff446dcedd42276fc99ee.php 第 52 行.
NOTIC: [8] Use of undefined constant aid - assumed 'aid' /www/users/HA396000/WEB/Application/Runtime/Cache/Home/2a94b8bda04ff446dcedd42276fc99ee.php 第 52 行.
NOTIC: [8] Use of undefined constant aid - assumed 'aid' /www/users/HA396000/WEB/Application/Runtime/Cache/Home/2a94b8bda04ff446dcedd42276fc99ee.php 第 52 行.
NOTIC: [8] Use of undefined constant aid - assumed 'aid' /www/users/HA396000/WEB/Application/Runtime/Cache/Home/2a94b8bda04ff446dcedd42276fc99ee.php 第 52 行.
NOTIC: [8] Use of undefined constant aid - assumed 'aid' /www/users/HA396000/WEB/Application/Runtime/Cache/Home/2a94b8bda04ff446dcedd42276fc99ee.php 第 52 行.
NOTIC: [8] Use of undefined constant aid - assumed 'aid' /www/users/HA396000/WEB/Application/Runtime/Cache/Home/2a94b8bda04ff446dcedd42276fc99ee.php 第 52 行.
NOTIC: [8] Use of undefined constant aid - assumed 'aid' /www/users/HA396000/WEB/Application/Runtime/Cache/Home/2a94b8bda04ff446dcedd42276fc99ee.php 第 52 行.
INFO: Run Behavior\ParseTemplateBehavior [ RunTime:0.024948s ]
INFO: [ view_parse ] --END-- [ RunTime:0.025016s ]
INFO: [ view_filter ] --START--
INFO: Run Behavior\WriteHtmlCacheBehavior [ RunTime:0.000491s ]
INFO: [ view_filter ] --END-- [ RunTime:0.000551s ]
INFO: [ app_end ] --START--
INFO: Run Behavior\ShowPageTraceBehavior [ RunTime:0.001277s ]
INFO: [ app_end ] --END-- [ RunTime:0.001344s ]

