[ 2018-07-02T14:41:54+08:00 ] 127.0.0.1 /
INFO: [ app_init ] --START--
INFO: Run Behavior\BuildLiteBehavior [ RunTime:0.000000s ]
INFO: [ app_init ] --END-- [ RunTime:0.001000s ]
INFO: [ app_begin ] --START--
INFO: Run Behavior\ReadHtmlCacheBehavior [ RunTime:0.000000s ]
INFO: [ app_begin ] --END-- [ RunTime:0.002000s ]
SQL: SHOW COLUMNS FROM `setting` [ RunTime:0.0090s ]
SQL: SELECT * FROM `setting`  [ RunTime:0.0000s ]
SQL: SELECT * FROM `setting`  [ RunTime:0.0000s ]
SQL: SHOW COLUMNS FROM `article` [ RunTime:0.0050s ]
SQL: SELECT COUNT(*) AS tp_count FROM `article` LIMIT 1   [ RunTime:0.0030s ]
SQL: SELECT * FROM `article` WHERE ( category='旅游1' ) UNION (select * from article where category='美食'order by aid desc limit 2) UNION (select * from article where category='旅游'order by aid desc limit 2) UNION (select * from article where category='时尚'order by aid desc limit 2) UNION (select * from article where category='教育'order by aid desc limit 2) [ RunTime:0.0100s ]
SQL: SELECT * FROM `article` ORDER BY view desc LIMIT 6   [ RunTime:0.0000s ]
SQL: select sum(view) as view,author from article group by author order by view DESC limit 20  [ RunTime:0.0000s ]
INFO: [ view_parse ] --START--
INFO: [ template_filter ] --START--
INFO: Run Behavior\ContentReplaceBehavior [ RunTime:0.000000s ]
INFO: [ template_filter ] --END-- [ RunTime:0.000000s ]
NOTIC: [8] Use of undefined constant aid - assumed 'aid' D:\wamp\www\tpblog\Application\Runtime\Cache\Home\2a94b8bda04ff446dcedd42276fc99ee.php 第 101 行.
NOTIC: [8] Use of undefined constant aid - assumed 'aid' D:\wamp\www\tpblog\Application\Runtime\Cache\Home\2a94b8bda04ff446dcedd42276fc99ee.php 第 101 行.
NOTIC: [8] Use of undefined constant aid - assumed 'aid' D:\wamp\www\tpblog\Application\Runtime\Cache\Home\2a94b8bda04ff446dcedd42276fc99ee.php 第 101 行.
NOTIC: [8] Use of undefined constant aid - assumed 'aid' D:\wamp\www\tpblog\Application\Runtime\Cache\Home\2a94b8bda04ff446dcedd42276fc99ee.php 第 101 行.
NOTIC: [8] Use of undefined constant aid - assumed 'aid' D:\wamp\www\tpblog\Application\Runtime\Cache\Home\2a94b8bda04ff446dcedd42276fc99ee.php 第 101 行.
NOTIC: [8] Use of undefined constant aid - assumed 'aid' D:\wamp\www\tpblog\Application\Runtime\Cache\Home\2a94b8bda04ff446dcedd42276fc99ee.php 第 101 行.
NOTIC: [8] Use of undefined constant aid - assumed 'aid' D:\wamp\www\tpblog\Application\Runtime\Cache\Home\2a94b8bda04ff446dcedd42276fc99ee.php 第 101 行.
NOTIC: [8] Use of undefined constant aid - assumed 'aid' D:\wamp\www\tpblog\Application\Runtime\Cache\Home\2a94b8bda04ff446dcedd42276fc99ee.php 第 101 行.
NOTIC: [8] Use of undefined constant aid - assumed 'aid' D:\wamp\www\tpblog\Application\Runtime\Cache\Home\2a94b8bda04ff446dcedd42276fc99ee.php 第 189 行.
NOTIC: [8] Use of undefined constant aid - assumed 'aid' D:\wamp\www\tpblog\Application\Runtime\Cache\Home\2a94b8bda04ff446dcedd42276fc99ee.php 第 189 行.
NOTIC: [8] Use of undefined constant aid - assumed 'aid' D:\wamp\www\tpblog\Application\Runtime\Cache\Home\2a94b8bda04ff446dcedd42276fc99ee.php 第 189 行.
NOTIC: [8] Use of undefined constant aid - assumed 'aid' D:\wamp\www\tpblog\Application\Runtime\Cache\Home\2a94b8bda04ff446dcedd42276fc99ee.php 第 189 行.
NOTIC: [8] Use of undefined constant aid - assumed 'aid' D:\wamp\www\tpblog\Application\Runtime\Cache\Home\2a94b8bda04ff446dcedd42276fc99ee.php 第 189 行.
NOTIC: [8] Use of undefined constant aid - assumed 'aid' D:\wamp\www\tpblog\Application\Runtime\Cache\Home\2a94b8bda04ff446dcedd42276fc99ee.php 第 189 行.
NOTIC: [8] Use of undefined constant aid - assumed 'aid' D:\wamp\www\tpblog\Application\Runtime\Cache\Home\2a94b8bda04ff446dcedd42276fc99ee.php 第 189 行.
NOTIC: [8] Use of undefined constant aid - assumed 'aid' D:\wamp\www\tpblog\Application\Runtime\Cache\Home\2a94b8bda04ff446dcedd42276fc99ee.php 第 189 行.
INFO: Run Behavior\ParseTemplateBehavior [ RunTime:0.022001s ]
INFO: [ view_parse ] --END-- [ RunTime:0.022001s ]
INFO: [ view_filter ] --START--
INFO: Run Behavior\WriteHtmlCacheBehavior [ RunTime:0.000000s ]
INFO: [ view_filter ] --END-- [ RunTime:0.001000s ]
INFO: [ app_end ] --START--
INFO: Run Behavior\ShowPageTraceBehavior [ RunTime:0.001000s ]
INFO: [ app_end ] --END-- [ RunTime:0.001000s ]

[ 2018-07-02T14:45:39+08:00 ] 127.0.0.1 /
INFO: [ app_init ] --START--
INFO: Run Behavior\BuildLiteBehavior [ RunTime:0.001000s ]
INFO: [ app_init ] --END-- [ RunTime:0.001000s ]
INFO: [ app_begin ] --START--
INFO: Run Behavior\ReadHtmlCacheBehavior [ RunTime:0.001000s ]
INFO: [ app_begin ] --END-- [ RunTime:0.001000s ]
SQL: SHOW COLUMNS FROM `setting` [ RunTime:0.0010s ]
SQL: SELECT * FROM `setting`  [ RunTime:0.0000s ]
SQL: SELECT * FROM `setting`  [ RunTime:0.0010s ]
SQL: SHOW COLUMNS FROM `article` [ RunTime:0.0020s ]
SQL: SELECT COUNT(*) AS tp_count FROM `article` LIMIT 1   [ RunTime:0.0000s ]
SQL: SELECT * FROM `article` WHERE ( category='旅游1' ) UNION (select * from article where category='美食'order by aid desc limit 2) UNION (select * from article where category='旅游'order by aid desc limit 2) UNION (select * from article where category='时尚'order by aid desc limit 2) UNION (select * from article where category='教育'order by aid desc limit 2) [ RunTime:0.0030s ]
SQL: SELECT * FROM `article` ORDER BY view desc LIMIT 6   [ RunTime:0.0000s ]
SQL: select sum(view) as view,author from article group by author order by view DESC limit 20  [ RunTime:0.0000s ]
INFO: [ view_parse ] --START--
INFO: [ template_filter ] --START--
INFO: Run Behavior\ContentReplaceBehavior [ RunTime:0.000000s ]
INFO: [ template_filter ] --END-- [ RunTime:0.000000s ]
NOTIC: [8] Use of undefined constant aid - assumed 'aid' D:\wamp\www\tpblog\Application\Runtime\Cache\Home\2a94b8bda04ff446dcedd42276fc99ee.php 第 101 行.
NOTIC: [8] Use of undefined constant aid - assumed 'aid' D:\wamp\www\tpblog\Application\Runtime\Cache\Home\2a94b8bda04ff446dcedd42276fc99ee.php 第 101 行.
NOTIC: [8] Use of undefined constant aid - assumed 'aid' D:\wamp\www\tpblog\Application\Runtime\Cache\Home\2a94b8bda04ff446dcedd42276fc99ee.php 第 101 行.
NOTIC: [8] Use of undefined constant aid - assumed 'aid' D:\wamp\www\tpblog\Application\Runtime\Cache\Home\2a94b8bda04ff446dcedd42276fc99ee.php 第 101 行.
NOTIC: [8] Use of undefined constant aid - assumed 'aid' D:\wamp\www\tpblog\Application\Runtime\Cache\Home\2a94b8bda04ff446dcedd42276fc99ee.php 第 101 行.
NOTIC: [8] Use of undefined constant aid - assumed 'aid' D:\wamp\www\tpblog\Application\Runtime\Cache\Home\2a94b8bda04ff446dcedd42276fc99ee.php 第 101 行.
NOTIC: [8] Use of undefined constant aid - assumed 'aid' D:\wamp\www\tpblog\Application\Runtime\Cache\Home\2a94b8bda04ff446dcedd42276fc99ee.php 第 101 行.
NOTIC: [8] Use of undefined constant aid - assumed 'aid' D:\wamp\www\tpblog\Application\Runtime\Cache\Home\2a94b8bda04ff446dcedd42276fc99ee.php 第 101 行.
NOTIC: [8] Use of undefined constant aid - assumed 'aid' D:\wamp\www\tpblog\Application\Runtime\Cache\Home\2a94b8bda04ff446dcedd42276fc99ee.php 第 189 行.
NOTIC: [8] Use of undefined constant aid - assumed 'aid' D:\wamp\www\tpblog\Application\Runtime\Cache\Home\2a94b8bda04ff446dcedd42276fc99ee.php 第 189 行.
NOTIC: [8] Use of undefined constant aid - assumed 'aid' D:\wamp\www\tpblog\Application\Runtime\Cache\Home\2a94b8bda04ff446dcedd42276fc99ee.php 第 189 行.
NOTIC: [8] Use of undefined constant aid - assumed 'aid' D:\wamp\www\tpblog\Application\Runtime\Cache\Home\2a94b8bda04ff446dcedd42276fc99ee.php 第 189 行.
NOTIC: [8] Use of undefined constant aid - assumed 'aid' D:\wamp\www\tpblog\Application\Runtime\Cache\Home\2a94b8bda04ff446dcedd42276fc99ee.php 第 189 行.
NOTIC: [8] Use of undefined constant aid - assumed 'aid' D:\wamp\www\tpblog\Application\Runtime\Cache\Home\2a94b8bda04ff446dcedd42276fc99ee.php 第 189 行.
NOTIC: [8] Use of undefined constant aid - assumed 'aid' D:\wamp\www\tpblog\Application\Runtime\Cache\Home\2a94b8bda04ff446dcedd42276fc99ee.php 第 189 行.
NOTIC: [8] Use of undefined constant aid - assumed 'aid' D:\wamp\www\tpblog\Application\Runtime\Cache\Home\2a94b8bda04ff446dcedd42276fc99ee.php 第 189 行.
INFO: Run Behavior\ParseTemplateBehavior [ RunTime:0.022001s ]
INFO: [ view_parse ] --END-- [ RunTime:0.022001s ]
INFO: [ view_filter ] --START--
INFO: Run Behavior\WriteHtmlCacheBehavior [ RunTime:0.000000s ]
INFO: [ view_filter ] --END-- [ RunTime:0.000000s ]
INFO: [ app_end ] --START--
INFO: Run Behavior\ShowPageTraceBehavior [ RunTime:0.000000s ]
INFO: [ app_end ] --END-- [ RunTime:0.001000s ]

[ 2018-07-02T14:45:46+08:00 ] 127.0.0.1 /index.php/Home/Index/education
INFO: [ app_init ] --START--
INFO: Run Behavior\BuildLiteBehavior [ RunTime:0.000000s ]
INFO: [ app_init ] --END-- [ RunTime:0.001000s ]
INFO: [ app_begin ] --START--
INFO: Run Behavior\ReadHtmlCacheBehavior [ RunTime:0.001000s ]
INFO: [ app_begin ] --END-- [ RunTime:0.001000s ]
SQL: SHOW COLUMNS FROM `setting` [ RunTime:0.0010s ]
SQL: SELECT * FROM `setting`  [ RunTime:0.0010s ]
SQL: SELECT * FROM `setting`  [ RunTime:0.0000s ]
SQL: SHOW COLUMNS FROM `article` [ RunTime:0.0010s ]
SQL: SELECT COUNT(*) AS tp_count FROM `article` LIMIT 1   [ RunTime:0.0000s ]
SQL: SELECT * FROM `article` WHERE ( category='教育' ) ORDER BY aid desc LIMIT 0,8   [ RunTime:0.0010s ]
SQL: SELECT * FROM `article` ORDER BY view desc LIMIT 6   [ RunTime:0.0010s ]
SQL: select sum(view) as view,author from article group by author order by view DESC limit 20  [ RunTime:0.0010s ]
INFO: [ view_parse ] --START--
INFO: [ template_filter ] --START--
INFO: Run Behavior\ContentReplaceBehavior [ RunTime:0.000000s ]
INFO: [ template_filter ] --END-- [ RunTime:0.000000s ]
NOTIC: [8] Use of undefined constant aid - assumed 'aid' D:\wamp\www\tpblog\Application\Runtime\Cache\Home\28af3cbf496e6769a54c4cf4bfe418ea.php 第 92 行.
NOTIC: [8] Use of undefined constant aid - assumed 'aid' D:\wamp\www\tpblog\Application\Runtime\Cache\Home\28af3cbf496e6769a54c4cf4bfe418ea.php 第 92 行.
NOTIC: [8] Use of undefined constant aid - assumed 'aid' D:\wamp\www\tpblog\Application\Runtime\Cache\Home\28af3cbf496e6769a54c4cf4bfe418ea.php 第 92 行.
NOTIC: [8] Undefined offset: 0 D:\wamp\www\tpblog\Application\Common\Common\function.php 第 5 行.
NOTIC: [8] Undefined offset: 0 D:\wamp\www\tpblog\Application\Common\Common\function.php 第 7 行.
NOTIC: [8] Use of undefined constant aid - assumed 'aid' D:\wamp\www\tpblog\Application\Runtime\Cache\Home\28af3cbf496e6769a54c4cf4bfe418ea.php 第 92 行.
NOTIC: [8] Use of undefined constant aid - assumed 'aid' D:\wamp\www\tpblog\Application\Runtime\Cache\Home\28af3cbf496e6769a54c4cf4bfe418ea.php 第 92 行.
NOTIC: [8] Use of undefined constant aid - assumed 'aid' D:\wamp\www\tpblog\Application\Runtime\Cache\Home\28af3cbf496e6769a54c4cf4bfe418ea.php 第 180 行.
NOTIC: [8] Use of undefined constant aid - assumed 'aid' D:\wamp\www\tpblog\Application\Runtime\Cache\Home\28af3cbf496e6769a54c4cf4bfe418ea.php 第 180 行.
NOTIC: [8] Use of undefined constant aid - assumed 'aid' D:\wamp\www\tpblog\Application\Runtime\Cache\Home\28af3cbf496e6769a54c4cf4bfe418ea.php 第 180 行.
NOTIC: [8] Undefined offset: 0 D:\wamp\www\tpblog\Application\Common\Common\function.php 第 5 行.
NOTIC: [8] Undefined offset: 0 D:\wamp\www\tpblog\Application\Common\Common\function.php 第 7 行.
NOTIC: [8] Use of undefined constant aid - assumed 'aid' D:\wamp\www\tpblog\Application\Runtime\Cache\Home\28af3cbf496e6769a54c4cf4bfe418ea.php 第 180 行.
NOTIC: [8] Use of undefined constant aid - assumed 'aid' D:\wamp\www\tpblog\Application\Runtime\Cache\Home\28af3cbf496e6769a54c4cf4bfe418ea.php 第 180 行.
INFO: Run Behavior\ParseTemplateBehavior [ RunTime:0.019001s ]
INFO: [ view_parse ] --END-- [ RunTime:0.019001s ]
INFO: [ view_filter ] --START--
INFO: Run Behavior\WriteHtmlCacheBehavior [ RunTime:0.000000s ]
INFO: [ view_filter ] --END-- [ RunTime:0.000000s ]
INFO: [ app_end ] --START--
INFO: Run Behavior\ShowPageTraceBehavior [ RunTime:0.000000s ]
INFO: [ app_end ] --END-- [ RunTime:0.002000s ]

[ 2018-07-02T14:45:47+08:00 ] 127.0.0.1 /index.php/Home/Index/food
INFO: [ app_init ] --START--
INFO: Run Behavior\BuildLiteBehavior [ RunTime:0.000000s ]
INFO: [ app_init ] --END-- [ RunTime:0.000000s ]
INFO: [ app_begin ] --START--
INFO: Run Behavior\ReadHtmlCacheBehavior [ RunTime:0.001000s ]
INFO: [ app_begin ] --END-- [ RunTime:0.001000s ]
SQL: SHOW COLUMNS FROM `setting` [ RunTime:0.0020s ]
SQL: SELECT * FROM `setting`  [ RunTime:0.0010s ]
SQL: SELECT * FROM `setting`  [ RunTime:0.0000s ]
SQL: SHOW COLUMNS FROM `article` [ RunTime:0.0020s ]
SQL: SELECT COUNT(*) AS tp_count FROM `article` LIMIT 1   [ RunTime:0.0000s ]
SQL: SELECT * FROM `article` WHERE ( category='美食' ) ORDER BY aid desc LIMIT 0,8   [ RunTime:0.0010s ]
SQL: SELECT * FROM `article` ORDER BY view desc LIMIT 6   [ RunTime:0.0000s ]
SQL: select sum(view) as view,author from article group by author order by view DESC limit 20  [ RunTime:0.0000s ]
INFO: [ view_parse ] --START--
INFO: [ template_filter ] --START--
INFO: Run Behavior\ContentReplaceBehavior [ RunTime:0.000000s ]
INFO: [ template_filter ] --END-- [ RunTime:0.000000s ]
NOTIC: [8] Use of undefined constant aid - assumed 'aid' D:\wamp\www\tpblog\Application\Runtime\Cache\Home\5b25d46fa9f6ae75b76124a39381fcca.php 第 91 行.
NOTIC: [8] Use of undefined constant aid - assumed 'aid' D:\wamp\www\tpblog\Application\Runtime\Cache\Home\5b25d46fa9f6ae75b76124a39381fcca.php 第 91 行.
NOTIC: [8] Use of undefined constant aid - assumed 'aid' D:\wamp\www\tpblog\Application\Runtime\Cache\Home\5b25d46fa9f6ae75b76124a39381fcca.php 第 91 行.
NOTIC: [8] Use of undefined constant aid - assumed 'aid' D:\wamp\www\tpblog\Application\Runtime\Cache\Home\5b25d46fa9f6ae75b76124a39381fcca.php 第 91 行.
NOTIC: [8] Use of undefined constant aid - assumed 'aid' D:\wamp\www\tpblog\Application\Runtime\Cache\Home\5b25d46fa9f6ae75b76124a39381fcca.php 第 91 行.
NOTIC: [8] Use of undefined constant aid - assumed 'aid' D:\wamp\www\tpblog\Application\Runtime\Cache\Home\5b25d46fa9f6ae75b76124a39381fcca.php 第 91 行.
NOTIC: [8] Use of undefined constant aid - assumed 'aid' D:\wamp\www\tpblog\Application\Runtime\Cache\Home\5b25d46fa9f6ae75b76124a39381fcca.php 第 91 行.
NOTIC: [8] Use of undefined constant aid - assumed 'aid' D:\wamp\www\tpblog\Application\Runtime\Cache\Home\5b25d46fa9f6ae75b76124a39381fcca.php 第 91 行.
NOTIC: [8] Use of undefined constant aid - assumed 'aid' D:\wamp\www\tpblog\Application\Runtime\Cache\Home\5b25d46fa9f6ae75b76124a39381fcca.php 第 179 行.
NOTIC: [8] Use of undefined constant aid - assumed 'aid' D:\wamp\www\tpblog\Application\Runtime\Cache\Home\5b25d46fa9f6ae75b76124a39381fcca.php 第 179 行.
NOTIC: [8] Use of undefined constant aid - assumed 'aid' D:\wamp\www\tpblog\Application\Runtime\Cache\Home\5b25d46fa9f6ae75b76124a39381fcca.php 第 179 行.
NOTIC: [8] Use of undefined constant aid - assumed 'aid' D:\wamp\www\tpblog\Application\Runtime\Cache\Home\5b25d46fa9f6ae75b76124a39381fcca.php 第 179 行.
NOTIC: [8] Use of undefined constant aid - assumed 'aid' D:\wamp\www\tpblog\Application\Runtime\Cache\Home\5b25d46fa9f6ae75b76124a39381fcca.php 第 179 行.
NOTIC: [8] Use of undefined constant aid - assumed 'aid' D:\wamp\www\tpblog\Application\Runtime\Cache\Home\5b25d46fa9f6ae75b76124a39381fcca.php 第 179 行.
NOTIC: [8] Use of undefined constant aid - assumed 'aid' D:\wamp\www\tpblog\Application\Runtime\Cache\Home\5b25d46fa9f6ae75b76124a39381fcca.php 第 179 行.
NOTIC: [8] Use of undefined constant aid - assumed 'aid' D:\wamp\www\tpblog\Application\Runtime\Cache\Home\5b25d46fa9f6ae75b76124a39381fcca.php 第 179 行.
INFO: Run Behavior\ParseTemplateBehavior [ RunTime:0.017001s ]
INFO: [ view_parse ] --END-- [ RunTime:0.017001s ]
INFO: [ view_filter ] --START--
INFO: Run Behavior\WriteHtmlCacheBehavior [ RunTime:0.000000s ]
INFO: [ view_filter ] --END-- [ RunTime:0.000000s ]
INFO: [ app_end ] --START--
INFO: Run Behavior\ShowPageTraceBehavior [ RunTime:0.000000s ]
INFO: [ app_end ] --END-- [ RunTime:0.000000s ]

[ 2018-07-02T14:45:48+08:00 ] 127.0.0.1 /index.php/Home/Index/fashion
INFO: [ app_init ] --START--
INFO: Run Behavior\BuildLiteBehavior [ RunTime:0.000000s ]
INFO: [ app_init ] --END-- [ RunTime:0.001000s ]
INFO: [ app_begin ] --START--
INFO: Run Behavior\ReadHtmlCacheBehavior [ RunTime:0.001000s ]
INFO: [ app_begin ] --END-- [ RunTime:0.001000s ]
SQL: SHOW COLUMNS FROM `setting` [ RunTime:0.0020s ]
SQL: SELECT * FROM `setting`  [ RunTime:0.0000s ]
SQL: SELECT * FROM `setting`  [ RunTime:0.0000s ]
SQL: SHOW COLUMNS FROM `article` [ RunTime:0.0020s ]
SQL: SELECT COUNT(*) AS tp_count FROM `article` LIMIT 1   [ RunTime:0.0000s ]
SQL: SELECT * FROM `article` WHERE ( category='时尚' ) ORDER BY aid desc LIMIT 0,8   [ RunTime:0.0000s ]
SQL: SELECT * FROM `article` ORDER BY view desc LIMIT 6   [ RunTime:0.0000s ]
SQL: select sum(view) as view,author from article group by author order by view DESC limit 20  [ RunTime:0.0010s ]
INFO: [ view_parse ] --START--
INFO: [ template_filter ] --START--
INFO: Run Behavior\ContentReplaceBehavior [ RunTime:0.000000s ]
INFO: [ template_filter ] --END-- [ RunTime:0.000000s ]
NOTIC: [8] Use of undefined constant aid - assumed 'aid' D:\wamp\www\tpblog\Application\Runtime\Cache\Home\41affe53c3e1c278d4128c2f9dadba18.php 第 91 行.
NOTIC: [8] Use of undefined constant aid - assumed 'aid' D:\wamp\www\tpblog\Application\Runtime\Cache\Home\41affe53c3e1c278d4128c2f9dadba18.php 第 91 行.
NOTIC: [8] Use of undefined constant aid - assumed 'aid' D:\wamp\www\tpblog\Application\Runtime\Cache\Home\41affe53c3e1c278d4128c2f9dadba18.php 第 91 行.
NOTIC: [8] Use of undefined constant aid - assumed 'aid' D:\wamp\www\tpblog\Application\Runtime\Cache\Home\41affe53c3e1c278d4128c2f9dadba18.php 第 179 行.
NOTIC: [8] Use of undefined constant aid - assumed 'aid' D:\wamp\www\tpblog\Application\Runtime\Cache\Home\41affe53c3e1c278d4128c2f9dadba18.php 第 179 行.
NOTIC: [8] Use of undefined constant aid - assumed 'aid' D:\wamp\www\tpblog\Application\Runtime\Cache\Home\41affe53c3e1c278d4128c2f9dadba18.php 第 179 行.
INFO: Run Behavior\ParseTemplateBehavior [ RunTime:0.023002s ]
INFO: [ view_parse ] --END-- [ RunTime:0.023002s ]
INFO: [ view_filter ] --START--
INFO: Run Behavior\WriteHtmlCacheBehavior [ RunTime:0.000000s ]
INFO: [ view_filter ] --END-- [ RunTime:0.001000s ]
INFO: [ app_end ] --START--
INFO: Run Behavior\ShowPageTraceBehavior [ RunTime:0.000000s ]
INFO: [ app_end ] --END-- [ RunTime:0.000000s ]

[ 2018-07-02T14:45:50+08:00 ] 127.0.0.1 /
INFO: [ app_init ] --START--
INFO: Run Behavior\BuildLiteBehavior [ RunTime:0.000000s ]
INFO: [ app_init ] --END-- [ RunTime:0.001000s ]
INFO: [ app_begin ] --START--
INFO: Run Behavior\ReadHtmlCacheBehavior [ RunTime:0.001000s ]
INFO: [ app_begin ] --END-- [ RunTime:0.001000s ]
SQL: SHOW COLUMNS FROM `setting` [ RunTime:0.0020s ]
SQL: SELECT * FROM `setting`  [ RunTime:0.0000s ]
SQL: SELECT * FROM `setting`  [ RunTime:0.0000s ]
SQL: SHOW COLUMNS FROM `article` [ RunTime:0.0020s ]
SQL: SELECT COUNT(*) AS tp_count FROM `article` LIMIT 1   [ RunTime:0.0010s ]
SQL: SELECT * FROM `article` WHERE ( category='旅游1' ) UNION (select * from article where category='美食'order by aid desc limit 2) UNION (select * from article where category='旅游'order by aid desc limit 2) UNION (select * from article where category='时尚'order by aid desc limit 2) UNION (select * from article where category='教育'order by aid desc limit 2) [ RunTime:0.0050s ]
SQL: SELECT * FROM `article` ORDER BY view desc LIMIT 6   [ RunTime:0.0010s ]
SQL: select sum(view) as view,author from article group by author order by view DESC limit 20  [ RunTime:0.0010s ]
INFO: [ view_parse ] --START--
INFO: [ template_filter ] --START--
INFO: Run Behavior\ContentReplaceBehavior [ RunTime:0.000000s ]
INFO: [ template_filter ] --END-- [ RunTime:0.000000s ]
NOTIC: [8] Use of undefined constant aid - assumed 'aid' D:\wamp\www\tpblog\Application\Runtime\Cache\Home\2a94b8bda04ff446dcedd42276fc99ee.php 第 101 行.
NOTIC: [8] Use of undefined constant aid - assumed 'aid' D:\wamp\www\tpblog\Application\Runtime\Cache\Home\2a94b8bda04ff446dcedd42276fc99ee.php 第 101 行.
NOTIC: [8] Use of undefined constant aid - assumed 'aid' D:\wamp\www\tpblog\Application\Runtime\Cache\Home\2a94b8bda04ff446dcedd42276fc99ee.php 第 101 行.
NOTIC: [8] Use of undefined constant aid - assumed 'aid' D:\wamp\www\tpblog\Application\Runtime\Cache\Home\2a94b8bda04ff446dcedd42276fc99ee.php 第 101 行.
NOTIC: [8] Use of undefined constant aid - assumed 'aid' D:\wamp\www\tpblog\Application\Runtime\Cache\Home\2a94b8bda04ff446dcedd42276fc99ee.php 第 101 行.
NOTIC: [8] Use of undefined constant aid - assumed 'aid' D:\wamp\www\tpblog\Application\Runtime\Cache\Home\2a94b8bda04ff446dcedd42276fc99ee.php 第 101 行.
NOTIC: [8] Use of undefined constant aid - assumed 'aid' D:\wamp\www\tpblog\Application\Runtime\Cache\Home\2a94b8bda04ff446dcedd42276fc99ee.php 第 101 行.
NOTIC: [8] Use of undefined constant aid - assumed 'aid' D:\wamp\www\tpblog\Application\Runtime\Cache\Home\2a94b8bda04ff446dcedd42276fc99ee.php 第 101 行.
NOTIC: [8] Use of undefined constant aid - assumed 'aid' D:\wamp\www\tpblog\Application\Runtime\Cache\Home\2a94b8bda04ff446dcedd42276fc99ee.php 第 189 行.
NOTIC: [8] Use of undefined constant aid - assumed 'aid' D:\wamp\www\tpblog\Application\Runtime\Cache\Home\2a94b8bda04ff446dcedd42276fc99ee.php 第 189 行.
NOTIC: [8] Use of undefined constant aid - assumed 'aid' D:\wamp\www\tpblog\Application\Runtime\Cache\Home\2a94b8bda04ff446dcedd42276fc99ee.php 第 189 行.
NOTIC: [8] Use of undefined constant aid - assumed 'aid' D:\wamp\www\tpblog\Application\Runtime\Cache\Home\2a94b8bda04ff446dcedd42276fc99ee.php 第 189 行.
NOTIC: [8] Use of undefined constant aid - assumed 'aid' D:\wamp\www\tpblog\Application\Runtime\Cache\Home\2a94b8bda04ff446dcedd42276fc99ee.php 第 189 行.
NOTIC: [8] Use of undefined constant aid - assumed 'aid' D:\wamp\www\tpblog\Application\Runtime\Cache\Home\2a94b8bda04ff446dcedd42276fc99ee.php 第 189 行.
NOTIC: [8] Use of undefined constant aid - assumed 'aid' D:\wamp\www\tpblog\Application\Runtime\Cache\Home\2a94b8bda04ff446dcedd42276fc99ee.php 第 189 行.
NOTIC: [8] Use of undefined constant aid - assumed 'aid' D:\wamp\www\tpblog\Application\Runtime\Cache\Home\2a94b8bda04ff446dcedd42276fc99ee.php 第 189 行.
INFO: Run Behavior\ParseTemplateBehavior [ RunTime:0.030001s ]
INFO: [ view_parse ] --END-- [ RunTime:0.031001s ]
INFO: [ view_filter ] --START--
INFO: Run Behavior\WriteHtmlCacheBehavior [ RunTime:0.000000s ]
INFO: [ view_filter ] --END-- [ RunTime:0.001000s ]
INFO: [ app_end ] --START--
INFO: Run Behavior\ShowPageTraceBehavior [ RunTime:0.001001s ]
INFO: [ app_end ] --END-- [ RunTime:0.001001s ]

[ 2018-07-02T14:45:52+08:00 ] 127.0.0.1 /index.php/Home/Index/food
INFO: [ app_init ] --START--
INFO: Run Behavior\BuildLiteBehavior [ RunTime:0.000000s ]
INFO: [ app_init ] --END-- [ RunTime:0.001000s ]
INFO: [ app_begin ] --START--
INFO: Run Behavior\ReadHtmlCacheBehavior [ RunTime:0.000000s ]
INFO: [ app_begin ] --END-- [ RunTime:0.000000s ]
SQL: SHOW COLUMNS FROM `setting` [ RunTime:0.0020s ]
SQL: SELECT * FROM `setting`  [ RunTime:0.0010s ]
SQL: SELECT * FROM `setting`  [ RunTime:0.0000s ]
SQL: SHOW COLUMNS FROM `article` [ RunTime:0.0010s ]
SQL: SELECT COUNT(*) AS tp_count FROM `article` LIMIT 1   [ RunTime:0.0000s ]
SQL: SELECT * FROM `article` WHERE ( category='美食' ) ORDER BY aid desc LIMIT 0,8   [ RunTime:0.0020s ]
SQL: SELECT * FROM `article` ORDER BY view desc LIMIT 6   [ RunTime:0.0010s ]
SQL: select sum(view) as view,author from article group by author order by view DESC limit 20  [ RunTime:0.0000s ]
INFO: [ view_parse ] --START--
INFO: [ template_filter ] --START--
INFO: Run Behavior\ContentReplaceBehavior [ RunTime:0.000000s ]
INFO: [ template_filter ] --END-- [ RunTime:0.000000s ]
NOTIC: [8] Use of undefined constant aid - assumed 'aid' D:\wamp\www\tpblog\Application\Runtime\Cache\Home\5b25d46fa9f6ae75b76124a39381fcca.php 第 91 行.
NOTIC: [8] Use of undefined constant aid - assumed 'aid' D:\wamp\www\tpblog\Application\Runtime\Cache\Home\5b25d46fa9f6ae75b76124a39381fcca.php 第 91 行.
NOTIC: [8] Use of undefined constant aid - assumed 'aid' D:\wamp\www\tpblog\Application\Runtime\Cache\Home\5b25d46fa9f6ae75b76124a39381fcca.php 第 91 行.
NOTIC: [8] Use of undefined constant aid - assumed 'aid' D:\wamp\www\tpblog\Application\Runtime\Cache\Home\5b25d46fa9f6ae75b76124a39381fcca.php 第 91 行.
NOTIC: [8] Use of undefined constant aid - assumed 'aid' D:\wamp\www\tpblog\Application\Runtime\Cache\Home\5b25d46fa9f6ae75b76124a39381fcca.php 第 91 行.
NOTIC: [8] Use of undefined constant aid - assumed 'aid' D:\wamp\www\tpblog\Application\Runtime\Cache\Home\5b25d46fa9f6ae75b76124a39381fcca.php 第 91 行.
NOTIC: [8] Use of undefined constant aid - assumed 'aid' D:\wamp\www\tpblog\Application\Runtime\Cache\Home\5b25d46fa9f6ae75b76124a39381fcca.php 第 91 行.
NOTIC: [8] Use of undefined constant aid - assumed 'aid' D:\wamp\www\tpblog\Application\Runtime\Cache\Home\5b25d46fa9f6ae75b76124a39381fcca.php 第 91 行.
NOTIC: [8] Use of undefined constant aid - assumed 'aid' D:\wamp\www\tpblog\Application\Runtime\Cache\Home\5b25d46fa9f6ae75b76124a39381fcca.php 第 179 行.
NOTIC: [8] Use of undefined constant aid - assumed 'aid' D:\wamp\www\tpblog\Application\Runtime\Cache\Home\5b25d46fa9f6ae75b76124a39381fcca.php 第 179 行.
NOTIC: [8] Use of undefined constant aid - assumed 'aid' D:\wamp\www\tpblog\Application\Runtime\Cache\Home\5b25d46fa9f6ae75b76124a39381fcca.php 第 179 行.
NOTIC: [8] Use of undefined constant aid - assumed 'aid' D:\wamp\www\tpblog\Application\Runtime\Cache\Home\5b25d46fa9f6ae75b76124a39381fcca.php 第 179 行.
NOTIC: [8] Use of undefined constant aid - assumed 'aid' D:\wamp\www\tpblog\Application\Runtime\Cache\Home\5b25d46fa9f6ae75b76124a39381fcca.php 第 179 行.
NOTIC: [8] Use of undefined constant aid - assumed 'aid' D:\wamp\www\tpblog\Application\Runtime\Cache\Home\5b25d46fa9f6ae75b76124a39381fcca.php 第 179 行.
NOTIC: [8] Use of undefined constant aid - assumed 'aid' D:\wamp\www\tpblog\Application\Runtime\Cache\Home\5b25d46fa9f6ae75b76124a39381fcca.php 第 179 行.
NOTIC: [8] Use of undefined constant aid - assumed 'aid' D:\wamp\www\tpblog\Application\Runtime\Cache\Home\5b25d46fa9f6ae75b76124a39381fcca.php 第 179 行.
INFO: Run Behavior\ParseTemplateBehavior [ RunTime:0.029001s ]
INFO: [ view_parse ] --END-- [ RunTime:0.029001s ]
INFO: [ view_filter ] --START--
INFO: Run Behavior\WriteHtmlCacheBehavior [ RunTime:0.000000s ]
INFO: [ view_filter ] --END-- [ RunTime:0.000000s ]
INFO: [ app_end ] --START--
INFO: Run Behavior\ShowPageTraceBehavior [ RunTime:0.001000s ]
INFO: [ app_end ] --END-- [ RunTime:0.001000s ]

[ 2018-07-02T14:45:53+08:00 ] 127.0.0.1 /index.php/Home/Index/education
INFO: [ app_init ] --START--
INFO: Run Behavior\BuildLiteBehavior [ RunTime:0.000000s ]
INFO: [ app_init ] --END-- [ RunTime:0.001000s ]
INFO: [ app_begin ] --START--
INFO: Run Behavior\ReadHtmlCacheBehavior [ RunTime:0.001000s ]
INFO: [ app_begin ] --END-- [ RunTime:0.001000s ]
SQL: SHOW COLUMNS FROM `setting` [ RunTime:0.0020s ]
SQL: SELECT * FROM `setting`  [ RunTime:0.0000s ]
SQL: SELECT * FROM `setting`  [ RunTime:0.0000s ]
SQL: SHOW COLUMNS FROM `article` [ RunTime:0.0020s ]
SQL: SELECT COUNT(*) AS tp_count FROM `article` LIMIT 1   [ RunTime:0.0000s ]
SQL: SELECT * FROM `article` WHERE ( category='教育' ) ORDER BY aid desc LIMIT 0,8   [ RunTime:0.0010s ]
SQL: SELECT * FROM `article` ORDER BY view desc LIMIT 6   [ RunTime:0.0010s ]
SQL: select sum(view) as view,author from article group by author order by view DESC limit 20  [ RunTime:0.0010s ]
INFO: [ view_parse ] --START--
INFO: [ template_filter ] --START--
INFO: Run Behavior\ContentReplaceBehavior [ RunTime:0.000000s ]
INFO: [ template_filter ] --END-- [ RunTime:0.000000s ]
NOTIC: [8] Use of undefined constant aid - assumed 'aid' D:\wamp\www\tpblog\Application\Runtime\Cache\Home\28af3cbf496e6769a54c4cf4bfe418ea.php 第 92 行.
NOTIC: [8] Use of undefined constant aid - assumed 'aid' D:\wamp\www\tpblog\Application\Runtime\Cache\Home\28af3cbf496e6769a54c4cf4bfe418ea.php 第 92 行.
NOTIC: [8] Use of undefined constant aid - assumed 'aid' D:\wamp\www\tpblog\Application\Runtime\Cache\Home\28af3cbf496e6769a54c4cf4bfe418ea.php 第 92 行.
NOTIC: [8] Undefined offset: 0 D:\wamp\www\tpblog\Application\Common\Common\function.php 第 5 行.
NOTIC: [8] Undefined offset: 0 D:\wamp\www\tpblog\Application\Common\Common\function.php 第 7 行.
NOTIC: [8] Use of undefined constant aid - assumed 'aid' D:\wamp\www\tpblog\Application\Runtime\Cache\Home\28af3cbf496e6769a54c4cf4bfe418ea.php 第 92 行.
NOTIC: [8] Use of undefined constant aid - assumed 'aid' D:\wamp\www\tpblog\Application\Runtime\Cache\Home\28af3cbf496e6769a54c4cf4bfe418ea.php 第 92 行.
NOTIC: [8] Use of undefined constant aid - assumed 'aid' D:\wamp\www\tpblog\Application\Runtime\Cache\Home\28af3cbf496e6769a54c4cf4bfe418ea.php 第 180 行.
NOTIC: [8] Use of undefined constant aid - assumed 'aid' D:\wamp\www\tpblog\Application\Runtime\Cache\Home\28af3cbf496e6769a54c4cf4bfe418ea.php 第 180 行.
NOTIC: [8] Use of undefined constant aid - assumed 'aid' D:\wamp\www\tpblog\Application\Runtime\Cache\Home\28af3cbf496e6769a54c4cf4bfe418ea.php 第 180 行.
NOTIC: [8] Undefined offset: 0 D:\wamp\www\tpblog\Application\Common\Common\function.php 第 5 行.
NOTIC: [8] Undefined offset: 0 D:\wamp\www\tpblog\Application\Common\Common\function.php 第 7 行.
NOTIC: [8] Use of undefined constant aid - assumed 'aid' D:\wamp\www\tpblog\Application\Runtime\Cache\Home\28af3cbf496e6769a54c4cf4bfe418ea.php 第 180 行.
NOTIC: [8] Use of undefined constant aid - assumed 'aid' D:\wamp\www\tpblog\Application\Runtime\Cache\Home\28af3cbf496e6769a54c4cf4bfe418ea.php 第 180 行.
INFO: Run Behavior\ParseTemplateBehavior [ RunTime:0.021001s ]
INFO: [ view_parse ] --END-- [ RunTime:0.021001s ]
INFO: [ view_filter ] --START--
INFO: Run Behavior\WriteHtmlCacheBehavior [ RunTime:0.000000s ]
INFO: [ view_filter ] --END-- [ RunTime:0.001001s ]
INFO: [ app_end ] --START--
INFO: Run Behavior\ShowPageTraceBehavior [ RunTime:0.001000s ]
INFO: [ app_end ] --END-- [ RunTime:0.001000s ]

[ 2018-07-02T14:45:54+08:00 ] 127.0.0.1 /index.php/Home/Index/education
INFO: [ app_init ] --START--
INFO: Run Behavior\BuildLiteBehavior [ RunTime:0.001001s ]
INFO: [ app_init ] --END-- [ RunTime:0.001001s ]
INFO: [ app_begin ] --START--
INFO: Run Behavior\ReadHtmlCacheBehavior [ RunTime:0.001000s ]
INFO: [ app_begin ] --END-- [ RunTime:0.001000s ]
SQL: SHOW COLUMNS FROM `setting` [ RunTime:0.0020s ]
SQL: SELECT * FROM `setting`  [ RunTime:0.0000s ]
SQL: SELECT * FROM `setting`  [ RunTime:0.0000s ]
SQL: SHOW COLUMNS FROM `article` [ RunTime:0.0020s ]
SQL: SELECT COUNT(*) AS tp_count FROM `article` LIMIT 1   [ RunTime:0.0000s ]
SQL: SELECT * FROM `article` WHERE ( category='教育' ) ORDER BY aid desc LIMIT 0,8   [ RunTime:0.0020s ]
SQL: SELECT * FROM `article` ORDER BY view desc LIMIT 6   [ RunTime:0.0010s ]
SQL: select sum(view) as view,author from article group by author order by view DESC limit 20  [ RunTime:0.0000s ]
INFO: [ view_parse ] --START--
INFO: [ template_filter ] --START--
INFO: Run Behavior\ContentReplaceBehavior [ RunTime:0.000000s ]
INFO: [ template_filter ] --END-- [ RunTime:0.000000s ]
NOTIC: [8] Use of undefined constant aid - assumed 'aid' D:\wamp\www\tpblog\Application\Runtime\Cache\Home\28af3cbf496e6769a54c4cf4bfe418ea.php 第 92 行.
NOTIC: [8] Use of undefined constant aid - assumed 'aid' D:\wamp\www\tpblog\Application\Runtime\Cache\Home\28af3cbf496e6769a54c4cf4bfe418ea.php 第 92 行.
NOTIC: [8] Use of undefined constant aid - assumed 'aid' D:\wamp\www\tpblog\Application\Runtime\Cache\Home\28af3cbf496e6769a54c4cf4bfe418ea.php 第 92 行.
NOTIC: [8] Undefined offset: 0 D:\wamp\www\tpblog\Application\Common\Common\function.php 第 5 行.
NOTIC: [8] Undefined offset: 0 D:\wamp\www\tpblog\Application\Common\Common\function.php 第 7 行.
NOTIC: [8] Use of undefined constant aid - assumed 'aid' D:\wamp\www\tpblog\Application\Runtime\Cache\Home\28af3cbf496e6769a54c4cf4bfe418ea.php 第 92 行.
NOTIC: [8] Use of undefined constant aid - assumed 'aid' D:\wamp\www\tpblog\Application\Runtime\Cache\Home\28af3cbf496e6769a54c4cf4bfe418ea.php 第 92 行.
NOTIC: [8] Use of undefined constant aid - assumed 'aid' D:\wamp\www\tpblog\Application\Runtime\Cache\Home\28af3cbf496e6769a54c4cf4bfe418ea.php 第 180 行.
NOTIC: [8] Use of undefined constant aid - assumed 'aid' D:\wamp\www\tpblog\Application\Runtime\Cache\Home\28af3cbf496e6769a54c4cf4bfe418ea.php 第 180 行.
NOTIC: [8] Use of undefined constant aid - assumed 'aid' D:\wamp\www\tpblog\Application\Runtime\Cache\Home\28af3cbf496e6769a54c4cf4bfe418ea.php 第 180 行.
NOTIC: [8] Undefined offset: 0 D:\wamp\www\tpblog\Application\Common\Common\function.php 第 5 行.
NOTIC: [8] Undefined offset: 0 D:\wamp\www\tpblog\Application\Common\Common\function.php 第 7 行.
NOTIC: [8] Use of undefined constant aid - assumed 'aid' D:\wamp\www\tpblog\Application\Runtime\Cache\Home\28af3cbf496e6769a54c4cf4bfe418ea.php 第 180 行.
NOTIC: [8] Use of undefined constant aid - assumed 'aid' D:\wamp\www\tpblog\Application\Runtime\Cache\Home\28af3cbf496e6769a54c4cf4bfe418ea.php 第 180 行.
INFO: Run Behavior\ParseTemplateBehavior [ RunTime:0.016001s ]
INFO: [ view_parse ] --END-- [ RunTime:0.016001s ]
INFO: [ view_filter ] --START--
INFO: Run Behavior\WriteHtmlCacheBehavior [ RunTime:0.000000s ]
INFO: [ view_filter ] --END-- [ RunTime:0.001000s ]
INFO: [ app_end ] --START--
INFO: Run Behavior\ShowPageTraceBehavior [ RunTime:0.001000s ]
INFO: [ app_end ] --END-- [ RunTime:0.001000s ]

[ 2018-07-02T14:45:55+08:00 ] 127.0.0.1 /index.php/Home/Index/education
INFO: [ app_init ] --START--
INFO: Run Behavior\BuildLiteBehavior [ RunTime:0.000000s ]
INFO: [ app_init ] --END-- [ RunTime:0.000000s ]
INFO: [ app_begin ] --START--
INFO: Run Behavior\ReadHtmlCacheBehavior [ RunTime:0.001000s ]
INFO: [ app_begin ] --END-- [ RunTime:0.001000s ]
SQL: SHOW COLUMNS FROM `setting` [ RunTime:0.0020s ]
SQL: SELECT * FROM `setting`  [ RunTime:0.0010s ]
SQL: SELECT * FROM `setting`  [ RunTime:0.0000s ]
SQL: SHOW COLUMNS FROM `article` [ RunTime:0.0020s ]
SQL: SELECT COUNT(*) AS tp_count FROM `article` LIMIT 1   [ RunTime:0.0000s ]
SQL: SELECT * FROM `article` WHERE ( category='教育' ) ORDER BY aid desc LIMIT 0,8   [ RunTime:0.0010s ]
SQL: SELECT * FROM `article` ORDER BY view desc LIMIT 6   [ RunTime:0.0010s ]
SQL: select sum(view) as view,author from article group by author order by view DESC limit 20  [ RunTime:0.0010s ]
INFO: [ view_parse ] --START--
INFO: [ template_filter ] --START--
INFO: Run Behavior\ContentReplaceBehavior [ RunTime:0.000000s ]
INFO: [ template_filter ] --END-- [ RunTime:0.000000s ]
NOTIC: [8] Use of undefined constant aid - assumed 'aid' D:\wamp\www\tpblog\Application\Runtime\Cache\Home\28af3cbf496e6769a54c4cf4bfe418ea.php 第 92 行.
NOTIC: [8] Use of undefined constant aid - assumed 'aid' D:\wamp\www\tpblog\Application\Runtime\Cache\Home\28af3cbf496e6769a54c4cf4bfe418ea.php 第 92 行.
NOTIC: [8] Use of undefined constant aid - assumed 'aid' D:\wamp\www\tpblog\Application\Runtime\Cache\Home\28af3cbf496e6769a54c4cf4bfe418ea.php 第 92 行.
NOTIC: [8] Undefined offset: 0 D:\wamp\www\tpblog\Application\Common\Common\function.php 第 5 行.
NOTIC: [8] Undefined offset: 0 D:\wamp\www\tpblog\Application\Common\Common\function.php 第 7 行.
NOTIC: [8] Use of undefined constant aid - assumed 'aid' D:\wamp\www\tpblog\Application\Runtime\Cache\Home\28af3cbf496e6769a54c4cf4bfe418ea.php 第 92 行.
NOTIC: [8] Use of undefined constant aid - assumed 'aid' D:\wamp\www\tpblog\Application\Runtime\Cache\Home\28af3cbf496e6769a54c4cf4bfe418ea.php 第 92 行.
NOTIC: [8] Use of undefined constant aid - assumed 'aid' D:\wamp\www\tpblog\Application\Runtime\Cache\Home\28af3cbf496e6769a54c4cf4bfe418ea.php 第 180 行.
NOTIC: [8] Use of undefined constant aid - assumed 'aid' D:\wamp\www\tpblog\Application\Runtime\Cache\Home\28af3cbf496e6769a54c4cf4bfe418ea.php 第 180 行.
NOTIC: [8] Use of undefined constant aid - assumed 'aid' D:\wamp\www\tpblog\Application\Runtime\Cache\Home\28af3cbf496e6769a54c4cf4bfe418ea.php 第 180 行.
NOTIC: [8] Undefined offset: 0 D:\wamp\www\tpblog\Application\Common\Common\function.php 第 5 行.
NOTIC: [8] Undefined offset: 0 D:\wamp\www\tpblog\Application\Common\Common\function.php 第 7 行.
NOTIC: [8] Use of undefined constant aid - assumed 'aid' D:\wamp\www\tpblog\Application\Runtime\Cache\Home\28af3cbf496e6769a54c4cf4bfe418ea.php 第 180 行.
NOTIC: [8] Use of undefined constant aid - assumed 'aid' D:\wamp\www\tpblog\Application\Runtime\Cache\Home\28af3cbf496e6769a54c4cf4bfe418ea.php 第 180 行.
INFO: Run Behavior\ParseTemplateBehavior [ RunTime:0.024002s ]
INFO: [ view_parse ] --END-- [ RunTime:0.024002s ]
INFO: [ view_filter ] --START--
INFO: Run Behavior\WriteHtmlCacheBehavior [ RunTime:0.000000s ]
INFO: [ view_filter ] --END-- [ RunTime:0.001000s ]
INFO: [ app_end ] --START--
INFO: Run Behavior\ShowPageTraceBehavior [ RunTime:0.001000s ]
INFO: [ app_end ] --END-- [ RunTime:0.001000s ]

[ 2018-07-02T14:45:56+08:00 ] 127.0.0.1 /index.php/Home/Index/education
INFO: [ app_init ] --START--
INFO: Run Behavior\BuildLiteBehavior [ RunTime:0.000000s ]
INFO: [ app_init ] --END-- [ RunTime:0.001000s ]
INFO: [ app_begin ] --START--
INFO: Run Behavior\ReadHtmlCacheBehavior [ RunTime:0.001000s ]
INFO: [ app_begin ] --END-- [ RunTime:0.001000s ]
SQL: SHOW COLUMNS FROM `setting` [ RunTime:0.0020s ]
SQL: SELECT * FROM `setting`  [ RunTime:0.0010s ]
SQL: SELECT * FROM `setting`  [ RunTime:0.0000s ]
SQL: SHOW COLUMNS FROM `article` [ RunTime:0.0010s ]
SQL: SELECT COUNT(*) AS tp_count FROM `article` LIMIT 1   [ RunTime:0.0000s ]
SQL: SELECT * FROM `article` WHERE ( category='教育' ) ORDER BY aid desc LIMIT 0,8   [ RunTime:0.0010s ]
SQL: SELECT * FROM `article` ORDER BY view desc LIMIT 6   [ RunTime:0.0010s ]
SQL: select sum(view) as view,author from article group by author order by view DESC limit 20  [ RunTime:0.0000s ]
INFO: [ view_parse ] --START--
INFO: [ template_filter ] --START--
INFO: Run Behavior\ContentReplaceBehavior [ RunTime:0.001000s ]
INFO: [ template_filter ] --END-- [ RunTime:0.001000s ]
NOTIC: [8] Use of undefined constant aid - assumed 'aid' D:\wamp\www\tpblog\Application\Runtime\Cache\Home\28af3cbf496e6769a54c4cf4bfe418ea.php 第 92 行.
NOTIC: [8] Use of undefined constant aid - assumed 'aid' D:\wamp\www\tpblog\Application\Runtime\Cache\Home\28af3cbf496e6769a54c4cf4bfe418ea.php 第 92 行.
NOTIC: [8] Use of undefined constant aid - assumed 'aid' D:\wamp\www\tpblog\Application\Runtime\Cache\Home\28af3cbf496e6769a54c4cf4bfe418ea.php 第 92 行.
NOTIC: [8] Undefined offset: 0 D:\wamp\www\tpblog\Application\Common\Common\function.php 第 5 行.
NOTIC: [8] Undefined offset: 0 D:\wamp\www\tpblog\Application\Common\Common\function.php 第 7 行.
NOTIC: [8] Use of undefined constant aid - assumed 'aid' D:\wamp\www\tpblog\Application\Runtime\Cache\Home\28af3cbf496e6769a54c4cf4bfe418ea.php 第 92 行.
NOTIC: [8] Use of undefined constant aid - assumed 'aid' D:\wamp\www\tpblog\Application\Runtime\Cache\Home\28af3cbf496e6769a54c4cf4bfe418ea.php 第 92 行.
NOTIC: [8] Use of undefined constant aid - assumed 'aid' D:\wamp\www\tpblog\Application\Runtime\Cache\Home\28af3cbf496e6769a54c4cf4bfe418ea.php 第 180 行.
NOTIC: [8] Use of undefined constant aid - assumed 'aid' D:\wamp\www\tpblog\Application\Runtime\Cache\Home\28af3cbf496e6769a54c4cf4bfe418ea.php 第 180 行.
NOTIC: [8] Use of undefined constant aid - assumed 'aid' D:\wamp\www\tpblog\Application\Runtime\Cache\Home\28af3cbf496e6769a54c4cf4bfe418ea.php 第 180 行.
NOTIC: [8] Undefined offset: 0 D:\wamp\www\tpblog\Application\Common\Common\function.php 第 5 行.
NOTIC: [8] Undefined offset: 0 D:\wamp\www\tpblog\Application\Common\Common\function.php 第 7 行.
NOTIC: [8] Use of undefined constant aid - assumed 'aid' D:\wamp\www\tpblog\Application\Runtime\Cache\Home\28af3cbf496e6769a54c4cf4bfe418ea.php 第 180 行.
NOTIC: [8] Use of undefined constant aid - assumed 'aid' D:\wamp\www\tpblog\Application\Runtime\Cache\Home\28af3cbf496e6769a54c4cf4bfe418ea.php 第 180 行.
INFO: Run Behavior\ParseTemplateBehavior [ RunTime:0.017001s ]
INFO: [ view_parse ] --END-- [ RunTime:0.017001s ]
INFO: [ view_filter ] --START--
INFO: Run Behavior\WriteHtmlCacheBehavior [ RunTime:0.000000s ]
INFO: [ view_filter ] --END-- [ RunTime:0.000000s ]
INFO: [ app_end ] --START--
INFO: Run Behavior\ShowPageTraceBehavior [ RunTime:0.000000s ]
INFO: [ app_end ] --END-- [ RunTime:0.000000s ]

