[ 2018-08-04T07:19:12+08:00 ] 106.11.152.209 /index.php/Home/Index/read?aid=12
INFO: [ app_init ] --START--
INFO: Run Behavior\BuildLiteBehavior [ RunTime:0.002678s ]
INFO: [ app_init ] --END-- [ RunTime:0.003726s ]
INFO: [ app_begin ] --START--
INFO: Run Behavior\ReadHtmlCacheBehavior [ RunTime:0.001001s ]
INFO: [ app_begin ] --END-- [ RunTime:0.001120s ]
SQL: SHOW COLUMNS FROM `setting` [ RunTime:0.0202s ]
SQL: SELECT * FROM `setting`  [ RunTime:0.0011s ]
SQL: SHOW COLUMNS FROM `article` [ RunTime:0.0194s ]
SQL: SELECT * FROM `article` WHERE `aid` = 12 LIMIT 1   [ RunTime:0.0016s ]
SQL: UPDATE `article` SET `view`=view+1 WHERE `aid` = 12 [ RunTime:0.0018s ]
NOTIC: [2] preg_match_all() expects parameter 2 to be string, array given /www/users/HA531660/WEB/Application/Common/Common/function.php 第 4 行.
NOTIC: [8] Undefined offset: 0 /www/users/HA531660/WEB/Application/Common/Common/function.php 第 7 行.
INFO: [ view_parse ] --START--
INFO: [ template_filter ] --START--
INFO: Run Behavior\ContentReplaceBehavior [ RunTime:0.000060s ]
INFO: [ template_filter ] --END-- [ RunTime:0.000162s ]
INFO: Run Behavior\ParseTemplateBehavior [ RunTime:0.041728s ]
INFO: [ view_parse ] --END-- [ RunTime:0.041951s ]
INFO: [ view_filter ] --START--
INFO: Run Behavior\WriteHtmlCacheBehavior [ RunTime:0.000764s ]
INFO: [ view_filter ] --END-- [ RunTime:0.000890s ]
INFO: [ app_end ] --START--
INFO: Run Behavior\ShowPageTraceBehavior [ RunTime:0.001315s ]
INFO: [ app_end ] --END-- [ RunTime:0.001425s ]

[ 2018-08-04T13:13:55+08:00 ] 38.100.21.69 /
INFO: [ app_init ] --START--
INFO: Run Behavior\BuildLiteBehavior [ RunTime:0.000049s ]
INFO: [ app_init ] --END-- [ RunTime:0.000691s ]
INFO: [ app_begin ] --START--
INFO: Run Behavior\ReadHtmlCacheBehavior [ RunTime:0.000779s ]
INFO: [ app_begin ] --END-- [ RunTime:0.000885s ]
SQL: SHOW COLUMNS FROM `setting` [ RunTime:0.0667s ]
SQL: SELECT * FROM `setting`  [ RunTime:0.0012s ]
SQL: SELECT * FROM `setting`  [ RunTime:0.0010s ]
SQL: SHOW COLUMNS FROM `article` [ RunTime:0.0885s ]
SQL: SELECT COUNT(*) AS tp_count FROM `article` LIMIT 1   [ RunTime:0.0011s ]
SQL: SELECT * FROM `article` WHERE ( category='旅游1' ) UNION (select * from article where category='时尚'order by aid desc limit 2) UNION (select * from article where category='旅游'order by aid desc limit 2) UNION (select * from article where category='美食'order by aid desc limit 2) UNION (select * from article where category='教育'order by aid desc limit 2) [ RunTime:0.0479s ]
SQL: SELECT * FROM `article` ORDER BY view desc LIMIT 8   [ RunTime:0.0050s ]
SQL: select sum(view) as view,author from article group by author order by view DESC limit 25  [ RunTime:0.0011s ]
INFO: [ view_parse ] --START--
INFO: [ template_filter ] --START--
INFO: Run Behavior\ContentReplaceBehavior [ RunTime:0.000116s ]
INFO: [ template_filter ] --END-- [ RunTime:0.000231s ]
NOTIC: [8] Use of undefined constant aid - assumed 'aid' /www/users/HA531660/WEB/Application/Runtime/Cache/Home/2a94b8bda04ff446dcedd42276fc99ee.php 第 140 行.
NOTIC: [8] Use of undefined constant aid - assumed 'aid' /www/users/HA531660/WEB/Application/Runtime/Cache/Home/2a94b8bda04ff446dcedd42276fc99ee.php 第 140 行.
NOTIC: [8] Use of undefined constant aid - assumed 'aid' /www/users/HA531660/WEB/Application/Runtime/Cache/Home/2a94b8bda04ff446dcedd42276fc99ee.php 第 140 行.
NOTIC: [8] Use of undefined constant aid - assumed 'aid' /www/users/HA531660/WEB/Application/Runtime/Cache/Home/2a94b8bda04ff446dcedd42276fc99ee.php 第 140 行.
NOTIC: [8] Use of undefined constant aid - assumed 'aid' /www/users/HA531660/WEB/Application/Runtime/Cache/Home/2a94b8bda04ff446dcedd42276fc99ee.php 第 140 行.
NOTIC: [8] Use of undefined constant aid - assumed 'aid' /www/users/HA531660/WEB/Application/Runtime/Cache/Home/2a94b8bda04ff446dcedd42276fc99ee.php 第 140 行.
NOTIC: [8] Use of undefined constant aid - assumed 'aid' /www/users/HA531660/WEB/Application/Runtime/Cache/Home/2a94b8bda04ff446dcedd42276fc99ee.php 第 140 行.
NOTIC: [8] Use of undefined constant aid - assumed 'aid' /www/users/HA531660/WEB/Application/Runtime/Cache/Home/2a94b8bda04ff446dcedd42276fc99ee.php 第 140 行.
NOTIC: [8] Use of undefined constant utf8 - assumed 'utf8' /www/users/HA531660/WEB/Application/Runtime/Cache/Home/2a94b8bda04ff446dcedd42276fc99ee.php 第 169 行.
NOTIC: [8] Use of undefined constant utf8 - assumed 'utf8' /www/users/HA531660/WEB/Application/Runtime/Cache/Home/2a94b8bda04ff446dcedd42276fc99ee.php 第 169 行.
NOTIC: [8] Use of undefined constant utf8 - assumed 'utf8' /www/users/HA531660/WEB/Application/Runtime/Cache/Home/2a94b8bda04ff446dcedd42276fc99ee.php 第 169 行.
NOTIC: [8] Use of undefined constant utf8 - assumed 'utf8' /www/users/HA531660/WEB/Application/Runtime/Cache/Home/2a94b8bda04ff446dcedd42276fc99ee.php 第 169 行.
NOTIC: [8] Use of undefined constant utf8 - assumed 'utf8' /www/users/HA531660/WEB/Application/Runtime/Cache/Home/2a94b8bda04ff446dcedd42276fc99ee.php 第 169 行.
NOTIC: [8] Use of undefined constant utf8 - assumed 'utf8' /www/users/HA531660/WEB/Application/Runtime/Cache/Home/2a94b8bda04ff446dcedd42276fc99ee.php 第 169 行.
NOTIC: [8] Use of undefined constant aid - assumed 'aid' /www/users/HA531660/WEB/Application/Runtime/Cache/Home/2a94b8bda04ff446dcedd42276fc99ee.php 第 236 行.
NOTIC: [8] Use of undefined constant aid - assumed 'aid' /www/users/HA531660/WEB/Application/Runtime/Cache/Home/2a94b8bda04ff446dcedd42276fc99ee.php 第 236 行.
NOTIC: [8] Use of undefined constant aid - assumed 'aid' /www/users/HA531660/WEB/Application/Runtime/Cache/Home/2a94b8bda04ff446dcedd42276fc99ee.php 第 236 行.
NOTIC: [8] Use of undefined constant aid - assumed 'aid' /www/users/HA531660/WEB/Application/Runtime/Cache/Home/2a94b8bda04ff446dcedd42276fc99ee.php 第 236 行.
NOTIC: [8] Use of undefined constant aid - assumed 'aid' /www/users/HA531660/WEB/Application/Runtime/Cache/Home/2a94b8bda04ff446dcedd42276fc99ee.php 第 236 行.
NOTIC: [8] Use of undefined constant aid - assumed 'aid' /www/users/HA531660/WEB/Application/Runtime/Cache/Home/2a94b8bda04ff446dcedd42276fc99ee.php 第 236 行.
NOTIC: [8] Use of undefined constant aid - assumed 'aid' /www/users/HA531660/WEB/Application/Runtime/Cache/Home/2a94b8bda04ff446dcedd42276fc99ee.php 第 236 行.
NOTIC: [8] Use of undefined constant aid - assumed 'aid' /www/users/HA531660/WEB/Application/Runtime/Cache/Home/2a94b8bda04ff446dcedd42276fc99ee.php 第 236 行.
INFO: Run Behavior\ParseTemplateBehavior [ RunTime:0.135722s ]
INFO: [ view_parse ] --END-- [ RunTime:0.135838s ]
INFO: [ view_filter ] --START--
INFO: Run Behavior\WriteHtmlCacheBehavior [ RunTime:0.000485s ]
INFO: [ view_filter ] --END-- [ RunTime:0.000584s ]
INFO: [ app_end ] --START--
INFO: Run Behavior\ShowPageTraceBehavior [ RunTime:0.001008s ]
INFO: [ app_end ] --END-- [ RunTime:0.001097s ]

[ 2018-08-04T13:13:56+08:00 ] 38.100.21.69 /Home/Index/read/aid/10
INFO: [ app_init ] --START--
INFO: Run Behavior\BuildLiteBehavior [ RunTime:0.000047s ]
INFO: [ app_init ] --END-- [ RunTime:0.000910s ]
INFO: [ app_begin ] --START--
INFO: Run Behavior\ReadHtmlCacheBehavior [ RunTime:0.001066s ]
INFO: [ app_begin ] --END-- [ RunTime:0.001179s ]
SQL: SHOW COLUMNS FROM `setting` [ RunTime:0.0222s ]
SQL: SELECT * FROM `setting`  [ RunTime:0.0010s ]
SQL: SHOW COLUMNS FROM `article` [ RunTime:0.0216s ]
SQL: SELECT * FROM `article` WHERE `aid` = 10 LIMIT 1   [ RunTime:0.0033s ]
SQL: UPDATE `article` SET `view`=view+1 WHERE `aid` = 10 [ RunTime:0.0017s ]
NOTIC: [2] preg_match_all() expects parameter 2 to be string, array given /www/users/HA531660/WEB/Application/Common/Common/function.php 第 4 行.
NOTIC: [8] Undefined offset: 0 /www/users/HA531660/WEB/Application/Common/Common/function.php 第 7 行.
INFO: [ view_parse ] --START--
INFO: [ template_filter ] --START--
INFO: Run Behavior\ContentReplaceBehavior [ RunTime:0.000063s ]
INFO: [ template_filter ] --END-- [ RunTime:0.000169s ]
INFO: Run Behavior\ParseTemplateBehavior [ RunTime:0.021467s ]
INFO: [ view_parse ] --END-- [ RunTime:0.021599s ]
INFO: [ view_filter ] --START--
INFO: Run Behavior\WriteHtmlCacheBehavior [ RunTime:0.000381s ]
INFO: [ view_filter ] --END-- [ RunTime:0.000483s ]
INFO: [ app_end ] --START--
INFO: Run Behavior\ShowPageTraceBehavior [ RunTime:0.000751s ]
INFO: [ app_end ] --END-- [ RunTime:0.000838s ]

[ 2018-08-04T13:13:57+08:00 ] 38.100.21.69 /Home/Index/read?aid=40
INFO: [ app_init ] --START--
INFO: Run Behavior\BuildLiteBehavior [ RunTime:0.000030s ]
INFO: [ app_init ] --END-- [ RunTime:0.000602s ]
INFO: [ app_begin ] --START--
INFO: Run Behavior\ReadHtmlCacheBehavior [ RunTime:0.000731s ]
INFO: [ app_begin ] --END-- [ RunTime:0.000821s ]
SQL: SHOW COLUMNS FROM `setting` [ RunTime:0.0235s ]
SQL: SELECT * FROM `setting`  [ RunTime:0.0014s ]
SQL: SHOW COLUMNS FROM `article` [ RunTime:0.0222s ]
SQL: SELECT * FROM `article` WHERE `aid` = 40 LIMIT 1   [ RunTime:0.0019s ]
SQL: UPDATE `article` SET `view`=view+1 WHERE `aid` = 40 [ RunTime:0.0010s ]
NOTIC: [2] preg_match_all() expects parameter 2 to be string, array given /www/users/HA531660/WEB/Application/Common/Common/function.php 第 4 行.
NOTIC: [8] Undefined offset: 0 /www/users/HA531660/WEB/Application/Common/Common/function.php 第 7 行.
INFO: [ view_parse ] --START--
INFO: [ template_filter ] --START--
INFO: Run Behavior\ContentReplaceBehavior [ RunTime:0.000064s ]
INFO: [ template_filter ] --END-- [ RunTime:0.000156s ]
INFO: Run Behavior\ParseTemplateBehavior [ RunTime:0.011152s ]
INFO: [ view_parse ] --END-- [ RunTime:0.011272s ]
INFO: [ view_filter ] --START--
INFO: Run Behavior\WriteHtmlCacheBehavior [ RunTime:0.000395s ]
INFO: [ view_filter ] --END-- [ RunTime:0.000476s ]
INFO: [ app_end ] --START--
INFO: Run Behavior\ShowPageTraceBehavior [ RunTime:0.000799s ]
INFO: [ app_end ] --END-- [ RunTime:0.000923s ]

[ 2018-08-04T13:13:58+08:00 ] 38.100.21.69 /Home/Index/education
INFO: [ app_init ] --START--
INFO: Run Behavior\BuildLiteBehavior [ RunTime:0.000046s ]
INFO: [ app_init ] --END-- [ RunTime:0.000640s ]
INFO: [ app_begin ] --START--
INFO: Run Behavior\ReadHtmlCacheBehavior [ RunTime:0.000766s ]
INFO: [ app_begin ] --END-- [ RunTime:0.000858s ]
SQL: SHOW COLUMNS FROM `setting` [ RunTime:0.0216s ]
SQL: SELECT * FROM `setting`  [ RunTime:0.0010s ]
SQL: SELECT * FROM `setting`  [ RunTime:0.0013s ]
SQL: SHOW COLUMNS FROM `article` [ RunTime:0.0217s ]
SQL: SELECT COUNT(*) AS tp_count FROM `article` LIMIT 1   [ RunTime:0.0012s ]
SQL: SELECT * FROM `article` WHERE ( category='教育' ) ORDER BY aid desc LIMIT 0,8   [ RunTime:0.0119s ]
SQL: SELECT * FROM `article` ORDER BY view desc LIMIT 8   [ RunTime:0.0052s ]
SQL: select sum(view) as view,author from article group by author order by view DESC limit 25  [ RunTime:0.0012s ]
INFO: [ view_parse ] --START--
INFO: [ template_filter ] --START--
INFO: Run Behavior\ContentReplaceBehavior [ RunTime:0.000115s ]
INFO: [ template_filter ] --END-- [ RunTime:0.000230s ]
NOTIC: [8] Use of undefined constant aid - assumed 'aid' /www/users/HA531660/WEB/Application/Runtime/Cache/Home/28af3cbf496e6769a54c4cf4bfe418ea.php 第 137 行.
NOTIC: [8] Use of undefined constant aid - assumed 'aid' /www/users/HA531660/WEB/Application/Runtime/Cache/Home/28af3cbf496e6769a54c4cf4bfe418ea.php 第 137 行.
NOTIC: [8] Use of undefined constant aid - assumed 'aid' /www/users/HA531660/WEB/Application/Runtime/Cache/Home/28af3cbf496e6769a54c4cf4bfe418ea.php 第 137 行.
NOTIC: [8] Use of undefined constant aid - assumed 'aid' /www/users/HA531660/WEB/Application/Runtime/Cache/Home/28af3cbf496e6769a54c4cf4bfe418ea.php 第 137 行.
NOTIC: [8] Use of undefined constant aid - assumed 'aid' /www/users/HA531660/WEB/Application/Runtime/Cache/Home/28af3cbf496e6769a54c4cf4bfe418ea.php 第 137 行.
NOTIC: [8] Use of undefined constant aid - assumed 'aid' /www/users/HA531660/WEB/Application/Runtime/Cache/Home/28af3cbf496e6769a54c4cf4bfe418ea.php 第 137 行.
NOTIC: [8] Use of undefined constant aid - assumed 'aid' /www/users/HA531660/WEB/Application/Runtime/Cache/Home/28af3cbf496e6769a54c4cf4bfe418ea.php 第 137 行.
NOTIC: [8] Use of undefined constant aid - assumed 'aid' /www/users/HA531660/WEB/Application/Runtime/Cache/Home/28af3cbf496e6769a54c4cf4bfe418ea.php 第 137 行.
NOTIC: [8] Use of undefined constant utf8 - assumed 'utf8' /www/users/HA531660/WEB/Application/Runtime/Cache/Home/28af3cbf496e6769a54c4cf4bfe418ea.php 第 165 行.
NOTIC: [8] Use of undefined constant utf8 - assumed 'utf8' /www/users/HA531660/WEB/Application/Runtime/Cache/Home/28af3cbf496e6769a54c4cf4bfe418ea.php 第 165 行.
NOTIC: [8] Use of undefined constant utf8 - assumed 'utf8' /www/users/HA531660/WEB/Application/Runtime/Cache/Home/28af3cbf496e6769a54c4cf4bfe418ea.php 第 165 行.
NOTIC: [8] Use of undefined constant utf8 - assumed 'utf8' /www/users/HA531660/WEB/Application/Runtime/Cache/Home/28af3cbf496e6769a54c4cf4bfe418ea.php 第 165 行.
NOTIC: [8] Use of undefined constant utf8 - assumed 'utf8' /www/users/HA531660/WEB/Application/Runtime/Cache/Home/28af3cbf496e6769a54c4cf4bfe418ea.php 第 165 行.
NOTIC: [8] Use of undefined constant utf8 - assumed 'utf8' /www/users/HA531660/WEB/Application/Runtime/Cache/Home/28af3cbf496e6769a54c4cf4bfe418ea.php 第 165 行.
NOTIC: [8] Use of undefined constant aid - assumed 'aid' /www/users/HA531660/WEB/Application/Runtime/Cache/Home/28af3cbf496e6769a54c4cf4bfe418ea.php 第 233 行.
NOTIC: [8] Use of undefined constant aid - assumed 'aid' /www/users/HA531660/WEB/Application/Runtime/Cache/Home/28af3cbf496e6769a54c4cf4bfe418ea.php 第 233 行.
NOTIC: [8] Use of undefined constant aid - assumed 'aid' /www/users/HA531660/WEB/Application/Runtime/Cache/Home/28af3cbf496e6769a54c4cf4bfe418ea.php 第 233 行.
NOTIC: [8] Use of undefined constant aid - assumed 'aid' /www/users/HA531660/WEB/Application/Runtime/Cache/Home/28af3cbf496e6769a54c4cf4bfe418ea.php 第 233 行.
NOTIC: [8] Use of undefined constant aid - assumed 'aid' /www/users/HA531660/WEB/Application/Runtime/Cache/Home/28af3cbf496e6769a54c4cf4bfe418ea.php 第 233 行.
NOTIC: [8] Use of undefined constant aid - assumed 'aid' /www/users/HA531660/WEB/Application/Runtime/Cache/Home/28af3cbf496e6769a54c4cf4bfe418ea.php 第 233 行.
NOTIC: [8] Use of undefined constant aid - assumed 'aid' /www/users/HA531660/WEB/Application/Runtime/Cache/Home/28af3cbf496e6769a54c4cf4bfe418ea.php 第 233 行.
NOTIC: [8] Use of undefined constant aid - assumed 'aid' /www/users/HA531660/WEB/Application/Runtime/Cache/Home/28af3cbf496e6769a54c4cf4bfe418ea.php 第 233 行.
INFO: Run Behavior\ParseTemplateBehavior [ RunTime:0.347072s ]
INFO: [ view_parse ] --END-- [ RunTime:0.347221s ]
INFO: [ view_filter ] --START--
INFO: Run Behavior\WriteHtmlCacheBehavior [ RunTime:0.000491s ]
INFO: [ view_filter ] --END-- [ RunTime:0.000589s ]
INFO: [ app_end ] --START--
INFO: Run Behavior\ShowPageTraceBehavior [ RunTime:0.000700s ]
INFO: [ app_end ] --END-- [ RunTime:0.000789s ]

[ 2018-08-04T13:14:00+08:00 ] 38.100.21.69 /Home/Index/read/aid/22
INFO: [ app_init ] --START--
INFO: Run Behavior\BuildLiteBehavior [ RunTime:0.000045s ]
INFO: [ app_init ] --END-- [ RunTime:0.000587s ]
INFO: [ app_begin ] --START--
INFO: Run Behavior\ReadHtmlCacheBehavior [ RunTime:0.000841s ]
INFO: [ app_begin ] --END-- [ RunTime:0.000968s ]
SQL: SHOW COLUMNS FROM `setting` [ RunTime:0.0389s ]
SQL: SELECT * FROM `setting`  [ RunTime:0.0011s ]
SQL: SHOW COLUMNS FROM `article` [ RunTime:0.0430s ]
SQL: SELECT * FROM `article` WHERE `aid` = 22 LIMIT 1   [ RunTime:0.0014s ]
SQL: UPDATE `article` SET `view`=view+1 WHERE `aid` = 22 [ RunTime:0.0012s ]
NOTIC: [2] preg_match_all() expects parameter 2 to be string, array given /www/users/HA531660/WEB/Application/Common/Common/function.php 第 4 行.
NOTIC: [8] Undefined offset: 0 /www/users/HA531660/WEB/Application/Common/Common/function.php 第 7 行.
INFO: [ view_parse ] --START--
INFO: [ template_filter ] --START--
INFO: Run Behavior\ContentReplaceBehavior [ RunTime:0.000063s ]
INFO: [ template_filter ] --END-- [ RunTime:0.000158s ]
INFO: Run Behavior\ParseTemplateBehavior [ RunTime:0.011564s ]
INFO: [ view_parse ] --END-- [ RunTime:0.011722s ]
INFO: [ view_filter ] --START--
INFO: Run Behavior\WriteHtmlCacheBehavior [ RunTime:0.000381s ]
INFO: [ view_filter ] --END-- [ RunTime:0.000459s ]
INFO: [ app_end ] --START--
INFO: Run Behavior\ShowPageTraceBehavior [ RunTime:0.000903s ]
INFO: [ app_end ] --END-- [ RunTime:0.001019s ]

[ 2018-08-04T13:14:00+08:00 ] 38.100.21.69 /Home/Index/read/aid/40
INFO: [ app_init ] --START--
INFO: Run Behavior\BuildLiteBehavior [ RunTime:0.000030s ]
INFO: [ app_init ] --END-- [ RunTime:0.000562s ]
INFO: [ app_begin ] --START--
INFO: Run Behavior\ReadHtmlCacheBehavior [ RunTime:0.000710s ]
INFO: [ app_begin ] --END-- [ RunTime:0.000802s ]
SQL: SHOW COLUMNS FROM `setting` [ RunTime:0.0224s ]
SQL: SELECT * FROM `setting`  [ RunTime:0.0011s ]
SQL: SHOW COLUMNS FROM `article` [ RunTime:0.0233s ]
SQL: SELECT * FROM `article` WHERE `aid` = 40 LIMIT 1   [ RunTime:0.0047s ]
SQL: UPDATE `article` SET `view`=view+1 WHERE `aid` = 40 [ RunTime:0.0011s ]
NOTIC: [2] preg_match_all() expects parameter 2 to be string, array given /www/users/HA531660/WEB/Application/Common/Common/function.php 第 4 行.
NOTIC: [8] Undefined offset: 0 /www/users/HA531660/WEB/Application/Common/Common/function.php 第 7 行.
INFO: [ view_parse ] --START--
INFO: [ template_filter ] --START--
INFO: Run Behavior\ContentReplaceBehavior [ RunTime:0.000099s ]
INFO: [ template_filter ] --END-- [ RunTime:0.000305s ]
INFO: Run Behavior\ParseTemplateBehavior [ RunTime:0.016886s ]
INFO: [ view_parse ] --END-- [ RunTime:0.017046s ]
INFO: [ view_filter ] --START--
INFO: Run Behavior\WriteHtmlCacheBehavior [ RunTime:0.000761s ]
INFO: [ view_filter ] --END-- [ RunTime:0.000879s ]
INFO: [ app_end ] --START--
INFO: Run Behavior\ShowPageTraceBehavior [ RunTime:0.001430s ]
INFO: [ app_end ] --END-- [ RunTime:0.001563s ]

[ 2018-08-04T13:14:01+08:00 ] 38.100.21.69 /Home/Index/travel
INFO: [ app_init ] --START--
INFO: Run Behavior\BuildLiteBehavior [ RunTime:0.000030s ]
INFO: [ app_init ] --END-- [ RunTime:0.000569s ]
INFO: [ app_begin ] --START--
INFO: Run Behavior\ReadHtmlCacheBehavior [ RunTime:0.001132s ]
INFO: [ app_begin ] --END-- [ RunTime:0.001264s ]
SQL: SHOW COLUMNS FROM `setting` [ RunTime:0.0550s ]
SQL: SELECT * FROM `setting`  [ RunTime:0.0010s ]
SQL: SELECT * FROM `setting`  [ RunTime:0.0010s ]
SQL: SHOW COLUMNS FROM `article` [ RunTime:0.0323s ]
SQL: SELECT COUNT(*) AS tp_count FROM `article` LIMIT 1   [ RunTime:0.0014s ]
SQL: SELECT * FROM `article` WHERE ( category='旅游' ) ORDER BY aid desc LIMIT 0,8   [ RunTime:0.0095s ]
SQL: SELECT * FROM `article` ORDER BY view desc LIMIT 8   [ RunTime:0.0062s ]
SQL: select sum(view) as view,author from article group by author order by view DESC limit 25  [ RunTime:0.0014s ]
INFO: [ view_parse ] --START--
INFO: [ template_filter ] --START--
INFO: Run Behavior\ContentReplaceBehavior [ RunTime:0.000090s ]
INFO: [ template_filter ] --END-- [ RunTime:0.000196s ]
NOTIC: [8] Use of undefined constant aid - assumed 'aid' /www/users/HA531660/WEB/Application/Runtime/Cache/Home/41a548773d3d1c42969ab1f70b874ace.php 第 127 行.
NOTIC: [8] Use of undefined constant aid - assumed 'aid' /www/users/HA531660/WEB/Application/Runtime/Cache/Home/41a548773d3d1c42969ab1f70b874ace.php 第 127 行.
NOTIC: [8] Use of undefined constant aid - assumed 'aid' /www/users/HA531660/WEB/Application/Runtime/Cache/Home/41a548773d3d1c42969ab1f70b874ace.php 第 127 行.
NOTIC: [8] Use of undefined constant aid - assumed 'aid' /www/users/HA531660/WEB/Application/Runtime/Cache/Home/41a548773d3d1c42969ab1f70b874ace.php 第 127 行.
NOTIC: [8] Use of undefined constant aid - assumed 'aid' /www/users/HA531660/WEB/Application/Runtime/Cache/Home/41a548773d3d1c42969ab1f70b874ace.php 第 127 行.
NOTIC: [8] Use of undefined constant aid - assumed 'aid' /www/users/HA531660/WEB/Application/Runtime/Cache/Home/41a548773d3d1c42969ab1f70b874ace.php 第 127 行.
NOTIC: [8] Use of undefined constant aid - assumed 'aid' /www/users/HA531660/WEB/Application/Runtime/Cache/Home/41a548773d3d1c42969ab1f70b874ace.php 第 127 行.
NOTIC: [8] Use of undefined constant aid - assumed 'aid' /www/users/HA531660/WEB/Application/Runtime/Cache/Home/41a548773d3d1c42969ab1f70b874ace.php 第 127 行.
NOTIC: [8] Use of undefined constant utf8 - assumed 'utf8' /www/users/HA531660/WEB/Application/Runtime/Cache/Home/41a548773d3d1c42969ab1f70b874ace.php 第 157 行.
NOTIC: [8] Use of undefined constant utf8 - assumed 'utf8' /www/users/HA531660/WEB/Application/Runtime/Cache/Home/41a548773d3d1c42969ab1f70b874ace.php 第 157 行.
NOTIC: [8] Use of undefined constant utf8 - assumed 'utf8' /www/users/HA531660/WEB/Application/Runtime/Cache/Home/41a548773d3d1c42969ab1f70b874ace.php 第 157 行.
NOTIC: [8] Use of undefined constant utf8 - assumed 'utf8' /www/users/HA531660/WEB/Application/Runtime/Cache/Home/41a548773d3d1c42969ab1f70b874ace.php 第 157 行.
NOTIC: [8] Use of undefined constant utf8 - assumed 'utf8' /www/users/HA531660/WEB/Application/Runtime/Cache/Home/41a548773d3d1c42969ab1f70b874ace.php 第 157 行.
NOTIC: [8] Use of undefined constant utf8 - assumed 'utf8' /www/users/HA531660/WEB/Application/Runtime/Cache/Home/41a548773d3d1c42969ab1f70b874ace.php 第 157 行.
NOTIC: [8] Use of undefined constant aid - assumed 'aid' /www/users/HA531660/WEB/Application/Runtime/Cache/Home/41a548773d3d1c42969ab1f70b874ace.php 第 225 行.
NOTIC: [8] Use of undefined constant aid - assumed 'aid' /www/users/HA531660/WEB/Application/Runtime/Cache/Home/41a548773d3d1c42969ab1f70b874ace.php 第 225 行.
NOTIC: [8] Use of undefined constant aid - assumed 'aid' /www/users/HA531660/WEB/Application/Runtime/Cache/Home/41a548773d3d1c42969ab1f70b874ace.php 第 225 行.
NOTIC: [8] Use of undefined constant aid - assumed 'aid' /www/users/HA531660/WEB/Application/Runtime/Cache/Home/41a548773d3d1c42969ab1f70b874ace.php 第 225 行.
NOTIC: [8] Use of undefined constant aid - assumed 'aid' /www/users/HA531660/WEB/Application/Runtime/Cache/Home/41a548773d3d1c42969ab1f70b874ace.php 第 225 行.
NOTIC: [8] Use of undefined constant aid - assumed 'aid' /www/users/HA531660/WEB/Application/Runtime/Cache/Home/41a548773d3d1c42969ab1f70b874ace.php 第 225 行.
NOTIC: [8] Use of undefined constant aid - assumed 'aid' /www/users/HA531660/WEB/Application/Runtime/Cache/Home/41a548773d3d1c42969ab1f70b874ace.php 第 225 行.
NOTIC: [8] Use of undefined constant aid - assumed 'aid' /www/users/HA531660/WEB/Application/Runtime/Cache/Home/41a548773d3d1c42969ab1f70b874ace.php 第 225 行.
INFO: Run Behavior\ParseTemplateBehavior [ RunTime:0.160445s ]
INFO: [ view_parse ] --END-- [ RunTime:0.160555s ]
INFO: [ view_filter ] --START--
INFO: Run Behavior\WriteHtmlCacheBehavior [ RunTime:0.000466s ]
INFO: [ view_filter ] --END-- [ RunTime:0.000566s ]
INFO: [ app_end ] --START--
INFO: Run Behavior\ShowPageTraceBehavior [ RunTime:0.000745s ]
INFO: [ app_end ] --END-- [ RunTime:0.000832s ]

[ 2018-08-04T13:14:03+08:00 ] 38.100.21.69 /Home/Index/fashion
INFO: [ app_init ] --START--
INFO: Run Behavior\BuildLiteBehavior [ RunTime:0.000030s ]
INFO: [ app_init ] --END-- [ RunTime:0.000623s ]
INFO: [ app_begin ] --START--
INFO: Run Behavior\ReadHtmlCacheBehavior [ RunTime:0.000730s ]
INFO: [ app_begin ] --END-- [ RunTime:0.000820s ]
SQL: SHOW COLUMNS FROM `setting` [ RunTime:0.0300s ]
SQL: SELECT * FROM `setting`  [ RunTime:0.0011s ]
SQL: SELECT * FROM `setting`  [ RunTime:0.0010s ]
SQL: SHOW COLUMNS FROM `article` [ RunTime:0.0214s ]
SQL: SELECT COUNT(*) AS tp_count FROM `article` LIMIT 1   [ RunTime:0.0010s ]
SQL: SELECT * FROM `article` WHERE ( category='时尚' ) ORDER BY aid desc LIMIT 0,8   [ RunTime:0.0045s ]
SQL: SELECT * FROM `article` ORDER BY view desc LIMIT 8   [ RunTime:0.0055s ]
SQL: select sum(view) as view,author from article group by author order by view DESC limit 25  [ RunTime:0.0010s ]
INFO: [ view_parse ] --START--
INFO: [ template_filter ] --START--
INFO: Run Behavior\ContentReplaceBehavior [ RunTime:0.000089s ]
INFO: [ template_filter ] --END-- [ RunTime:0.000189s ]
NOTIC: [8] Use of undefined constant aid - assumed 'aid' /www/users/HA531660/WEB/Application/Runtime/Cache/Home/41affe53c3e1c278d4128c2f9dadba18.php 第 127 行.
NOTIC: [8] Use of undefined constant aid - assumed 'aid' /www/users/HA531660/WEB/Application/Runtime/Cache/Home/41affe53c3e1c278d4128c2f9dadba18.php 第 127 行.
NOTIC: [8] Use of undefined constant aid - assumed 'aid' /www/users/HA531660/WEB/Application/Runtime/Cache/Home/41affe53c3e1c278d4128c2f9dadba18.php 第 127 行.
NOTIC: [8] Use of undefined constant aid - assumed 'aid' /www/users/HA531660/WEB/Application/Runtime/Cache/Home/41affe53c3e1c278d4128c2f9dadba18.php 第 127 行.
NOTIC: [8] Use of undefined constant aid - assumed 'aid' /www/users/HA531660/WEB/Application/Runtime/Cache/Home/41affe53c3e1c278d4128c2f9dadba18.php 第 127 行.
NOTIC: [8] Use of undefined constant aid - assumed 'aid' /www/users/HA531660/WEB/Application/Runtime/Cache/Home/41affe53c3e1c278d4128c2f9dadba18.php 第 127 行.
NOTIC: [8] Use of undefined constant aid - assumed 'aid' /www/users/HA531660/WEB/Application/Runtime/Cache/Home/41affe53c3e1c278d4128c2f9dadba18.php 第 127 行.
NOTIC: [8] Use of undefined constant aid - assumed 'aid' /www/users/HA531660/WEB/Application/Runtime/Cache/Home/41affe53c3e1c278d4128c2f9dadba18.php 第 127 行.
NOTIC: [8] Use of undefined constant utf8 - assumed 'utf8' /www/users/HA531660/WEB/Application/Runtime/Cache/Home/41affe53c3e1c278d4128c2f9dadba18.php 第 156 行.
NOTIC: [8] Use of undefined constant utf8 - assumed 'utf8' /www/users/HA531660/WEB/Application/Runtime/Cache/Home/41affe53c3e1c278d4128c2f9dadba18.php 第 156 行.
NOTIC: [8] Use of undefined constant utf8 - assumed 'utf8' /www/users/HA531660/WEB/Application/Runtime/Cache/Home/41affe53c3e1c278d4128c2f9dadba18.php 第 156 行.
NOTIC: [8] Use of undefined constant utf8 - assumed 'utf8' /www/users/HA531660/WEB/Application/Runtime/Cache/Home/41affe53c3e1c278d4128c2f9dadba18.php 第 156 行.
NOTIC: [8] Use of undefined constant utf8 - assumed 'utf8' /www/users/HA531660/WEB/Application/Runtime/Cache/Home/41affe53c3e1c278d4128c2f9dadba18.php 第 156 行.
NOTIC: [8] Use of undefined constant utf8 - assumed 'utf8' /www/users/HA531660/WEB/Application/Runtime/Cache/Home/41affe53c3e1c278d4128c2f9dadba18.php 第 156 行.
NOTIC: [8] Use of undefined constant aid - assumed 'aid' /www/users/HA531660/WEB/Application/Runtime/Cache/Home/41affe53c3e1c278d4128c2f9dadba18.php 第 223 行.
NOTIC: [8] Use of undefined constant aid - assumed 'aid' /www/users/HA531660/WEB/Application/Runtime/Cache/Home/41affe53c3e1c278d4128c2f9dadba18.php 第 223 行.
NOTIC: [8] Use of undefined constant aid - assumed 'aid' /www/users/HA531660/WEB/Application/Runtime/Cache/Home/41affe53c3e1c278d4128c2f9dadba18.php 第 223 行.
NOTIC: [8] Use of undefined constant aid - assumed 'aid' /www/users/HA531660/WEB/Application/Runtime/Cache/Home/41affe53c3e1c278d4128c2f9dadba18.php 第 223 行.
NOTIC: [8] Use of undefined constant aid - assumed 'aid' /www/users/HA531660/WEB/Application/Runtime/Cache/Home/41affe53c3e1c278d4128c2f9dadba18.php 第 223 行.
NOTIC: [8] Use of undefined constant aid - assumed 'aid' /www/users/HA531660/WEB/Application/Runtime/Cache/Home/41affe53c3e1c278d4128c2f9dadba18.php 第 223 行.
NOTIC: [8] Use of undefined constant aid - assumed 'aid' /www/users/HA531660/WEB/Application/Runtime/Cache/Home/41affe53c3e1c278d4128c2f9dadba18.php 第 223 行.
NOTIC: [8] Use of undefined constant aid - assumed 'aid' /www/users/HA531660/WEB/Application/Runtime/Cache/Home/41affe53c3e1c278d4128c2f9dadba18.php 第 223 行.
INFO: Run Behavior\ParseTemplateBehavior [ RunTime:0.040817s ]
INFO: [ view_parse ] --END-- [ RunTime:0.040911s ]
INFO: [ view_filter ] --START--
INFO: Run Behavior\WriteHtmlCacheBehavior [ RunTime:0.000355s ]
INFO: [ view_filter ] --END-- [ RunTime:0.000445s ]
INFO: [ app_end ] --START--
INFO: Run Behavior\ShowPageTraceBehavior [ RunTime:0.000726s ]
INFO: [ app_end ] --END-- [ RunTime:0.000821s ]

[ 2018-08-04T13:14:13+08:00 ] 38.100.21.69 /Home/Index/read/aid/11
INFO: [ app_init ] --START--
INFO: Run Behavior\BuildLiteBehavior [ RunTime:0.000031s ]
INFO: [ app_init ] --END-- [ RunTime:0.000695s ]
INFO: [ app_begin ] --START--
INFO: Run Behavior\ReadHtmlCacheBehavior [ RunTime:0.000763s ]
INFO: [ app_begin ] --END-- [ RunTime:0.000856s ]
SQL: SHOW COLUMNS FROM `setting` [ RunTime:0.0227s ]
SQL: SELECT * FROM `setting`  [ RunTime:0.0013s ]
SQL: SHOW COLUMNS FROM `article` [ RunTime:0.0217s ]
SQL: SELECT * FROM `article` WHERE `aid` = 11 LIMIT 1   [ RunTime:0.0016s ]
SQL: UPDATE `article` SET `view`=view+1 WHERE `aid` = 11 [ RunTime:0.0015s ]
NOTIC: [2] preg_match_all() expects parameter 2 to be string, array given /www/users/HA531660/WEB/Application/Common/Common/function.php 第 4 行.
NOTIC: [8] Undefined offset: 0 /www/users/HA531660/WEB/Application/Common/Common/function.php 第 7 行.
INFO: [ view_parse ] --START--
INFO: [ template_filter ] --START--
INFO: Run Behavior\ContentReplaceBehavior [ RunTime:0.000092s ]
INFO: [ template_filter ] --END-- [ RunTime:0.000189s ]
INFO: Run Behavior\ParseTemplateBehavior [ RunTime:0.016148s ]
INFO: [ view_parse ] --END-- [ RunTime:0.016287s ]
INFO: [ view_filter ] --START--
INFO: Run Behavior\WriteHtmlCacheBehavior [ RunTime:0.000584s ]
INFO: [ view_filter ] --END-- [ RunTime:0.000668s ]
INFO: [ app_end ] --START--
INFO: Run Behavior\ShowPageTraceBehavior [ RunTime:0.000877s ]
INFO: [ app_end ] --END-- [ RunTime:0.000978s ]

[ 2018-08-04T13:14:19+08:00 ] 38.100.21.69 /Home/Index/food
INFO: [ app_init ] --START--
INFO: Run Behavior\BuildLiteBehavior [ RunTime:0.000051s ]
INFO: [ app_init ] --END-- [ RunTime:0.000915s ]
INFO: [ app_begin ] --START--
INFO: Run Behavior\ReadHtmlCacheBehavior [ RunTime:0.001125s ]
INFO: [ app_begin ] --END-- [ RunTime:0.001255s ]
SQL: SHOW COLUMNS FROM `setting` [ RunTime:0.0399s ]
SQL: SELECT * FROM `setting`  [ RunTime:0.0012s ]
SQL: SELECT * FROM `setting`  [ RunTime:0.0013s ]
SQL: SHOW COLUMNS FROM `article` [ RunTime:0.0268s ]
SQL: SELECT COUNT(*) AS tp_count FROM `article` LIMIT 1   [ RunTime:0.0014s ]
SQL: SELECT * FROM `article` WHERE ( category='美食' ) ORDER BY aid desc LIMIT 0,8   [ RunTime:0.0056s ]
SQL: SELECT * FROM `article` ORDER BY view desc LIMIT 8   [ RunTime:0.0061s ]
SQL: select sum(view) as view,author from article group by author order by view DESC limit 25  [ RunTime:0.0015s ]
INFO: [ view_parse ] --START--
INFO: [ template_filter ] --START--
INFO: Run Behavior\ContentReplaceBehavior [ RunTime:0.000117s ]
INFO: [ template_filter ] --END-- [ RunTime:0.000250s ]
NOTIC: [8] Use of undefined constant aid - assumed 'aid' /www/users/HA531660/WEB/Application/Runtime/Cache/Home/5b25d46fa9f6ae75b76124a39381fcca.php 第 128 行.
NOTIC: [8] Use of undefined constant aid - assumed 'aid' /www/users/HA531660/WEB/Application/Runtime/Cache/Home/5b25d46fa9f6ae75b76124a39381fcca.php 第 128 行.
NOTIC: [8] Use of undefined constant aid - assumed 'aid' /www/users/HA531660/WEB/Application/Runtime/Cache/Home/5b25d46fa9f6ae75b76124a39381fcca.php 第 128 行.
NOTIC: [8] Use of undefined constant aid - assumed 'aid' /www/users/HA531660/WEB/Application/Runtime/Cache/Home/5b25d46fa9f6ae75b76124a39381fcca.php 第 128 行.
NOTIC: [8] Use of undefined constant aid - assumed 'aid' /www/users/HA531660/WEB/Application/Runtime/Cache/Home/5b25d46fa9f6ae75b76124a39381fcca.php 第 128 行.
NOTIC: [8] Use of undefined constant aid - assumed 'aid' /www/users/HA531660/WEB/Application/Runtime/Cache/Home/5b25d46fa9f6ae75b76124a39381fcca.php 第 128 行.
NOTIC: [8] Use of undefined constant aid - assumed 'aid' /www/users/HA531660/WEB/Application/Runtime/Cache/Home/5b25d46fa9f6ae75b76124a39381fcca.php 第 128 行.
NOTIC: [8] Use of undefined constant aid - assumed 'aid' /www/users/HA531660/WEB/Application/Runtime/Cache/Home/5b25d46fa9f6ae75b76124a39381fcca.php 第 128 行.
NOTIC: [8] Use of undefined constant utf8 - assumed 'utf8' /www/users/HA531660/WEB/Application/Runtime/Cache/Home/5b25d46fa9f6ae75b76124a39381fcca.php 第 156 行.
NOTIC: [8] Use of undefined constant utf8 - assumed 'utf8' /www/users/HA531660/WEB/Application/Runtime/Cache/Home/5b25d46fa9f6ae75b76124a39381fcca.php 第 156 行.
NOTIC: [8] Use of undefined constant utf8 - assumed 'utf8' /www/users/HA531660/WEB/Application/Runtime/Cache/Home/5b25d46fa9f6ae75b76124a39381fcca.php 第 156 行.
NOTIC: [8] Use of undefined constant utf8 - assumed 'utf8' /www/users/HA531660/WEB/Application/Runtime/Cache/Home/5b25d46fa9f6ae75b76124a39381fcca.php 第 156 行.
NOTIC: [8] Use of undefined constant utf8 - assumed 'utf8' /www/users/HA531660/WEB/Application/Runtime/Cache/Home/5b25d46fa9f6ae75b76124a39381fcca.php 第 156 行.
NOTIC: [8] Use of undefined constant utf8 - assumed 'utf8' /www/users/HA531660/WEB/Application/Runtime/Cache/Home/5b25d46fa9f6ae75b76124a39381fcca.php 第 156 行.
NOTIC: [8] Use of undefined constant aid - assumed 'aid' /www/users/HA531660/WEB/Application/Runtime/Cache/Home/5b25d46fa9f6ae75b76124a39381fcca.php 第 224 行.
NOTIC: [8] Use of undefined constant aid - assumed 'aid' /www/users/HA531660/WEB/Application/Runtime/Cache/Home/5b25d46fa9f6ae75b76124a39381fcca.php 第 224 行.
NOTIC: [8] Use of undefined constant aid - assumed 'aid' /www/users/HA531660/WEB/Application/Runtime/Cache/Home/5b25d46fa9f6ae75b76124a39381fcca.php 第 224 行.
NOTIC: [8] Use of undefined constant aid - assumed 'aid' /www/users/HA531660/WEB/Application/Runtime/Cache/Home/5b25d46fa9f6ae75b76124a39381fcca.php 第 224 行.
NOTIC: [8] Use of undefined constant aid - assumed 'aid' /www/users/HA531660/WEB/Application/Runtime/Cache/Home/5b25d46fa9f6ae75b76124a39381fcca.php 第 224 行.
NOTIC: [8] Use of undefined constant aid - assumed 'aid' /www/users/HA531660/WEB/Application/Runtime/Cache/Home/5b25d46fa9f6ae75b76124a39381fcca.php 第 224 行.
NOTIC: [8] Use of undefined constant aid - assumed 'aid' /www/users/HA531660/WEB/Application/Runtime/Cache/Home/5b25d46fa9f6ae75b76124a39381fcca.php 第 224 行.
NOTIC: [8] Use of undefined constant aid - assumed 'aid' /www/users/HA531660/WEB/Application/Runtime/Cache/Home/5b25d46fa9f6ae75b76124a39381fcca.php 第 224 行.
INFO: Run Behavior\ParseTemplateBehavior [ RunTime:0.051594s ]
INFO: [ view_parse ] --END-- [ RunTime:0.051707s ]
INFO: [ view_filter ] --START--
INFO: Run Behavior\WriteHtmlCacheBehavior [ RunTime:0.000370s ]
INFO: [ view_filter ] --END-- [ RunTime:0.000444s ]
INFO: [ app_end ] --START--
INFO: Run Behavior\ShowPageTraceBehavior [ RunTime:0.000671s ]
INFO: [ app_end ] --END-- [ RunTime:0.000760s ]

[ 2018-08-04T13:14:20+08:00 ] 38.100.21.69 /Home/Index/read/aid/25
INFO: [ app_init ] --START--
INFO: Run Behavior\BuildLiteBehavior [ RunTime:0.000059s ]
INFO: [ app_init ] --END-- [ RunTime:0.000589s ]
INFO: [ app_begin ] --START--
INFO: Run Behavior\ReadHtmlCacheBehavior [ RunTime:0.000728s ]
INFO: [ app_begin ] --END-- [ RunTime:0.000817s ]
SQL: SHOW COLUMNS FROM `setting` [ RunTime:0.0535s ]
SQL: SELECT * FROM `setting`  [ RunTime:0.0011s ]
SQL: SHOW COLUMNS FROM `article` [ RunTime:0.0295s ]
SQL: SELECT * FROM `article` WHERE `aid` = 25 LIMIT 1   [ RunTime:0.0013s ]
SQL: UPDATE `article` SET `view`=view+1 WHERE `aid` = 25 [ RunTime:0.0017s ]
NOTIC: [2] preg_match_all() expects parameter 2 to be string, array given /www/users/HA531660/WEB/Application/Common/Common/function.php 第 4 行.
NOTIC: [8] Undefined offset: 0 /www/users/HA531660/WEB/Application/Common/Common/function.php 第 7 行.
INFO: [ view_parse ] --START--
INFO: [ template_filter ] --START--
INFO: Run Behavior\ContentReplaceBehavior [ RunTime:0.000057s ]
INFO: [ template_filter ] --END-- [ RunTime:0.000167s ]
INFO: Run Behavior\ParseTemplateBehavior [ RunTime:0.010019s ]
INFO: [ view_parse ] --END-- [ RunTime:0.010148s ]
INFO: [ view_filter ] --START--
INFO: Run Behavior\WriteHtmlCacheBehavior [ RunTime:0.000361s ]
INFO: [ view_filter ] --END-- [ RunTime:0.000444s ]
INFO: [ app_end ] --START--
INFO: Run Behavior\ShowPageTraceBehavior [ RunTime:0.000662s ]
INFO: [ app_end ] --END-- [ RunTime:0.000747s ]

[ 2018-08-04T14:34:17+08:00 ] 113.87.129.207 /
INFO: [ app_init ] --START--
INFO: Run Behavior\BuildLiteBehavior [ RunTime:0.000034s ]
INFO: [ app_init ] --END-- [ RunTime:0.000672s ]
INFO: [ app_begin ] --START--
INFO: Run Behavior\ReadHtmlCacheBehavior [ RunTime:0.000813s ]
INFO: [ app_begin ] --END-- [ RunTime:0.000906s ]
SQL: SHOW COLUMNS FROM `setting` [ RunTime:0.0225s ]
SQL: SELECT * FROM `setting`  [ RunTime:0.0013s ]
SQL: SELECT * FROM `setting`  [ RunTime:0.0012s ]
SQL: SHOW COLUMNS FROM `article` [ RunTime:0.0207s ]
SQL: SELECT COUNT(*) AS tp_count FROM `article` LIMIT 1   [ RunTime:0.0010s ]
SQL: SELECT * FROM `article` WHERE ( category='旅游1' ) UNION (select * from article where category='时尚'order by aid desc limit 2) UNION (select * from article where category='旅游'order by aid desc limit 2) UNION (select * from article where category='美食'order by aid desc limit 2) UNION (select * from article where category='教育'order by aid desc limit 2) [ RunTime:0.0327s ]
SQL: SELECT * FROM `article` ORDER BY view desc LIMIT 8   [ RunTime:0.0142s ]
SQL: select sum(view) as view,author from article group by author order by view DESC limit 25  [ RunTime:0.0039s ]
INFO: [ view_parse ] --START--
INFO: [ template_filter ] --START--
INFO: Run Behavior\ContentReplaceBehavior [ RunTime:0.000193s ]
INFO: [ template_filter ] --END-- [ RunTime:0.000463s ]
NOTIC: [8] Use of undefined constant aid - assumed 'aid' /www/users/HA531660/WEB/Application/Runtime/Cache/Home/2a94b8bda04ff446dcedd42276fc99ee.php 第 140 行.
NOTIC: [8] Use of undefined constant aid - assumed 'aid' /www/users/HA531660/WEB/Application/Runtime/Cache/Home/2a94b8bda04ff446dcedd42276fc99ee.php 第 140 行.
NOTIC: [8] Use of undefined constant aid - assumed 'aid' /www/users/HA531660/WEB/Application/Runtime/Cache/Home/2a94b8bda04ff446dcedd42276fc99ee.php 第 140 行.
NOTIC: [8] Use of undefined constant aid - assumed 'aid' /www/users/HA531660/WEB/Application/Runtime/Cache/Home/2a94b8bda04ff446dcedd42276fc99ee.php 第 140 行.
NOTIC: [8] Use of undefined constant aid - assumed 'aid' /www/users/HA531660/WEB/Application/Runtime/Cache/Home/2a94b8bda04ff446dcedd42276fc99ee.php 第 140 行.
NOTIC: [8] Use of undefined constant aid - assumed 'aid' /www/users/HA531660/WEB/Application/Runtime/Cache/Home/2a94b8bda04ff446dcedd42276fc99ee.php 第 140 行.
NOTIC: [8] Use of undefined constant aid - assumed 'aid' /www/users/HA531660/WEB/Application/Runtime/Cache/Home/2a94b8bda04ff446dcedd42276fc99ee.php 第 140 行.
NOTIC: [8] Use of undefined constant aid - assumed 'aid' /www/users/HA531660/WEB/Application/Runtime/Cache/Home/2a94b8bda04ff446dcedd42276fc99ee.php 第 140 行.
NOTIC: [8] Use of undefined constant utf8 - assumed 'utf8' /www/users/HA531660/WEB/Application/Runtime/Cache/Home/2a94b8bda04ff446dcedd42276fc99ee.php 第 169 行.
NOTIC: [8] Use of undefined constant utf8 - assumed 'utf8' /www/users/HA531660/WEB/Application/Runtime/Cache/Home/2a94b8bda04ff446dcedd42276fc99ee.php 第 169 行.
NOTIC: [8] Use of undefined constant utf8 - assumed 'utf8' /www/users/HA531660/WEB/Application/Runtime/Cache/Home/2a94b8bda04ff446dcedd42276fc99ee.php 第 169 行.
NOTIC: [8] Use of undefined constant utf8 - assumed 'utf8' /www/users/HA531660/WEB/Application/Runtime/Cache/Home/2a94b8bda04ff446dcedd42276fc99ee.php 第 169 行.
NOTIC: [8] Use of undefined constant utf8 - assumed 'utf8' /www/users/HA531660/WEB/Application/Runtime/Cache/Home/2a94b8bda04ff446dcedd42276fc99ee.php 第 169 行.
NOTIC: [8] Use of undefined constant utf8 - assumed 'utf8' /www/users/HA531660/WEB/Application/Runtime/Cache/Home/2a94b8bda04ff446dcedd42276fc99ee.php 第 169 行.
NOTIC: [8] Use of undefined constant aid - assumed 'aid' /www/users/HA531660/WEB/Application/Runtime/Cache/Home/2a94b8bda04ff446dcedd42276fc99ee.php 第 236 行.
NOTIC: [8] Use of undefined constant aid - assumed 'aid' /www/users/HA531660/WEB/Application/Runtime/Cache/Home/2a94b8bda04ff446dcedd42276fc99ee.php 第 236 行.
NOTIC: [8] Use of undefined constant aid - assumed 'aid' /www/users/HA531660/WEB/Application/Runtime/Cache/Home/2a94b8bda04ff446dcedd42276fc99ee.php 第 236 行.
NOTIC: [8] Use of undefined constant aid - assumed 'aid' /www/users/HA531660/WEB/Application/Runtime/Cache/Home/2a94b8bda04ff446dcedd42276fc99ee.php 第 236 行.
NOTIC: [8] Use of undefined constant aid - assumed 'aid' /www/users/HA531660/WEB/Application/Runtime/Cache/Home/2a94b8bda04ff446dcedd42276fc99ee.php 第 236 行.
NOTIC: [8] Use of undefined constant aid - assumed 'aid' /www/users/HA531660/WEB/Application/Runtime/Cache/Home/2a94b8bda04ff446dcedd42276fc99ee.php 第 236 行.
NOTIC: [8] Use of undefined constant aid - assumed 'aid' /www/users/HA531660/WEB/Application/Runtime/Cache/Home/2a94b8bda04ff446dcedd42276fc99ee.php 第 236 行.
NOTIC: [8] Use of undefined constant aid - assumed 'aid' /www/users/HA531660/WEB/Application/Runtime/Cache/Home/2a94b8bda04ff446dcedd42276fc99ee.php 第 236 行.
INFO: Run Behavior\ParseTemplateBehavior [ RunTime:0.126909s ]
INFO: [ view_parse ] --END-- [ RunTime:0.127085s ]
INFO: [ view_filter ] --START--
INFO: Run Behavior\WriteHtmlCacheBehavior [ RunTime:0.000736s ]
INFO: [ view_filter ] --END-- [ RunTime:0.000859s ]
INFO: [ app_end ] --START--
INFO: Run Behavior\ShowPageTraceBehavior [ RunTime:0.001226s ]
INFO: [ app_end ] --END-- [ RunTime:0.001356s ]

