[ 2018-07-22T01:59:24+08:00 ] 124.89.89.158 /
INFO: [ app_init ] --START--
INFO: Run Behavior\BuildLiteBehavior [ RunTime:0.000049s ]
INFO: [ app_init ] --END-- [ RunTime:0.000729s ]
INFO: [ app_begin ] --START--
INFO: Run Behavior\ReadHtmlCacheBehavior [ RunTime:0.000796s ]
INFO: [ app_begin ] --END-- [ RunTime:0.000888s ]
SQL: SHOW COLUMNS FROM `setting` [ RunTime:0.0237s ]
SQL: SELECT * FROM `setting`  [ RunTime:0.0011s ]
SQL: SELECT * FROM `setting`  [ RunTime:0.0009s ]
SQL: SHOW COLUMNS FROM `article` [ RunTime:0.0227s ]
SQL: SELECT COUNT(*) AS tp_count FROM `article` LIMIT 1   [ RunTime:0.0012s ]
SQL: SELECT * FROM `article` WHERE ( category='旅游1' ) UNION (select * from article where category='时尚'order by aid desc limit 2) UNION (select * from article where category='旅游'order by aid desc limit 2) UNION (select * from article where category='美食'order by aid desc limit 2) UNION (select * from article where category='教育'order by aid desc limit 2) [ RunTime:0.0334s ]
SQL: SELECT * FROM `article` ORDER BY view desc LIMIT 8   [ RunTime:0.0074s ]
SQL: select sum(view) as view,author from article group by author order by view DESC limit 25  [ RunTime:0.0011s ]
INFO: [ view_parse ] --START--
INFO: [ template_filter ] --START--
INFO: Run Behavior\ContentReplaceBehavior [ RunTime:0.000108s ]
INFO: [ template_filter ] --END-- [ RunTime:0.000235s ]
NOTIC: [8] Use of undefined constant aid - assumed 'aid' /www/users/HA531660/WEB/Application/Runtime/Cache/Home/2a94b8bda04ff446dcedd42276fc99ee.php 第 140 行.
NOTIC: [8] Use of undefined constant aid - assumed 'aid' /www/users/HA531660/WEB/Application/Runtime/Cache/Home/2a94b8bda04ff446dcedd42276fc99ee.php 第 140 行.
NOTIC: [8] Use of undefined constant aid - assumed 'aid' /www/users/HA531660/WEB/Application/Runtime/Cache/Home/2a94b8bda04ff446dcedd42276fc99ee.php 第 140 行.
NOTIC: [8] Use of undefined constant aid - assumed 'aid' /www/users/HA531660/WEB/Application/Runtime/Cache/Home/2a94b8bda04ff446dcedd42276fc99ee.php 第 140 行.
NOTIC: [8] Use of undefined constant aid - assumed 'aid' /www/users/HA531660/WEB/Application/Runtime/Cache/Home/2a94b8bda04ff446dcedd42276fc99ee.php 第 140 行.
NOTIC: [8] Use of undefined constant aid - assumed 'aid' /www/users/HA531660/WEB/Application/Runtime/Cache/Home/2a94b8bda04ff446dcedd42276fc99ee.php 第 140 行.
NOTIC: [8] Use of undefined constant aid - assumed 'aid' /www/users/HA531660/WEB/Application/Runtime/Cache/Home/2a94b8bda04ff446dcedd42276fc99ee.php 第 140 行.
NOTIC: [8] Use of undefined constant aid - assumed 'aid' /www/users/HA531660/WEB/Application/Runtime/Cache/Home/2a94b8bda04ff446dcedd42276fc99ee.php 第 140 行.
NOTIC: [8] Use of undefined constant utf8 - assumed 'utf8' /www/users/HA531660/WEB/Application/Runtime/Cache/Home/2a94b8bda04ff446dcedd42276fc99ee.php 第 169 行.
NOTIC: [8] Use of undefined constant utf8 - assumed 'utf8' /www/users/HA531660/WEB/Application/Runtime/Cache/Home/2a94b8bda04ff446dcedd42276fc99ee.php 第 169 行.
NOTIC: [8] Use of undefined constant utf8 - assumed 'utf8' /www/users/HA531660/WEB/Application/Runtime/Cache/Home/2a94b8bda04ff446dcedd42276fc99ee.php 第 169 行.
NOTIC: [8] Use of undefined constant utf8 - assumed 'utf8' /www/users/HA531660/WEB/Application/Runtime/Cache/Home/2a94b8bda04ff446dcedd42276fc99ee.php 第 169 行.
NOTIC: [8] Use of undefined constant utf8 - assumed 'utf8' /www/users/HA531660/WEB/Application/Runtime/Cache/Home/2a94b8bda04ff446dcedd42276fc99ee.php 第 169 行.
NOTIC: [8] Use of undefined constant utf8 - assumed 'utf8' /www/users/HA531660/WEB/Application/Runtime/Cache/Home/2a94b8bda04ff446dcedd42276fc99ee.php 第 169 行.
NOTIC: [8] Use of undefined constant aid - assumed 'aid' /www/users/HA531660/WEB/Application/Runtime/Cache/Home/2a94b8bda04ff446dcedd42276fc99ee.php 第 236 行.
NOTIC: [8] Use of undefined constant aid - assumed 'aid' /www/users/HA531660/WEB/Application/Runtime/Cache/Home/2a94b8bda04ff446dcedd42276fc99ee.php 第 236 行.
NOTIC: [8] Use of undefined constant aid - assumed 'aid' /www/users/HA531660/WEB/Application/Runtime/Cache/Home/2a94b8bda04ff446dcedd42276fc99ee.php 第 236 行.
NOTIC: [8] Use of undefined constant aid - assumed 'aid' /www/users/HA531660/WEB/Application/Runtime/Cache/Home/2a94b8bda04ff446dcedd42276fc99ee.php 第 236 行.
NOTIC: [8] Use of undefined constant aid - assumed 'aid' /www/users/HA531660/WEB/Application/Runtime/Cache/Home/2a94b8bda04ff446dcedd42276fc99ee.php 第 236 行.
NOTIC: [8] Use of undefined constant aid - assumed 'aid' /www/users/HA531660/WEB/Application/Runtime/Cache/Home/2a94b8bda04ff446dcedd42276fc99ee.php 第 236 行.
NOTIC: [8] Use of undefined constant aid - assumed 'aid' /www/users/HA531660/WEB/Application/Runtime/Cache/Home/2a94b8bda04ff446dcedd42276fc99ee.php 第 236 行.
NOTIC: [8] Use of undefined constant aid - assumed 'aid' /www/users/HA531660/WEB/Application/Runtime/Cache/Home/2a94b8bda04ff446dcedd42276fc99ee.php 第 236 行.
INFO: Run Behavior\ParseTemplateBehavior [ RunTime:0.067458s ]
INFO: [ view_parse ] --END-- [ RunTime:0.067651s ]
INFO: [ view_filter ] --START--
INFO: Run Behavior\WriteHtmlCacheBehavior [ RunTime:0.000490s ]
INFO: [ view_filter ] --END-- [ RunTime:0.000574s ]
INFO: [ app_end ] --START--
INFO: Run Behavior\ShowPageTraceBehavior [ RunTime:0.001037s ]
INFO: [ app_end ] --END-- [ RunTime:0.001137s ]

[ 2018-07-22T02:11:46+08:00 ] 113.87.130.254 /
INFO: [ app_init ] --START--
INFO: Run Behavior\BuildLiteBehavior [ RunTime:0.000049s ]
INFO: [ app_init ] --END-- [ RunTime:0.000786s ]
INFO: [ app_begin ] --START--
INFO: Run Behavior\ReadHtmlCacheBehavior [ RunTime:0.001060s ]
INFO: [ app_begin ] --END-- [ RunTime:0.001152s ]
SQL: SHOW COLUMNS FROM `setting` [ RunTime:0.0223s ]
SQL: SELECT * FROM `setting`  [ RunTime:0.0009s ]
SQL: SELECT * FROM `setting`  [ RunTime:0.0009s ]
SQL: SHOW COLUMNS FROM `article` [ RunTime:0.0222s ]
SQL: SELECT COUNT(*) AS tp_count FROM `article` LIMIT 1   [ RunTime:0.0011s ]
SQL: SELECT * FROM `article` WHERE ( category='旅游1' ) UNION (select * from article where category='时尚'order by aid desc limit 2) UNION (select * from article where category='旅游'order by aid desc limit 2) UNION (select * from article where category='美食'order by aid desc limit 2) UNION (select * from article where category='教育'order by aid desc limit 2) [ RunTime:0.0287s ]
SQL: SELECT * FROM `article` ORDER BY view desc LIMIT 8   [ RunTime:0.0061s ]
SQL: select sum(view) as view,author from article group by author order by view DESC limit 25  [ RunTime:0.0011s ]
INFO: [ view_parse ] --START--
INFO: [ template_filter ] --START--
INFO: Run Behavior\ContentReplaceBehavior [ RunTime:0.000106s ]
INFO: [ template_filter ] --END-- [ RunTime:0.000218s ]
NOTIC: [8] Use of undefined constant aid - assumed 'aid' /www/users/HA531660/WEB/Application/Runtime/Cache/Home/2a94b8bda04ff446dcedd42276fc99ee.php 第 140 行.
NOTIC: [8] Use of undefined constant aid - assumed 'aid' /www/users/HA531660/WEB/Application/Runtime/Cache/Home/2a94b8bda04ff446dcedd42276fc99ee.php 第 140 行.
NOTIC: [8] Use of undefined constant aid - assumed 'aid' /www/users/HA531660/WEB/Application/Runtime/Cache/Home/2a94b8bda04ff446dcedd42276fc99ee.php 第 140 行.
NOTIC: [8] Use of undefined constant aid - assumed 'aid' /www/users/HA531660/WEB/Application/Runtime/Cache/Home/2a94b8bda04ff446dcedd42276fc99ee.php 第 140 行.
NOTIC: [8] Use of undefined constant aid - assumed 'aid' /www/users/HA531660/WEB/Application/Runtime/Cache/Home/2a94b8bda04ff446dcedd42276fc99ee.php 第 140 行.
NOTIC: [8] Use of undefined constant aid - assumed 'aid' /www/users/HA531660/WEB/Application/Runtime/Cache/Home/2a94b8bda04ff446dcedd42276fc99ee.php 第 140 行.
NOTIC: [8] Use of undefined constant aid - assumed 'aid' /www/users/HA531660/WEB/Application/Runtime/Cache/Home/2a94b8bda04ff446dcedd42276fc99ee.php 第 140 行.
NOTIC: [8] Use of undefined constant aid - assumed 'aid' /www/users/HA531660/WEB/Application/Runtime/Cache/Home/2a94b8bda04ff446dcedd42276fc99ee.php 第 140 行.
NOTIC: [8] Use of undefined constant utf8 - assumed 'utf8' /www/users/HA531660/WEB/Application/Runtime/Cache/Home/2a94b8bda04ff446dcedd42276fc99ee.php 第 169 行.
NOTIC: [8] Use of undefined constant utf8 - assumed 'utf8' /www/users/HA531660/WEB/Application/Runtime/Cache/Home/2a94b8bda04ff446dcedd42276fc99ee.php 第 169 行.
NOTIC: [8] Use of undefined constant utf8 - assumed 'utf8' /www/users/HA531660/WEB/Application/Runtime/Cache/Home/2a94b8bda04ff446dcedd42276fc99ee.php 第 169 行.
NOTIC: [8] Use of undefined constant utf8 - assumed 'utf8' /www/users/HA531660/WEB/Application/Runtime/Cache/Home/2a94b8bda04ff446dcedd42276fc99ee.php 第 169 行.
NOTIC: [8] Use of undefined constant utf8 - assumed 'utf8' /www/users/HA531660/WEB/Application/Runtime/Cache/Home/2a94b8bda04ff446dcedd42276fc99ee.php 第 169 行.
NOTIC: [8] Use of undefined constant utf8 - assumed 'utf8' /www/users/HA531660/WEB/Application/Runtime/Cache/Home/2a94b8bda04ff446dcedd42276fc99ee.php 第 169 行.
NOTIC: [8] Use of undefined constant aid - assumed 'aid' /www/users/HA531660/WEB/Application/Runtime/Cache/Home/2a94b8bda04ff446dcedd42276fc99ee.php 第 236 行.
NOTIC: [8] Use of undefined constant aid - assumed 'aid' /www/users/HA531660/WEB/Application/Runtime/Cache/Home/2a94b8bda04ff446dcedd42276fc99ee.php 第 236 行.
NOTIC: [8] Use of undefined constant aid - assumed 'aid' /www/users/HA531660/WEB/Application/Runtime/Cache/Home/2a94b8bda04ff446dcedd42276fc99ee.php 第 236 行.
NOTIC: [8] Use of undefined constant aid - assumed 'aid' /www/users/HA531660/WEB/Application/Runtime/Cache/Home/2a94b8bda04ff446dcedd42276fc99ee.php 第 236 行.
NOTIC: [8] Use of undefined constant aid - assumed 'aid' /www/users/HA531660/WEB/Application/Runtime/Cache/Home/2a94b8bda04ff446dcedd42276fc99ee.php 第 236 行.
NOTIC: [8] Use of undefined constant aid - assumed 'aid' /www/users/HA531660/WEB/Application/Runtime/Cache/Home/2a94b8bda04ff446dcedd42276fc99ee.php 第 236 行.
NOTIC: [8] Use of undefined constant aid - assumed 'aid' /www/users/HA531660/WEB/Application/Runtime/Cache/Home/2a94b8bda04ff446dcedd42276fc99ee.php 第 236 行.
NOTIC: [8] Use of undefined constant aid - assumed 'aid' /www/users/HA531660/WEB/Application/Runtime/Cache/Home/2a94b8bda04ff446dcedd42276fc99ee.php 第 236 行.
INFO: Run Behavior\ParseTemplateBehavior [ RunTime:0.068988s ]
INFO: [ view_parse ] --END-- [ RunTime:0.069136s ]
INFO: [ view_filter ] --START--
INFO: Run Behavior\WriteHtmlCacheBehavior [ RunTime:0.000525s ]
INFO: [ view_filter ] --END-- [ RunTime:0.000626s ]
INFO: [ app_end ] --START--
INFO: Run Behavior\ShowPageTraceBehavior [ RunTime:0.001108s ]
INFO: [ app_end ] --END-- [ RunTime:0.001199s ]

[ 2018-07-22T02:13:16+08:00 ] 113.87.130.254 /Home/Index/read?aid=41
INFO: [ app_init ] --START--
INFO: Run Behavior\BuildLiteBehavior [ RunTime:0.000051s ]
INFO: [ app_init ] --END-- [ RunTime:0.000728s ]
INFO: [ app_begin ] --START--
INFO: Run Behavior\ReadHtmlCacheBehavior [ RunTime:0.000834s ]
INFO: [ app_begin ] --END-- [ RunTime:0.000927s ]
SQL: SHOW COLUMNS FROM `setting` [ RunTime:0.0296s ]
SQL: SELECT * FROM `setting`  [ RunTime:0.0057s ]
SQL: SHOW COLUMNS FROM `article` [ RunTime:0.0402s ]
SQL: SELECT * FROM `article` WHERE `aid` = 41 LIMIT 1   [ RunTime:0.0215s ]
SQL: UPDATE `article` SET `view`=view+1 WHERE `aid` = 41 [ RunTime:0.0074s ]
NOTIC: [2] preg_match_all() expects parameter 2 to be string, array given /www/users/HA531660/WEB/Application/Common/Common/function.php 第 4 行.
NOTIC: [8] Undefined offset: 0 /www/users/HA531660/WEB/Application/Common/Common/function.php 第 7 行.
INFO: [ view_parse ] --START--
INFO: [ template_filter ] --START--
INFO: Run Behavior\ContentReplaceBehavior [ RunTime:0.000115s ]
INFO: [ template_filter ] --END-- [ RunTime:0.000389s ]
INFO: Run Behavior\ParseTemplateBehavior [ RunTime:0.037638s ]
INFO: [ view_parse ] --END-- [ RunTime:0.037764s ]
INFO: [ view_filter ] --START--
INFO: Run Behavior\WriteHtmlCacheBehavior [ RunTime:0.000395s ]
INFO: [ view_filter ] --END-- [ RunTime:0.000572s ]
INFO: [ app_end ] --START--
INFO: Run Behavior\ShowPageTraceBehavior [ RunTime:0.001362s ]
INFO: [ app_end ] --END-- [ RunTime:0.001527s ]

[ 2018-07-22T07:45:29+08:00 ] 75.149.221.170 /
INFO: [ app_init ] --START--
INFO: Run Behavior\BuildLiteBehavior [ RunTime:0.000053s ]
INFO: [ app_init ] --END-- [ RunTime:0.000672s ]
INFO: [ app_begin ] --START--
INFO: Run Behavior\ReadHtmlCacheBehavior [ RunTime:0.000858s ]
INFO: [ app_begin ] --END-- [ RunTime:0.000950s ]
SQL: SHOW COLUMNS FROM `setting` [ RunTime:0.0240s ]
SQL: SELECT * FROM `setting`  [ RunTime:0.0013s ]
SQL: SELECT * FROM `setting`  [ RunTime:0.0009s ]
SQL: SHOW COLUMNS FROM `article` [ RunTime:0.0300s ]
SQL: SELECT COUNT(*) AS tp_count FROM `article` LIMIT 1   [ RunTime:0.0010s ]
SQL: SELECT * FROM `article` WHERE ( category='旅游1' ) UNION (select * from article where category='时尚'order by aid desc limit 2) UNION (select * from article where category='旅游'order by aid desc limit 2) UNION (select * from article where category='美食'order by aid desc limit 2) UNION (select * from article where category='教育'order by aid desc limit 2) [ RunTime:0.0316s ]
SQL: SELECT * FROM `article` ORDER BY view desc LIMIT 8   [ RunTime:0.0059s ]
SQL: select sum(view) as view,author from article group by author order by view DESC limit 25  [ RunTime:0.0012s ]
INFO: [ view_parse ] --START--
INFO: [ template_filter ] --START--
INFO: Run Behavior\ContentReplaceBehavior [ RunTime:0.000115s ]
INFO: [ template_filter ] --END-- [ RunTime:0.000240s ]
NOTIC: [8] Use of undefined constant aid - assumed 'aid' /www/users/HA531660/WEB/Application/Runtime/Cache/Home/2a94b8bda04ff446dcedd42276fc99ee.php 第 140 行.
NOTIC: [8] Use of undefined constant aid - assumed 'aid' /www/users/HA531660/WEB/Application/Runtime/Cache/Home/2a94b8bda04ff446dcedd42276fc99ee.php 第 140 行.
NOTIC: [8] Use of undefined constant aid - assumed 'aid' /www/users/HA531660/WEB/Application/Runtime/Cache/Home/2a94b8bda04ff446dcedd42276fc99ee.php 第 140 行.
NOTIC: [8] Use of undefined constant aid - assumed 'aid' /www/users/HA531660/WEB/Application/Runtime/Cache/Home/2a94b8bda04ff446dcedd42276fc99ee.php 第 140 行.
NOTIC: [8] Use of undefined constant aid - assumed 'aid' /www/users/HA531660/WEB/Application/Runtime/Cache/Home/2a94b8bda04ff446dcedd42276fc99ee.php 第 140 行.
NOTIC: [8] Use of undefined constant aid - assumed 'aid' /www/users/HA531660/WEB/Application/Runtime/Cache/Home/2a94b8bda04ff446dcedd42276fc99ee.php 第 140 行.
NOTIC: [8] Use of undefined constant aid - assumed 'aid' /www/users/HA531660/WEB/Application/Runtime/Cache/Home/2a94b8bda04ff446dcedd42276fc99ee.php 第 140 行.
NOTIC: [8] Use of undefined constant aid - assumed 'aid' /www/users/HA531660/WEB/Application/Runtime/Cache/Home/2a94b8bda04ff446dcedd42276fc99ee.php 第 140 行.
NOTIC: [8] Use of undefined constant utf8 - assumed 'utf8' /www/users/HA531660/WEB/Application/Runtime/Cache/Home/2a94b8bda04ff446dcedd42276fc99ee.php 第 169 行.
NOTIC: [8] Use of undefined constant utf8 - assumed 'utf8' /www/users/HA531660/WEB/Application/Runtime/Cache/Home/2a94b8bda04ff446dcedd42276fc99ee.php 第 169 行.
NOTIC: [8] Use of undefined constant utf8 - assumed 'utf8' /www/users/HA531660/WEB/Application/Runtime/Cache/Home/2a94b8bda04ff446dcedd42276fc99ee.php 第 169 行.
NOTIC: [8] Use of undefined constant utf8 - assumed 'utf8' /www/users/HA531660/WEB/Application/Runtime/Cache/Home/2a94b8bda04ff446dcedd42276fc99ee.php 第 169 行.
NOTIC: [8] Use of undefined constant utf8 - assumed 'utf8' /www/users/HA531660/WEB/Application/Runtime/Cache/Home/2a94b8bda04ff446dcedd42276fc99ee.php 第 169 行.
NOTIC: [8] Use of undefined constant utf8 - assumed 'utf8' /www/users/HA531660/WEB/Application/Runtime/Cache/Home/2a94b8bda04ff446dcedd42276fc99ee.php 第 169 行.
NOTIC: [8] Use of undefined constant aid - assumed 'aid' /www/users/HA531660/WEB/Application/Runtime/Cache/Home/2a94b8bda04ff446dcedd42276fc99ee.php 第 236 行.
NOTIC: [8] Use of undefined constant aid - assumed 'aid' /www/users/HA531660/WEB/Application/Runtime/Cache/Home/2a94b8bda04ff446dcedd42276fc99ee.php 第 236 行.
NOTIC: [8] Use of undefined constant aid - assumed 'aid' /www/users/HA531660/WEB/Application/Runtime/Cache/Home/2a94b8bda04ff446dcedd42276fc99ee.php 第 236 行.
NOTIC: [8] Use of undefined constant aid - assumed 'aid' /www/users/HA531660/WEB/Application/Runtime/Cache/Home/2a94b8bda04ff446dcedd42276fc99ee.php 第 236 行.
NOTIC: [8] Use of undefined constant aid - assumed 'aid' /www/users/HA531660/WEB/Application/Runtime/Cache/Home/2a94b8bda04ff446dcedd42276fc99ee.php 第 236 行.
NOTIC: [8] Use of undefined constant aid - assumed 'aid' /www/users/HA531660/WEB/Application/Runtime/Cache/Home/2a94b8bda04ff446dcedd42276fc99ee.php 第 236 行.
NOTIC: [8] Use of undefined constant aid - assumed 'aid' /www/users/HA531660/WEB/Application/Runtime/Cache/Home/2a94b8bda04ff446dcedd42276fc99ee.php 第 236 行.
NOTIC: [8] Use of undefined constant aid - assumed 'aid' /www/users/HA531660/WEB/Application/Runtime/Cache/Home/2a94b8bda04ff446dcedd42276fc99ee.php 第 236 行.
INFO: Run Behavior\ParseTemplateBehavior [ RunTime:0.065540s ]
INFO: [ view_parse ] --END-- [ RunTime:0.065690s ]
INFO: [ view_filter ] --START--
INFO: Run Behavior\WriteHtmlCacheBehavior [ RunTime:0.000580s ]
INFO: [ view_filter ] --END-- [ RunTime:0.000654s ]
INFO: [ app_end ] --START--
INFO: Run Behavior\ShowPageTraceBehavior [ RunTime:0.001508s ]
INFO: [ app_end ] --END-- [ RunTime:0.001627s ]

[ 2018-07-22T09:42:10+08:00 ] 113.128.104.2 /
INFO: [ app_init ] --START--
INFO: Run Behavior\BuildLiteBehavior [ RunTime:0.000078s ]
INFO: [ app_init ] --END-- [ RunTime:0.001195s ]
INFO: [ app_begin ] --START--
INFO: Run Behavior\ReadHtmlCacheBehavior [ RunTime:0.001324s ]
INFO: [ app_begin ] --END-- [ RunTime:0.001461s ]
SQL: SHOW COLUMNS FROM `setting` [ RunTime:0.0233s ]
SQL: SELECT * FROM `setting`  [ RunTime:0.0010s ]
SQL: SELECT * FROM `setting`  [ RunTime:0.0012s ]
SQL: SHOW COLUMNS FROM `article` [ RunTime:0.0201s ]
SQL: SELECT COUNT(*) AS tp_count FROM `article` LIMIT 1   [ RunTime:0.0011s ]
SQL: SELECT * FROM `article` WHERE ( category='旅游1' ) UNION (select * from article where category='时尚'order by aid desc limit 2) UNION (select * from article where category='旅游'order by aid desc limit 2) UNION (select * from article where category='美食'order by aid desc limit 2) UNION (select * from article where category='教育'order by aid desc limit 2) [ RunTime:0.0314s ]
SQL: SELECT * FROM `article` ORDER BY view desc LIMIT 8   [ RunTime:0.0076s ]
SQL: select sum(view) as view,author from article group by author order by view DESC limit 25  [ RunTime:0.0017s ]
INFO: [ view_parse ] --START--
INFO: [ template_filter ] --START--
INFO: Run Behavior\ContentReplaceBehavior [ RunTime:0.000109s ]
INFO: [ template_filter ] --END-- [ RunTime:0.000212s ]
NOTIC: [8] Use of undefined constant aid - assumed 'aid' /www/users/HA531660/WEB/Application/Runtime/Cache/Home/2a94b8bda04ff446dcedd42276fc99ee.php 第 140 行.
NOTIC: [8] Use of undefined constant aid - assumed 'aid' /www/users/HA531660/WEB/Application/Runtime/Cache/Home/2a94b8bda04ff446dcedd42276fc99ee.php 第 140 行.
NOTIC: [8] Use of undefined constant aid - assumed 'aid' /www/users/HA531660/WEB/Application/Runtime/Cache/Home/2a94b8bda04ff446dcedd42276fc99ee.php 第 140 行.
NOTIC: [8] Use of undefined constant aid - assumed 'aid' /www/users/HA531660/WEB/Application/Runtime/Cache/Home/2a94b8bda04ff446dcedd42276fc99ee.php 第 140 行.
NOTIC: [8] Use of undefined constant aid - assumed 'aid' /www/users/HA531660/WEB/Application/Runtime/Cache/Home/2a94b8bda04ff446dcedd42276fc99ee.php 第 140 行.
NOTIC: [8] Use of undefined constant aid - assumed 'aid' /www/users/HA531660/WEB/Application/Runtime/Cache/Home/2a94b8bda04ff446dcedd42276fc99ee.php 第 140 行.
NOTIC: [8] Use of undefined constant aid - assumed 'aid' /www/users/HA531660/WEB/Application/Runtime/Cache/Home/2a94b8bda04ff446dcedd42276fc99ee.php 第 140 行.
NOTIC: [8] Use of undefined constant aid - assumed 'aid' /www/users/HA531660/WEB/Application/Runtime/Cache/Home/2a94b8bda04ff446dcedd42276fc99ee.php 第 140 行.
NOTIC: [8] Use of undefined constant utf8 - assumed 'utf8' /www/users/HA531660/WEB/Application/Runtime/Cache/Home/2a94b8bda04ff446dcedd42276fc99ee.php 第 169 行.
NOTIC: [8] Use of undefined constant utf8 - assumed 'utf8' /www/users/HA531660/WEB/Application/Runtime/Cache/Home/2a94b8bda04ff446dcedd42276fc99ee.php 第 169 行.
NOTIC: [8] Use of undefined constant utf8 - assumed 'utf8' /www/users/HA531660/WEB/Application/Runtime/Cache/Home/2a94b8bda04ff446dcedd42276fc99ee.php 第 169 行.
NOTIC: [8] Use of undefined constant utf8 - assumed 'utf8' /www/users/HA531660/WEB/Application/Runtime/Cache/Home/2a94b8bda04ff446dcedd42276fc99ee.php 第 169 行.
NOTIC: [8] Use of undefined constant utf8 - assumed 'utf8' /www/users/HA531660/WEB/Application/Runtime/Cache/Home/2a94b8bda04ff446dcedd42276fc99ee.php 第 169 行.
NOTIC: [8] Use of undefined constant utf8 - assumed 'utf8' /www/users/HA531660/WEB/Application/Runtime/Cache/Home/2a94b8bda04ff446dcedd42276fc99ee.php 第 169 行.
NOTIC: [8] Use of undefined constant aid - assumed 'aid' /www/users/HA531660/WEB/Application/Runtime/Cache/Home/2a94b8bda04ff446dcedd42276fc99ee.php 第 236 行.
NOTIC: [8] Use of undefined constant aid - assumed 'aid' /www/users/HA531660/WEB/Application/Runtime/Cache/Home/2a94b8bda04ff446dcedd42276fc99ee.php 第 236 行.
NOTIC: [8] Use of undefined constant aid - assumed 'aid' /www/users/HA531660/WEB/Application/Runtime/Cache/Home/2a94b8bda04ff446dcedd42276fc99ee.php 第 236 行.
NOTIC: [8] Use of undefined constant aid - assumed 'aid' /www/users/HA531660/WEB/Application/Runtime/Cache/Home/2a94b8bda04ff446dcedd42276fc99ee.php 第 236 行.
NOTIC: [8] Use of undefined constant aid - assumed 'aid' /www/users/HA531660/WEB/Application/Runtime/Cache/Home/2a94b8bda04ff446dcedd42276fc99ee.php 第 236 行.
NOTIC: [8] Use of undefined constant aid - assumed 'aid' /www/users/HA531660/WEB/Application/Runtime/Cache/Home/2a94b8bda04ff446dcedd42276fc99ee.php 第 236 行.
NOTIC: [8] Use of undefined constant aid - assumed 'aid' /www/users/HA531660/WEB/Application/Runtime/Cache/Home/2a94b8bda04ff446dcedd42276fc99ee.php 第 236 行.
NOTIC: [8] Use of undefined constant aid - assumed 'aid' /www/users/HA531660/WEB/Application/Runtime/Cache/Home/2a94b8bda04ff446dcedd42276fc99ee.php 第 236 行.
INFO: Run Behavior\ParseTemplateBehavior [ RunTime:0.079937s ]
INFO: [ view_parse ] --END-- [ RunTime:0.080065s ]
INFO: [ view_filter ] --START--
INFO: Run Behavior\WriteHtmlCacheBehavior [ RunTime:0.000525s ]
INFO: [ view_filter ] --END-- [ RunTime:0.000619s ]
INFO: [ app_end ] --START--
INFO: Run Behavior\ShowPageTraceBehavior [ RunTime:0.001129s ]
INFO: [ app_end ] --END-- [ RunTime:0.001241s ]

[ 2018-07-22T15:18:33+08:00 ] 40.77.167.165 /
INFO: [ app_init ] --START--
INFO: Run Behavior\BuildLiteBehavior [ RunTime:0.000050s ]
INFO: [ app_init ] --END-- [ RunTime:0.001248s ]
INFO: [ app_begin ] --START--
INFO: Run Behavior\ReadHtmlCacheBehavior [ RunTime:0.000851s ]
INFO: [ app_begin ] --END-- [ RunTime:0.001001s ]
SQL: SHOW COLUMNS FROM `setting` [ RunTime:0.0221s ]
SQL: SELECT * FROM `setting`  [ RunTime:0.0012s ]
SQL: SELECT * FROM `setting`  [ RunTime:0.0011s ]
SQL: SHOW COLUMNS FROM `article` [ RunTime:0.0354s ]
SQL: SELECT COUNT(*) AS tp_count FROM `article` LIMIT 1   [ RunTime:0.0012s ]
SQL: SELECT * FROM `article` WHERE ( category='旅游1' ) UNION (select * from article where category='时尚'order by aid desc limit 2) UNION (select * from article where category='旅游'order by aid desc limit 2) UNION (select * from article where category='美食'order by aid desc limit 2) UNION (select * from article where category='教育'order by aid desc limit 2) [ RunTime:0.0342s ]
SQL: SELECT * FROM `article` ORDER BY view desc LIMIT 8   [ RunTime:0.0064s ]
SQL: select sum(view) as view,author from article group by author order by view DESC limit 25  [ RunTime:0.0012s ]
INFO: [ view_parse ] --START--
INFO: [ template_filter ] --START--
INFO: Run Behavior\ContentReplaceBehavior [ RunTime:0.000093s ]
INFO: [ template_filter ] --END-- [ RunTime:0.000216s ]
NOTIC: [8] Use of undefined constant aid - assumed 'aid' /www/users/HA531660/WEB/Application/Runtime/Cache/Home/2a94b8bda04ff446dcedd42276fc99ee.php 第 140 行.
NOTIC: [8] Use of undefined constant aid - assumed 'aid' /www/users/HA531660/WEB/Application/Runtime/Cache/Home/2a94b8bda04ff446dcedd42276fc99ee.php 第 140 行.
NOTIC: [8] Use of undefined constant aid - assumed 'aid' /www/users/HA531660/WEB/Application/Runtime/Cache/Home/2a94b8bda04ff446dcedd42276fc99ee.php 第 140 行.
NOTIC: [8] Use of undefined constant aid - assumed 'aid' /www/users/HA531660/WEB/Application/Runtime/Cache/Home/2a94b8bda04ff446dcedd42276fc99ee.php 第 140 行.
NOTIC: [8] Use of undefined constant aid - assumed 'aid' /www/users/HA531660/WEB/Application/Runtime/Cache/Home/2a94b8bda04ff446dcedd42276fc99ee.php 第 140 行.
NOTIC: [8] Use of undefined constant aid - assumed 'aid' /www/users/HA531660/WEB/Application/Runtime/Cache/Home/2a94b8bda04ff446dcedd42276fc99ee.php 第 140 行.
NOTIC: [8] Use of undefined constant aid - assumed 'aid' /www/users/HA531660/WEB/Application/Runtime/Cache/Home/2a94b8bda04ff446dcedd42276fc99ee.php 第 140 行.
NOTIC: [8] Use of undefined constant aid - assumed 'aid' /www/users/HA531660/WEB/Application/Runtime/Cache/Home/2a94b8bda04ff446dcedd42276fc99ee.php 第 140 行.
NOTIC: [8] Use of undefined constant utf8 - assumed 'utf8' /www/users/HA531660/WEB/Application/Runtime/Cache/Home/2a94b8bda04ff446dcedd42276fc99ee.php 第 169 行.
NOTIC: [8] Use of undefined constant utf8 - assumed 'utf8' /www/users/HA531660/WEB/Application/Runtime/Cache/Home/2a94b8bda04ff446dcedd42276fc99ee.php 第 169 行.
NOTIC: [8] Use of undefined constant utf8 - assumed 'utf8' /www/users/HA531660/WEB/Application/Runtime/Cache/Home/2a94b8bda04ff446dcedd42276fc99ee.php 第 169 行.
NOTIC: [8] Use of undefined constant utf8 - assumed 'utf8' /www/users/HA531660/WEB/Application/Runtime/Cache/Home/2a94b8bda04ff446dcedd42276fc99ee.php 第 169 行.
NOTIC: [8] Use of undefined constant utf8 - assumed 'utf8' /www/users/HA531660/WEB/Application/Runtime/Cache/Home/2a94b8bda04ff446dcedd42276fc99ee.php 第 169 行.
NOTIC: [8] Use of undefined constant utf8 - assumed 'utf8' /www/users/HA531660/WEB/Application/Runtime/Cache/Home/2a94b8bda04ff446dcedd42276fc99ee.php 第 169 行.
NOTIC: [8] Use of undefined constant aid - assumed 'aid' /www/users/HA531660/WEB/Application/Runtime/Cache/Home/2a94b8bda04ff446dcedd42276fc99ee.php 第 236 行.
NOTIC: [8] Use of undefined constant aid - assumed 'aid' /www/users/HA531660/WEB/Application/Runtime/Cache/Home/2a94b8bda04ff446dcedd42276fc99ee.php 第 236 行.
NOTIC: [8] Use of undefined constant aid - assumed 'aid' /www/users/HA531660/WEB/Application/Runtime/Cache/Home/2a94b8bda04ff446dcedd42276fc99ee.php 第 236 行.
NOTIC: [8] Use of undefined constant aid - assumed 'aid' /www/users/HA531660/WEB/Application/Runtime/Cache/Home/2a94b8bda04ff446dcedd42276fc99ee.php 第 236 行.
NOTIC: [8] Use of undefined constant aid - assumed 'aid' /www/users/HA531660/WEB/Application/Runtime/Cache/Home/2a94b8bda04ff446dcedd42276fc99ee.php 第 236 行.
NOTIC: [8] Use of undefined constant aid - assumed 'aid' /www/users/HA531660/WEB/Application/Runtime/Cache/Home/2a94b8bda04ff446dcedd42276fc99ee.php 第 236 行.
NOTIC: [8] Use of undefined constant aid - assumed 'aid' /www/users/HA531660/WEB/Application/Runtime/Cache/Home/2a94b8bda04ff446dcedd42276fc99ee.php 第 236 行.
NOTIC: [8] Use of undefined constant aid - assumed 'aid' /www/users/HA531660/WEB/Application/Runtime/Cache/Home/2a94b8bda04ff446dcedd42276fc99ee.php 第 236 行.
INFO: Run Behavior\ParseTemplateBehavior [ RunTime:0.069189s ]
INFO: [ view_parse ] --END-- [ RunTime:0.069336s ]
INFO: [ view_filter ] --START--
INFO: Run Behavior\WriteHtmlCacheBehavior [ RunTime:0.000503s ]
INFO: [ view_filter ] --END-- [ RunTime:0.000579s ]
INFO: [ app_end ] --START--
INFO: Run Behavior\ShowPageTraceBehavior [ RunTime:0.000821s ]
INFO: [ app_end ] --END-- [ RunTime:0.000909s ]

[ 2018-07-22T15:54:00+08:00 ] 123.160.232.60 /
INFO: [ app_init ] --START--
INFO: Run Behavior\BuildLiteBehavior [ RunTime:0.000048s ]
INFO: [ app_init ] --END-- [ RunTime:0.000636s ]
INFO: [ app_begin ] --START--
INFO: Run Behavior\ReadHtmlCacheBehavior [ RunTime:0.000785s ]
INFO: [ app_begin ] --END-- [ RunTime:0.000876s ]
SQL: SHOW COLUMNS FROM `setting` [ RunTime:0.0264s ]
SQL: SELECT * FROM `setting`  [ RunTime:0.0012s ]
SQL: SELECT * FROM `setting`  [ RunTime:0.0008s ]
SQL: SHOW COLUMNS FROM `article` [ RunTime:0.0256s ]
SQL: SELECT COUNT(*) AS tp_count FROM `article` LIMIT 1   [ RunTime:0.0010s ]
SQL: SELECT * FROM `article` WHERE ( category='旅游1' ) UNION (select * from article where category='时尚'order by aid desc limit 2) UNION (select * from article where category='旅游'order by aid desc limit 2) UNION (select * from article where category='美食'order by aid desc limit 2) UNION (select * from article where category='教育'order by aid desc limit 2) [ RunTime:0.0299s ]
SQL: SELECT * FROM `article` ORDER BY view desc LIMIT 8   [ RunTime:0.0068s ]
SQL: select sum(view) as view,author from article group by author order by view DESC limit 25  [ RunTime:0.0015s ]
INFO: [ view_parse ] --START--
INFO: [ template_filter ] --START--
INFO: Run Behavior\ContentReplaceBehavior [ RunTime:0.000110s ]
INFO: [ template_filter ] --END-- [ RunTime:0.000299s ]
NOTIC: [8] Use of undefined constant aid - assumed 'aid' /www/users/HA531660/WEB/Application/Runtime/Cache/Home/2a94b8bda04ff446dcedd42276fc99ee.php 第 140 行.
NOTIC: [8] Use of undefined constant aid - assumed 'aid' /www/users/HA531660/WEB/Application/Runtime/Cache/Home/2a94b8bda04ff446dcedd42276fc99ee.php 第 140 行.
NOTIC: [8] Use of undefined constant aid - assumed 'aid' /www/users/HA531660/WEB/Application/Runtime/Cache/Home/2a94b8bda04ff446dcedd42276fc99ee.php 第 140 行.
NOTIC: [8] Use of undefined constant aid - assumed 'aid' /www/users/HA531660/WEB/Application/Runtime/Cache/Home/2a94b8bda04ff446dcedd42276fc99ee.php 第 140 行.
NOTIC: [8] Use of undefined constant aid - assumed 'aid' /www/users/HA531660/WEB/Application/Runtime/Cache/Home/2a94b8bda04ff446dcedd42276fc99ee.php 第 140 行.
NOTIC: [8] Use of undefined constant aid - assumed 'aid' /www/users/HA531660/WEB/Application/Runtime/Cache/Home/2a94b8bda04ff446dcedd42276fc99ee.php 第 140 行.
NOTIC: [8] Use of undefined constant aid - assumed 'aid' /www/users/HA531660/WEB/Application/Runtime/Cache/Home/2a94b8bda04ff446dcedd42276fc99ee.php 第 140 行.
NOTIC: [8] Use of undefined constant aid - assumed 'aid' /www/users/HA531660/WEB/Application/Runtime/Cache/Home/2a94b8bda04ff446dcedd42276fc99ee.php 第 140 行.
NOTIC: [8] Use of undefined constant utf8 - assumed 'utf8' /www/users/HA531660/WEB/Application/Runtime/Cache/Home/2a94b8bda04ff446dcedd42276fc99ee.php 第 169 行.
NOTIC: [8] Use of undefined constant utf8 - assumed 'utf8' /www/users/HA531660/WEB/Application/Runtime/Cache/Home/2a94b8bda04ff446dcedd42276fc99ee.php 第 169 行.
NOTIC: [8] Use of undefined constant utf8 - assumed 'utf8' /www/users/HA531660/WEB/Application/Runtime/Cache/Home/2a94b8bda04ff446dcedd42276fc99ee.php 第 169 行.
NOTIC: [8] Use of undefined constant utf8 - assumed 'utf8' /www/users/HA531660/WEB/Application/Runtime/Cache/Home/2a94b8bda04ff446dcedd42276fc99ee.php 第 169 行.
NOTIC: [8] Use of undefined constant utf8 - assumed 'utf8' /www/users/HA531660/WEB/Application/Runtime/Cache/Home/2a94b8bda04ff446dcedd42276fc99ee.php 第 169 行.
NOTIC: [8] Use of undefined constant utf8 - assumed 'utf8' /www/users/HA531660/WEB/Application/Runtime/Cache/Home/2a94b8bda04ff446dcedd42276fc99ee.php 第 169 行.
NOTIC: [8] Use of undefined constant aid - assumed 'aid' /www/users/HA531660/WEB/Application/Runtime/Cache/Home/2a94b8bda04ff446dcedd42276fc99ee.php 第 236 行.
NOTIC: [8] Use of undefined constant aid - assumed 'aid' /www/users/HA531660/WEB/Application/Runtime/Cache/Home/2a94b8bda04ff446dcedd42276fc99ee.php 第 236 行.
NOTIC: [8] Use of undefined constant aid - assumed 'aid' /www/users/HA531660/WEB/Application/Runtime/Cache/Home/2a94b8bda04ff446dcedd42276fc99ee.php 第 236 行.
NOTIC: [8] Use of undefined constant aid - assumed 'aid' /www/users/HA531660/WEB/Application/Runtime/Cache/Home/2a94b8bda04ff446dcedd42276fc99ee.php 第 236 行.
NOTIC: [8] Use of undefined constant aid - assumed 'aid' /www/users/HA531660/WEB/Application/Runtime/Cache/Home/2a94b8bda04ff446dcedd42276fc99ee.php 第 236 行.
NOTIC: [8] Use of undefined constant aid - assumed 'aid' /www/users/HA531660/WEB/Application/Runtime/Cache/Home/2a94b8bda04ff446dcedd42276fc99ee.php 第 236 行.
NOTIC: [8] Use of undefined constant aid - assumed 'aid' /www/users/HA531660/WEB/Application/Runtime/Cache/Home/2a94b8bda04ff446dcedd42276fc99ee.php 第 236 行.
NOTIC: [8] Use of undefined constant aid - assumed 'aid' /www/users/HA531660/WEB/Application/Runtime/Cache/Home/2a94b8bda04ff446dcedd42276fc99ee.php 第 236 行.
INFO: Run Behavior\ParseTemplateBehavior [ RunTime:0.066816s ]
INFO: [ view_parse ] --END-- [ RunTime:0.066942s ]
INFO: [ view_filter ] --START--
INFO: Run Behavior\WriteHtmlCacheBehavior [ RunTime:0.000464s ]
INFO: [ view_filter ] --END-- [ RunTime:0.000541s ]
INFO: [ app_end ] --START--
INFO: Run Behavior\ShowPageTraceBehavior [ RunTime:0.004641s ]
INFO: [ app_end ] --END-- [ RunTime:0.004740s ]

[ 2018-07-22T19:40:37+08:00 ] 219.243.212.240 /
INFO: [ app_init ] --START--
INFO: Run Behavior\BuildLiteBehavior [ RunTime:0.000052s ]
INFO: [ app_init ] --END-- [ RunTime:0.000889s ]
INFO: [ app_begin ] --START--
INFO: Run Behavior\ReadHtmlCacheBehavior [ RunTime:0.000759s ]
INFO: [ app_begin ] --END-- [ RunTime:0.000866s ]
SQL: SHOW COLUMNS FROM `setting` [ RunTime:0.0320s ]
SQL: SELECT * FROM `setting`  [ RunTime:0.0012s ]
SQL: SELECT * FROM `setting`  [ RunTime:0.0010s ]
SQL: SHOW COLUMNS FROM `article` [ RunTime:0.0273s ]
SQL: SELECT COUNT(*) AS tp_count FROM `article` LIMIT 1   [ RunTime:0.0011s ]
SQL: SELECT * FROM `article` WHERE ( category='旅游1' ) UNION (select * from article where category='时尚'order by aid desc limit 2) UNION (select * from article where category='旅游'order by aid desc limit 2) UNION (select * from article where category='美食'order by aid desc limit 2) UNION (select * from article where category='教育'order by aid desc limit 2) [ RunTime:0.0307s ]
SQL: SELECT * FROM `article` ORDER BY view desc LIMIT 8   [ RunTime:0.0062s ]
SQL: select sum(view) as view,author from article group by author order by view DESC limit 25  [ RunTime:0.0013s ]
INFO: [ view_parse ] --START--
INFO: [ template_filter ] --START--
INFO: Run Behavior\ContentReplaceBehavior [ RunTime:0.000103s ]
INFO: [ template_filter ] --END-- [ RunTime:0.000203s ]
NOTIC: [8] Use of undefined constant aid - assumed 'aid' /www/users/HA531660/WEB/Application/Runtime/Cache/Home/2a94b8bda04ff446dcedd42276fc99ee.php 第 140 行.
NOTIC: [8] Use of undefined constant aid - assumed 'aid' /www/users/HA531660/WEB/Application/Runtime/Cache/Home/2a94b8bda04ff446dcedd42276fc99ee.php 第 140 行.
NOTIC: [8] Use of undefined constant aid - assumed 'aid' /www/users/HA531660/WEB/Application/Runtime/Cache/Home/2a94b8bda04ff446dcedd42276fc99ee.php 第 140 行.
NOTIC: [8] Use of undefined constant aid - assumed 'aid' /www/users/HA531660/WEB/Application/Runtime/Cache/Home/2a94b8bda04ff446dcedd42276fc99ee.php 第 140 行.
NOTIC: [8] Use of undefined constant aid - assumed 'aid' /www/users/HA531660/WEB/Application/Runtime/Cache/Home/2a94b8bda04ff446dcedd42276fc99ee.php 第 140 行.
NOTIC: [8] Use of undefined constant aid - assumed 'aid' /www/users/HA531660/WEB/Application/Runtime/Cache/Home/2a94b8bda04ff446dcedd42276fc99ee.php 第 140 行.
NOTIC: [8] Use of undefined constant aid - assumed 'aid' /www/users/HA531660/WEB/Application/Runtime/Cache/Home/2a94b8bda04ff446dcedd42276fc99ee.php 第 140 行.
NOTIC: [8] Use of undefined constant aid - assumed 'aid' /www/users/HA531660/WEB/Application/Runtime/Cache/Home/2a94b8bda04ff446dcedd42276fc99ee.php 第 140 行.
NOTIC: [8] Use of undefined constant utf8 - assumed 'utf8' /www/users/HA531660/WEB/Application/Runtime/Cache/Home/2a94b8bda04ff446dcedd42276fc99ee.php 第 169 行.
NOTIC: [8] Use of undefined constant utf8 - assumed 'utf8' /www/users/HA531660/WEB/Application/Runtime/Cache/Home/2a94b8bda04ff446dcedd42276fc99ee.php 第 169 行.
NOTIC: [8] Use of undefined constant utf8 - assumed 'utf8' /www/users/HA531660/WEB/Application/Runtime/Cache/Home/2a94b8bda04ff446dcedd42276fc99ee.php 第 169 行.
NOTIC: [8] Use of undefined constant utf8 - assumed 'utf8' /www/users/HA531660/WEB/Application/Runtime/Cache/Home/2a94b8bda04ff446dcedd42276fc99ee.php 第 169 行.
NOTIC: [8] Use of undefined constant utf8 - assumed 'utf8' /www/users/HA531660/WEB/Application/Runtime/Cache/Home/2a94b8bda04ff446dcedd42276fc99ee.php 第 169 行.
NOTIC: [8] Use of undefined constant utf8 - assumed 'utf8' /www/users/HA531660/WEB/Application/Runtime/Cache/Home/2a94b8bda04ff446dcedd42276fc99ee.php 第 169 行.
NOTIC: [8] Use of undefined constant aid - assumed 'aid' /www/users/HA531660/WEB/Application/Runtime/Cache/Home/2a94b8bda04ff446dcedd42276fc99ee.php 第 236 行.
NOTIC: [8] Use of undefined constant aid - assumed 'aid' /www/users/HA531660/WEB/Application/Runtime/Cache/Home/2a94b8bda04ff446dcedd42276fc99ee.php 第 236 行.
NOTIC: [8] Use of undefined constant aid - assumed 'aid' /www/users/HA531660/WEB/Application/Runtime/Cache/Home/2a94b8bda04ff446dcedd42276fc99ee.php 第 236 行.
NOTIC: [8] Use of undefined constant aid - assumed 'aid' /www/users/HA531660/WEB/Application/Runtime/Cache/Home/2a94b8bda04ff446dcedd42276fc99ee.php 第 236 行.
NOTIC: [8] Use of undefined constant aid - assumed 'aid' /www/users/HA531660/WEB/Application/Runtime/Cache/Home/2a94b8bda04ff446dcedd42276fc99ee.php 第 236 行.
NOTIC: [8] Use of undefined constant aid - assumed 'aid' /www/users/HA531660/WEB/Application/Runtime/Cache/Home/2a94b8bda04ff446dcedd42276fc99ee.php 第 236 行.
NOTIC: [8] Use of undefined constant aid - assumed 'aid' /www/users/HA531660/WEB/Application/Runtime/Cache/Home/2a94b8bda04ff446dcedd42276fc99ee.php 第 236 行.
NOTIC: [8] Use of undefined constant aid - assumed 'aid' /www/users/HA531660/WEB/Application/Runtime/Cache/Home/2a94b8bda04ff446dcedd42276fc99ee.php 第 236 行.
INFO: Run Behavior\ParseTemplateBehavior [ RunTime:0.068144s ]
INFO: [ view_parse ] --END-- [ RunTime:0.068261s ]
INFO: [ view_filter ] --START--
INFO: Run Behavior\WriteHtmlCacheBehavior [ RunTime:0.000507s ]
INFO: [ view_filter ] --END-- [ RunTime:0.000582s ]
INFO: [ app_end ] --START--
INFO: Run Behavior\ShowPageTraceBehavior [ RunTime:0.001002s ]
INFO: [ app_end ] --END-- [ RunTime:0.001091s ]

