[ 2018-07-30T00:34:26+08:00 ] 106.11.152.209 /Home/Index/read/aid/10
INFO: [ app_init ] --START--
INFO: Run Behavior\BuildLiteBehavior [ RunTime:0.000030s ]
INFO: [ app_init ] --END-- [ RunTime:0.000645s ]
INFO: [ app_begin ] --START--
INFO: Run Behavior\ReadHtmlCacheBehavior [ RunTime:0.000701s ]
INFO: [ app_begin ] --END-- [ RunTime:0.000781s ]
SQL: SHOW COLUMNS FROM `setting` [ RunTime:0.0437s ]
SQL: SELECT * FROM `setting`  [ RunTime:0.0224s ]
SQL: SHOW COLUMNS FROM `article` [ RunTime:0.0234s ]
SQL: SELECT * FROM `article` WHERE `aid` = 10 LIMIT 1   [ RunTime:0.0052s ]
SQL: UPDATE `article` SET `view`=view+1 WHERE `aid` = 10 [ RunTime:0.0024s ]
NOTIC: [2] preg_match_all() expects parameter 2 to be string, array given /www/users/HA531660/WEB/Application/Common/Common/function.php 第 4 行.
NOTIC: [8] Undefined offset: 0 /www/users/HA531660/WEB/Application/Common/Common/function.php 第 7 行.
INFO: [ view_parse ] --START--
INFO: [ template_filter ] --START--
INFO: Run Behavior\ContentReplaceBehavior [ RunTime:0.000070s ]
INFO: [ template_filter ] --END-- [ RunTime:0.000206s ]
INFO: Run Behavior\ParseTemplateBehavior [ RunTime:0.082670s ]
INFO: [ view_parse ] --END-- [ RunTime:0.082809s ]
INFO: [ view_filter ] --START--
INFO: Run Behavior\WriteHtmlCacheBehavior [ RunTime:0.016880s ]
INFO: [ view_filter ] --END-- [ RunTime:0.016988s ]
INFO: [ app_end ] --START--
INFO: Run Behavior\ShowPageTraceBehavior [ RunTime:0.011685s ]
INFO: [ app_end ] --END-- [ RunTime:0.011815s ]

[ 2018-07-30T01:53:45+08:00 ] 106.11.159.219 /index.php/Home/Index/fashion/p/2.html
INFO: [ app_init ] --START--
INFO: Run Behavior\BuildLiteBehavior [ RunTime:0.000029s ]
INFO: [ app_init ] --END-- [ RunTime:0.000954s ]
INFO: [ app_begin ] --START--
INFO: Run Behavior\ReadHtmlCacheBehavior [ RunTime:0.001596s ]
INFO: [ app_begin ] --END-- [ RunTime:0.001707s ]
SQL: SHOW COLUMNS FROM `setting` [ RunTime:0.0266s ]
SQL: SELECT * FROM `setting`  [ RunTime:0.0034s ]
SQL: SELECT * FROM `setting`  [ RunTime:0.0034s ]
SQL: SHOW COLUMNS FROM `article` [ RunTime:0.0250s ]
SQL: SELECT COUNT(*) AS tp_count FROM `article` LIMIT 1   [ RunTime:0.0055s ]
SQL: SELECT * FROM `article` WHERE ( category='时尚' ) ORDER BY aid desc LIMIT 8,8   [ RunTime:0.0047s ]
SQL: SELECT * FROM `article` ORDER BY view desc LIMIT 8   [ RunTime:0.0270s ]
SQL: select sum(view) as view,author from article group by author order by view DESC limit 25  [ RunTime:0.0063s ]
INFO: [ view_parse ] --START--
INFO: [ template_filter ] --START--
INFO: Run Behavior\ContentReplaceBehavior [ RunTime:0.000206s ]
INFO: [ template_filter ] --END-- [ RunTime:0.000431s ]
NOTIC: [8] Use of undefined constant aid - assumed 'aid' /www/users/HA531660/WEB/Application/Runtime/Cache/Home/41affe53c3e1c278d4128c2f9dadba18.php 第 127 行.
NOTIC: [8] Use of undefined constant utf8 - assumed 'utf8' /www/users/HA531660/WEB/Application/Runtime/Cache/Home/41affe53c3e1c278d4128c2f9dadba18.php 第 156 行.
NOTIC: [8] Use of undefined constant utf8 - assumed 'utf8' /www/users/HA531660/WEB/Application/Runtime/Cache/Home/41affe53c3e1c278d4128c2f9dadba18.php 第 156 行.
NOTIC: [8] Use of undefined constant utf8 - assumed 'utf8' /www/users/HA531660/WEB/Application/Runtime/Cache/Home/41affe53c3e1c278d4128c2f9dadba18.php 第 156 行.
NOTIC: [8] Use of undefined constant utf8 - assumed 'utf8' /www/users/HA531660/WEB/Application/Runtime/Cache/Home/41affe53c3e1c278d4128c2f9dadba18.php 第 156 行.
NOTIC: [8] Use of undefined constant utf8 - assumed 'utf8' /www/users/HA531660/WEB/Application/Runtime/Cache/Home/41affe53c3e1c278d4128c2f9dadba18.php 第 156 行.
NOTIC: [8] Use of undefined constant utf8 - assumed 'utf8' /www/users/HA531660/WEB/Application/Runtime/Cache/Home/41affe53c3e1c278d4128c2f9dadba18.php 第 156 行.
NOTIC: [8] Use of undefined constant aid - assumed 'aid' /www/users/HA531660/WEB/Application/Runtime/Cache/Home/41affe53c3e1c278d4128c2f9dadba18.php 第 223 行.
INFO: Run Behavior\ParseTemplateBehavior [ RunTime:0.039769s ]
INFO: [ view_parse ] --END-- [ RunTime:0.039909s ]
INFO: [ view_filter ] --START--
INFO: Run Behavior\WriteHtmlCacheBehavior [ RunTime:0.000938s ]
INFO: [ view_filter ] --END-- [ RunTime:0.001076s ]
INFO: [ app_end ] --START--
INFO: Run Behavior\ShowPageTraceBehavior [ RunTime:0.002235s ]
INFO: [ app_end ] --END-- [ RunTime:0.002341s ]

[ 2018-07-30T01:57:23+08:00 ] 37.9.113.116 /
INFO: [ app_init ] --START--
INFO: Run Behavior\BuildLiteBehavior [ RunTime:0.000041s ]
INFO: [ app_init ] --END-- [ RunTime:0.000646s ]
INFO: [ app_begin ] --START--
INFO: Run Behavior\ReadHtmlCacheBehavior [ RunTime:0.000793s ]
INFO: [ app_begin ] --END-- [ RunTime:0.000883s ]
SQL: SHOW COLUMNS FROM `setting` [ RunTime:0.0237s ]
SQL: SELECT * FROM `setting`  [ RunTime:0.0028s ]
SQL: SELECT * FROM `setting`  [ RunTime:0.0026s ]
SQL: SHOW COLUMNS FROM `article` [ RunTime:0.0244s ]
SQL: SELECT COUNT(*) AS tp_count FROM `article` LIMIT 1   [ RunTime:0.0031s ]
SQL: SELECT * FROM `article` WHERE ( category='旅游1' ) UNION (select * from article where category='时尚'order by aid desc limit 2) UNION (select * from article where category='旅游'order by aid desc limit 2) UNION (select * from article where category='美食'order by aid desc limit 2) UNION (select * from article where category='教育'order by aid desc limit 2) [ RunTime:0.0391s ]
SQL: SELECT * FROM `article` ORDER BY view desc LIMIT 8   [ RunTime:0.0138s ]
SQL: select sum(view) as view,author from article group by author order by view DESC limit 25  [ RunTime:0.0064s ]
INFO: [ view_parse ] --START--
INFO: [ template_filter ] --START--
INFO: Run Behavior\ContentReplaceBehavior [ RunTime:0.000091s ]
INFO: [ template_filter ] --END-- [ RunTime:0.000196s ]
NOTIC: [8] Use of undefined constant aid - assumed 'aid' /www/users/HA531660/WEB/Application/Runtime/Cache/Home/2a94b8bda04ff446dcedd42276fc99ee.php 第 140 行.
NOTIC: [8] Use of undefined constant aid - assumed 'aid' /www/users/HA531660/WEB/Application/Runtime/Cache/Home/2a94b8bda04ff446dcedd42276fc99ee.php 第 140 行.
NOTIC: [8] Use of undefined constant aid - assumed 'aid' /www/users/HA531660/WEB/Application/Runtime/Cache/Home/2a94b8bda04ff446dcedd42276fc99ee.php 第 140 行.
NOTIC: [8] Use of undefined constant aid - assumed 'aid' /www/users/HA531660/WEB/Application/Runtime/Cache/Home/2a94b8bda04ff446dcedd42276fc99ee.php 第 140 行.
NOTIC: [8] Use of undefined constant aid - assumed 'aid' /www/users/HA531660/WEB/Application/Runtime/Cache/Home/2a94b8bda04ff446dcedd42276fc99ee.php 第 140 行.
NOTIC: [8] Use of undefined constant aid - assumed 'aid' /www/users/HA531660/WEB/Application/Runtime/Cache/Home/2a94b8bda04ff446dcedd42276fc99ee.php 第 140 行.
NOTIC: [8] Use of undefined constant aid - assumed 'aid' /www/users/HA531660/WEB/Application/Runtime/Cache/Home/2a94b8bda04ff446dcedd42276fc99ee.php 第 140 行.
NOTIC: [8] Use of undefined constant aid - assumed 'aid' /www/users/HA531660/WEB/Application/Runtime/Cache/Home/2a94b8bda04ff446dcedd42276fc99ee.php 第 140 行.
NOTIC: [8] Use of undefined constant utf8 - assumed 'utf8' /www/users/HA531660/WEB/Application/Runtime/Cache/Home/2a94b8bda04ff446dcedd42276fc99ee.php 第 169 行.
NOTIC: [8] Use of undefined constant utf8 - assumed 'utf8' /www/users/HA531660/WEB/Application/Runtime/Cache/Home/2a94b8bda04ff446dcedd42276fc99ee.php 第 169 行.
NOTIC: [8] Use of undefined constant utf8 - assumed 'utf8' /www/users/HA531660/WEB/Application/Runtime/Cache/Home/2a94b8bda04ff446dcedd42276fc99ee.php 第 169 行.
NOTIC: [8] Use of undefined constant utf8 - assumed 'utf8' /www/users/HA531660/WEB/Application/Runtime/Cache/Home/2a94b8bda04ff446dcedd42276fc99ee.php 第 169 行.
NOTIC: [8] Use of undefined constant utf8 - assumed 'utf8' /www/users/HA531660/WEB/Application/Runtime/Cache/Home/2a94b8bda04ff446dcedd42276fc99ee.php 第 169 行.
NOTIC: [8] Use of undefined constant utf8 - assumed 'utf8' /www/users/HA531660/WEB/Application/Runtime/Cache/Home/2a94b8bda04ff446dcedd42276fc99ee.php 第 169 行.
NOTIC: [8] Use of undefined constant aid - assumed 'aid' /www/users/HA531660/WEB/Application/Runtime/Cache/Home/2a94b8bda04ff446dcedd42276fc99ee.php 第 236 行.
NOTIC: [8] Use of undefined constant aid - assumed 'aid' /www/users/HA531660/WEB/Application/Runtime/Cache/Home/2a94b8bda04ff446dcedd42276fc99ee.php 第 236 行.
NOTIC: [8] Use of undefined constant aid - assumed 'aid' /www/users/HA531660/WEB/Application/Runtime/Cache/Home/2a94b8bda04ff446dcedd42276fc99ee.php 第 236 行.
NOTIC: [8] Use of undefined constant aid - assumed 'aid' /www/users/HA531660/WEB/Application/Runtime/Cache/Home/2a94b8bda04ff446dcedd42276fc99ee.php 第 236 行.
NOTIC: [8] Use of undefined constant aid - assumed 'aid' /www/users/HA531660/WEB/Application/Runtime/Cache/Home/2a94b8bda04ff446dcedd42276fc99ee.php 第 236 行.
NOTIC: [8] Use of undefined constant aid - assumed 'aid' /www/users/HA531660/WEB/Application/Runtime/Cache/Home/2a94b8bda04ff446dcedd42276fc99ee.php 第 236 行.
NOTIC: [8] Use of undefined constant aid - assumed 'aid' /www/users/HA531660/WEB/Application/Runtime/Cache/Home/2a94b8bda04ff446dcedd42276fc99ee.php 第 236 行.
NOTIC: [8] Use of undefined constant aid - assumed 'aid' /www/users/HA531660/WEB/Application/Runtime/Cache/Home/2a94b8bda04ff446dcedd42276fc99ee.php 第 236 行.
INFO: Run Behavior\ParseTemplateBehavior [ RunTime:0.075529s ]
INFO: [ view_parse ] --END-- [ RunTime:0.075650s ]
INFO: [ view_filter ] --START--
INFO: Run Behavior\WriteHtmlCacheBehavior [ RunTime:0.000442s ]
INFO: [ view_filter ] --END-- [ RunTime:0.000517s ]
INFO: [ app_end ] --START--
INFO: Run Behavior\ShowPageTraceBehavior [ RunTime:0.001340s ]
INFO: [ app_end ] --END-- [ RunTime:0.001467s ]

[ 2018-07-30T11:08:13+08:00 ] 119.123.74.198 /
INFO: [ app_init ] --START--
INFO: Run Behavior\BuildLiteBehavior [ RunTime:0.000046s ]
INFO: [ app_init ] --END-- [ RunTime:0.000896s ]
INFO: [ app_begin ] --START--
INFO: Run Behavior\ReadHtmlCacheBehavior [ RunTime:0.001326s ]
INFO: [ app_begin ] --END-- [ RunTime:0.001492s ]
SQL: SHOW COLUMNS FROM `setting` [ RunTime:0.0226s ]
SQL: SELECT * FROM `setting`  [ RunTime:0.0012s ]
SQL: SELECT * FROM `setting`  [ RunTime:0.0011s ]
SQL: SHOW COLUMNS FROM `article` [ RunTime:0.0212s ]
SQL: SELECT COUNT(*) AS tp_count FROM `article` LIMIT 1   [ RunTime:0.0011s ]
SQL: SELECT * FROM `article` WHERE ( category='旅游1' ) UNION (select * from article where category='时尚'order by aid desc limit 2) UNION (select * from article where category='旅游'order by aid desc limit 2) UNION (select * from article where category='美食'order by aid desc limit 2) UNION (select * from article where category='教育'order by aid desc limit 2) [ RunTime:0.0270s ]
SQL: SELECT * FROM `article` ORDER BY view desc LIMIT 8   [ RunTime:0.0062s ]
SQL: select sum(view) as view,author from article group by author order by view DESC limit 25  [ RunTime:0.0013s ]
INFO: [ view_parse ] --START--
INFO: [ template_filter ] --START--
INFO: Run Behavior\ContentReplaceBehavior [ RunTime:0.000136s ]
INFO: [ template_filter ] --END-- [ RunTime:0.000301s ]
NOTIC: [8] Use of undefined constant aid - assumed 'aid' /www/users/HA531660/WEB/Application/Runtime/Cache/Home/2a94b8bda04ff446dcedd42276fc99ee.php 第 140 行.
NOTIC: [8] Use of undefined constant aid - assumed 'aid' /www/users/HA531660/WEB/Application/Runtime/Cache/Home/2a94b8bda04ff446dcedd42276fc99ee.php 第 140 行.
NOTIC: [8] Use of undefined constant aid - assumed 'aid' /www/users/HA531660/WEB/Application/Runtime/Cache/Home/2a94b8bda04ff446dcedd42276fc99ee.php 第 140 行.
NOTIC: [8] Use of undefined constant aid - assumed 'aid' /www/users/HA531660/WEB/Application/Runtime/Cache/Home/2a94b8bda04ff446dcedd42276fc99ee.php 第 140 行.
NOTIC: [8] Use of undefined constant aid - assumed 'aid' /www/users/HA531660/WEB/Application/Runtime/Cache/Home/2a94b8bda04ff446dcedd42276fc99ee.php 第 140 行.
NOTIC: [8] Use of undefined constant aid - assumed 'aid' /www/users/HA531660/WEB/Application/Runtime/Cache/Home/2a94b8bda04ff446dcedd42276fc99ee.php 第 140 行.
NOTIC: [8] Use of undefined constant aid - assumed 'aid' /www/users/HA531660/WEB/Application/Runtime/Cache/Home/2a94b8bda04ff446dcedd42276fc99ee.php 第 140 行.
NOTIC: [8] Use of undefined constant aid - assumed 'aid' /www/users/HA531660/WEB/Application/Runtime/Cache/Home/2a94b8bda04ff446dcedd42276fc99ee.php 第 140 行.
NOTIC: [8] Use of undefined constant utf8 - assumed 'utf8' /www/users/HA531660/WEB/Application/Runtime/Cache/Home/2a94b8bda04ff446dcedd42276fc99ee.php 第 169 行.
NOTIC: [8] Use of undefined constant utf8 - assumed 'utf8' /www/users/HA531660/WEB/Application/Runtime/Cache/Home/2a94b8bda04ff446dcedd42276fc99ee.php 第 169 行.
NOTIC: [8] Use of undefined constant utf8 - assumed 'utf8' /www/users/HA531660/WEB/Application/Runtime/Cache/Home/2a94b8bda04ff446dcedd42276fc99ee.php 第 169 行.
NOTIC: [8] Use of undefined constant utf8 - assumed 'utf8' /www/users/HA531660/WEB/Application/Runtime/Cache/Home/2a94b8bda04ff446dcedd42276fc99ee.php 第 169 行.
NOTIC: [8] Use of undefined constant utf8 - assumed 'utf8' /www/users/HA531660/WEB/Application/Runtime/Cache/Home/2a94b8bda04ff446dcedd42276fc99ee.php 第 169 行.
NOTIC: [8] Use of undefined constant utf8 - assumed 'utf8' /www/users/HA531660/WEB/Application/Runtime/Cache/Home/2a94b8bda04ff446dcedd42276fc99ee.php 第 169 行.
NOTIC: [8] Use of undefined constant aid - assumed 'aid' /www/users/HA531660/WEB/Application/Runtime/Cache/Home/2a94b8bda04ff446dcedd42276fc99ee.php 第 236 行.
NOTIC: [8] Use of undefined constant aid - assumed 'aid' /www/users/HA531660/WEB/Application/Runtime/Cache/Home/2a94b8bda04ff446dcedd42276fc99ee.php 第 236 行.
NOTIC: [8] Use of undefined constant aid - assumed 'aid' /www/users/HA531660/WEB/Application/Runtime/Cache/Home/2a94b8bda04ff446dcedd42276fc99ee.php 第 236 行.
NOTIC: [8] Use of undefined constant aid - assumed 'aid' /www/users/HA531660/WEB/Application/Runtime/Cache/Home/2a94b8bda04ff446dcedd42276fc99ee.php 第 236 行.
NOTIC: [8] Use of undefined constant aid - assumed 'aid' /www/users/HA531660/WEB/Application/Runtime/Cache/Home/2a94b8bda04ff446dcedd42276fc99ee.php 第 236 行.
NOTIC: [8] Use of undefined constant aid - assumed 'aid' /www/users/HA531660/WEB/Application/Runtime/Cache/Home/2a94b8bda04ff446dcedd42276fc99ee.php 第 236 行.
NOTIC: [8] Use of undefined constant aid - assumed 'aid' /www/users/HA531660/WEB/Application/Runtime/Cache/Home/2a94b8bda04ff446dcedd42276fc99ee.php 第 236 行.
NOTIC: [8] Use of undefined constant aid - assumed 'aid' /www/users/HA531660/WEB/Application/Runtime/Cache/Home/2a94b8bda04ff446dcedd42276fc99ee.php 第 236 行.
INFO: Run Behavior\ParseTemplateBehavior [ RunTime:0.127917s ]
INFO: [ view_parse ] --END-- [ RunTime:0.128147s ]
INFO: [ view_filter ] --START--
INFO: Run Behavior\WriteHtmlCacheBehavior [ RunTime:0.000644s ]
INFO: [ view_filter ] --END-- [ RunTime:0.000760s ]
INFO: [ app_end ] --START--
INFO: Run Behavior\ShowPageTraceBehavior [ RunTime:0.001288s ]
INFO: [ app_end ] --END-- [ RunTime:0.001502s ]

[ 2018-07-30T11:09:16+08:00 ] 117.144.245.12 /
INFO: [ app_init ] --START--
INFO: Run Behavior\BuildLiteBehavior [ RunTime:0.000041s ]
INFO: [ app_init ] --END-- [ RunTime:0.000792s ]
INFO: [ app_begin ] --START--
INFO: Run Behavior\ReadHtmlCacheBehavior [ RunTime:0.001255s ]
INFO: [ app_begin ] --END-- [ RunTime:0.001393s ]
SQL: SHOW COLUMNS FROM `setting` [ RunTime:0.0238s ]
SQL: SELECT * FROM `setting`  [ RunTime:0.0023s ]
SQL: SELECT * FROM `setting`  [ RunTime:0.0023s ]
SQL: SHOW COLUMNS FROM `article` [ RunTime:0.0247s ]
SQL: SELECT COUNT(*) AS tp_count FROM `article` LIMIT 1   [ RunTime:0.0035s ]
SQL: SELECT * FROM `article` WHERE ( category='旅游1' ) UNION (select * from article where category='时尚'order by aid desc limit 2) UNION (select * from article where category='旅游'order by aid desc limit 2) UNION (select * from article where category='美食'order by aid desc limit 2) UNION (select * from article where category='教育'order by aid desc limit 2) [ RunTime:0.0338s ]
SQL: SELECT * FROM `article` ORDER BY view desc LIMIT 8   [ RunTime:0.0058s ]
SQL: select sum(view) as view,author from article group by author order by view DESC limit 25  [ RunTime:0.0012s ]
INFO: [ view_parse ] --START--
INFO: [ template_filter ] --START--
INFO: Run Behavior\ContentReplaceBehavior [ RunTime:0.000138s ]
INFO: [ template_filter ] --END-- [ RunTime:0.000278s ]
NOTIC: [8] Use of undefined constant aid - assumed 'aid' /www/users/HA531660/WEB/Application/Runtime/Cache/Home/2a94b8bda04ff446dcedd42276fc99ee.php 第 140 行.
NOTIC: [8] Use of undefined constant aid - assumed 'aid' /www/users/HA531660/WEB/Application/Runtime/Cache/Home/2a94b8bda04ff446dcedd42276fc99ee.php 第 140 行.
NOTIC: [8] Use of undefined constant aid - assumed 'aid' /www/users/HA531660/WEB/Application/Runtime/Cache/Home/2a94b8bda04ff446dcedd42276fc99ee.php 第 140 行.
NOTIC: [8] Use of undefined constant aid - assumed 'aid' /www/users/HA531660/WEB/Application/Runtime/Cache/Home/2a94b8bda04ff446dcedd42276fc99ee.php 第 140 行.
NOTIC: [8] Use of undefined constant aid - assumed 'aid' /www/users/HA531660/WEB/Application/Runtime/Cache/Home/2a94b8bda04ff446dcedd42276fc99ee.php 第 140 行.
NOTIC: [8] Use of undefined constant aid - assumed 'aid' /www/users/HA531660/WEB/Application/Runtime/Cache/Home/2a94b8bda04ff446dcedd42276fc99ee.php 第 140 行.
NOTIC: [8] Use of undefined constant aid - assumed 'aid' /www/users/HA531660/WEB/Application/Runtime/Cache/Home/2a94b8bda04ff446dcedd42276fc99ee.php 第 140 行.
NOTIC: [8] Use of undefined constant aid - assumed 'aid' /www/users/HA531660/WEB/Application/Runtime/Cache/Home/2a94b8bda04ff446dcedd42276fc99ee.php 第 140 行.
NOTIC: [8] Use of undefined constant utf8 - assumed 'utf8' /www/users/HA531660/WEB/Application/Runtime/Cache/Home/2a94b8bda04ff446dcedd42276fc99ee.php 第 169 行.
NOTIC: [8] Use of undefined constant utf8 - assumed 'utf8' /www/users/HA531660/WEB/Application/Runtime/Cache/Home/2a94b8bda04ff446dcedd42276fc99ee.php 第 169 行.
NOTIC: [8] Use of undefined constant utf8 - assumed 'utf8' /www/users/HA531660/WEB/Application/Runtime/Cache/Home/2a94b8bda04ff446dcedd42276fc99ee.php 第 169 行.
NOTIC: [8] Use of undefined constant utf8 - assumed 'utf8' /www/users/HA531660/WEB/Application/Runtime/Cache/Home/2a94b8bda04ff446dcedd42276fc99ee.php 第 169 行.
NOTIC: [8] Use of undefined constant utf8 - assumed 'utf8' /www/users/HA531660/WEB/Application/Runtime/Cache/Home/2a94b8bda04ff446dcedd42276fc99ee.php 第 169 行.
NOTIC: [8] Use of undefined constant utf8 - assumed 'utf8' /www/users/HA531660/WEB/Application/Runtime/Cache/Home/2a94b8bda04ff446dcedd42276fc99ee.php 第 169 行.
NOTIC: [8] Use of undefined constant aid - assumed 'aid' /www/users/HA531660/WEB/Application/Runtime/Cache/Home/2a94b8bda04ff446dcedd42276fc99ee.php 第 236 行.
NOTIC: [8] Use of undefined constant aid - assumed 'aid' /www/users/HA531660/WEB/Application/Runtime/Cache/Home/2a94b8bda04ff446dcedd42276fc99ee.php 第 236 行.
NOTIC: [8] Use of undefined constant aid - assumed 'aid' /www/users/HA531660/WEB/Application/Runtime/Cache/Home/2a94b8bda04ff446dcedd42276fc99ee.php 第 236 行.
NOTIC: [8] Use of undefined constant aid - assumed 'aid' /www/users/HA531660/WEB/Application/Runtime/Cache/Home/2a94b8bda04ff446dcedd42276fc99ee.php 第 236 行.
NOTIC: [8] Use of undefined constant aid - assumed 'aid' /www/users/HA531660/WEB/Application/Runtime/Cache/Home/2a94b8bda04ff446dcedd42276fc99ee.php 第 236 行.
NOTIC: [8] Use of undefined constant aid - assumed 'aid' /www/users/HA531660/WEB/Application/Runtime/Cache/Home/2a94b8bda04ff446dcedd42276fc99ee.php 第 236 行.
NOTIC: [8] Use of undefined constant aid - assumed 'aid' /www/users/HA531660/WEB/Application/Runtime/Cache/Home/2a94b8bda04ff446dcedd42276fc99ee.php 第 236 行.
NOTIC: [8] Use of undefined constant aid - assumed 'aid' /www/users/HA531660/WEB/Application/Runtime/Cache/Home/2a94b8bda04ff446dcedd42276fc99ee.php 第 236 行.
INFO: Run Behavior\ParseTemplateBehavior [ RunTime:0.077824s ]
INFO: [ view_parse ] --END-- [ RunTime:0.077973s ]
INFO: [ view_filter ] --START--
INFO: Run Behavior\WriteHtmlCacheBehavior [ RunTime:0.000496s ]
INFO: [ view_filter ] --END-- [ RunTime:0.000623s ]
INFO: [ app_end ] --START--
INFO: Run Behavior\ShowPageTraceBehavior [ RunTime:0.001274s ]
INFO: [ app_end ] --END-- [ RunTime:0.001399s ]

[ 2018-07-30T16:26:45+08:00 ] 106.11.156.222 /Home/Index/food/p/1.html
INFO: [ app_init ] --START--
INFO: Run Behavior\BuildLiteBehavior [ RunTime:0.000049s ]
INFO: [ app_init ] --END-- [ RunTime:0.001112s ]
INFO: [ app_begin ] --START--
INFO: Run Behavior\ReadHtmlCacheBehavior [ RunTime:0.001394s ]
INFO: [ app_begin ] --END-- [ RunTime:0.001539s ]
SQL: SHOW COLUMNS FROM `setting` [ RunTime:0.0406s ]
SQL: SELECT * FROM `setting`  [ RunTime:0.0013s ]
SQL: SELECT * FROM `setting`  [ RunTime:0.0012s ]
SQL: SHOW COLUMNS FROM `article` [ RunTime:0.0377s ]
SQL: SELECT COUNT(*) AS tp_count FROM `article` LIMIT 1   [ RunTime:0.0017s ]
SQL: SELECT * FROM `article` WHERE ( category='美食' ) ORDER BY aid desc LIMIT 0,8   [ RunTime:0.0055s ]
SQL: SELECT * FROM `article` ORDER BY view desc LIMIT 8   [ RunTime:0.0063s ]
SQL: select sum(view) as view,author from article group by author order by view DESC limit 25  [ RunTime:0.0013s ]
INFO: [ view_parse ] --START--
INFO: [ template_filter ] --START--
INFO: Run Behavior\ContentReplaceBehavior [ RunTime:0.000101s ]
INFO: [ template_filter ] --END-- [ RunTime:0.000214s ]
NOTIC: [8] Use of undefined constant aid - assumed 'aid' /www/users/HA531660/WEB/Application/Runtime/Cache/Home/5b25d46fa9f6ae75b76124a39381fcca.php 第 128 行.
NOTIC: [8] Use of undefined constant aid - assumed 'aid' /www/users/HA531660/WEB/Application/Runtime/Cache/Home/5b25d46fa9f6ae75b76124a39381fcca.php 第 128 行.
NOTIC: [8] Use of undefined constant aid - assumed 'aid' /www/users/HA531660/WEB/Application/Runtime/Cache/Home/5b25d46fa9f6ae75b76124a39381fcca.php 第 128 行.
NOTIC: [8] Use of undefined constant aid - assumed 'aid' /www/users/HA531660/WEB/Application/Runtime/Cache/Home/5b25d46fa9f6ae75b76124a39381fcca.php 第 128 行.
NOTIC: [8] Use of undefined constant aid - assumed 'aid' /www/users/HA531660/WEB/Application/Runtime/Cache/Home/5b25d46fa9f6ae75b76124a39381fcca.php 第 128 行.
NOTIC: [8] Use of undefined constant aid - assumed 'aid' /www/users/HA531660/WEB/Application/Runtime/Cache/Home/5b25d46fa9f6ae75b76124a39381fcca.php 第 128 行.
NOTIC: [8] Use of undefined constant aid - assumed 'aid' /www/users/HA531660/WEB/Application/Runtime/Cache/Home/5b25d46fa9f6ae75b76124a39381fcca.php 第 128 行.
NOTIC: [8] Use of undefined constant aid - assumed 'aid' /www/users/HA531660/WEB/Application/Runtime/Cache/Home/5b25d46fa9f6ae75b76124a39381fcca.php 第 128 行.
NOTIC: [8] Use of undefined constant utf8 - assumed 'utf8' /www/users/HA531660/WEB/Application/Runtime/Cache/Home/5b25d46fa9f6ae75b76124a39381fcca.php 第 156 行.
NOTIC: [8] Use of undefined constant utf8 - assumed 'utf8' /www/users/HA531660/WEB/Application/Runtime/Cache/Home/5b25d46fa9f6ae75b76124a39381fcca.php 第 156 行.
NOTIC: [8] Use of undefined constant utf8 - assumed 'utf8' /www/users/HA531660/WEB/Application/Runtime/Cache/Home/5b25d46fa9f6ae75b76124a39381fcca.php 第 156 行.
NOTIC: [8] Use of undefined constant utf8 - assumed 'utf8' /www/users/HA531660/WEB/Application/Runtime/Cache/Home/5b25d46fa9f6ae75b76124a39381fcca.php 第 156 行.
NOTIC: [8] Use of undefined constant utf8 - assumed 'utf8' /www/users/HA531660/WEB/Application/Runtime/Cache/Home/5b25d46fa9f6ae75b76124a39381fcca.php 第 156 行.
NOTIC: [8] Use of undefined constant utf8 - assumed 'utf8' /www/users/HA531660/WEB/Application/Runtime/Cache/Home/5b25d46fa9f6ae75b76124a39381fcca.php 第 156 行.
NOTIC: [8] Use of undefined constant aid - assumed 'aid' /www/users/HA531660/WEB/Application/Runtime/Cache/Home/5b25d46fa9f6ae75b76124a39381fcca.php 第 224 行.
NOTIC: [8] Use of undefined constant aid - assumed 'aid' /www/users/HA531660/WEB/Application/Runtime/Cache/Home/5b25d46fa9f6ae75b76124a39381fcca.php 第 224 行.
NOTIC: [8] Use of undefined constant aid - assumed 'aid' /www/users/HA531660/WEB/Application/Runtime/Cache/Home/5b25d46fa9f6ae75b76124a39381fcca.php 第 224 行.
NOTIC: [8] Use of undefined constant aid - assumed 'aid' /www/users/HA531660/WEB/Application/Runtime/Cache/Home/5b25d46fa9f6ae75b76124a39381fcca.php 第 224 行.
NOTIC: [8] Use of undefined constant aid - assumed 'aid' /www/users/HA531660/WEB/Application/Runtime/Cache/Home/5b25d46fa9f6ae75b76124a39381fcca.php 第 224 行.
NOTIC: [8] Use of undefined constant aid - assumed 'aid' /www/users/HA531660/WEB/Application/Runtime/Cache/Home/5b25d46fa9f6ae75b76124a39381fcca.php 第 224 行.
NOTIC: [8] Use of undefined constant aid - assumed 'aid' /www/users/HA531660/WEB/Application/Runtime/Cache/Home/5b25d46fa9f6ae75b76124a39381fcca.php 第 224 行.
NOTIC: [8] Use of undefined constant aid - assumed 'aid' /www/users/HA531660/WEB/Application/Runtime/Cache/Home/5b25d46fa9f6ae75b76124a39381fcca.php 第 224 行.
INFO: Run Behavior\ParseTemplateBehavior [ RunTime:0.072620s ]
INFO: [ view_parse ] --END-- [ RunTime:0.072766s ]
INFO: [ view_filter ] --START--
INFO: Run Behavior\WriteHtmlCacheBehavior [ RunTime:0.000756s ]
INFO: [ view_filter ] --END-- [ RunTime:0.000884s ]
INFO: [ app_end ] --START--
INFO: Run Behavior\ShowPageTraceBehavior [ RunTime:0.001070s ]
INFO: [ app_end ] --END-- [ RunTime:0.001201s ]

[ 2018-07-30T20:00:11+08:00 ] 106.11.154.209 /index.php/Home/Index/fashion/p/4.html
INFO: [ app_init ] --START--
INFO: Run Behavior\BuildLiteBehavior [ RunTime:0.000028s ]
INFO: [ app_init ] --END-- [ RunTime:0.000572s ]
INFO: [ app_begin ] --START--
INFO: Run Behavior\ReadHtmlCacheBehavior [ RunTime:0.001251s ]
INFO: [ app_begin ] --END-- [ RunTime:0.001382s ]
SQL: SHOW COLUMNS FROM `setting` [ RunTime:0.0227s ]
SQL: SELECT * FROM `setting`  [ RunTime:0.0014s ]
SQL: SELECT * FROM `setting`  [ RunTime:0.0009s ]
SQL: SHOW COLUMNS FROM `article` [ RunTime:0.0275s ]
SQL: SELECT COUNT(*) AS tp_count FROM `article` LIMIT 1   [ RunTime:0.0015s ]
SQL: SELECT * FROM `article` WHERE ( category='时尚' ) ORDER BY aid desc LIMIT 24,8   [ RunTime:0.0015s ]
SQL: SELECT * FROM `article` ORDER BY view desc LIMIT 8   [ RunTime:0.0072s ]
SQL: select sum(view) as view,author from article group by author order by view DESC limit 25  [ RunTime:0.0017s ]
INFO: [ view_parse ] --START--
INFO: [ template_filter ] --START--
INFO: Run Behavior\ContentReplaceBehavior [ RunTime:0.000097s ]
INFO: [ template_filter ] --END-- [ RunTime:0.000196s ]
NOTIC: [8] Use of undefined constant utf8 - assumed 'utf8' /www/users/HA531660/WEB/Application/Runtime/Cache/Home/41affe53c3e1c278d4128c2f9dadba18.php 第 156 行.
NOTIC: [8] Use of undefined constant utf8 - assumed 'utf8' /www/users/HA531660/WEB/Application/Runtime/Cache/Home/41affe53c3e1c278d4128c2f9dadba18.php 第 156 行.
NOTIC: [8] Use of undefined constant utf8 - assumed 'utf8' /www/users/HA531660/WEB/Application/Runtime/Cache/Home/41affe53c3e1c278d4128c2f9dadba18.php 第 156 行.
NOTIC: [8] Use of undefined constant utf8 - assumed 'utf8' /www/users/HA531660/WEB/Application/Runtime/Cache/Home/41affe53c3e1c278d4128c2f9dadba18.php 第 156 行.
NOTIC: [8] Use of undefined constant utf8 - assumed 'utf8' /www/users/HA531660/WEB/Application/Runtime/Cache/Home/41affe53c3e1c278d4128c2f9dadba18.php 第 156 行.
NOTIC: [8] Use of undefined constant utf8 - assumed 'utf8' /www/users/HA531660/WEB/Application/Runtime/Cache/Home/41affe53c3e1c278d4128c2f9dadba18.php 第 156 行.
INFO: Run Behavior\ParseTemplateBehavior [ RunTime:0.029235s ]
INFO: [ view_parse ] --END-- [ RunTime:0.029327s ]
INFO: [ view_filter ] --START--
INFO: Run Behavior\WriteHtmlCacheBehavior [ RunTime:0.000415s ]
INFO: [ view_filter ] --END-- [ RunTime:0.000487s ]
INFO: [ app_end ] --START--
INFO: Run Behavior\ShowPageTraceBehavior [ RunTime:0.000771s ]
INFO: [ app_end ] --END-- [ RunTime:0.000850s ]

[ 2018-07-30T21:27:26+08:00 ] 141.8.142.111 /
INFO: [ app_init ] --START--
INFO: Run Behavior\BuildLiteBehavior [ RunTime:0.000080s ]
INFO: [ app_init ] --END-- [ RunTime:0.000732s ]
INFO: [ app_begin ] --START--
INFO: Run Behavior\ReadHtmlCacheBehavior [ RunTime:0.000768s ]
INFO: [ app_begin ] --END-- [ RunTime:0.000879s ]
SQL: SHOW COLUMNS FROM `setting` [ RunTime:0.0204s ]
SQL: SELECT * FROM `setting`  [ RunTime:0.0012s ]
SQL: SELECT * FROM `setting`  [ RunTime:0.0009s ]
SQL: SHOW COLUMNS FROM `article` [ RunTime:0.0201s ]
SQL: SELECT COUNT(*) AS tp_count FROM `article` LIMIT 1   [ RunTime:0.0012s ]
SQL: SELECT * FROM `article` WHERE ( category='旅游1' ) UNION (select * from article where category='时尚'order by aid desc limit 2) UNION (select * from article where category='旅游'order by aid desc limit 2) UNION (select * from article where category='美食'order by aid desc limit 2) UNION (select * from article where category='教育'order by aid desc limit 2) [ RunTime:0.0262s ]
SQL: SELECT * FROM `article` ORDER BY view desc LIMIT 8   [ RunTime:0.0112s ]
SQL: select sum(view) as view,author from article group by author order by view DESC limit 25  [ RunTime:0.0012s ]
INFO: [ view_parse ] --START--
INFO: [ template_filter ] --START--
INFO: Run Behavior\ContentReplaceBehavior [ RunTime:0.000089s ]
INFO: [ template_filter ] --END-- [ RunTime:0.000190s ]
NOTIC: [8] Use of undefined constant aid - assumed 'aid' /www/users/HA531660/WEB/Application/Runtime/Cache/Home/2a94b8bda04ff446dcedd42276fc99ee.php 第 140 行.
NOTIC: [8] Use of undefined constant aid - assumed 'aid' /www/users/HA531660/WEB/Application/Runtime/Cache/Home/2a94b8bda04ff446dcedd42276fc99ee.php 第 140 行.
NOTIC: [8] Use of undefined constant aid - assumed 'aid' /www/users/HA531660/WEB/Application/Runtime/Cache/Home/2a94b8bda04ff446dcedd42276fc99ee.php 第 140 行.
NOTIC: [8] Use of undefined constant aid - assumed 'aid' /www/users/HA531660/WEB/Application/Runtime/Cache/Home/2a94b8bda04ff446dcedd42276fc99ee.php 第 140 行.
NOTIC: [8] Use of undefined constant aid - assumed 'aid' /www/users/HA531660/WEB/Application/Runtime/Cache/Home/2a94b8bda04ff446dcedd42276fc99ee.php 第 140 行.
NOTIC: [8] Use of undefined constant aid - assumed 'aid' /www/users/HA531660/WEB/Application/Runtime/Cache/Home/2a94b8bda04ff446dcedd42276fc99ee.php 第 140 行.
NOTIC: [8] Use of undefined constant aid - assumed 'aid' /www/users/HA531660/WEB/Application/Runtime/Cache/Home/2a94b8bda04ff446dcedd42276fc99ee.php 第 140 行.
NOTIC: [8] Use of undefined constant aid - assumed 'aid' /www/users/HA531660/WEB/Application/Runtime/Cache/Home/2a94b8bda04ff446dcedd42276fc99ee.php 第 140 行.
NOTIC: [8] Use of undefined constant utf8 - assumed 'utf8' /www/users/HA531660/WEB/Application/Runtime/Cache/Home/2a94b8bda04ff446dcedd42276fc99ee.php 第 169 行.
NOTIC: [8] Use of undefined constant utf8 - assumed 'utf8' /www/users/HA531660/WEB/Application/Runtime/Cache/Home/2a94b8bda04ff446dcedd42276fc99ee.php 第 169 行.
NOTIC: [8] Use of undefined constant utf8 - assumed 'utf8' /www/users/HA531660/WEB/Application/Runtime/Cache/Home/2a94b8bda04ff446dcedd42276fc99ee.php 第 169 行.
NOTIC: [8] Use of undefined constant utf8 - assumed 'utf8' /www/users/HA531660/WEB/Application/Runtime/Cache/Home/2a94b8bda04ff446dcedd42276fc99ee.php 第 169 行.
NOTIC: [8] Use of undefined constant utf8 - assumed 'utf8' /www/users/HA531660/WEB/Application/Runtime/Cache/Home/2a94b8bda04ff446dcedd42276fc99ee.php 第 169 行.
NOTIC: [8] Use of undefined constant utf8 - assumed 'utf8' /www/users/HA531660/WEB/Application/Runtime/Cache/Home/2a94b8bda04ff446dcedd42276fc99ee.php 第 169 行.
NOTIC: [8] Use of undefined constant aid - assumed 'aid' /www/users/HA531660/WEB/Application/Runtime/Cache/Home/2a94b8bda04ff446dcedd42276fc99ee.php 第 236 行.
NOTIC: [8] Use of undefined constant aid - assumed 'aid' /www/users/HA531660/WEB/Application/Runtime/Cache/Home/2a94b8bda04ff446dcedd42276fc99ee.php 第 236 行.
NOTIC: [8] Use of undefined constant aid - assumed 'aid' /www/users/HA531660/WEB/Application/Runtime/Cache/Home/2a94b8bda04ff446dcedd42276fc99ee.php 第 236 行.
NOTIC: [8] Use of undefined constant aid - assumed 'aid' /www/users/HA531660/WEB/Application/Runtime/Cache/Home/2a94b8bda04ff446dcedd42276fc99ee.php 第 236 行.
NOTIC: [8] Use of undefined constant aid - assumed 'aid' /www/users/HA531660/WEB/Application/Runtime/Cache/Home/2a94b8bda04ff446dcedd42276fc99ee.php 第 236 行.
NOTIC: [8] Use of undefined constant aid - assumed 'aid' /www/users/HA531660/WEB/Application/Runtime/Cache/Home/2a94b8bda04ff446dcedd42276fc99ee.php 第 236 行.
NOTIC: [8] Use of undefined constant aid - assumed 'aid' /www/users/HA531660/WEB/Application/Runtime/Cache/Home/2a94b8bda04ff446dcedd42276fc99ee.php 第 236 行.
NOTIC: [8] Use of undefined constant aid - assumed 'aid' /www/users/HA531660/WEB/Application/Runtime/Cache/Home/2a94b8bda04ff446dcedd42276fc99ee.php 第 236 行.
INFO: Run Behavior\ParseTemplateBehavior [ RunTime:0.068639s ]
INFO: [ view_parse ] --END-- [ RunTime:0.068764s ]
INFO: [ view_filter ] --START--
INFO: Run Behavior\WriteHtmlCacheBehavior [ RunTime:0.000460s ]
INFO: [ view_filter ] --END-- [ RunTime:0.000534s ]
INFO: [ app_end ] --START--
INFO: Run Behavior\ShowPageTraceBehavior [ RunTime:0.000819s ]
INFO: [ app_end ] --END-- [ RunTime:0.000901s ]

[ 2018-07-30T22:07:45+08:00 ] 106.11.154.209 /Home/Index/fashion/p/5.html
INFO: [ app_init ] --START--
INFO: Run Behavior\BuildLiteBehavior [ RunTime:0.000038s ]
INFO: [ app_init ] --END-- [ RunTime:0.000914s ]
INFO: [ app_begin ] --START--
INFO: Run Behavior\ReadHtmlCacheBehavior [ RunTime:0.000894s ]
INFO: [ app_begin ] --END-- [ RunTime:0.001005s ]
SQL: SHOW COLUMNS FROM `setting` [ RunTime:0.0216s ]
SQL: SELECT * FROM `setting`  [ RunTime:0.0012s ]
SQL: SELECT * FROM `setting`  [ RunTime:0.0011s ]
SQL: SHOW COLUMNS FROM `article` [ RunTime:0.0213s ]
SQL: SELECT COUNT(*) AS tp_count FROM `article` LIMIT 1   [ RunTime:0.0011s ]
SQL: SELECT * FROM `article` WHERE ( category='时尚' ) ORDER BY aid desc LIMIT 32,8   [ RunTime:0.0013s ]
SQL: SELECT * FROM `article` ORDER BY view desc LIMIT 8   [ RunTime:0.0068s ]
SQL: select sum(view) as view,author from article group by author order by view DESC limit 25  [ RunTime:0.0011s ]
INFO: [ view_parse ] --START--
INFO: [ template_filter ] --START--
INFO: Run Behavior\ContentReplaceBehavior [ RunTime:0.000101s ]
INFO: [ template_filter ] --END-- [ RunTime:0.000210s ]
NOTIC: [8] Use of undefined constant utf8 - assumed 'utf8' /www/users/HA531660/WEB/Application/Runtime/Cache/Home/41affe53c3e1c278d4128c2f9dadba18.php 第 156 行.
NOTIC: [8] Use of undefined constant utf8 - assumed 'utf8' /www/users/HA531660/WEB/Application/Runtime/Cache/Home/41affe53c3e1c278d4128c2f9dadba18.php 第 156 行.
NOTIC: [8] Use of undefined constant utf8 - assumed 'utf8' /www/users/HA531660/WEB/Application/Runtime/Cache/Home/41affe53c3e1c278d4128c2f9dadba18.php 第 156 行.
NOTIC: [8] Use of undefined constant utf8 - assumed 'utf8' /www/users/HA531660/WEB/Application/Runtime/Cache/Home/41affe53c3e1c278d4128c2f9dadba18.php 第 156 行.
NOTIC: [8] Use of undefined constant utf8 - assumed 'utf8' /www/users/HA531660/WEB/Application/Runtime/Cache/Home/41affe53c3e1c278d4128c2f9dadba18.php 第 156 行.
NOTIC: [8] Use of undefined constant utf8 - assumed 'utf8' /www/users/HA531660/WEB/Application/Runtime/Cache/Home/41affe53c3e1c278d4128c2f9dadba18.php 第 156 行.
INFO: Run Behavior\ParseTemplateBehavior [ RunTime:0.035571s ]
INFO: [ view_parse ] --END-- [ RunTime:0.035664s ]
INFO: [ view_filter ] --START--
INFO: Run Behavior\WriteHtmlCacheBehavior [ RunTime:0.000380s ]
INFO: [ view_filter ] --END-- [ RunTime:0.000453s ]
INFO: [ app_end ] --START--
INFO: Run Behavior\ShowPageTraceBehavior [ RunTime:0.000923s ]
INFO: [ app_end ] --END-- [ RunTime:0.001035s ]

[ 2018-07-30T22:42:50+08:00 ] 207.46.13.64 /index.php/Home/Index/read?aid=24
INFO: [ app_init ] --START--
INFO: Run Behavior\BuildLiteBehavior [ RunTime:0.000043s ]
INFO: [ app_init ] --END-- [ RunTime:0.000687s ]
INFO: [ app_begin ] --START--
INFO: Run Behavior\ReadHtmlCacheBehavior [ RunTime:0.000783s ]
INFO: [ app_begin ] --END-- [ RunTime:0.000881s ]
SQL: SHOW COLUMNS FROM `setting` [ RunTime:0.0245s ]
SQL: SELECT * FROM `setting`  [ RunTime:0.0028s ]
SQL: SHOW COLUMNS FROM `article` [ RunTime:0.0246s ]
SQL: SELECT * FROM `article` WHERE `aid` = 24 LIMIT 1   [ RunTime:0.0029s ]
SQL: UPDATE `article` SET `view`=view+1 WHERE `aid` = 24 [ RunTime:0.0033s ]
NOTIC: [2] preg_match_all() expects parameter 2 to be string, array given /www/users/HA531660/WEB/Application/Common/Common/function.php 第 4 行.
NOTIC: [8] Undefined offset: 0 /www/users/HA531660/WEB/Application/Common/Common/function.php 第 7 行.
INFO: [ view_parse ] --START--
INFO: [ template_filter ] --START--
INFO: Run Behavior\ContentReplaceBehavior [ RunTime:0.000062s ]
INFO: [ template_filter ] --END-- [ RunTime:0.000194s ]
INFO: Run Behavior\ParseTemplateBehavior [ RunTime:0.066025s ]
INFO: [ view_parse ] --END-- [ RunTime:0.066168s ]
INFO: [ view_filter ] --START--
INFO: Run Behavior\WriteHtmlCacheBehavior [ RunTime:0.000475s ]
INFO: [ view_filter ] --END-- [ RunTime:0.000558s ]
INFO: [ app_end ] --START--
INFO: Run Behavior\ShowPageTraceBehavior [ RunTime:0.000790s ]
INFO: [ app_end ] --END-- [ RunTime:0.000891s ]

[ 2018-07-30T22:42:51+08:00 ] 207.46.13.64 /index.php/Home/Index/read?aid=11
INFO: [ app_init ] --START--
INFO: Run Behavior\BuildLiteBehavior [ RunTime:0.000054s ]
INFO: [ app_init ] --END-- [ RunTime:0.000970s ]
INFO: [ app_begin ] --START--
INFO: Run Behavior\ReadHtmlCacheBehavior [ RunTime:0.001251s ]
INFO: [ app_begin ] --END-- [ RunTime:0.001406s ]
SQL: SHOW COLUMNS FROM `setting` [ RunTime:0.0241s ]
SQL: SELECT * FROM `setting`  [ RunTime:0.0039s ]
SQL: SHOW COLUMNS FROM `article` [ RunTime:0.0246s ]
SQL: SELECT * FROM `article` WHERE `aid` = 11 LIMIT 1   [ RunTime:0.0042s ]
SQL: UPDATE `article` SET `view`=view+1 WHERE `aid` = 11 [ RunTime:0.0048s ]
NOTIC: [2] preg_match_all() expects parameter 2 to be string, array given /www/users/HA531660/WEB/Application/Common/Common/function.php 第 4 行.
NOTIC: [8] Undefined offset: 0 /www/users/HA531660/WEB/Application/Common/Common/function.php 第 7 行.
INFO: [ view_parse ] --START--
INFO: [ template_filter ] --START--
INFO: Run Behavior\ContentReplaceBehavior [ RunTime:0.000086s ]
INFO: [ template_filter ] --END-- [ RunTime:0.000247s ]
INFO: Run Behavior\ParseTemplateBehavior [ RunTime:0.032889s ]
INFO: [ view_parse ] --END-- [ RunTime:0.033089s ]
INFO: [ view_filter ] --START--
INFO: Run Behavior\WriteHtmlCacheBehavior [ RunTime:0.000606s ]
INFO: [ view_filter ] --END-- [ RunTime:0.000736s ]
INFO: [ app_end ] --START--
INFO: Run Behavior\ShowPageTraceBehavior [ RunTime:0.001233s ]
INFO: [ app_end ] --END-- [ RunTime:0.001383s ]

[ 2018-07-30T22:42:54+08:00 ] 40.77.167.201 /index.php/Home/Index/read?aid=21
INFO: [ app_init ] --START--
INFO: Run Behavior\BuildLiteBehavior [ RunTime:0.000032s ]
INFO: [ app_init ] --END-- [ RunTime:0.000621s ]
INFO: [ app_begin ] --START--
INFO: Run Behavior\ReadHtmlCacheBehavior [ RunTime:0.001051s ]
INFO: [ app_begin ] --END-- [ RunTime:0.001182s ]
SQL: SHOW COLUMNS FROM `setting` [ RunTime:0.0271s ]
SQL: SELECT * FROM `setting`  [ RunTime:0.0040s ]
SQL: SHOW COLUMNS FROM `article` [ RunTime:0.0237s ]
SQL: SELECT * FROM `article` WHERE `aid` = 21 LIMIT 1   [ RunTime:0.0020s ]
SQL: UPDATE `article` SET `view`=view+1 WHERE `aid` = 21 [ RunTime:0.0023s ]
NOTIC: [2] preg_match_all() expects parameter 2 to be string, array given /www/users/HA531660/WEB/Application/Common/Common/function.php 第 4 行.
NOTIC: [8] Undefined offset: 0 /www/users/HA531660/WEB/Application/Common/Common/function.php 第 7 行.
INFO: [ view_parse ] --START--
INFO: [ template_filter ] --START--
INFO: Run Behavior\ContentReplaceBehavior [ RunTime:0.000098s ]
INFO: [ template_filter ] --END-- [ RunTime:0.000278s ]
INFO: Run Behavior\ParseTemplateBehavior [ RunTime:0.022737s ]
INFO: [ view_parse ] --END-- [ RunTime:0.022917s ]
INFO: [ view_filter ] --START--
INFO: Run Behavior\WriteHtmlCacheBehavior [ RunTime:0.000664s ]
INFO: [ view_filter ] --END-- [ RunTime:0.000798s ]
INFO: [ app_end ] --START--
INFO: Run Behavior\ShowPageTraceBehavior [ RunTime:0.001211s ]
INFO: [ app_end ] --END-- [ RunTime:0.001364s ]

[ 2018-07-30T22:42:55+08:00 ] 40.77.167.201 /index.php/Home/Index/education
INFO: [ app_init ] --START--
INFO: Run Behavior\BuildLiteBehavior [ RunTime:0.000054s ]
INFO: [ app_init ] --END-- [ RunTime:0.001020s ]
INFO: [ app_begin ] --START--
INFO: Run Behavior\ReadHtmlCacheBehavior [ RunTime:0.001207s ]
INFO: [ app_begin ] --END-- [ RunTime:0.001347s ]
SQL: SHOW COLUMNS FROM `setting` [ RunTime:0.0223s ]
SQL: SELECT * FROM `setting`  [ RunTime:0.0010s ]
SQL: SELECT * FROM `setting`  [ RunTime:0.0009s ]
SQL: SHOW COLUMNS FROM `article` [ RunTime:0.0245s ]
SQL: SELECT COUNT(*) AS tp_count FROM `article` LIMIT 1   [ RunTime:0.0011s ]
SQL: SELECT * FROM `article` WHERE ( category='教育' ) ORDER BY aid desc LIMIT 0,8   [ RunTime:0.0141s ]
SQL: SELECT * FROM `article` ORDER BY view desc LIMIT 8   [ RunTime:0.0076s ]
SQL: select sum(view) as view,author from article group by author order by view DESC limit 25  [ RunTime:0.0011s ]
INFO: [ view_parse ] --START--
INFO: [ template_filter ] --START--
INFO: Run Behavior\ContentReplaceBehavior [ RunTime:0.000181s ]
INFO: [ template_filter ] --END-- [ RunTime:0.000359s ]
NOTIC: [8] Use of undefined constant aid - assumed 'aid' /www/users/HA531660/WEB/Application/Runtime/Cache/Home/28af3cbf496e6769a54c4cf4bfe418ea.php 第 137 行.
NOTIC: [8] Use of undefined constant aid - assumed 'aid' /www/users/HA531660/WEB/Application/Runtime/Cache/Home/28af3cbf496e6769a54c4cf4bfe418ea.php 第 137 行.
NOTIC: [8] Use of undefined constant aid - assumed 'aid' /www/users/HA531660/WEB/Application/Runtime/Cache/Home/28af3cbf496e6769a54c4cf4bfe418ea.php 第 137 行.
NOTIC: [8] Use of undefined constant aid - assumed 'aid' /www/users/HA531660/WEB/Application/Runtime/Cache/Home/28af3cbf496e6769a54c4cf4bfe418ea.php 第 137 行.
NOTIC: [8] Use of undefined constant aid - assumed 'aid' /www/users/HA531660/WEB/Application/Runtime/Cache/Home/28af3cbf496e6769a54c4cf4bfe418ea.php 第 137 行.
NOTIC: [8] Use of undefined constant aid - assumed 'aid' /www/users/HA531660/WEB/Application/Runtime/Cache/Home/28af3cbf496e6769a54c4cf4bfe418ea.php 第 137 行.
NOTIC: [8] Use of undefined constant aid - assumed 'aid' /www/users/HA531660/WEB/Application/Runtime/Cache/Home/28af3cbf496e6769a54c4cf4bfe418ea.php 第 137 行.
NOTIC: [8] Use of undefined constant aid - assumed 'aid' /www/users/HA531660/WEB/Application/Runtime/Cache/Home/28af3cbf496e6769a54c4cf4bfe418ea.php 第 137 行.
NOTIC: [8] Use of undefined constant utf8 - assumed 'utf8' /www/users/HA531660/WEB/Application/Runtime/Cache/Home/28af3cbf496e6769a54c4cf4bfe418ea.php 第 165 行.
NOTIC: [8] Use of undefined constant utf8 - assumed 'utf8' /www/users/HA531660/WEB/Application/Runtime/Cache/Home/28af3cbf496e6769a54c4cf4bfe418ea.php 第 165 行.
NOTIC: [8] Use of undefined constant utf8 - assumed 'utf8' /www/users/HA531660/WEB/Application/Runtime/Cache/Home/28af3cbf496e6769a54c4cf4bfe418ea.php 第 165 行.
NOTIC: [8] Use of undefined constant utf8 - assumed 'utf8' /www/users/HA531660/WEB/Application/Runtime/Cache/Home/28af3cbf496e6769a54c4cf4bfe418ea.php 第 165 行.
NOTIC: [8] Use of undefined constant utf8 - assumed 'utf8' /www/users/HA531660/WEB/Application/Runtime/Cache/Home/28af3cbf496e6769a54c4cf4bfe418ea.php 第 165 行.
NOTIC: [8] Use of undefined constant utf8 - assumed 'utf8' /www/users/HA531660/WEB/Application/Runtime/Cache/Home/28af3cbf496e6769a54c4cf4bfe418ea.php 第 165 行.
NOTIC: [8] Use of undefined constant aid - assumed 'aid' /www/users/HA531660/WEB/Application/Runtime/Cache/Home/28af3cbf496e6769a54c4cf4bfe418ea.php 第 233 行.
NOTIC: [8] Use of undefined constant aid - assumed 'aid' /www/users/HA531660/WEB/Application/Runtime/Cache/Home/28af3cbf496e6769a54c4cf4bfe418ea.php 第 233 行.
NOTIC: [8] Use of undefined constant aid - assumed 'aid' /www/users/HA531660/WEB/Application/Runtime/Cache/Home/28af3cbf496e6769a54c4cf4bfe418ea.php 第 233 行.
NOTIC: [8] Use of undefined constant aid - assumed 'aid' /www/users/HA531660/WEB/Application/Runtime/Cache/Home/28af3cbf496e6769a54c4cf4bfe418ea.php 第 233 行.
NOTIC: [8] Use of undefined constant aid - assumed 'aid' /www/users/HA531660/WEB/Application/Runtime/Cache/Home/28af3cbf496e6769a54c4cf4bfe418ea.php 第 233 行.
NOTIC: [8] Use of undefined constant aid - assumed 'aid' /www/users/HA531660/WEB/Application/Runtime/Cache/Home/28af3cbf496e6769a54c4cf4bfe418ea.php 第 233 行.
NOTIC: [8] Use of undefined constant aid - assumed 'aid' /www/users/HA531660/WEB/Application/Runtime/Cache/Home/28af3cbf496e6769a54c4cf4bfe418ea.php 第 233 行.
NOTIC: [8] Use of undefined constant aid - assumed 'aid' /www/users/HA531660/WEB/Application/Runtime/Cache/Home/28af3cbf496e6769a54c4cf4bfe418ea.php 第 233 行.
INFO: Run Behavior\ParseTemplateBehavior [ RunTime:0.498608s ]
INFO: [ view_parse ] --END-- [ RunTime:0.498797s ]
INFO: [ view_filter ] --START--
INFO: Run Behavior\WriteHtmlCacheBehavior [ RunTime:0.000586s ]
INFO: [ view_filter ] --END-- [ RunTime:0.000663s ]
INFO: [ app_end ] --START--
INFO: Run Behavior\ShowPageTraceBehavior [ RunTime:0.000778s ]
INFO: [ app_end ] --END-- [ RunTime:0.000912s ]

[ 2018-07-30T22:43:00+08:00 ] 40.77.167.200 /index.php/Home/Index/read?aid=29
INFO: [ app_init ] --START--
INFO: Run Behavior\BuildLiteBehavior [ RunTime:0.000031s ]
INFO: [ app_init ] --END-- [ RunTime:0.000657s ]
INFO: [ app_begin ] --START--
INFO: Run Behavior\ReadHtmlCacheBehavior [ RunTime:0.000742s ]
INFO: [ app_begin ] --END-- [ RunTime:0.000853s ]
SQL: SHOW COLUMNS FROM `setting` [ RunTime:0.0247s ]
SQL: SELECT * FROM `setting`  [ RunTime:0.0024s ]
SQL: SHOW COLUMNS FROM `article` [ RunTime:0.0232s ]
SQL: SELECT * FROM `article` WHERE `aid` = 29 LIMIT 1   [ RunTime:0.0017s ]
SQL: UPDATE `article` SET `view`=view+1 WHERE `aid` = 29 [ RunTime:0.0018s ]
NOTIC: [2] preg_match_all() expects parameter 2 to be string, array given /www/users/HA531660/WEB/Application/Common/Common/function.php 第 4 行.
NOTIC: [8] Undefined offset: 0 /www/users/HA531660/WEB/Application/Common/Common/function.php 第 7 行.
INFO: [ view_parse ] --START--
INFO: [ template_filter ] --START--
INFO: Run Behavior\ContentReplaceBehavior [ RunTime:0.000061s ]
INFO: [ template_filter ] --END-- [ RunTime:0.000157s ]
INFO: Run Behavior\ParseTemplateBehavior [ RunTime:0.011488s ]
INFO: [ view_parse ] --END-- [ RunTime:0.011592s ]
INFO: [ view_filter ] --START--
INFO: Run Behavior\WriteHtmlCacheBehavior [ RunTime:0.000430s ]
INFO: [ view_filter ] --END-- [ RunTime:0.000511s ]
INFO: [ app_end ] --START--
INFO: Run Behavior\ShowPageTraceBehavior [ RunTime:0.000929s ]
INFO: [ app_end ] --END-- [ RunTime:0.001033s ]

[ 2018-07-30T22:43:00+08:00 ] 40.77.167.200 /index.php/Home/Index/read?aid=25
INFO: [ app_init ] --START--
INFO: Run Behavior\BuildLiteBehavior [ RunTime:0.000032s ]
INFO: [ app_init ] --END-- [ RunTime:0.000681s ]
INFO: [ app_begin ] --START--
INFO: Run Behavior\ReadHtmlCacheBehavior [ RunTime:0.000812s ]
INFO: [ app_begin ] --END-- [ RunTime:0.000920s ]
SQL: SHOW COLUMNS FROM `setting` [ RunTime:0.0225s ]
SQL: SELECT * FROM `setting`  [ RunTime:0.0026s ]
SQL: SHOW COLUMNS FROM `article` [ RunTime:0.0240s ]
SQL: SELECT * FROM `article` WHERE `aid` = 25 LIMIT 1   [ RunTime:0.0022s ]
SQL: UPDATE `article` SET `view`=view+1 WHERE `aid` = 25 [ RunTime:0.0031s ]
NOTIC: [2] preg_match_all() expects parameter 2 to be string, array given /www/users/HA531660/WEB/Application/Common/Common/function.php 第 4 行.
NOTIC: [8] Undefined offset: 0 /www/users/HA531660/WEB/Application/Common/Common/function.php 第 7 行.
INFO: [ view_parse ] --START--
INFO: [ template_filter ] --START--
INFO: Run Behavior\ContentReplaceBehavior [ RunTime:0.000087s ]
INFO: [ template_filter ] --END-- [ RunTime:0.000225s ]
INFO: Run Behavior\ParseTemplateBehavior [ RunTime:0.012929s ]
INFO: [ view_parse ] --END-- [ RunTime:0.013085s ]
INFO: [ view_filter ] --START--
INFO: Run Behavior\WriteHtmlCacheBehavior [ RunTime:0.000575s ]
INFO: [ view_filter ] --END-- [ RunTime:0.000769s ]
INFO: [ app_end ] --START--
INFO: Run Behavior\ShowPageTraceBehavior [ RunTime:0.001091s ]
INFO: [ app_end ] --END-- [ RunTime:0.001229s ]

[ 2018-07-30T22:43:01+08:00 ] 40.77.167.200 /index.php/Home/Index/read?aid=22
INFO: [ app_init ] --START--
INFO: Run Behavior\BuildLiteBehavior [ RunTime:0.000033s ]
INFO: [ app_init ] --END-- [ RunTime:0.000615s ]
INFO: [ app_begin ] --START--
INFO: Run Behavior\ReadHtmlCacheBehavior [ RunTime:0.000744s ]
INFO: [ app_begin ] --END-- [ RunTime:0.000843s ]
SQL: SHOW COLUMNS FROM `setting` [ RunTime:0.0252s ]
SQL: SELECT * FROM `setting`  [ RunTime:0.0030s ]
SQL: SHOW COLUMNS FROM `article` [ RunTime:0.0249s ]
SQL: SELECT * FROM `article` WHERE `aid` = 22 LIMIT 1   [ RunTime:0.0023s ]
SQL: UPDATE `article` SET `view`=view+1 WHERE `aid` = 22 [ RunTime:0.0022s ]
NOTIC: [2] preg_match_all() expects parameter 2 to be string, array given /www/users/HA531660/WEB/Application/Common/Common/function.php 第 4 行.
NOTIC: [8] Undefined offset: 0 /www/users/HA531660/WEB/Application/Common/Common/function.php 第 7 行.
INFO: [ view_parse ] --START--
INFO: [ template_filter ] --START--
INFO: Run Behavior\ContentReplaceBehavior [ RunTime:0.000099s ]
INFO: [ template_filter ] --END-- [ RunTime:0.000350s ]
INFO: Run Behavior\ParseTemplateBehavior [ RunTime:0.018849s ]
INFO: [ view_parse ] --END-- [ RunTime:0.018960s ]
INFO: [ view_filter ] --START--
INFO: Run Behavior\WriteHtmlCacheBehavior [ RunTime:0.000434s ]
INFO: [ view_filter ] --END-- [ RunTime:0.000515s ]
INFO: [ app_end ] --START--
INFO: Run Behavior\ShowPageTraceBehavior [ RunTime:0.000706s ]
INFO: [ app_end ] --END-- [ RunTime:0.000819s ]

[ 2018-07-30T22:43:01+08:00 ] 40.77.167.200 /index.php/Home/Index/read?aid=10
INFO: [ app_init ] --START--
INFO: Run Behavior\BuildLiteBehavior [ RunTime:0.000038s ]
INFO: [ app_init ] --END-- [ RunTime:0.000761s ]
INFO: [ app_begin ] --START--
INFO: Run Behavior\ReadHtmlCacheBehavior [ RunTime:0.000952s ]
INFO: [ app_begin ] --END-- [ RunTime:0.001085s ]
SQL: SHOW COLUMNS FROM `setting` [ RunTime:0.0223s ]
SQL: SELECT * FROM `setting`  [ RunTime:0.0057s ]
SQL: SHOW COLUMNS FROM `article` [ RunTime:0.0254s ]
SQL: SELECT * FROM `article` WHERE `aid` = 10 LIMIT 1   [ RunTime:0.0069s ]
SQL: UPDATE `article` SET `view`=view+1 WHERE `aid` = 10 [ RunTime:0.0031s ]
NOTIC: [2] preg_match_all() expects parameter 2 to be string, array given /www/users/HA531660/WEB/Application/Common/Common/function.php 第 4 行.
NOTIC: [8] Undefined offset: 0 /www/users/HA531660/WEB/Application/Common/Common/function.php 第 7 行.
INFO: [ view_parse ] --START--
INFO: [ template_filter ] --START--
INFO: Run Behavior\ContentReplaceBehavior [ RunTime:0.000062s ]
INFO: [ template_filter ] --END-- [ RunTime:0.000161s ]
INFO: Run Behavior\ParseTemplateBehavior [ RunTime:0.031696s ]
INFO: [ view_parse ] --END-- [ RunTime:0.031954s ]
INFO: [ view_filter ] --START--
INFO: Run Behavior\WriteHtmlCacheBehavior [ RunTime:0.000639s ]
INFO: [ view_filter ] --END-- [ RunTime:0.000758s ]
INFO: [ app_end ] --START--
INFO: Run Behavior\ShowPageTraceBehavior [ RunTime:0.000863s ]
INFO: [ app_end ] --END-- [ RunTime:0.000974s ]

[ 2018-07-30T22:43:02+08:00 ] 40.77.167.200 /index.php/Home/Index/travel
INFO: [ app_init ] --START--
INFO: Run Behavior\BuildLiteBehavior [ RunTime:0.000033s ]
INFO: [ app_init ] --END-- [ RunTime:0.000851s ]
INFO: [ app_begin ] --START--
INFO: Run Behavior\ReadHtmlCacheBehavior [ RunTime:0.000696s ]
INFO: [ app_begin ] --END-- [ RunTime:0.000813s ]
SQL: SHOW COLUMNS FROM `setting` [ RunTime:0.0266s ]
SQL: SELECT * FROM `setting`  [ RunTime:0.0028s ]
SQL: SELECT * FROM `setting`  [ RunTime:0.0020s ]
SQL: SHOW COLUMNS FROM `article` [ RunTime:0.0283s ]
SQL: SELECT COUNT(*) AS tp_count FROM `article` LIMIT 1   [ RunTime:0.0014s ]
SQL: SELECT * FROM `article` WHERE ( category='旅游' ) ORDER BY aid desc LIMIT 0,8   [ RunTime:0.0116s ]
SQL: SELECT * FROM `article` ORDER BY view desc LIMIT 8   [ RunTime:0.0072s ]
SQL: select sum(view) as view,author from article group by author order by view DESC limit 25  [ RunTime:0.0015s ]
INFO: [ view_parse ] --START--
INFO: [ template_filter ] --START--
INFO: Run Behavior\ContentReplaceBehavior [ RunTime:0.000088s ]
INFO: [ template_filter ] --END-- [ RunTime:0.000184s ]
NOTIC: [8] Use of undefined constant aid - assumed 'aid' /www/users/HA531660/WEB/Application/Runtime/Cache/Home/41a548773d3d1c42969ab1f70b874ace.php 第 127 行.
NOTIC: [8] Use of undefined constant aid - assumed 'aid' /www/users/HA531660/WEB/Application/Runtime/Cache/Home/41a548773d3d1c42969ab1f70b874ace.php 第 127 行.
NOTIC: [8] Use of undefined constant aid - assumed 'aid' /www/users/HA531660/WEB/Application/Runtime/Cache/Home/41a548773d3d1c42969ab1f70b874ace.php 第 127 行.
NOTIC: [8] Use of undefined constant aid - assumed 'aid' /www/users/HA531660/WEB/Application/Runtime/Cache/Home/41a548773d3d1c42969ab1f70b874ace.php 第 127 行.
NOTIC: [8] Use of undefined constant aid - assumed 'aid' /www/users/HA531660/WEB/Application/Runtime/Cache/Home/41a548773d3d1c42969ab1f70b874ace.php 第 127 行.
NOTIC: [8] Use of undefined constant aid - assumed 'aid' /www/users/HA531660/WEB/Application/Runtime/Cache/Home/41a548773d3d1c42969ab1f70b874ace.php 第 127 行.
NOTIC: [8] Use of undefined constant aid - assumed 'aid' /www/users/HA531660/WEB/Application/Runtime/Cache/Home/41a548773d3d1c42969ab1f70b874ace.php 第 127 行.
NOTIC: [8] Use of undefined constant aid - assumed 'aid' /www/users/HA531660/WEB/Application/Runtime/Cache/Home/41a548773d3d1c42969ab1f70b874ace.php 第 127 行.
NOTIC: [8] Use of undefined constant utf8 - assumed 'utf8' /www/users/HA531660/WEB/Application/Runtime/Cache/Home/41a548773d3d1c42969ab1f70b874ace.php 第 157 行.
NOTIC: [8] Use of undefined constant utf8 - assumed 'utf8' /www/users/HA531660/WEB/Application/Runtime/Cache/Home/41a548773d3d1c42969ab1f70b874ace.php 第 157 行.
NOTIC: [8] Use of undefined constant utf8 - assumed 'utf8' /www/users/HA531660/WEB/Application/Runtime/Cache/Home/41a548773d3d1c42969ab1f70b874ace.php 第 157 行.
NOTIC: [8] Use of undefined constant utf8 - assumed 'utf8' /www/users/HA531660/WEB/Application/Runtime/Cache/Home/41a548773d3d1c42969ab1f70b874ace.php 第 157 行.
NOTIC: [8] Use of undefined constant utf8 - assumed 'utf8' /www/users/HA531660/WEB/Application/Runtime/Cache/Home/41a548773d3d1c42969ab1f70b874ace.php 第 157 行.
NOTIC: [8] Use of undefined constant utf8 - assumed 'utf8' /www/users/HA531660/WEB/Application/Runtime/Cache/Home/41a548773d3d1c42969ab1f70b874ace.php 第 157 行.
NOTIC: [8] Use of undefined constant aid - assumed 'aid' /www/users/HA531660/WEB/Application/Runtime/Cache/Home/41a548773d3d1c42969ab1f70b874ace.php 第 225 行.
NOTIC: [8] Use of undefined constant aid - assumed 'aid' /www/users/HA531660/WEB/Application/Runtime/Cache/Home/41a548773d3d1c42969ab1f70b874ace.php 第 225 行.
NOTIC: [8] Use of undefined constant aid - assumed 'aid' /www/users/HA531660/WEB/Application/Runtime/Cache/Home/41a548773d3d1c42969ab1f70b874ace.php 第 225 行.
NOTIC: [8] Use of undefined constant aid - assumed 'aid' /www/users/HA531660/WEB/Application/Runtime/Cache/Home/41a548773d3d1c42969ab1f70b874ace.php 第 225 行.
NOTIC: [8] Use of undefined constant aid - assumed 'aid' /www/users/HA531660/WEB/Application/Runtime/Cache/Home/41a548773d3d1c42969ab1f70b874ace.php 第 225 行.
NOTIC: [8] Use of undefined constant aid - assumed 'aid' /www/users/HA531660/WEB/Application/Runtime/Cache/Home/41a548773d3d1c42969ab1f70b874ace.php 第 225 行.
NOTIC: [8] Use of undefined constant aid - assumed 'aid' /www/users/HA531660/WEB/Application/Runtime/Cache/Home/41a548773d3d1c42969ab1f70b874ace.php 第 225 行.
NOTIC: [8] Use of undefined constant aid - assumed 'aid' /www/users/HA531660/WEB/Application/Runtime/Cache/Home/41a548773d3d1c42969ab1f70b874ace.php 第 225 行.
INFO: Run Behavior\ParseTemplateBehavior [ RunTime:0.181914s ]
INFO: [ view_parse ] --END-- [ RunTime:0.182069s ]
INFO: [ view_filter ] --START--
INFO: Run Behavior\WriteHtmlCacheBehavior [ RunTime:0.000437s ]
INFO: [ view_filter ] --END-- [ RunTime:0.000510s ]
INFO: [ app_end ] --START--
INFO: Run Behavior\ShowPageTraceBehavior [ RunTime:0.000701s ]
INFO: [ app_end ] --END-- [ RunTime:0.000794s ]

[ 2018-07-30T22:43:05+08:00 ] 40.77.167.199 /index.php/Home/Index/read?aid=27
INFO: [ app_init ] --START--
INFO: Run Behavior\BuildLiteBehavior [ RunTime:0.000045s ]
INFO: [ app_init ] --END-- [ RunTime:0.000595s ]
INFO: [ app_begin ] --START--
INFO: Run Behavior\ReadHtmlCacheBehavior [ RunTime:0.000780s ]
INFO: [ app_begin ] --END-- [ RunTime:0.000880s ]
SQL: SHOW COLUMNS FROM `setting` [ RunTime:0.0244s ]
SQL: SELECT * FROM `setting`  [ RunTime:0.0018s ]
SQL: SHOW COLUMNS FROM `article` [ RunTime:0.0240s ]
SQL: SELECT * FROM `article` WHERE `aid` = 27 LIMIT 1   [ RunTime:0.0086s ]
SQL: UPDATE `article` SET `view`=view+1 WHERE `aid` = 27 [ RunTime:0.0030s ]
NOTIC: [2] preg_match_all() expects parameter 2 to be string, array given /www/users/HA531660/WEB/Application/Common/Common/function.php 第 4 行.
NOTIC: [8] Undefined offset: 0 /www/users/HA531660/WEB/Application/Common/Common/function.php 第 7 行.
INFO: [ view_parse ] --START--
INFO: [ template_filter ] --START--
INFO: Run Behavior\ContentReplaceBehavior [ RunTime:0.000062s ]
INFO: [ template_filter ] --END-- [ RunTime:0.000163s ]
INFO: Run Behavior\ParseTemplateBehavior [ RunTime:0.050085s ]
INFO: [ view_parse ] --END-- [ RunTime:0.050258s ]
INFO: [ view_filter ] --START--
INFO: Run Behavior\WriteHtmlCacheBehavior [ RunTime:0.000855s ]
INFO: [ view_filter ] --END-- [ RunTime:0.000984s ]
INFO: [ app_end ] --START--
INFO: Run Behavior\ShowPageTraceBehavior [ RunTime:0.001352s ]
INFO: [ app_end ] --END-- [ RunTime:0.001510s ]

[ 2018-07-30T22:43:05+08:00 ] 40.77.167.199 /index.php/Home/Index/food
INFO: [ app_init ] --START--
INFO: Run Behavior\BuildLiteBehavior [ RunTime:0.000053s ]
INFO: [ app_init ] --END-- [ RunTime:0.001024s ]
INFO: [ app_begin ] --START--
INFO: Run Behavior\ReadHtmlCacheBehavior [ RunTime:0.001216s ]
INFO: [ app_begin ] --END-- [ RunTime:0.001403s ]
SQL: SHOW COLUMNS FROM `setting` [ RunTime:0.0281s ]
SQL: SELECT * FROM `setting`  [ RunTime:0.0022s ]
SQL: SELECT * FROM `setting`  [ RunTime:0.0017s ]
SQL: SHOW COLUMNS FROM `article` [ RunTime:0.0241s ]
SQL: SELECT COUNT(*) AS tp_count FROM `article` LIMIT 1   [ RunTime:0.0026s ]
SQL: SELECT * FROM `article` WHERE ( category='美食' ) ORDER BY aid desc LIMIT 0,8   [ RunTime:0.0109s ]
SQL: SELECT * FROM `article` ORDER BY view desc LIMIT 8   [ RunTime:0.0166s ]
SQL: select sum(view) as view,author from article group by author order by view DESC limit 25  [ RunTime:0.0030s ]
INFO: [ view_parse ] --START--
INFO: [ template_filter ] --START--
INFO: Run Behavior\ContentReplaceBehavior [ RunTime:0.000096s ]
INFO: [ template_filter ] --END-- [ RunTime:0.000255s ]
NOTIC: [8] Use of undefined constant aid - assumed 'aid' /www/users/HA531660/WEB/Application/Runtime/Cache/Home/5b25d46fa9f6ae75b76124a39381fcca.php 第 128 行.
NOTIC: [8] Use of undefined constant aid - assumed 'aid' /www/users/HA531660/WEB/Application/Runtime/Cache/Home/5b25d46fa9f6ae75b76124a39381fcca.php 第 128 行.
NOTIC: [8] Use of undefined constant aid - assumed 'aid' /www/users/HA531660/WEB/Application/Runtime/Cache/Home/5b25d46fa9f6ae75b76124a39381fcca.php 第 128 行.
NOTIC: [8] Use of undefined constant aid - assumed 'aid' /www/users/HA531660/WEB/Application/Runtime/Cache/Home/5b25d46fa9f6ae75b76124a39381fcca.php 第 128 行.
NOTIC: [8] Use of undefined constant aid - assumed 'aid' /www/users/HA531660/WEB/Application/Runtime/Cache/Home/5b25d46fa9f6ae75b76124a39381fcca.php 第 128 行.
NOTIC: [8] Use of undefined constant aid - assumed 'aid' /www/users/HA531660/WEB/Application/Runtime/Cache/Home/5b25d46fa9f6ae75b76124a39381fcca.php 第 128 行.
NOTIC: [8] Use of undefined constant aid - assumed 'aid' /www/users/HA531660/WEB/Application/Runtime/Cache/Home/5b25d46fa9f6ae75b76124a39381fcca.php 第 128 行.
NOTIC: [8] Use of undefined constant aid - assumed 'aid' /www/users/HA531660/WEB/Application/Runtime/Cache/Home/5b25d46fa9f6ae75b76124a39381fcca.php 第 128 行.
NOTIC: [8] Use of undefined constant utf8 - assumed 'utf8' /www/users/HA531660/WEB/Application/Runtime/Cache/Home/5b25d46fa9f6ae75b76124a39381fcca.php 第 156 行.
NOTIC: [8] Use of undefined constant utf8 - assumed 'utf8' /www/users/HA531660/WEB/Application/Runtime/Cache/Home/5b25d46fa9f6ae75b76124a39381fcca.php 第 156 行.
NOTIC: [8] Use of undefined constant utf8 - assumed 'utf8' /www/users/HA531660/WEB/Application/Runtime/Cache/Home/5b25d46fa9f6ae75b76124a39381fcca.php 第 156 行.
NOTIC: [8] Use of undefined constant utf8 - assumed 'utf8' /www/users/HA531660/WEB/Application/Runtime/Cache/Home/5b25d46fa9f6ae75b76124a39381fcca.php 第 156 行.
NOTIC: [8] Use of undefined constant utf8 - assumed 'utf8' /www/users/HA531660/WEB/Application/Runtime/Cache/Home/5b25d46fa9f6ae75b76124a39381fcca.php 第 156 行.
NOTIC: [8] Use of undefined constant utf8 - assumed 'utf8' /www/users/HA531660/WEB/Application/Runtime/Cache/Home/5b25d46fa9f6ae75b76124a39381fcca.php 第 156 行.
NOTIC: [8] Use of undefined constant aid - assumed 'aid' /www/users/HA531660/WEB/Application/Runtime/Cache/Home/5b25d46fa9f6ae75b76124a39381fcca.php 第 224 行.
NOTIC: [8] Use of undefined constant aid - assumed 'aid' /www/users/HA531660/WEB/Application/Runtime/Cache/Home/5b25d46fa9f6ae75b76124a39381fcca.php 第 224 行.
NOTIC: [8] Use of undefined constant aid - assumed 'aid' /www/users/HA531660/WEB/Application/Runtime/Cache/Home/5b25d46fa9f6ae75b76124a39381fcca.php 第 224 行.
NOTIC: [8] Use of undefined constant aid - assumed 'aid' /www/users/HA531660/WEB/Application/Runtime/Cache/Home/5b25d46fa9f6ae75b76124a39381fcca.php 第 224 行.
NOTIC: [8] Use of undefined constant aid - assumed 'aid' /www/users/HA531660/WEB/Application/Runtime/Cache/Home/5b25d46fa9f6ae75b76124a39381fcca.php 第 224 行.
NOTIC: [8] Use of undefined constant aid - assumed 'aid' /www/users/HA531660/WEB/Application/Runtime/Cache/Home/5b25d46fa9f6ae75b76124a39381fcca.php 第 224 行.
NOTIC: [8] Use of undefined constant aid - assumed 'aid' /www/users/HA531660/WEB/Application/Runtime/Cache/Home/5b25d46fa9f6ae75b76124a39381fcca.php 第 224 行.
NOTIC: [8] Use of undefined constant aid - assumed 'aid' /www/users/HA531660/WEB/Application/Runtime/Cache/Home/5b25d46fa9f6ae75b76124a39381fcca.php 第 224 行.
INFO: Run Behavior\ParseTemplateBehavior [ RunTime:0.054868s ]
INFO: [ view_parse ] --END-- [ RunTime:0.055043s ]
INFO: [ view_filter ] --START--
INFO: Run Behavior\WriteHtmlCacheBehavior [ RunTime:0.000427s ]
INFO: [ view_filter ] --END-- [ RunTime:0.000514s ]
INFO: [ app_end ] --START--
INFO: Run Behavior\ShowPageTraceBehavior [ RunTime:0.001100s ]
INFO: [ app_end ] --END-- [ RunTime:0.001245s ]

[ 2018-07-30T22:43:06+08:00 ] 40.77.167.199 /index.php/Home/Index/fashion
INFO: [ app_init ] --START--
INFO: Run Behavior\BuildLiteBehavior [ RunTime:0.000033s ]
INFO: [ app_init ] --END-- [ RunTime:0.000569s ]
INFO: [ app_begin ] --START--
INFO: Run Behavior\ReadHtmlCacheBehavior [ RunTime:0.000760s ]
INFO: [ app_begin ] --END-- [ RunTime:0.000854s ]
SQL: SHOW COLUMNS FROM `setting` [ RunTime:0.0249s ]
SQL: SELECT * FROM `setting`  [ RunTime:0.0033s ]
SQL: SELECT * FROM `setting`  [ RunTime:0.0028s ]
SQL: SHOW COLUMNS FROM `article` [ RunTime:0.0241s ]
SQL: SELECT COUNT(*) AS tp_count FROM `article` LIMIT 1   [ RunTime:0.0028s ]
SQL: SELECT * FROM `article` WHERE ( category='时尚' ) ORDER BY aid desc LIMIT 0,8   [ RunTime:0.0091s ]
SQL: SELECT * FROM `article` ORDER BY view desc LIMIT 8   [ RunTime:0.0157s ]
SQL: select sum(view) as view,author from article group by author order by view DESC limit 25  [ RunTime:0.0028s ]
INFO: [ view_parse ] --START--
INFO: [ template_filter ] --START--
INFO: Run Behavior\ContentReplaceBehavior [ RunTime:0.000146s ]
INFO: [ template_filter ] --END-- [ RunTime:0.000324s ]
NOTIC: [8] Use of undefined constant aid - assumed 'aid' /www/users/HA531660/WEB/Application/Runtime/Cache/Home/41affe53c3e1c278d4128c2f9dadba18.php 第 127 行.
NOTIC: [8] Use of undefined constant aid - assumed 'aid' /www/users/HA531660/WEB/Application/Runtime/Cache/Home/41affe53c3e1c278d4128c2f9dadba18.php 第 127 行.
NOTIC: [8] Use of undefined constant aid - assumed 'aid' /www/users/HA531660/WEB/Application/Runtime/Cache/Home/41affe53c3e1c278d4128c2f9dadba18.php 第 127 行.
NOTIC: [8] Use of undefined constant aid - assumed 'aid' /www/users/HA531660/WEB/Application/Runtime/Cache/Home/41affe53c3e1c278d4128c2f9dadba18.php 第 127 行.
NOTIC: [8] Use of undefined constant aid - assumed 'aid' /www/users/HA531660/WEB/Application/Runtime/Cache/Home/41affe53c3e1c278d4128c2f9dadba18.php 第 127 行.
NOTIC: [8] Use of undefined constant aid - assumed 'aid' /www/users/HA531660/WEB/Application/Runtime/Cache/Home/41affe53c3e1c278d4128c2f9dadba18.php 第 127 行.
NOTIC: [8] Use of undefined constant aid - assumed 'aid' /www/users/HA531660/WEB/Application/Runtime/Cache/Home/41affe53c3e1c278d4128c2f9dadba18.php 第 127 行.
NOTIC: [8] Use of undefined constant aid - assumed 'aid' /www/users/HA531660/WEB/Application/Runtime/Cache/Home/41affe53c3e1c278d4128c2f9dadba18.php 第 127 行.
NOTIC: [8] Use of undefined constant utf8 - assumed 'utf8' /www/users/HA531660/WEB/Application/Runtime/Cache/Home/41affe53c3e1c278d4128c2f9dadba18.php 第 156 行.
NOTIC: [8] Use of undefined constant utf8 - assumed 'utf8' /www/users/HA531660/WEB/Application/Runtime/Cache/Home/41affe53c3e1c278d4128c2f9dadba18.php 第 156 行.
NOTIC: [8] Use of undefined constant utf8 - assumed 'utf8' /www/users/HA531660/WEB/Application/Runtime/Cache/Home/41affe53c3e1c278d4128c2f9dadba18.php 第 156 行.
NOTIC: [8] Use of undefined constant utf8 - assumed 'utf8' /www/users/HA531660/WEB/Application/Runtime/Cache/Home/41affe53c3e1c278d4128c2f9dadba18.php 第 156 行.
NOTIC: [8] Use of undefined constant utf8 - assumed 'utf8' /www/users/HA531660/WEB/Application/Runtime/Cache/Home/41affe53c3e1c278d4128c2f9dadba18.php 第 156 行.
NOTIC: [8] Use of undefined constant utf8 - assumed 'utf8' /www/users/HA531660/WEB/Application/Runtime/Cache/Home/41affe53c3e1c278d4128c2f9dadba18.php 第 156 行.
NOTIC: [8] Use of undefined constant aid - assumed 'aid' /www/users/HA531660/WEB/Application/Runtime/Cache/Home/41affe53c3e1c278d4128c2f9dadba18.php 第 223 行.
NOTIC: [8] Use of undefined constant aid - assumed 'aid' /www/users/HA531660/WEB/Application/Runtime/Cache/Home/41affe53c3e1c278d4128c2f9dadba18.php 第 223 行.
NOTIC: [8] Use of undefined constant aid - assumed 'aid' /www/users/HA531660/WEB/Application/Runtime/Cache/Home/41affe53c3e1c278d4128c2f9dadba18.php 第 223 行.
NOTIC: [8] Use of undefined constant aid - assumed 'aid' /www/users/HA531660/WEB/Application/Runtime/Cache/Home/41affe53c3e1c278d4128c2f9dadba18.php 第 223 行.
NOTIC: [8] Use of undefined constant aid - assumed 'aid' /www/users/HA531660/WEB/Application/Runtime/Cache/Home/41affe53c3e1c278d4128c2f9dadba18.php 第 223 行.
NOTIC: [8] Use of undefined constant aid - assumed 'aid' /www/users/HA531660/WEB/Application/Runtime/Cache/Home/41affe53c3e1c278d4128c2f9dadba18.php 第 223 行.
NOTIC: [8] Use of undefined constant aid - assumed 'aid' /www/users/HA531660/WEB/Application/Runtime/Cache/Home/41affe53c3e1c278d4128c2f9dadba18.php 第 223 行.
NOTIC: [8] Use of undefined constant aid - assumed 'aid' /www/users/HA531660/WEB/Application/Runtime/Cache/Home/41affe53c3e1c278d4128c2f9dadba18.php 第 223 行.
INFO: Run Behavior\ParseTemplateBehavior [ RunTime:0.061617s ]
INFO: [ view_parse ] --END-- [ RunTime:0.061749s ]
INFO: [ view_filter ] --START--
INFO: Run Behavior\WriteHtmlCacheBehavior [ RunTime:0.000534s ]
INFO: [ view_filter ] --END-- [ RunTime:0.000625s ]
INFO: [ app_end ] --START--
INFO: Run Behavior\ShowPageTraceBehavior [ RunTime:0.001122s ]
INFO: [ app_end ] --END-- [ RunTime:0.001307s ]

[ 2018-07-30T22:43:06+08:00 ] 40.77.167.199 /index.php/Home/Index/read?aid=30
INFO: [ app_init ] --START--
INFO: Run Behavior\BuildLiteBehavior [ RunTime:0.000033s ]
INFO: [ app_init ] --END-- [ RunTime:0.000726s ]
INFO: [ app_begin ] --START--
INFO: Run Behavior\ReadHtmlCacheBehavior [ RunTime:0.001183s ]
INFO: [ app_begin ] --END-- [ RunTime:0.001284s ]
SQL: SHOW COLUMNS FROM `setting` [ RunTime:0.0445s ]
SQL: SELECT * FROM `setting`  [ RunTime:0.0024s ]
SQL: SHOW COLUMNS FROM `article` [ RunTime:0.0409s ]
SQL: SELECT * FROM `article` WHERE `aid` = 30 LIMIT 1   [ RunTime:0.0024s ]
SQL: UPDATE `article` SET `view`=view+1 WHERE `aid` = 30 [ RunTime:0.0034s ]
NOTIC: [2] preg_match_all() expects parameter 2 to be string, array given /www/users/HA531660/WEB/Application/Common/Common/function.php 第 4 行.
NOTIC: [8] Undefined offset: 0 /www/users/HA531660/WEB/Application/Common/Common/function.php 第 7 行.
INFO: [ view_parse ] --START--
INFO: [ template_filter ] --START--
INFO: Run Behavior\ContentReplaceBehavior [ RunTime:0.000082s ]
INFO: [ template_filter ] --END-- [ RunTime:0.000254s ]
INFO: Run Behavior\ParseTemplateBehavior [ RunTime:0.020343s ]
INFO: [ view_parse ] --END-- [ RunTime:0.020541s ]
INFO: [ view_filter ] --START--
INFO: Run Behavior\WriteHtmlCacheBehavior [ RunTime:0.000589s ]
INFO: [ view_filter ] --END-- [ RunTime:0.000702s ]
INFO: [ app_end ] --START--
INFO: Run Behavior\ShowPageTraceBehavior [ RunTime:0.000811s ]
INFO: [ app_end ] --END-- [ RunTime:0.000936s ]

