[ 2018-08-08T00:52:00+08:00 ] 106.11.159.219 /index.php/Home/Index/fashion/p/2.html
INFO: [ app_init ] --START--
INFO: Run Behavior\BuildLiteBehavior [ RunTime:0.000043s ]
INFO: [ app_init ] --END-- [ RunTime:0.000883s ]
INFO: [ app_begin ] --START--
INFO: Run Behavior\ReadHtmlCacheBehavior [ RunTime:0.001245s ]
INFO: [ app_begin ] --END-- [ RunTime:0.001449s ]
SQL: SHOW COLUMNS FROM `setting` [ RunTime:0.0213s ]
SQL: SELECT * FROM `setting`  [ RunTime:0.0010s ]
SQL: SELECT * FROM `setting`  [ RunTime:0.0010s ]
SQL: SHOW COLUMNS FROM `article` [ RunTime:0.0196s ]
SQL: SELECT COUNT(*) AS tp_count FROM `article` LIMIT 1   [ RunTime:0.0013s ]
SQL: SELECT * FROM `article` WHERE ( category='时尚' ) ORDER BY aid desc LIMIT 8,8   [ RunTime:0.0016s ]
SQL: SELECT * FROM `article` ORDER BY view desc LIMIT 8   [ RunTime:0.0061s ]
SQL: select sum(view) as view,author from article group by author order by view DESC limit 25  [ RunTime:0.0011s ]
INFO: [ view_parse ] --START--
INFO: [ template_filter ] --START--
INFO: Run Behavior\ContentReplaceBehavior [ RunTime:0.000105s ]
INFO: [ template_filter ] --END-- [ RunTime:0.000218s ]
NOTIC: [8] Use of undefined constant aid - assumed 'aid' /www/users/HA531660/WEB/Application/Runtime/Cache/Home/41affe53c3e1c278d4128c2f9dadba18.php 第 127 行.
NOTIC: [8] Use of undefined constant utf8 - assumed 'utf8' /www/users/HA531660/WEB/Application/Runtime/Cache/Home/41affe53c3e1c278d4128c2f9dadba18.php 第 156 行.
NOTIC: [8] Use of undefined constant utf8 - assumed 'utf8' /www/users/HA531660/WEB/Application/Runtime/Cache/Home/41affe53c3e1c278d4128c2f9dadba18.php 第 156 行.
NOTIC: [8] Use of undefined constant utf8 - assumed 'utf8' /www/users/HA531660/WEB/Application/Runtime/Cache/Home/41affe53c3e1c278d4128c2f9dadba18.php 第 156 行.
NOTIC: [8] Use of undefined constant utf8 - assumed 'utf8' /www/users/HA531660/WEB/Application/Runtime/Cache/Home/41affe53c3e1c278d4128c2f9dadba18.php 第 156 行.
NOTIC: [8] Use of undefined constant utf8 - assumed 'utf8' /www/users/HA531660/WEB/Application/Runtime/Cache/Home/41affe53c3e1c278d4128c2f9dadba18.php 第 156 行.
NOTIC: [8] Use of undefined constant utf8 - assumed 'utf8' /www/users/HA531660/WEB/Application/Runtime/Cache/Home/41affe53c3e1c278d4128c2f9dadba18.php 第 156 行.
NOTIC: [8] Use of undefined constant aid - assumed 'aid' /www/users/HA531660/WEB/Application/Runtime/Cache/Home/41affe53c3e1c278d4128c2f9dadba18.php 第 223 行.
INFO: Run Behavior\ParseTemplateBehavior [ RunTime:0.041356s ]
INFO: [ view_parse ] --END-- [ RunTime:0.041517s ]
INFO: [ view_filter ] --START--
INFO: Run Behavior\WriteHtmlCacheBehavior [ RunTime:0.000455s ]
INFO: [ view_filter ] --END-- [ RunTime:0.000558s ]
INFO: [ app_end ] --START--
INFO: Run Behavior\ShowPageTraceBehavior [ RunTime:0.000752s ]
INFO: [ app_end ] --END-- [ RunTime:0.000846s ]

[ 2018-08-08T03:44:29+08:00 ] 106.11.158.193 /index.php/Home/Index/read?aid=6
INFO: [ app_init ] --START--
INFO: Run Behavior\BuildLiteBehavior [ RunTime:0.000030s ]
INFO: [ app_init ] --END-- [ RunTime:0.000620s ]
INFO: [ app_begin ] --START--
INFO: Run Behavior\ReadHtmlCacheBehavior [ RunTime:0.000759s ]
INFO: [ app_begin ] --END-- [ RunTime:0.000873s ]
SQL: SHOW COLUMNS FROM `setting` [ RunTime:0.0222s ]
SQL: SELECT * FROM `setting`  [ RunTime:0.0011s ]
SQL: SHOW COLUMNS FROM `article` [ RunTime:0.0217s ]
SQL: SELECT * FROM `article` WHERE `aid` = 6 LIMIT 1   [ RunTime:0.0038s ]
SQL: UPDATE `article` SET `view`=view+1 WHERE `aid` = 6 [ RunTime:0.0029s ]
NOTIC: [2] preg_match_all() expects parameter 2 to be string, array given /www/users/HA531660/WEB/Application/Common/Common/function.php 第 4 行.
NOTIC: [8] Undefined offset: 0 /www/users/HA531660/WEB/Application/Common/Common/function.php 第 7 行.
INFO: [ view_parse ] --START--
INFO: [ template_filter ] --START--
INFO: Run Behavior\ContentReplaceBehavior [ RunTime:0.000075s ]
INFO: [ template_filter ] --END-- [ RunTime:0.000178s ]
INFO: Run Behavior\ParseTemplateBehavior [ RunTime:0.032614s ]
INFO: [ view_parse ] --END-- [ RunTime:0.032761s ]
INFO: [ view_filter ] --START--
INFO: Run Behavior\WriteHtmlCacheBehavior [ RunTime:0.000386s ]
INFO: [ view_filter ] --END-- [ RunTime:0.000466s ]
INFO: [ app_end ] --START--
INFO: Run Behavior\ShowPageTraceBehavior [ RunTime:0.000744s ]
INFO: [ app_end ] --END-- [ RunTime:0.000827s ]

[ 2018-08-08T08:00:21+08:00 ] 106.11.158.193 /Home/Index/read/aid/21
INFO: [ app_init ] --START--
INFO: Run Behavior\BuildLiteBehavior [ RunTime:0.000029s ]
INFO: [ app_init ] --END-- [ RunTime:0.000699s ]
INFO: [ app_begin ] --START--
INFO: Run Behavior\ReadHtmlCacheBehavior [ RunTime:0.000797s ]
INFO: [ app_begin ] --END-- [ RunTime:0.000891s ]
SQL: SHOW COLUMNS FROM `setting` [ RunTime:0.0258s ]
SQL: SELECT * FROM `setting`  [ RunTime:0.0011s ]
SQL: SHOW COLUMNS FROM `article` [ RunTime:0.0230s ]
SQL: SELECT * FROM `article` WHERE `aid` = 21 LIMIT 1   [ RunTime:0.0016s ]
SQL: UPDATE `article` SET `view`=view+1 WHERE `aid` = 21 [ RunTime:0.0014s ]
NOTIC: [2] preg_match_all() expects parameter 2 to be string, array given /www/users/HA531660/WEB/Application/Common/Common/function.php 第 4 行.
NOTIC: [8] Undefined offset: 0 /www/users/HA531660/WEB/Application/Common/Common/function.php 第 7 行.
INFO: [ view_parse ] --START--
INFO: [ template_filter ] --START--
INFO: Run Behavior\ContentReplaceBehavior [ RunTime:0.000060s ]
INFO: [ template_filter ] --END-- [ RunTime:0.000157s ]
INFO: Run Behavior\ParseTemplateBehavior [ RunTime:0.014921s ]
INFO: [ view_parse ] --END-- [ RunTime:0.015032s ]
INFO: [ view_filter ] --START--
INFO: Run Behavior\WriteHtmlCacheBehavior [ RunTime:0.000401s ]
INFO: [ view_filter ] --END-- [ RunTime:0.000481s ]
INFO: [ app_end ] --START--
INFO: Run Behavior\ShowPageTraceBehavior [ RunTime:0.000745s ]
INFO: [ app_end ] --END-- [ RunTime:0.000835s ]

[ 2018-08-08T14:36:55+08:00 ] 123.59.209.112 /
INFO: [ app_init ] --START--
INFO: Run Behavior\BuildLiteBehavior [ RunTime:0.000035s ]
INFO: [ app_init ] --END-- [ RunTime:0.001004s ]
INFO: [ app_begin ] --START--
INFO: Run Behavior\ReadHtmlCacheBehavior [ RunTime:0.001562s ]
INFO: [ app_begin ] --END-- [ RunTime:0.001737s ]
SQL: SHOW COLUMNS FROM `setting` [ RunTime:0.0217s ]
SQL: SELECT * FROM `setting`  [ RunTime:0.0012s ]
SQL: SELECT * FROM `setting`  [ RunTime:0.0010s ]
SQL: SHOW COLUMNS FROM `article` [ RunTime:0.0223s ]
SQL: SELECT COUNT(*) AS tp_count FROM `article` LIMIT 1   [ RunTime:0.0011s ]
SQL: SELECT * FROM `article` WHERE ( category='旅游1' ) UNION (select * from article where category='时尚'order by aid desc limit 2) UNION (select * from article where category='旅游'order by aid desc limit 2) UNION (select * from article where category='美食'order by aid desc limit 2) UNION (select * from article where category='教育'order by aid desc limit 2) [ RunTime:0.0308s ]
SQL: SELECT * FROM `article` ORDER BY view desc LIMIT 8   [ RunTime:0.0048s ]
SQL: select sum(view) as view,author from article group by author order by view DESC limit 25  [ RunTime:0.0013s ]
INFO: [ view_parse ] --START--
INFO: [ template_filter ] --START--
INFO: Run Behavior\ContentReplaceBehavior [ RunTime:0.000124s ]
INFO: [ template_filter ] --END-- [ RunTime:0.000251s ]
NOTIC: [8] Use of undefined constant aid - assumed 'aid' /www/users/HA531660/WEB/Application/Runtime/Cache/Home/2a94b8bda04ff446dcedd42276fc99ee.php 第 140 行.
NOTIC: [8] Use of undefined constant aid - assumed 'aid' /www/users/HA531660/WEB/Application/Runtime/Cache/Home/2a94b8bda04ff446dcedd42276fc99ee.php 第 140 行.
NOTIC: [8] Use of undefined constant aid - assumed 'aid' /www/users/HA531660/WEB/Application/Runtime/Cache/Home/2a94b8bda04ff446dcedd42276fc99ee.php 第 140 行.
NOTIC: [8] Use of undefined constant aid - assumed 'aid' /www/users/HA531660/WEB/Application/Runtime/Cache/Home/2a94b8bda04ff446dcedd42276fc99ee.php 第 140 行.
NOTIC: [8] Use of undefined constant aid - assumed 'aid' /www/users/HA531660/WEB/Application/Runtime/Cache/Home/2a94b8bda04ff446dcedd42276fc99ee.php 第 140 行.
NOTIC: [8] Use of undefined constant aid - assumed 'aid' /www/users/HA531660/WEB/Application/Runtime/Cache/Home/2a94b8bda04ff446dcedd42276fc99ee.php 第 140 行.
NOTIC: [8] Use of undefined constant aid - assumed 'aid' /www/users/HA531660/WEB/Application/Runtime/Cache/Home/2a94b8bda04ff446dcedd42276fc99ee.php 第 140 行.
NOTIC: [8] Use of undefined constant aid - assumed 'aid' /www/users/HA531660/WEB/Application/Runtime/Cache/Home/2a94b8bda04ff446dcedd42276fc99ee.php 第 140 行.
NOTIC: [8] Use of undefined constant utf8 - assumed 'utf8' /www/users/HA531660/WEB/Application/Runtime/Cache/Home/2a94b8bda04ff446dcedd42276fc99ee.php 第 169 行.
NOTIC: [8] Use of undefined constant utf8 - assumed 'utf8' /www/users/HA531660/WEB/Application/Runtime/Cache/Home/2a94b8bda04ff446dcedd42276fc99ee.php 第 169 行.
NOTIC: [8] Use of undefined constant utf8 - assumed 'utf8' /www/users/HA531660/WEB/Application/Runtime/Cache/Home/2a94b8bda04ff446dcedd42276fc99ee.php 第 169 行.
NOTIC: [8] Use of undefined constant utf8 - assumed 'utf8' /www/users/HA531660/WEB/Application/Runtime/Cache/Home/2a94b8bda04ff446dcedd42276fc99ee.php 第 169 行.
NOTIC: [8] Use of undefined constant utf8 - assumed 'utf8' /www/users/HA531660/WEB/Application/Runtime/Cache/Home/2a94b8bda04ff446dcedd42276fc99ee.php 第 169 行.
NOTIC: [8] Use of undefined constant utf8 - assumed 'utf8' /www/users/HA531660/WEB/Application/Runtime/Cache/Home/2a94b8bda04ff446dcedd42276fc99ee.php 第 169 行.
NOTIC: [8] Use of undefined constant aid - assumed 'aid' /www/users/HA531660/WEB/Application/Runtime/Cache/Home/2a94b8bda04ff446dcedd42276fc99ee.php 第 236 行.
NOTIC: [8] Use of undefined constant aid - assumed 'aid' /www/users/HA531660/WEB/Application/Runtime/Cache/Home/2a94b8bda04ff446dcedd42276fc99ee.php 第 236 行.
NOTIC: [8] Use of undefined constant aid - assumed 'aid' /www/users/HA531660/WEB/Application/Runtime/Cache/Home/2a94b8bda04ff446dcedd42276fc99ee.php 第 236 行.
NOTIC: [8] Use of undefined constant aid - assumed 'aid' /www/users/HA531660/WEB/Application/Runtime/Cache/Home/2a94b8bda04ff446dcedd42276fc99ee.php 第 236 行.
NOTIC: [8] Use of undefined constant aid - assumed 'aid' /www/users/HA531660/WEB/Application/Runtime/Cache/Home/2a94b8bda04ff446dcedd42276fc99ee.php 第 236 行.
NOTIC: [8] Use of undefined constant aid - assumed 'aid' /www/users/HA531660/WEB/Application/Runtime/Cache/Home/2a94b8bda04ff446dcedd42276fc99ee.php 第 236 行.
NOTIC: [8] Use of undefined constant aid - assumed 'aid' /www/users/HA531660/WEB/Application/Runtime/Cache/Home/2a94b8bda04ff446dcedd42276fc99ee.php 第 236 行.
NOTIC: [8] Use of undefined constant aid - assumed 'aid' /www/users/HA531660/WEB/Application/Runtime/Cache/Home/2a94b8bda04ff446dcedd42276fc99ee.php 第 236 行.
INFO: Run Behavior\ParseTemplateBehavior [ RunTime:0.091659s ]
INFO: [ view_parse ] --END-- [ RunTime:0.091808s ]
INFO: [ view_filter ] --START--
INFO: Run Behavior\WriteHtmlCacheBehavior [ RunTime:0.000867s ]
INFO: [ view_filter ] --END-- [ RunTime:0.000963s ]
INFO: [ app_end ] --START--
INFO: Run Behavior\ShowPageTraceBehavior [ RunTime:0.001454s ]
INFO: [ app_end ] --END-- [ RunTime:0.001589s ]

[ 2018-08-08T15:44:33+08:00 ] 106.11.152.209 /index.php/Home/Index/read?aid=2
INFO: [ app_init ] --START--
INFO: Run Behavior\BuildLiteBehavior [ RunTime:0.000046s ]
INFO: [ app_init ] --END-- [ RunTime:0.000860s ]
INFO: [ app_begin ] --START--
INFO: Run Behavior\ReadHtmlCacheBehavior [ RunTime:0.002822s ]
INFO: [ app_begin ] --END-- [ RunTime:0.003015s ]
SQL: SHOW COLUMNS FROM `setting` [ RunTime:0.0243s ]
SQL: SELECT * FROM `setting`  [ RunTime:0.0012s ]
SQL: SHOW COLUMNS FROM `article` [ RunTime:0.0230s ]
SQL: SELECT * FROM `article` WHERE `aid` = 2 LIMIT 1   [ RunTime:0.0015s ]
SQL: UPDATE `article` SET `view`=view+1 WHERE `aid` = 2 [ RunTime:0.0018s ]
NOTIC: [2] preg_match_all() expects parameter 2 to be string, array given /www/users/HA531660/WEB/Application/Common/Common/function.php 第 4 行.
NOTIC: [8] Undefined offset: 0 /www/users/HA531660/WEB/Application/Common/Common/function.php 第 7 行.
INFO: [ view_parse ] --START--
INFO: [ template_filter ] --START--
INFO: Run Behavior\ContentReplaceBehavior [ RunTime:0.000090s ]
INFO: [ template_filter ] --END-- [ RunTime:0.000250s ]
INFO: Run Behavior\ParseTemplateBehavior [ RunTime:0.014515s ]
INFO: [ view_parse ] --END-- [ RunTime:0.014624s ]
INFO: [ view_filter ] --START--
INFO: Run Behavior\WriteHtmlCacheBehavior [ RunTime:0.000367s ]
INFO: [ view_filter ] --END-- [ RunTime:0.000447s ]
INFO: [ app_end ] --START--
INFO: Run Behavior\ShowPageTraceBehavior [ RunTime:0.000925s ]
INFO: [ app_end ] --END-- [ RunTime:0.001019s ]

[ 2018-08-08T18:44:00+08:00 ] 157.55.39.201 /index.php/Home/Index/read?aid=29
INFO: [ app_init ] --START--
INFO: Run Behavior\BuildLiteBehavior [ RunTime:0.000047s ]
INFO: [ app_init ] --END-- [ RunTime:0.001016s ]
INFO: [ app_begin ] --START--
INFO: Run Behavior\ReadHtmlCacheBehavior [ RunTime:0.007951s ]
INFO: [ app_begin ] --END-- [ RunTime:0.008115s ]
SQL: SHOW COLUMNS FROM `setting` [ RunTime:0.0216s ]
SQL: SELECT * FROM `setting`  [ RunTime:0.0012s ]
SQL: SHOW COLUMNS FROM `article` [ RunTime:0.0250s ]
SQL: SELECT * FROM `article` WHERE `aid` = 29 LIMIT 1   [ RunTime:0.0016s ]
SQL: UPDATE `article` SET `view`=view+1 WHERE `aid` = 29 [ RunTime:0.0016s ]
NOTIC: [2] preg_match_all() expects parameter 2 to be string, array given /www/users/HA531660/WEB/Application/Common/Common/function.php 第 4 行.
NOTIC: [8] Undefined offset: 0 /www/users/HA531660/WEB/Application/Common/Common/function.php 第 7 行.
INFO: [ view_parse ] --START--
INFO: [ template_filter ] --START--
INFO: Run Behavior\ContentReplaceBehavior [ RunTime:0.000072s ]
INFO: [ template_filter ] --END-- [ RunTime:0.000214s ]
INFO: Run Behavior\ParseTemplateBehavior [ RunTime:0.032856s ]
INFO: [ view_parse ] --END-- [ RunTime:0.033040s ]
INFO: [ view_filter ] --START--
INFO: Run Behavior\WriteHtmlCacheBehavior [ RunTime:0.000719s ]
INFO: [ view_filter ] --END-- [ RunTime:0.000842s ]
INFO: [ app_end ] --START--
INFO: Run Behavior\ShowPageTraceBehavior [ RunTime:0.001411s ]
INFO: [ app_end ] --END-- [ RunTime:0.001547s ]

[ 2018-08-08T18:44:01+08:00 ] 157.55.39.201 /index.php/Home/Index/read?aid=25
INFO: [ app_init ] --START--
INFO: Run Behavior\BuildLiteBehavior [ RunTime:0.000037s ]
INFO: [ app_init ] --END-- [ RunTime:0.000661s ]
INFO: [ app_begin ] --START--
INFO: Run Behavior\ReadHtmlCacheBehavior [ RunTime:0.001228s ]
INFO: [ app_begin ] --END-- [ RunTime:0.001341s ]
SQL: SHOW COLUMNS FROM `setting` [ RunTime:0.0228s ]
SQL: SELECT * FROM `setting`  [ RunTime:0.0011s ]
SQL: SHOW COLUMNS FROM `article` [ RunTime:0.0224s ]
SQL: SELECT * FROM `article` WHERE `aid` = 25 LIMIT 1   [ RunTime:0.0012s ]
SQL: UPDATE `article` SET `view`=view+1 WHERE `aid` = 25 [ RunTime:0.0012s ]
NOTIC: [2] preg_match_all() expects parameter 2 to be string, array given /www/users/HA531660/WEB/Application/Common/Common/function.php 第 4 行.
NOTIC: [8] Undefined offset: 0 /www/users/HA531660/WEB/Application/Common/Common/function.php 第 7 行.
INFO: [ view_parse ] --START--
INFO: [ template_filter ] --START--
INFO: Run Behavior\ContentReplaceBehavior [ RunTime:0.000064s ]
INFO: [ template_filter ] --END-- [ RunTime:0.000173s ]
INFO: Run Behavior\ParseTemplateBehavior [ RunTime:0.013960s ]
INFO: [ view_parse ] --END-- [ RunTime:0.014081s ]
INFO: [ view_filter ] --START--
INFO: Run Behavior\WriteHtmlCacheBehavior [ RunTime:0.000341s ]
INFO: [ view_filter ] --END-- [ RunTime:0.000491s ]
INFO: [ app_end ] --START--
INFO: Run Behavior\ShowPageTraceBehavior [ RunTime:0.000736s ]
INFO: [ app_end ] --END-- [ RunTime:0.000833s ]

[ 2018-08-08T18:44:01+08:00 ] 157.55.39.201 /index.php/Home/Index/read?aid=22
INFO: [ app_init ] --START--
INFO: Run Behavior\BuildLiteBehavior [ RunTime:0.000048s ]
INFO: [ app_init ] --END-- [ RunTime:0.000894s ]
INFO: [ app_begin ] --START--
INFO: Run Behavior\ReadHtmlCacheBehavior [ RunTime:0.001060s ]
INFO: [ app_begin ] --END-- [ RunTime:0.001196s ]
SQL: SHOW COLUMNS FROM `setting` [ RunTime:0.0219s ]
SQL: SELECT * FROM `setting`  [ RunTime:0.0010s ]
SQL: SHOW COLUMNS FROM `article` [ RunTime:0.0217s ]
SQL: SELECT * FROM `article` WHERE `aid` = 22 LIMIT 1   [ RunTime:0.0012s ]
SQL: UPDATE `article` SET `view`=view+1 WHERE `aid` = 22 [ RunTime:0.0017s ]
NOTIC: [2] preg_match_all() expects parameter 2 to be string, array given /www/users/HA531660/WEB/Application/Common/Common/function.php 第 4 行.
NOTIC: [8] Undefined offset: 0 /www/users/HA531660/WEB/Application/Common/Common/function.php 第 7 行.
INFO: [ view_parse ] --START--
INFO: [ template_filter ] --START--
INFO: Run Behavior\ContentReplaceBehavior [ RunTime:0.000077s ]
INFO: [ template_filter ] --END-- [ RunTime:0.000196s ]
INFO: Run Behavior\ParseTemplateBehavior [ RunTime:0.012084s ]
INFO: [ view_parse ] --END-- [ RunTime:0.012195s ]
INFO: [ view_filter ] --START--
INFO: Run Behavior\WriteHtmlCacheBehavior [ RunTime:0.000428s ]
INFO: [ view_filter ] --END-- [ RunTime:0.000525s ]
INFO: [ app_end ] --START--
INFO: Run Behavior\ShowPageTraceBehavior [ RunTime:0.000762s ]
INFO: [ app_end ] --END-- [ RunTime:0.000858s ]

[ 2018-08-08T18:44:01+08:00 ] 157.55.39.201 /index.php/Home/Index/read?aid=10
INFO: [ app_init ] --START--
INFO: Run Behavior\BuildLiteBehavior [ RunTime:0.000030s ]
INFO: [ app_init ] --END-- [ RunTime:0.000562s ]
INFO: [ app_begin ] --START--
INFO: Run Behavior\ReadHtmlCacheBehavior [ RunTime:0.000701s ]
INFO: [ app_begin ] --END-- [ RunTime:0.000800s ]
SQL: SHOW COLUMNS FROM `setting` [ RunTime:0.0224s ]
SQL: SELECT * FROM `setting`  [ RunTime:0.0011s ]
SQL: SHOW COLUMNS FROM `article` [ RunTime:0.0227s ]
SQL: SELECT * FROM `article` WHERE `aid` = 10 LIMIT 1   [ RunTime:0.0029s ]
SQL: UPDATE `article` SET `view`=view+1 WHERE `aid` = 10 [ RunTime:0.0013s ]
NOTIC: [2] preg_match_all() expects parameter 2 to be string, array given /www/users/HA531660/WEB/Application/Common/Common/function.php 第 4 行.
NOTIC: [8] Undefined offset: 0 /www/users/HA531660/WEB/Application/Common/Common/function.php 第 7 行.
INFO: [ view_parse ] --START--
INFO: [ template_filter ] --START--
INFO: Run Behavior\ContentReplaceBehavior [ RunTime:0.000057s ]
INFO: [ template_filter ] --END-- [ RunTime:0.000148s ]
INFO: Run Behavior\ParseTemplateBehavior [ RunTime:0.021141s ]
INFO: [ view_parse ] --END-- [ RunTime:0.021264s ]
INFO: [ view_filter ] --START--
INFO: Run Behavior\WriteHtmlCacheBehavior [ RunTime:0.000355s ]
INFO: [ view_filter ] --END-- [ RunTime:0.000427s ]
INFO: [ app_end ] --START--
INFO: Run Behavior\ShowPageTraceBehavior [ RunTime:0.000857s ]
INFO: [ app_end ] --END-- [ RunTime:0.000955s ]

[ 2018-08-08T18:44:02+08:00 ] 157.55.39.201 /index.php/Home/Index/travel
INFO: [ app_init ] --START--
INFO: Run Behavior\BuildLiteBehavior [ RunTime:0.000029s ]
INFO: [ app_init ] --END-- [ RunTime:0.000577s ]
INFO: [ app_begin ] --START--
INFO: Run Behavior\ReadHtmlCacheBehavior [ RunTime:0.000726s ]
INFO: [ app_begin ] --END-- [ RunTime:0.000817s ]
SQL: SHOW COLUMNS FROM `setting` [ RunTime:0.0360s ]
SQL: SELECT * FROM `setting`  [ RunTime:0.0010s ]
SQL: SELECT * FROM `setting`  [ RunTime:0.0009s ]
SQL: SHOW COLUMNS FROM `article` [ RunTime:0.0464s ]
SQL: SELECT COUNT(*) AS tp_count FROM `article` LIMIT 1   [ RunTime:0.0011s ]
SQL: SELECT * FROM `article` WHERE ( category='旅游' ) ORDER BY aid desc LIMIT 0,8   [ RunTime:0.0083s ]
SQL: SELECT * FROM `article` ORDER BY view desc LIMIT 8   [ RunTime:0.0046s ]
SQL: select sum(view) as view,author from article group by author order by view DESC limit 25  [ RunTime:0.0010s ]
INFO: [ view_parse ] --START--
INFO: [ template_filter ] --START--
INFO: Run Behavior\ContentReplaceBehavior [ RunTime:0.000091s ]
INFO: [ template_filter ] --END-- [ RunTime:0.000274s ]
NOTIC: [8] Use of undefined constant aid - assumed 'aid' /www/users/HA531660/WEB/Application/Runtime/Cache/Home/41a548773d3d1c42969ab1f70b874ace.php 第 127 行.
NOTIC: [8] Use of undefined constant aid - assumed 'aid' /www/users/HA531660/WEB/Application/Runtime/Cache/Home/41a548773d3d1c42969ab1f70b874ace.php 第 127 行.
NOTIC: [8] Use of undefined constant aid - assumed 'aid' /www/users/HA531660/WEB/Application/Runtime/Cache/Home/41a548773d3d1c42969ab1f70b874ace.php 第 127 行.
NOTIC: [8] Use of undefined constant aid - assumed 'aid' /www/users/HA531660/WEB/Application/Runtime/Cache/Home/41a548773d3d1c42969ab1f70b874ace.php 第 127 行.
NOTIC: [8] Use of undefined constant aid - assumed 'aid' /www/users/HA531660/WEB/Application/Runtime/Cache/Home/41a548773d3d1c42969ab1f70b874ace.php 第 127 行.
NOTIC: [8] Use of undefined constant aid - assumed 'aid' /www/users/HA531660/WEB/Application/Runtime/Cache/Home/41a548773d3d1c42969ab1f70b874ace.php 第 127 行.
NOTIC: [8] Use of undefined constant aid - assumed 'aid' /www/users/HA531660/WEB/Application/Runtime/Cache/Home/41a548773d3d1c42969ab1f70b874ace.php 第 127 行.
NOTIC: [8] Use of undefined constant aid - assumed 'aid' /www/users/HA531660/WEB/Application/Runtime/Cache/Home/41a548773d3d1c42969ab1f70b874ace.php 第 127 行.
NOTIC: [8] Use of undefined constant utf8 - assumed 'utf8' /www/users/HA531660/WEB/Application/Runtime/Cache/Home/41a548773d3d1c42969ab1f70b874ace.php 第 157 行.
NOTIC: [8] Use of undefined constant utf8 - assumed 'utf8' /www/users/HA531660/WEB/Application/Runtime/Cache/Home/41a548773d3d1c42969ab1f70b874ace.php 第 157 行.
NOTIC: [8] Use of undefined constant utf8 - assumed 'utf8' /www/users/HA531660/WEB/Application/Runtime/Cache/Home/41a548773d3d1c42969ab1f70b874ace.php 第 157 行.
NOTIC: [8] Use of undefined constant utf8 - assumed 'utf8' /www/users/HA531660/WEB/Application/Runtime/Cache/Home/41a548773d3d1c42969ab1f70b874ace.php 第 157 行.
NOTIC: [8] Use of undefined constant utf8 - assumed 'utf8' /www/users/HA531660/WEB/Application/Runtime/Cache/Home/41a548773d3d1c42969ab1f70b874ace.php 第 157 行.
NOTIC: [8] Use of undefined constant utf8 - assumed 'utf8' /www/users/HA531660/WEB/Application/Runtime/Cache/Home/41a548773d3d1c42969ab1f70b874ace.php 第 157 行.
NOTIC: [8] Use of undefined constant aid - assumed 'aid' /www/users/HA531660/WEB/Application/Runtime/Cache/Home/41a548773d3d1c42969ab1f70b874ace.php 第 225 行.
NOTIC: [8] Use of undefined constant aid - assumed 'aid' /www/users/HA531660/WEB/Application/Runtime/Cache/Home/41a548773d3d1c42969ab1f70b874ace.php 第 225 行.
NOTIC: [8] Use of undefined constant aid - assumed 'aid' /www/users/HA531660/WEB/Application/Runtime/Cache/Home/41a548773d3d1c42969ab1f70b874ace.php 第 225 行.
NOTIC: [8] Use of undefined constant aid - assumed 'aid' /www/users/HA531660/WEB/Application/Runtime/Cache/Home/41a548773d3d1c42969ab1f70b874ace.php 第 225 行.
NOTIC: [8] Use of undefined constant aid - assumed 'aid' /www/users/HA531660/WEB/Application/Runtime/Cache/Home/41a548773d3d1c42969ab1f70b874ace.php 第 225 行.
NOTIC: [8] Use of undefined constant aid - assumed 'aid' /www/users/HA531660/WEB/Application/Runtime/Cache/Home/41a548773d3d1c42969ab1f70b874ace.php 第 225 行.
NOTIC: [8] Use of undefined constant aid - assumed 'aid' /www/users/HA531660/WEB/Application/Runtime/Cache/Home/41a548773d3d1c42969ab1f70b874ace.php 第 225 行.
NOTIC: [8] Use of undefined constant aid - assumed 'aid' /www/users/HA531660/WEB/Application/Runtime/Cache/Home/41a548773d3d1c42969ab1f70b874ace.php 第 225 行.
INFO: Run Behavior\ParseTemplateBehavior [ RunTime:0.115708s ]
INFO: [ view_parse ] --END-- [ RunTime:0.115852s ]
INFO: [ view_filter ] --START--
INFO: Run Behavior\WriteHtmlCacheBehavior [ RunTime:0.000441s ]
INFO: [ view_filter ] --END-- [ RunTime:0.000515s ]
INFO: [ app_end ] --START--
INFO: Run Behavior\ShowPageTraceBehavior [ RunTime:0.000703s ]
INFO: [ app_end ] --END-- [ RunTime:0.000794s ]

[ 2018-08-08T18:44:26+08:00 ] 157.55.39.153 /index.php/Home/Index/read?aid=27
INFO: [ app_init ] --START--
INFO: Run Behavior\BuildLiteBehavior [ RunTime:0.000061s ]
INFO: [ app_init ] --END-- [ RunTime:0.000922s ]
INFO: [ app_begin ] --START--
INFO: Run Behavior\ReadHtmlCacheBehavior [ RunTime:0.001163s ]
INFO: [ app_begin ] --END-- [ RunTime:0.001305s ]
SQL: SHOW COLUMNS FROM `setting` [ RunTime:0.0231s ]
SQL: SELECT * FROM `setting`  [ RunTime:0.0013s ]
SQL: SHOW COLUMNS FROM `article` [ RunTime:0.0226s ]
SQL: SELECT * FROM `article` WHERE `aid` = 27 LIMIT 1   [ RunTime:0.0045s ]
SQL: UPDATE `article` SET `view`=view+1 WHERE `aid` = 27 [ RunTime:0.0019s ]
NOTIC: [2] preg_match_all() expects parameter 2 to be string, array given /www/users/HA531660/WEB/Application/Common/Common/function.php 第 4 行.
NOTIC: [8] Undefined offset: 0 /www/users/HA531660/WEB/Application/Common/Common/function.php 第 7 行.
INFO: [ view_parse ] --START--
INFO: [ template_filter ] --START--
INFO: Run Behavior\ContentReplaceBehavior [ RunTime:0.000090s ]
INFO: [ template_filter ] --END-- [ RunTime:0.000253s ]
INFO: Run Behavior\ParseTemplateBehavior [ RunTime:0.055807s ]
INFO: [ view_parse ] --END-- [ RunTime:0.055980s ]
INFO: [ view_filter ] --START--
INFO: Run Behavior\WriteHtmlCacheBehavior [ RunTime:0.000452s ]
INFO: [ view_filter ] --END-- [ RunTime:0.000576s ]
INFO: [ app_end ] --START--
INFO: Run Behavior\ShowPageTraceBehavior [ RunTime:0.000868s ]
INFO: [ app_end ] --END-- [ RunTime:0.000963s ]

[ 2018-08-08T18:44:26+08:00 ] 157.55.39.153 /index.php/Home/Index/food
INFO: [ app_init ] --START--
INFO: Run Behavior\BuildLiteBehavior [ RunTime:0.000032s ]
INFO: [ app_init ] --END-- [ RunTime:0.000585s ]
INFO: [ app_begin ] --START--
INFO: Run Behavior\ReadHtmlCacheBehavior [ RunTime:0.000743s ]
INFO: [ app_begin ] --END-- [ RunTime:0.000851s ]
SQL: SHOW COLUMNS FROM `setting` [ RunTime:0.0234s ]
SQL: SELECT * FROM `setting`  [ RunTime:0.0012s ]
SQL: SELECT * FROM `setting`  [ RunTime:0.0011s ]
SQL: SHOW COLUMNS FROM `article` [ RunTime:0.0232s ]
SQL: SELECT COUNT(*) AS tp_count FROM `article` LIMIT 1   [ RunTime:0.0010s ]
SQL: SELECT * FROM `article` WHERE ( category='美食' ) ORDER BY aid desc LIMIT 0,8   [ RunTime:0.0047s ]
SQL: SELECT * FROM `article` ORDER BY view desc LIMIT 8   [ RunTime:0.0069s ]
SQL: select sum(view) as view,author from article group by author order by view DESC limit 25  [ RunTime:0.0014s ]
INFO: [ view_parse ] --START--
INFO: [ template_filter ] --START--
INFO: Run Behavior\ContentReplaceBehavior [ RunTime:0.000093s ]
INFO: [ template_filter ] --END-- [ RunTime:0.000204s ]
NOTIC: [8] Use of undefined constant aid - assumed 'aid' /www/users/HA531660/WEB/Application/Runtime/Cache/Home/5b25d46fa9f6ae75b76124a39381fcca.php 第 128 行.
NOTIC: [8] Use of undefined constant aid - assumed 'aid' /www/users/HA531660/WEB/Application/Runtime/Cache/Home/5b25d46fa9f6ae75b76124a39381fcca.php 第 128 行.
NOTIC: [8] Use of undefined constant aid - assumed 'aid' /www/users/HA531660/WEB/Application/Runtime/Cache/Home/5b25d46fa9f6ae75b76124a39381fcca.php 第 128 行.
NOTIC: [8] Use of undefined constant aid - assumed 'aid' /www/users/HA531660/WEB/Application/Runtime/Cache/Home/5b25d46fa9f6ae75b76124a39381fcca.php 第 128 行.
NOTIC: [8] Use of undefined constant aid - assumed 'aid' /www/users/HA531660/WEB/Application/Runtime/Cache/Home/5b25d46fa9f6ae75b76124a39381fcca.php 第 128 行.
NOTIC: [8] Use of undefined constant aid - assumed 'aid' /www/users/HA531660/WEB/Application/Runtime/Cache/Home/5b25d46fa9f6ae75b76124a39381fcca.php 第 128 行.
NOTIC: [8] Use of undefined constant aid - assumed 'aid' /www/users/HA531660/WEB/Application/Runtime/Cache/Home/5b25d46fa9f6ae75b76124a39381fcca.php 第 128 行.
NOTIC: [8] Use of undefined constant aid - assumed 'aid' /www/users/HA531660/WEB/Application/Runtime/Cache/Home/5b25d46fa9f6ae75b76124a39381fcca.php 第 128 行.
NOTIC: [8] Use of undefined constant utf8 - assumed 'utf8' /www/users/HA531660/WEB/Application/Runtime/Cache/Home/5b25d46fa9f6ae75b76124a39381fcca.php 第 156 行.
NOTIC: [8] Use of undefined constant utf8 - assumed 'utf8' /www/users/HA531660/WEB/Application/Runtime/Cache/Home/5b25d46fa9f6ae75b76124a39381fcca.php 第 156 行.
NOTIC: [8] Use of undefined constant utf8 - assumed 'utf8' /www/users/HA531660/WEB/Application/Runtime/Cache/Home/5b25d46fa9f6ae75b76124a39381fcca.php 第 156 行.
NOTIC: [8] Use of undefined constant utf8 - assumed 'utf8' /www/users/HA531660/WEB/Application/Runtime/Cache/Home/5b25d46fa9f6ae75b76124a39381fcca.php 第 156 行.
NOTIC: [8] Use of undefined constant utf8 - assumed 'utf8' /www/users/HA531660/WEB/Application/Runtime/Cache/Home/5b25d46fa9f6ae75b76124a39381fcca.php 第 156 行.
NOTIC: [8] Use of undefined constant utf8 - assumed 'utf8' /www/users/HA531660/WEB/Application/Runtime/Cache/Home/5b25d46fa9f6ae75b76124a39381fcca.php 第 156 行.
NOTIC: [8] Use of undefined constant aid - assumed 'aid' /www/users/HA531660/WEB/Application/Runtime/Cache/Home/5b25d46fa9f6ae75b76124a39381fcca.php 第 224 行.
NOTIC: [8] Use of undefined constant aid - assumed 'aid' /www/users/HA531660/WEB/Application/Runtime/Cache/Home/5b25d46fa9f6ae75b76124a39381fcca.php 第 224 行.
NOTIC: [8] Use of undefined constant aid - assumed 'aid' /www/users/HA531660/WEB/Application/Runtime/Cache/Home/5b25d46fa9f6ae75b76124a39381fcca.php 第 224 行.
NOTIC: [8] Use of undefined constant aid - assumed 'aid' /www/users/HA531660/WEB/Application/Runtime/Cache/Home/5b25d46fa9f6ae75b76124a39381fcca.php 第 224 行.
NOTIC: [8] Use of undefined constant aid - assumed 'aid' /www/users/HA531660/WEB/Application/Runtime/Cache/Home/5b25d46fa9f6ae75b76124a39381fcca.php 第 224 行.
NOTIC: [8] Use of undefined constant aid - assumed 'aid' /www/users/HA531660/WEB/Application/Runtime/Cache/Home/5b25d46fa9f6ae75b76124a39381fcca.php 第 224 行.
NOTIC: [8] Use of undefined constant aid - assumed 'aid' /www/users/HA531660/WEB/Application/Runtime/Cache/Home/5b25d46fa9f6ae75b76124a39381fcca.php 第 224 行.
NOTIC: [8] Use of undefined constant aid - assumed 'aid' /www/users/HA531660/WEB/Application/Runtime/Cache/Home/5b25d46fa9f6ae75b76124a39381fcca.php 第 224 行.
INFO: Run Behavior\ParseTemplateBehavior [ RunTime:0.051129s ]
INFO: [ view_parse ] --END-- [ RunTime:0.051239s ]
INFO: [ view_filter ] --START--
INFO: Run Behavior\WriteHtmlCacheBehavior [ RunTime:0.000419s ]
INFO: [ view_filter ] --END-- [ RunTime:0.000517s ]
INFO: [ app_end ] --START--
INFO: Run Behavior\ShowPageTraceBehavior [ RunTime:0.000717s ]
INFO: [ app_end ] --END-- [ RunTime:0.000836s ]

[ 2018-08-08T18:44:27+08:00 ] 157.55.39.153 /index.php/Home/Index/fashion
INFO: [ app_init ] --START--
INFO: Run Behavior\BuildLiteBehavior [ RunTime:0.000030s ]
INFO: [ app_init ] --END-- [ RunTime:0.000567s ]
INFO: [ app_begin ] --START--
INFO: Run Behavior\ReadHtmlCacheBehavior [ RunTime:0.000708s ]
INFO: [ app_begin ] --END-- [ RunTime:0.000801s ]
SQL: SHOW COLUMNS FROM `setting` [ RunTime:0.0236s ]
SQL: SELECT * FROM `setting`  [ RunTime:0.0012s ]
SQL: SELECT * FROM `setting`  [ RunTime:0.0010s ]
SQL: SHOW COLUMNS FROM `article` [ RunTime:0.0224s ]
SQL: SELECT COUNT(*) AS tp_count FROM `article` LIMIT 1   [ RunTime:0.0011s ]
SQL: SELECT * FROM `article` WHERE ( category='时尚' ) ORDER BY aid desc LIMIT 0,8   [ RunTime:0.0038s ]
SQL: SELECT * FROM `article` ORDER BY view desc LIMIT 8   [ RunTime:0.0049s ]
SQL: select sum(view) as view,author from article group by author order by view DESC limit 25  [ RunTime:0.0011s ]
INFO: [ view_parse ] --START--
INFO: [ template_filter ] --START--
INFO: Run Behavior\ContentReplaceBehavior [ RunTime:0.000115s ]
INFO: [ template_filter ] --END-- [ RunTime:0.000277s ]
NOTIC: [8] Use of undefined constant aid - assumed 'aid' /www/users/HA531660/WEB/Application/Runtime/Cache/Home/41affe53c3e1c278d4128c2f9dadba18.php 第 127 行.
NOTIC: [8] Use of undefined constant aid - assumed 'aid' /www/users/HA531660/WEB/Application/Runtime/Cache/Home/41affe53c3e1c278d4128c2f9dadba18.php 第 127 行.
NOTIC: [8] Use of undefined constant aid - assumed 'aid' /www/users/HA531660/WEB/Application/Runtime/Cache/Home/41affe53c3e1c278d4128c2f9dadba18.php 第 127 行.
NOTIC: [8] Use of undefined constant aid - assumed 'aid' /www/users/HA531660/WEB/Application/Runtime/Cache/Home/41affe53c3e1c278d4128c2f9dadba18.php 第 127 行.
NOTIC: [8] Use of undefined constant aid - assumed 'aid' /www/users/HA531660/WEB/Application/Runtime/Cache/Home/41affe53c3e1c278d4128c2f9dadba18.php 第 127 行.
NOTIC: [8] Use of undefined constant aid - assumed 'aid' /www/users/HA531660/WEB/Application/Runtime/Cache/Home/41affe53c3e1c278d4128c2f9dadba18.php 第 127 行.
NOTIC: [8] Use of undefined constant aid - assumed 'aid' /www/users/HA531660/WEB/Application/Runtime/Cache/Home/41affe53c3e1c278d4128c2f9dadba18.php 第 127 行.
NOTIC: [8] Use of undefined constant aid - assumed 'aid' /www/users/HA531660/WEB/Application/Runtime/Cache/Home/41affe53c3e1c278d4128c2f9dadba18.php 第 127 行.
NOTIC: [8] Use of undefined constant utf8 - assumed 'utf8' /www/users/HA531660/WEB/Application/Runtime/Cache/Home/41affe53c3e1c278d4128c2f9dadba18.php 第 156 行.
NOTIC: [8] Use of undefined constant utf8 - assumed 'utf8' /www/users/HA531660/WEB/Application/Runtime/Cache/Home/41affe53c3e1c278d4128c2f9dadba18.php 第 156 行.
NOTIC: [8] Use of undefined constant utf8 - assumed 'utf8' /www/users/HA531660/WEB/Application/Runtime/Cache/Home/41affe53c3e1c278d4128c2f9dadba18.php 第 156 行.
NOTIC: [8] Use of undefined constant utf8 - assumed 'utf8' /www/users/HA531660/WEB/Application/Runtime/Cache/Home/41affe53c3e1c278d4128c2f9dadba18.php 第 156 行.
NOTIC: [8] Use of undefined constant utf8 - assumed 'utf8' /www/users/HA531660/WEB/Application/Runtime/Cache/Home/41affe53c3e1c278d4128c2f9dadba18.php 第 156 行.
NOTIC: [8] Use of undefined constant utf8 - assumed 'utf8' /www/users/HA531660/WEB/Application/Runtime/Cache/Home/41affe53c3e1c278d4128c2f9dadba18.php 第 156 行.
NOTIC: [8] Use of undefined constant aid - assumed 'aid' /www/users/HA531660/WEB/Application/Runtime/Cache/Home/41affe53c3e1c278d4128c2f9dadba18.php 第 223 行.
NOTIC: [8] Use of undefined constant aid - assumed 'aid' /www/users/HA531660/WEB/Application/Runtime/Cache/Home/41affe53c3e1c278d4128c2f9dadba18.php 第 223 行.
NOTIC: [8] Use of undefined constant aid - assumed 'aid' /www/users/HA531660/WEB/Application/Runtime/Cache/Home/41affe53c3e1c278d4128c2f9dadba18.php 第 223 行.
NOTIC: [8] Use of undefined constant aid - assumed 'aid' /www/users/HA531660/WEB/Application/Runtime/Cache/Home/41affe53c3e1c278d4128c2f9dadba18.php 第 223 行.
NOTIC: [8] Use of undefined constant aid - assumed 'aid' /www/users/HA531660/WEB/Application/Runtime/Cache/Home/41affe53c3e1c278d4128c2f9dadba18.php 第 223 行.
NOTIC: [8] Use of undefined constant aid - assumed 'aid' /www/users/HA531660/WEB/Application/Runtime/Cache/Home/41affe53c3e1c278d4128c2f9dadba18.php 第 223 行.
NOTIC: [8] Use of undefined constant aid - assumed 'aid' /www/users/HA531660/WEB/Application/Runtime/Cache/Home/41affe53c3e1c278d4128c2f9dadba18.php 第 223 行.
NOTIC: [8] Use of undefined constant aid - assumed 'aid' /www/users/HA531660/WEB/Application/Runtime/Cache/Home/41affe53c3e1c278d4128c2f9dadba18.php 第 223 行.
INFO: Run Behavior\ParseTemplateBehavior [ RunTime:0.040900s ]
INFO: [ view_parse ] --END-- [ RunTime:0.041008s ]
INFO: [ view_filter ] --START--
INFO: Run Behavior\WriteHtmlCacheBehavior [ RunTime:0.000411s ]
INFO: [ view_filter ] --END-- [ RunTime:0.000487s ]
INFO: [ app_end ] --START--
INFO: Run Behavior\ShowPageTraceBehavior [ RunTime:0.000719s ]
INFO: [ app_end ] --END-- [ RunTime:0.000819s ]

[ 2018-08-08T18:44:27+08:00 ] 157.55.39.153 /index.php/Home/Index/read?aid=30
INFO: [ app_init ] --START--
INFO: Run Behavior\BuildLiteBehavior [ RunTime:0.000030s ]
INFO: [ app_init ] --END-- [ RunTime:0.000596s ]
INFO: [ app_begin ] --START--
INFO: Run Behavior\ReadHtmlCacheBehavior [ RunTime:0.000730s ]
INFO: [ app_begin ] --END-- [ RunTime:0.000828s ]
SQL: SHOW COLUMNS FROM `setting` [ RunTime:0.0244s ]
SQL: SELECT * FROM `setting`  [ RunTime:0.0014s ]
SQL: SHOW COLUMNS FROM `article` [ RunTime:0.0235s ]
SQL: SELECT * FROM `article` WHERE `aid` = 30 LIMIT 1   [ RunTime:0.0014s ]
SQL: UPDATE `article` SET `view`=view+1 WHERE `aid` = 30 [ RunTime:0.0014s ]
NOTIC: [2] preg_match_all() expects parameter 2 to be string, array given /www/users/HA531660/WEB/Application/Common/Common/function.php 第 4 行.
NOTIC: [8] Undefined offset: 0 /www/users/HA531660/WEB/Application/Common/Common/function.php 第 7 行.
INFO: [ view_parse ] --START--
INFO: [ template_filter ] --START--
INFO: Run Behavior\ContentReplaceBehavior [ RunTime:0.000089s ]
INFO: [ template_filter ] --END-- [ RunTime:0.000182s ]
INFO: Run Behavior\ParseTemplateBehavior [ RunTime:0.013125s ]
INFO: [ view_parse ] --END-- [ RunTime:0.013244s ]
INFO: [ view_filter ] --START--
INFO: Run Behavior\WriteHtmlCacheBehavior [ RunTime:0.000539s ]
INFO: [ view_filter ] --END-- [ RunTime:0.000622s ]
INFO: [ app_end ] --START--
INFO: Run Behavior\ShowPageTraceBehavior [ RunTime:0.000724s ]
INFO: [ app_end ] --END-- [ RunTime:0.000820s ]

[ 2018-08-08T18:45:24+08:00 ] 157.55.39.175 /index.php/Home/Index/read?aid=21
INFO: [ app_init ] --START--
INFO: Run Behavior\BuildLiteBehavior [ RunTime:0.000034s ]
INFO: [ app_init ] --END-- [ RunTime:0.000651s ]
INFO: [ app_begin ] --START--
INFO: Run Behavior\ReadHtmlCacheBehavior [ RunTime:0.000803s ]
INFO: [ app_begin ] --END-- [ RunTime:0.000906s ]
SQL: SHOW COLUMNS FROM `setting` [ RunTime:0.0238s ]
SQL: SELECT * FROM `setting`  [ RunTime:0.0010s ]
SQL: SHOW COLUMNS FROM `article` [ RunTime:0.0234s ]
SQL: SELECT * FROM `article` WHERE `aid` = 21 LIMIT 1   [ RunTime:0.0014s ]
SQL: UPDATE `article` SET `view`=view+1 WHERE `aid` = 21 [ RunTime:0.0012s ]
NOTIC: [2] preg_match_all() expects parameter 2 to be string, array given /www/users/HA531660/WEB/Application/Common/Common/function.php 第 4 行.
NOTIC: [8] Undefined offset: 0 /www/users/HA531660/WEB/Application/Common/Common/function.php 第 7 行.
INFO: [ view_parse ] --START--
INFO: [ template_filter ] --START--
INFO: Run Behavior\ContentReplaceBehavior [ RunTime:0.000095s ]
INFO: [ template_filter ] --END-- [ RunTime:0.000205s ]
INFO: Run Behavior\ParseTemplateBehavior [ RunTime:0.014492s ]
INFO: [ view_parse ] --END-- [ RunTime:0.014654s ]
INFO: [ view_filter ] --START--
INFO: Run Behavior\WriteHtmlCacheBehavior [ RunTime:0.000553s ]
INFO: [ view_filter ] --END-- [ RunTime:0.000644s ]
INFO: [ app_end ] --START--
INFO: Run Behavior\ShowPageTraceBehavior [ RunTime:0.000748s ]
INFO: [ app_end ] --END-- [ RunTime:0.000845s ]

[ 2018-08-08T18:45:25+08:00 ] 157.55.39.175 /index.php/Home/Index/education
INFO: [ app_init ] --START--
INFO: Run Behavior\BuildLiteBehavior [ RunTime:0.000031s ]
INFO: [ app_init ] --END-- [ RunTime:0.000624s ]
INFO: [ app_begin ] --START--
INFO: Run Behavior\ReadHtmlCacheBehavior [ RunTime:0.000856s ]
INFO: [ app_begin ] --END-- [ RunTime:0.000949s ]
SQL: SHOW COLUMNS FROM `setting` [ RunTime:0.0230s ]
SQL: SELECT * FROM `setting`  [ RunTime:0.0013s ]
SQL: SELECT * FROM `setting`  [ RunTime:0.0011s ]
SQL: SHOW COLUMNS FROM `article` [ RunTime:0.0229s ]
SQL: SELECT COUNT(*) AS tp_count FROM `article` LIMIT 1   [ RunTime:0.0011s ]
SQL: SELECT * FROM `article` WHERE ( category='教育' ) ORDER BY aid desc LIMIT 0,8   [ RunTime:0.0119s ]
SQL: SELECT * FROM `article` ORDER BY view desc LIMIT 8   [ RunTime:0.0049s ]
SQL: select sum(view) as view,author from article group by author order by view DESC limit 25  [ RunTime:0.0012s ]
INFO: [ view_parse ] --START--
INFO: [ template_filter ] --START--
INFO: Run Behavior\ContentReplaceBehavior [ RunTime:0.000096s ]
INFO: [ template_filter ] --END-- [ RunTime:0.000199s ]
NOTIC: [8] Use of undefined constant aid - assumed 'aid' /www/users/HA531660/WEB/Application/Runtime/Cache/Home/28af3cbf496e6769a54c4cf4bfe418ea.php 第 137 行.
NOTIC: [8] Use of undefined constant aid - assumed 'aid' /www/users/HA531660/WEB/Application/Runtime/Cache/Home/28af3cbf496e6769a54c4cf4bfe418ea.php 第 137 行.
NOTIC: [8] Use of undefined constant aid - assumed 'aid' /www/users/HA531660/WEB/Application/Runtime/Cache/Home/28af3cbf496e6769a54c4cf4bfe418ea.php 第 137 行.
NOTIC: [8] Use of undefined constant aid - assumed 'aid' /www/users/HA531660/WEB/Application/Runtime/Cache/Home/28af3cbf496e6769a54c4cf4bfe418ea.php 第 137 行.
NOTIC: [8] Use of undefined constant aid - assumed 'aid' /www/users/HA531660/WEB/Application/Runtime/Cache/Home/28af3cbf496e6769a54c4cf4bfe418ea.php 第 137 行.
NOTIC: [8] Use of undefined constant aid - assumed 'aid' /www/users/HA531660/WEB/Application/Runtime/Cache/Home/28af3cbf496e6769a54c4cf4bfe418ea.php 第 137 行.
NOTIC: [8] Use of undefined constant aid - assumed 'aid' /www/users/HA531660/WEB/Application/Runtime/Cache/Home/28af3cbf496e6769a54c4cf4bfe418ea.php 第 137 行.
NOTIC: [8] Use of undefined constant aid - assumed 'aid' /www/users/HA531660/WEB/Application/Runtime/Cache/Home/28af3cbf496e6769a54c4cf4bfe418ea.php 第 137 行.
NOTIC: [8] Use of undefined constant utf8 - assumed 'utf8' /www/users/HA531660/WEB/Application/Runtime/Cache/Home/28af3cbf496e6769a54c4cf4bfe418ea.php 第 165 行.
NOTIC: [8] Use of undefined constant utf8 - assumed 'utf8' /www/users/HA531660/WEB/Application/Runtime/Cache/Home/28af3cbf496e6769a54c4cf4bfe418ea.php 第 165 行.
NOTIC: [8] Use of undefined constant utf8 - assumed 'utf8' /www/users/HA531660/WEB/Application/Runtime/Cache/Home/28af3cbf496e6769a54c4cf4bfe418ea.php 第 165 行.
NOTIC: [8] Use of undefined constant utf8 - assumed 'utf8' /www/users/HA531660/WEB/Application/Runtime/Cache/Home/28af3cbf496e6769a54c4cf4bfe418ea.php 第 165 行.
NOTIC: [8] Use of undefined constant utf8 - assumed 'utf8' /www/users/HA531660/WEB/Application/Runtime/Cache/Home/28af3cbf496e6769a54c4cf4bfe418ea.php 第 165 行.
NOTIC: [8] Use of undefined constant utf8 - assumed 'utf8' /www/users/HA531660/WEB/Application/Runtime/Cache/Home/28af3cbf496e6769a54c4cf4bfe418ea.php 第 165 行.
NOTIC: [8] Use of undefined constant aid - assumed 'aid' /www/users/HA531660/WEB/Application/Runtime/Cache/Home/28af3cbf496e6769a54c4cf4bfe418ea.php 第 233 行.
NOTIC: [8] Use of undefined constant aid - assumed 'aid' /www/users/HA531660/WEB/Application/Runtime/Cache/Home/28af3cbf496e6769a54c4cf4bfe418ea.php 第 233 行.
NOTIC: [8] Use of undefined constant aid - assumed 'aid' /www/users/HA531660/WEB/Application/Runtime/Cache/Home/28af3cbf496e6769a54c4cf4bfe418ea.php 第 233 行.
NOTIC: [8] Use of undefined constant aid - assumed 'aid' /www/users/HA531660/WEB/Application/Runtime/Cache/Home/28af3cbf496e6769a54c4cf4bfe418ea.php 第 233 行.
NOTIC: [8] Use of undefined constant aid - assumed 'aid' /www/users/HA531660/WEB/Application/Runtime/Cache/Home/28af3cbf496e6769a54c4cf4bfe418ea.php 第 233 行.
NOTIC: [8] Use of undefined constant aid - assumed 'aid' /www/users/HA531660/WEB/Application/Runtime/Cache/Home/28af3cbf496e6769a54c4cf4bfe418ea.php 第 233 行.
NOTIC: [8] Use of undefined constant aid - assumed 'aid' /www/users/HA531660/WEB/Application/Runtime/Cache/Home/28af3cbf496e6769a54c4cf4bfe418ea.php 第 233 行.
NOTIC: [8] Use of undefined constant aid - assumed 'aid' /www/users/HA531660/WEB/Application/Runtime/Cache/Home/28af3cbf496e6769a54c4cf4bfe418ea.php 第 233 行.
INFO: Run Behavior\ParseTemplateBehavior [ RunTime:0.315186s ]
INFO: [ view_parse ] --END-- [ RunTime:0.315311s ]
INFO: [ view_filter ] --START--
INFO: Run Behavior\WriteHtmlCacheBehavior [ RunTime:0.000462s ]
INFO: [ view_filter ] --END-- [ RunTime:0.000538s ]
INFO: [ app_end ] --START--
INFO: Run Behavior\ShowPageTraceBehavior [ RunTime:0.000694s ]
INFO: [ app_end ] --END-- [ RunTime:0.000779s ]

[ 2018-08-08T19:20:34+08:00 ] 125.84.177.232 /
INFO: [ app_init ] --START--
INFO: Run Behavior\BuildLiteBehavior [ RunTime:0.000040s ]
INFO: [ app_init ] --END-- [ RunTime:0.000754s ]
INFO: [ app_begin ] --START--
INFO: Run Behavior\ReadHtmlCacheBehavior [ RunTime:0.000829s ]
INFO: [ app_begin ] --END-- [ RunTime:0.000922s ]
SQL: SHOW COLUMNS FROM `setting` [ RunTime:0.0233s ]
SQL: SELECT * FROM `setting`  [ RunTime:0.0010s ]
SQL: SELECT * FROM `setting`  [ RunTime:0.0010s ]
SQL: SHOW COLUMNS FROM `article` [ RunTime:0.0228s ]
SQL: SELECT COUNT(*) AS tp_count FROM `article` LIMIT 1   [ RunTime:0.0012s ]
SQL: SELECT * FROM `article` WHERE ( category='旅游1' ) UNION (select * from article where category='时尚'order by aid desc limit 2) UNION (select * from article where category='旅游'order by aid desc limit 2) UNION (select * from article where category='美食'order by aid desc limit 2) UNION (select * from article where category='教育'order by aid desc limit 2) [ RunTime:0.0323s ]
SQL: SELECT * FROM `article` ORDER BY view desc LIMIT 8   [ RunTime:0.0065s ]
SQL: select sum(view) as view,author from article group by author order by view DESC limit 25  [ RunTime:0.0012s ]
INFO: [ view_parse ] --START--
INFO: [ template_filter ] --START--
INFO: Run Behavior\ContentReplaceBehavior [ RunTime:0.000143s ]
INFO: [ template_filter ] --END-- [ RunTime:0.000247s ]
NOTIC: [8] Use of undefined constant aid - assumed 'aid' /www/users/HA531660/WEB/Application/Runtime/Cache/Home/2a94b8bda04ff446dcedd42276fc99ee.php 第 140 行.
NOTIC: [8] Use of undefined constant aid - assumed 'aid' /www/users/HA531660/WEB/Application/Runtime/Cache/Home/2a94b8bda04ff446dcedd42276fc99ee.php 第 140 行.
NOTIC: [8] Use of undefined constant aid - assumed 'aid' /www/users/HA531660/WEB/Application/Runtime/Cache/Home/2a94b8bda04ff446dcedd42276fc99ee.php 第 140 行.
NOTIC: [8] Use of undefined constant aid - assumed 'aid' /www/users/HA531660/WEB/Application/Runtime/Cache/Home/2a94b8bda04ff446dcedd42276fc99ee.php 第 140 行.
NOTIC: [8] Use of undefined constant aid - assumed 'aid' /www/users/HA531660/WEB/Application/Runtime/Cache/Home/2a94b8bda04ff446dcedd42276fc99ee.php 第 140 行.
NOTIC: [8] Use of undefined constant aid - assumed 'aid' /www/users/HA531660/WEB/Application/Runtime/Cache/Home/2a94b8bda04ff446dcedd42276fc99ee.php 第 140 行.
NOTIC: [8] Use of undefined constant aid - assumed 'aid' /www/users/HA531660/WEB/Application/Runtime/Cache/Home/2a94b8bda04ff446dcedd42276fc99ee.php 第 140 行.
NOTIC: [8] Use of undefined constant aid - assumed 'aid' /www/users/HA531660/WEB/Application/Runtime/Cache/Home/2a94b8bda04ff446dcedd42276fc99ee.php 第 140 行.
NOTIC: [8] Use of undefined constant utf8 - assumed 'utf8' /www/users/HA531660/WEB/Application/Runtime/Cache/Home/2a94b8bda04ff446dcedd42276fc99ee.php 第 169 行.
NOTIC: [8] Use of undefined constant utf8 - assumed 'utf8' /www/users/HA531660/WEB/Application/Runtime/Cache/Home/2a94b8bda04ff446dcedd42276fc99ee.php 第 169 行.
NOTIC: [8] Use of undefined constant utf8 - assumed 'utf8' /www/users/HA531660/WEB/Application/Runtime/Cache/Home/2a94b8bda04ff446dcedd42276fc99ee.php 第 169 行.
NOTIC: [8] Use of undefined constant utf8 - assumed 'utf8' /www/users/HA531660/WEB/Application/Runtime/Cache/Home/2a94b8bda04ff446dcedd42276fc99ee.php 第 169 行.
NOTIC: [8] Use of undefined constant utf8 - assumed 'utf8' /www/users/HA531660/WEB/Application/Runtime/Cache/Home/2a94b8bda04ff446dcedd42276fc99ee.php 第 169 行.
NOTIC: [8] Use of undefined constant utf8 - assumed 'utf8' /www/users/HA531660/WEB/Application/Runtime/Cache/Home/2a94b8bda04ff446dcedd42276fc99ee.php 第 169 行.
NOTIC: [8] Use of undefined constant aid - assumed 'aid' /www/users/HA531660/WEB/Application/Runtime/Cache/Home/2a94b8bda04ff446dcedd42276fc99ee.php 第 236 行.
NOTIC: [8] Use of undefined constant aid - assumed 'aid' /www/users/HA531660/WEB/Application/Runtime/Cache/Home/2a94b8bda04ff446dcedd42276fc99ee.php 第 236 行.
NOTIC: [8] Use of undefined constant aid - assumed 'aid' /www/users/HA531660/WEB/Application/Runtime/Cache/Home/2a94b8bda04ff446dcedd42276fc99ee.php 第 236 行.
NOTIC: [8] Use of undefined constant aid - assumed 'aid' /www/users/HA531660/WEB/Application/Runtime/Cache/Home/2a94b8bda04ff446dcedd42276fc99ee.php 第 236 行.
NOTIC: [8] Use of undefined constant aid - assumed 'aid' /www/users/HA531660/WEB/Application/Runtime/Cache/Home/2a94b8bda04ff446dcedd42276fc99ee.php 第 236 行.
NOTIC: [8] Use of undefined constant aid - assumed 'aid' /www/users/HA531660/WEB/Application/Runtime/Cache/Home/2a94b8bda04ff446dcedd42276fc99ee.php 第 236 行.
NOTIC: [8] Use of undefined constant aid - assumed 'aid' /www/users/HA531660/WEB/Application/Runtime/Cache/Home/2a94b8bda04ff446dcedd42276fc99ee.php 第 236 行.
NOTIC: [8] Use of undefined constant aid - assumed 'aid' /www/users/HA531660/WEB/Application/Runtime/Cache/Home/2a94b8bda04ff446dcedd42276fc99ee.php 第 236 行.
INFO: Run Behavior\ParseTemplateBehavior [ RunTime:0.104163s ]
INFO: [ view_parse ] --END-- [ RunTime:0.104351s ]
INFO: [ view_filter ] --START--
INFO: Run Behavior\WriteHtmlCacheBehavior [ RunTime:0.000709s ]
INFO: [ view_filter ] --END-- [ RunTime:0.000867s ]
INFO: [ app_end ] --START--
INFO: Run Behavior\ShowPageTraceBehavior [ RunTime:0.001315s ]
INFO: [ app_end ] --END-- [ RunTime:0.001522s ]

[ 2018-08-08T20:52:17+08:00 ] 183.62.251.3 /
INFO: [ app_init ] --START--
INFO: Run Behavior\BuildLiteBehavior [ RunTime:0.000035s ]
INFO: [ app_init ] --END-- [ RunTime:0.000712s ]
INFO: [ app_begin ] --START--
INFO: Run Behavior\ReadHtmlCacheBehavior [ RunTime:0.000954s ]
INFO: [ app_begin ] --END-- [ RunTime:0.001054s ]
SQL: SHOW COLUMNS FROM `setting` [ RunTime:0.0237s ]
SQL: SELECT * FROM `setting`  [ RunTime:0.0014s ]
SQL: SELECT * FROM `setting`  [ RunTime:0.0011s ]
SQL: SHOW COLUMNS FROM `article` [ RunTime:0.0222s ]
SQL: SELECT COUNT(*) AS tp_count FROM `article` LIMIT 1   [ RunTime:0.0012s ]
SQL: SELECT * FROM `article` WHERE ( category='旅游1' ) UNION (select * from article where category='时尚'order by aid desc limit 2) UNION (select * from article where category='旅游'order by aid desc limit 2) UNION (select * from article where category='美食'order by aid desc limit 2) UNION (select * from article where category='教育'order by aid desc limit 2) [ RunTime:0.0330s ]
SQL: SELECT * FROM `article` ORDER BY view desc LIMIT 8   [ RunTime:0.0134s ]
SQL: select sum(view) as view,author from article group by author order by view DESC limit 25  [ RunTime:0.0016s ]
INFO: [ view_parse ] --START--
INFO: [ template_filter ] --START--
INFO: Run Behavior\ContentReplaceBehavior [ RunTime:0.000191s ]
INFO: [ template_filter ] --END-- [ RunTime:0.000373s ]
NOTIC: [8] Use of undefined constant aid - assumed 'aid' /www/users/HA531660/WEB/Application/Runtime/Cache/Home/2a94b8bda04ff446dcedd42276fc99ee.php 第 140 行.
NOTIC: [8] Use of undefined constant aid - assumed 'aid' /www/users/HA531660/WEB/Application/Runtime/Cache/Home/2a94b8bda04ff446dcedd42276fc99ee.php 第 140 行.
NOTIC: [8] Use of undefined constant aid - assumed 'aid' /www/users/HA531660/WEB/Application/Runtime/Cache/Home/2a94b8bda04ff446dcedd42276fc99ee.php 第 140 行.
NOTIC: [8] Use of undefined constant aid - assumed 'aid' /www/users/HA531660/WEB/Application/Runtime/Cache/Home/2a94b8bda04ff446dcedd42276fc99ee.php 第 140 行.
NOTIC: [8] Use of undefined constant aid - assumed 'aid' /www/users/HA531660/WEB/Application/Runtime/Cache/Home/2a94b8bda04ff446dcedd42276fc99ee.php 第 140 行.
NOTIC: [8] Use of undefined constant aid - assumed 'aid' /www/users/HA531660/WEB/Application/Runtime/Cache/Home/2a94b8bda04ff446dcedd42276fc99ee.php 第 140 行.
NOTIC: [8] Use of undefined constant aid - assumed 'aid' /www/users/HA531660/WEB/Application/Runtime/Cache/Home/2a94b8bda04ff446dcedd42276fc99ee.php 第 140 行.
NOTIC: [8] Use of undefined constant aid - assumed 'aid' /www/users/HA531660/WEB/Application/Runtime/Cache/Home/2a94b8bda04ff446dcedd42276fc99ee.php 第 140 行.
NOTIC: [8] Use of undefined constant utf8 - assumed 'utf8' /www/users/HA531660/WEB/Application/Runtime/Cache/Home/2a94b8bda04ff446dcedd42276fc99ee.php 第 169 行.
NOTIC: [8] Use of undefined constant utf8 - assumed 'utf8' /www/users/HA531660/WEB/Application/Runtime/Cache/Home/2a94b8bda04ff446dcedd42276fc99ee.php 第 169 行.
NOTIC: [8] Use of undefined constant utf8 - assumed 'utf8' /www/users/HA531660/WEB/Application/Runtime/Cache/Home/2a94b8bda04ff446dcedd42276fc99ee.php 第 169 行.
NOTIC: [8] Use of undefined constant utf8 - assumed 'utf8' /www/users/HA531660/WEB/Application/Runtime/Cache/Home/2a94b8bda04ff446dcedd42276fc99ee.php 第 169 行.
NOTIC: [8] Use of undefined constant utf8 - assumed 'utf8' /www/users/HA531660/WEB/Application/Runtime/Cache/Home/2a94b8bda04ff446dcedd42276fc99ee.php 第 169 行.
NOTIC: [8] Use of undefined constant utf8 - assumed 'utf8' /www/users/HA531660/WEB/Application/Runtime/Cache/Home/2a94b8bda04ff446dcedd42276fc99ee.php 第 169 行.
NOTIC: [8] Use of undefined constant aid - assumed 'aid' /www/users/HA531660/WEB/Application/Runtime/Cache/Home/2a94b8bda04ff446dcedd42276fc99ee.php 第 236 行.
NOTIC: [8] Use of undefined constant aid - assumed 'aid' /www/users/HA531660/WEB/Application/Runtime/Cache/Home/2a94b8bda04ff446dcedd42276fc99ee.php 第 236 行.
NOTIC: [8] Use of undefined constant aid - assumed 'aid' /www/users/HA531660/WEB/Application/Runtime/Cache/Home/2a94b8bda04ff446dcedd42276fc99ee.php 第 236 行.
NOTIC: [8] Use of undefined constant aid - assumed 'aid' /www/users/HA531660/WEB/Application/Runtime/Cache/Home/2a94b8bda04ff446dcedd42276fc99ee.php 第 236 行.
NOTIC: [8] Use of undefined constant aid - assumed 'aid' /www/users/HA531660/WEB/Application/Runtime/Cache/Home/2a94b8bda04ff446dcedd42276fc99ee.php 第 236 行.
NOTIC: [8] Use of undefined constant aid - assumed 'aid' /www/users/HA531660/WEB/Application/Runtime/Cache/Home/2a94b8bda04ff446dcedd42276fc99ee.php 第 236 行.
NOTIC: [8] Use of undefined constant aid - assumed 'aid' /www/users/HA531660/WEB/Application/Runtime/Cache/Home/2a94b8bda04ff446dcedd42276fc99ee.php 第 236 行.
NOTIC: [8] Use of undefined constant aid - assumed 'aid' /www/users/HA531660/WEB/Application/Runtime/Cache/Home/2a94b8bda04ff446dcedd42276fc99ee.php 第 236 行.
INFO: Run Behavior\ParseTemplateBehavior [ RunTime:0.075627s ]
INFO: [ view_parse ] --END-- [ RunTime:0.075814s ]
INFO: [ view_filter ] --START--
INFO: Run Behavior\WriteHtmlCacheBehavior [ RunTime:0.000514s ]
INFO: [ view_filter ] --END-- [ RunTime:0.000591s ]
INFO: [ app_end ] --START--
INFO: Run Behavior\ShowPageTraceBehavior [ RunTime:0.000882s ]
INFO: [ app_end ] --END-- [ RunTime:0.000968s ]

[ 2018-08-08T21:35:36+08:00 ] 52.53.201.78 /
INFO: [ app_init ] --START--
INFO: Run Behavior\BuildLiteBehavior [ RunTime:0.000041s ]
INFO: [ app_init ] --END-- [ RunTime:0.001192s ]
INFO: [ app_begin ] --START--
INFO: Run Behavior\ReadHtmlCacheBehavior [ RunTime:0.002001s ]
INFO: [ app_begin ] --END-- [ RunTime:0.002142s ]
SQL: SHOW COLUMNS FROM `setting` [ RunTime:0.0276s ]
SQL: SELECT * FROM `setting`  [ RunTime:0.0014s ]
SQL: SELECT * FROM `setting`  [ RunTime:0.0067s ]
SQL: SHOW COLUMNS FROM `article` [ RunTime:0.0229s ]
SQL: SELECT COUNT(*) AS tp_count FROM `article` LIMIT 1   [ RunTime:0.0010s ]
SQL: SELECT * FROM `article` WHERE ( category='旅游1' ) UNION (select * from article where category='时尚'order by aid desc limit 2) UNION (select * from article where category='旅游'order by aid desc limit 2) UNION (select * from article where category='美食'order by aid desc limit 2) UNION (select * from article where category='教育'order by aid desc limit 2) [ RunTime:0.0333s ]
SQL: SELECT * FROM `article` ORDER BY view desc LIMIT 8   [ RunTime:0.0069s ]
SQL: select sum(view) as view,author from article group by author order by view DESC limit 25  [ RunTime:0.0013s ]
INFO: [ view_parse ] --START--
INFO: [ template_filter ] --START--
INFO: Run Behavior\ContentReplaceBehavior [ RunTime:0.000143s ]
INFO: [ template_filter ] --END-- [ RunTime:0.000289s ]
NOTIC: [8] Use of undefined constant aid - assumed 'aid' /www/users/HA531660/WEB/Application/Runtime/Cache/Home/2a94b8bda04ff446dcedd42276fc99ee.php 第 140 行.
NOTIC: [8] Use of undefined constant aid - assumed 'aid' /www/users/HA531660/WEB/Application/Runtime/Cache/Home/2a94b8bda04ff446dcedd42276fc99ee.php 第 140 行.
NOTIC: [8] Use of undefined constant aid - assumed 'aid' /www/users/HA531660/WEB/Application/Runtime/Cache/Home/2a94b8bda04ff446dcedd42276fc99ee.php 第 140 行.
NOTIC: [8] Use of undefined constant aid - assumed 'aid' /www/users/HA531660/WEB/Application/Runtime/Cache/Home/2a94b8bda04ff446dcedd42276fc99ee.php 第 140 行.
NOTIC: [8] Use of undefined constant aid - assumed 'aid' /www/users/HA531660/WEB/Application/Runtime/Cache/Home/2a94b8bda04ff446dcedd42276fc99ee.php 第 140 行.
NOTIC: [8] Use of undefined constant aid - assumed 'aid' /www/users/HA531660/WEB/Application/Runtime/Cache/Home/2a94b8bda04ff446dcedd42276fc99ee.php 第 140 行.
NOTIC: [8] Use of undefined constant aid - assumed 'aid' /www/users/HA531660/WEB/Application/Runtime/Cache/Home/2a94b8bda04ff446dcedd42276fc99ee.php 第 140 行.
NOTIC: [8] Use of undefined constant aid - assumed 'aid' /www/users/HA531660/WEB/Application/Runtime/Cache/Home/2a94b8bda04ff446dcedd42276fc99ee.php 第 140 行.
NOTIC: [8] Use of undefined constant utf8 - assumed 'utf8' /www/users/HA531660/WEB/Application/Runtime/Cache/Home/2a94b8bda04ff446dcedd42276fc99ee.php 第 169 行.
NOTIC: [8] Use of undefined constant utf8 - assumed 'utf8' /www/users/HA531660/WEB/Application/Runtime/Cache/Home/2a94b8bda04ff446dcedd42276fc99ee.php 第 169 行.
NOTIC: [8] Use of undefined constant utf8 - assumed 'utf8' /www/users/HA531660/WEB/Application/Runtime/Cache/Home/2a94b8bda04ff446dcedd42276fc99ee.php 第 169 行.
NOTIC: [8] Use of undefined constant utf8 - assumed 'utf8' /www/users/HA531660/WEB/Application/Runtime/Cache/Home/2a94b8bda04ff446dcedd42276fc99ee.php 第 169 行.
NOTIC: [8] Use of undefined constant utf8 - assumed 'utf8' /www/users/HA531660/WEB/Application/Runtime/Cache/Home/2a94b8bda04ff446dcedd42276fc99ee.php 第 169 行.
NOTIC: [8] Use of undefined constant utf8 - assumed 'utf8' /www/users/HA531660/WEB/Application/Runtime/Cache/Home/2a94b8bda04ff446dcedd42276fc99ee.php 第 169 行.
NOTIC: [8] Use of undefined constant aid - assumed 'aid' /www/users/HA531660/WEB/Application/Runtime/Cache/Home/2a94b8bda04ff446dcedd42276fc99ee.php 第 236 行.
NOTIC: [8] Use of undefined constant aid - assumed 'aid' /www/users/HA531660/WEB/Application/Runtime/Cache/Home/2a94b8bda04ff446dcedd42276fc99ee.php 第 236 行.
NOTIC: [8] Use of undefined constant aid - assumed 'aid' /www/users/HA531660/WEB/Application/Runtime/Cache/Home/2a94b8bda04ff446dcedd42276fc99ee.php 第 236 行.
NOTIC: [8] Use of undefined constant aid - assumed 'aid' /www/users/HA531660/WEB/Application/Runtime/Cache/Home/2a94b8bda04ff446dcedd42276fc99ee.php 第 236 行.
NOTIC: [8] Use of undefined constant aid - assumed 'aid' /www/users/HA531660/WEB/Application/Runtime/Cache/Home/2a94b8bda04ff446dcedd42276fc99ee.php 第 236 行.
NOTIC: [8] Use of undefined constant aid - assumed 'aid' /www/users/HA531660/WEB/Application/Runtime/Cache/Home/2a94b8bda04ff446dcedd42276fc99ee.php 第 236 行.
NOTIC: [8] Use of undefined constant aid - assumed 'aid' /www/users/HA531660/WEB/Application/Runtime/Cache/Home/2a94b8bda04ff446dcedd42276fc99ee.php 第 236 行.
NOTIC: [8] Use of undefined constant aid - assumed 'aid' /www/users/HA531660/WEB/Application/Runtime/Cache/Home/2a94b8bda04ff446dcedd42276fc99ee.php 第 236 行.
INFO: Run Behavior\ParseTemplateBehavior [ RunTime:0.072734s ]
INFO: [ view_parse ] --END-- [ RunTime:0.072876s ]
INFO: [ view_filter ] --START--
INFO: Run Behavior\WriteHtmlCacheBehavior [ RunTime:0.000615s ]
INFO: [ view_filter ] --END-- [ RunTime:0.000708s ]
INFO: [ app_end ] --START--
INFO: Run Behavior\ShowPageTraceBehavior [ RunTime:0.001418s ]
INFO: [ app_end ] --END-- [ RunTime:0.001565s ]

[ 2018-08-08T22:22:15+08:00 ] 124.160.26.189 /
INFO: [ app_init ] --START--
INFO: Run Behavior\BuildLiteBehavior [ RunTime:0.000054s ]
INFO: [ app_init ] --END-- [ RunTime:0.001081s ]
INFO: [ app_begin ] --START--
INFO: Run Behavior\ReadHtmlCacheBehavior [ RunTime:0.011106s ]
INFO: [ app_begin ] --END-- [ RunTime:0.011283s ]
SQL: SHOW COLUMNS FROM `setting` [ RunTime:0.0253s ]
SQL: SELECT * FROM `setting`  [ RunTime:0.0011s ]
SQL: SELECT * FROM `setting`  [ RunTime:0.0011s ]
SQL: SHOW COLUMNS FROM `article` [ RunTime:0.0253s ]
SQL: SELECT COUNT(*) AS tp_count FROM `article` LIMIT 1   [ RunTime:0.0112s ]
SQL: SELECT * FROM `article` WHERE ( category='旅游1' ) UNION (select * from article where category='时尚'order by aid desc limit 2) UNION (select * from article where category='旅游'order by aid desc limit 2) UNION (select * from article where category='美食'order by aid desc limit 2) UNION (select * from article where category='教育'order by aid desc limit 2) [ RunTime:0.0296s ]
SQL: SELECT * FROM `article` ORDER BY view desc LIMIT 8   [ RunTime:0.0080s ]
SQL: select sum(view) as view,author from article group by author order by view DESC limit 25  [ RunTime:0.0019s ]
INFO: [ view_parse ] --START--
INFO: [ template_filter ] --START--
INFO: Run Behavior\ContentReplaceBehavior [ RunTime:0.000212s ]
INFO: [ template_filter ] --END-- [ RunTime:0.000400s ]
NOTIC: [8] Use of undefined constant aid - assumed 'aid' /www/users/HA531660/WEB/Application/Runtime/Cache/Home/2a94b8bda04ff446dcedd42276fc99ee.php 第 140 行.
NOTIC: [8] Use of undefined constant aid - assumed 'aid' /www/users/HA531660/WEB/Application/Runtime/Cache/Home/2a94b8bda04ff446dcedd42276fc99ee.php 第 140 行.
NOTIC: [8] Use of undefined constant aid - assumed 'aid' /www/users/HA531660/WEB/Application/Runtime/Cache/Home/2a94b8bda04ff446dcedd42276fc99ee.php 第 140 行.
NOTIC: [8] Use of undefined constant aid - assumed 'aid' /www/users/HA531660/WEB/Application/Runtime/Cache/Home/2a94b8bda04ff446dcedd42276fc99ee.php 第 140 行.
NOTIC: [8] Use of undefined constant aid - assumed 'aid' /www/users/HA531660/WEB/Application/Runtime/Cache/Home/2a94b8bda04ff446dcedd42276fc99ee.php 第 140 行.
NOTIC: [8] Use of undefined constant aid - assumed 'aid' /www/users/HA531660/WEB/Application/Runtime/Cache/Home/2a94b8bda04ff446dcedd42276fc99ee.php 第 140 行.
NOTIC: [8] Use of undefined constant aid - assumed 'aid' /www/users/HA531660/WEB/Application/Runtime/Cache/Home/2a94b8bda04ff446dcedd42276fc99ee.php 第 140 行.
NOTIC: [8] Use of undefined constant aid - assumed 'aid' /www/users/HA531660/WEB/Application/Runtime/Cache/Home/2a94b8bda04ff446dcedd42276fc99ee.php 第 140 行.
NOTIC: [8] Use of undefined constant utf8 - assumed 'utf8' /www/users/HA531660/WEB/Application/Runtime/Cache/Home/2a94b8bda04ff446dcedd42276fc99ee.php 第 169 行.
NOTIC: [8] Use of undefined constant utf8 - assumed 'utf8' /www/users/HA531660/WEB/Application/Runtime/Cache/Home/2a94b8bda04ff446dcedd42276fc99ee.php 第 169 行.
NOTIC: [8] Use of undefined constant utf8 - assumed 'utf8' /www/users/HA531660/WEB/Application/Runtime/Cache/Home/2a94b8bda04ff446dcedd42276fc99ee.php 第 169 行.
NOTIC: [8] Use of undefined constant utf8 - assumed 'utf8' /www/users/HA531660/WEB/Application/Runtime/Cache/Home/2a94b8bda04ff446dcedd42276fc99ee.php 第 169 行.
NOTIC: [8] Use of undefined constant utf8 - assumed 'utf8' /www/users/HA531660/WEB/Application/Runtime/Cache/Home/2a94b8bda04ff446dcedd42276fc99ee.php 第 169 行.
NOTIC: [8] Use of undefined constant utf8 - assumed 'utf8' /www/users/HA531660/WEB/Application/Runtime/Cache/Home/2a94b8bda04ff446dcedd42276fc99ee.php 第 169 行.
NOTIC: [8] Use of undefined constant aid - assumed 'aid' /www/users/HA531660/WEB/Application/Runtime/Cache/Home/2a94b8bda04ff446dcedd42276fc99ee.php 第 236 行.
NOTIC: [8] Use of undefined constant aid - assumed 'aid' /www/users/HA531660/WEB/Application/Runtime/Cache/Home/2a94b8bda04ff446dcedd42276fc99ee.php 第 236 行.
NOTIC: [8] Use of undefined constant aid - assumed 'aid' /www/users/HA531660/WEB/Application/Runtime/Cache/Home/2a94b8bda04ff446dcedd42276fc99ee.php 第 236 行.
NOTIC: [8] Use of undefined constant aid - assumed 'aid' /www/users/HA531660/WEB/Application/Runtime/Cache/Home/2a94b8bda04ff446dcedd42276fc99ee.php 第 236 行.
NOTIC: [8] Use of undefined constant aid - assumed 'aid' /www/users/HA531660/WEB/Application/Runtime/Cache/Home/2a94b8bda04ff446dcedd42276fc99ee.php 第 236 行.
NOTIC: [8] Use of undefined constant aid - assumed 'aid' /www/users/HA531660/WEB/Application/Runtime/Cache/Home/2a94b8bda04ff446dcedd42276fc99ee.php 第 236 行.
NOTIC: [8] Use of undefined constant aid - assumed 'aid' /www/users/HA531660/WEB/Application/Runtime/Cache/Home/2a94b8bda04ff446dcedd42276fc99ee.php 第 236 行.
NOTIC: [8] Use of undefined constant aid - assumed 'aid' /www/users/HA531660/WEB/Application/Runtime/Cache/Home/2a94b8bda04ff446dcedd42276fc99ee.php 第 236 行.
INFO: Run Behavior\ParseTemplateBehavior [ RunTime:0.117251s ]
INFO: [ view_parse ] --END-- [ RunTime:0.117432s ]
INFO: [ view_filter ] --START--
INFO: Run Behavior\WriteHtmlCacheBehavior [ RunTime:0.000655s ]
INFO: [ view_filter ] --END-- [ RunTime:0.000758s ]
INFO: [ app_end ] --START--
INFO: Run Behavior\ShowPageTraceBehavior [ RunTime:0.000968s ]
INFO: [ app_end ] --END-- [ RunTime:0.001062s ]

