[ 2018-07-13T15:29:01+08:00 ] 127.0.0.1 /
INFO: [ app_init ] --START--
INFO: Run Behavior\BuildLiteBehavior [ RunTime:0.000000s ]
INFO: [ app_init ] --END-- [ RunTime:0.002000s ]
INFO: [ app_begin ] --START--
INFO: Run Behavior\ReadHtmlCacheBehavior [ RunTime:0.001000s ]
INFO: [ app_begin ] --END-- [ RunTime:0.001000s ]
SQL: SHOW COLUMNS FROM `setting` [ RunTime:0.0110s ]
SQL: SELECT * FROM `setting`  [ RunTime:0.0000s ]
SQL: SELECT * FROM `setting`  [ RunTime:0.0000s ]
SQL: SHOW COLUMNS FROM `article` [ RunTime:0.0040s ]
SQL: SELECT COUNT(*) AS tp_count FROM `article` LIMIT 1   [ RunTime:0.0040s ]
SQL: SELECT * FROM `article` WHERE ( category='旅游1' ) UNION (select * from article where category='时尚'order by aid desc limit 2) UNION (select * from article where category='旅游'order by aid desc limit 2) UNION (select * from article where category='美食'order by aid desc limit 2) UNION (select * from article where category='教育'order by aid desc limit 2) [ RunTime:0.0150s ]
SQL: SELECT * FROM `article` ORDER BY view desc LIMIT 8   [ RunTime:0.0000s ]
SQL: select sum(view) as view,author from article group by author order by view DESC limit 25  [ RunTime:0.0000s ]
INFO: [ view_parse ] --START--
INFO: [ template_filter ] --START--
INFO: Run Behavior\ContentReplaceBehavior [ RunTime:0.001000s ]
INFO: [ template_filter ] --END-- [ RunTime:0.001000s ]
NOTIC: [8] Use of undefined constant aid - assumed 'aid' D:\wamp\www\tpblog\Application\Runtime\Cache\Home\2a94b8bda04ff446dcedd42276fc99ee.php 第 141 行.
NOTIC: [8] Use of undefined constant aid - assumed 'aid' D:\wamp\www\tpblog\Application\Runtime\Cache\Home\2a94b8bda04ff446dcedd42276fc99ee.php 第 141 行.
NOTIC: [8] Use of undefined constant aid - assumed 'aid' D:\wamp\www\tpblog\Application\Runtime\Cache\Home\2a94b8bda04ff446dcedd42276fc99ee.php 第 141 行.
NOTIC: [8] Use of undefined constant aid - assumed 'aid' D:\wamp\www\tpblog\Application\Runtime\Cache\Home\2a94b8bda04ff446dcedd42276fc99ee.php 第 141 行.
NOTIC: [8] Use of undefined constant aid - assumed 'aid' D:\wamp\www\tpblog\Application\Runtime\Cache\Home\2a94b8bda04ff446dcedd42276fc99ee.php 第 141 行.
NOTIC: [8] Use of undefined constant aid - assumed 'aid' D:\wamp\www\tpblog\Application\Runtime\Cache\Home\2a94b8bda04ff446dcedd42276fc99ee.php 第 141 行.
NOTIC: [8] Use of undefined constant aid - assumed 'aid' D:\wamp\www\tpblog\Application\Runtime\Cache\Home\2a94b8bda04ff446dcedd42276fc99ee.php 第 141 行.
NOTIC: [8] Use of undefined constant aid - assumed 'aid' D:\wamp\www\tpblog\Application\Runtime\Cache\Home\2a94b8bda04ff446dcedd42276fc99ee.php 第 141 行.
NOTIC: [8] Use of undefined constant utf8 - assumed 'utf8' D:\wamp\www\tpblog\Application\Runtime\Cache\Home\2a94b8bda04ff446dcedd42276fc99ee.php 第 170 行.
NOTIC: [8] Use of undefined constant utf8 - assumed 'utf8' D:\wamp\www\tpblog\Application\Runtime\Cache\Home\2a94b8bda04ff446dcedd42276fc99ee.php 第 170 行.
NOTIC: [8] Use of undefined constant utf8 - assumed 'utf8' D:\wamp\www\tpblog\Application\Runtime\Cache\Home\2a94b8bda04ff446dcedd42276fc99ee.php 第 170 行.
NOTIC: [8] Use of undefined constant utf8 - assumed 'utf8' D:\wamp\www\tpblog\Application\Runtime\Cache\Home\2a94b8bda04ff446dcedd42276fc99ee.php 第 170 行.
NOTIC: [8] Use of undefined constant utf8 - assumed 'utf8' D:\wamp\www\tpblog\Application\Runtime\Cache\Home\2a94b8bda04ff446dcedd42276fc99ee.php 第 170 行.
NOTIC: [8] Use of undefined constant utf8 - assumed 'utf8' D:\wamp\www\tpblog\Application\Runtime\Cache\Home\2a94b8bda04ff446dcedd42276fc99ee.php 第 170 行.
NOTIC: [8] Use of undefined constant aid - assumed 'aid' D:\wamp\www\tpblog\Application\Runtime\Cache\Home\2a94b8bda04ff446dcedd42276fc99ee.php 第 237 行.
NOTIC: [8] Use of undefined constant aid - assumed 'aid' D:\wamp\www\tpblog\Application\Runtime\Cache\Home\2a94b8bda04ff446dcedd42276fc99ee.php 第 237 行.
NOTIC: [8] Use of undefined constant aid - assumed 'aid' D:\wamp\www\tpblog\Application\Runtime\Cache\Home\2a94b8bda04ff446dcedd42276fc99ee.php 第 237 行.
NOTIC: [8] Use of undefined constant aid - assumed 'aid' D:\wamp\www\tpblog\Application\Runtime\Cache\Home\2a94b8bda04ff446dcedd42276fc99ee.php 第 237 行.
NOTIC: [8] Use of undefined constant aid - assumed 'aid' D:\wamp\www\tpblog\Application\Runtime\Cache\Home\2a94b8bda04ff446dcedd42276fc99ee.php 第 237 行.
NOTIC: [8] Use of undefined constant aid - assumed 'aid' D:\wamp\www\tpblog\Application\Runtime\Cache\Home\2a94b8bda04ff446dcedd42276fc99ee.php 第 237 行.
NOTIC: [8] Use of undefined constant aid - assumed 'aid' D:\wamp\www\tpblog\Application\Runtime\Cache\Home\2a94b8bda04ff446dcedd42276fc99ee.php 第 237 行.
NOTIC: [8] Use of undefined constant aid - assumed 'aid' D:\wamp\www\tpblog\Application\Runtime\Cache\Home\2a94b8bda04ff446dcedd42276fc99ee.php 第 237 行.
INFO: Run Behavior\ParseTemplateBehavior [ RunTime:0.025002s ]
INFO: [ view_parse ] --END-- [ RunTime:0.025002s ]
INFO: [ view_filter ] --START--
INFO: Run Behavior\WriteHtmlCacheBehavior [ RunTime:0.000000s ]
INFO: [ view_filter ] --END-- [ RunTime:0.000000s ]
INFO: [ app_end ] --START--
INFO: Run Behavior\ShowPageTraceBehavior [ RunTime:0.000000s ]
INFO: [ app_end ] --END-- [ RunTime:0.001000s ]

[ 2018-07-13T15:29:11+08:00 ] 127.0.0.1 /
INFO: [ app_init ] --START--
INFO: Run Behavior\BuildLiteBehavior [ RunTime:0.000000s ]
INFO: [ app_init ] --END-- [ RunTime:0.000000s ]
INFO: [ app_begin ] --START--
INFO: Run Behavior\ReadHtmlCacheBehavior [ RunTime:0.001000s ]
INFO: [ app_begin ] --END-- [ RunTime:0.001000s ]
SQL: SHOW COLUMNS FROM `setting` [ RunTime:0.0030s ]
SQL: SELECT * FROM `setting`  [ RunTime:0.0010s ]
SQL: SELECT * FROM `setting`  [ RunTime:0.0000s ]
SQL: SHOW COLUMNS FROM `article` [ RunTime:0.0020s ]
SQL: SELECT COUNT(*) AS tp_count FROM `article` LIMIT 1   [ RunTime:0.0000s ]
SQL: SELECT * FROM `article` WHERE ( category='旅游1' ) UNION (select * from article where category='时尚'order by aid desc limit 2) UNION (select * from article where category='旅游'order by aid desc limit 2) UNION (select * from article where category='美食'order by aid desc limit 2) UNION (select * from article where category='教育'order by aid desc limit 2) [ RunTime:0.0040s ]
SQL: SELECT * FROM `article` ORDER BY view desc LIMIT 8   [ RunTime:0.0010s ]
SQL: select sum(view) as view,author from article group by author order by view DESC limit 25  [ RunTime:0.0010s ]
INFO: [ view_parse ] --START--
INFO: [ template_filter ] --START--
INFO: Run Behavior\ContentReplaceBehavior [ RunTime:0.001000s ]
INFO: [ template_filter ] --END-- [ RunTime:0.001000s ]
NOTIC: [8] Use of undefined constant aid - assumed 'aid' D:\wamp\www\tpblog\Application\Runtime\Cache\Home\2a94b8bda04ff446dcedd42276fc99ee.php 第 141 行.
NOTIC: [8] Use of undefined constant aid - assumed 'aid' D:\wamp\www\tpblog\Application\Runtime\Cache\Home\2a94b8bda04ff446dcedd42276fc99ee.php 第 141 行.
NOTIC: [8] Use of undefined constant aid - assumed 'aid' D:\wamp\www\tpblog\Application\Runtime\Cache\Home\2a94b8bda04ff446dcedd42276fc99ee.php 第 141 行.
NOTIC: [8] Use of undefined constant aid - assumed 'aid' D:\wamp\www\tpblog\Application\Runtime\Cache\Home\2a94b8bda04ff446dcedd42276fc99ee.php 第 141 行.
NOTIC: [8] Use of undefined constant aid - assumed 'aid' D:\wamp\www\tpblog\Application\Runtime\Cache\Home\2a94b8bda04ff446dcedd42276fc99ee.php 第 141 行.
NOTIC: [8] Use of undefined constant aid - assumed 'aid' D:\wamp\www\tpblog\Application\Runtime\Cache\Home\2a94b8bda04ff446dcedd42276fc99ee.php 第 141 行.
NOTIC: [8] Use of undefined constant aid - assumed 'aid' D:\wamp\www\tpblog\Application\Runtime\Cache\Home\2a94b8bda04ff446dcedd42276fc99ee.php 第 141 行.
NOTIC: [8] Use of undefined constant aid - assumed 'aid' D:\wamp\www\tpblog\Application\Runtime\Cache\Home\2a94b8bda04ff446dcedd42276fc99ee.php 第 141 行.
NOTIC: [8] Use of undefined constant utf8 - assumed 'utf8' D:\wamp\www\tpblog\Application\Runtime\Cache\Home\2a94b8bda04ff446dcedd42276fc99ee.php 第 170 行.
NOTIC: [8] Use of undefined constant utf8 - assumed 'utf8' D:\wamp\www\tpblog\Application\Runtime\Cache\Home\2a94b8bda04ff446dcedd42276fc99ee.php 第 170 行.
NOTIC: [8] Use of undefined constant utf8 - assumed 'utf8' D:\wamp\www\tpblog\Application\Runtime\Cache\Home\2a94b8bda04ff446dcedd42276fc99ee.php 第 170 行.
NOTIC: [8] Use of undefined constant utf8 - assumed 'utf8' D:\wamp\www\tpblog\Application\Runtime\Cache\Home\2a94b8bda04ff446dcedd42276fc99ee.php 第 170 行.
NOTIC: [8] Use of undefined constant utf8 - assumed 'utf8' D:\wamp\www\tpblog\Application\Runtime\Cache\Home\2a94b8bda04ff446dcedd42276fc99ee.php 第 170 行.
NOTIC: [8] Use of undefined constant utf8 - assumed 'utf8' D:\wamp\www\tpblog\Application\Runtime\Cache\Home\2a94b8bda04ff446dcedd42276fc99ee.php 第 170 行.
NOTIC: [8] Use of undefined constant aid - assumed 'aid' D:\wamp\www\tpblog\Application\Runtime\Cache\Home\2a94b8bda04ff446dcedd42276fc99ee.php 第 237 行.
NOTIC: [8] Use of undefined constant aid - assumed 'aid' D:\wamp\www\tpblog\Application\Runtime\Cache\Home\2a94b8bda04ff446dcedd42276fc99ee.php 第 237 行.
NOTIC: [8] Use of undefined constant aid - assumed 'aid' D:\wamp\www\tpblog\Application\Runtime\Cache\Home\2a94b8bda04ff446dcedd42276fc99ee.php 第 237 行.
NOTIC: [8] Use of undefined constant aid - assumed 'aid' D:\wamp\www\tpblog\Application\Runtime\Cache\Home\2a94b8bda04ff446dcedd42276fc99ee.php 第 237 行.
NOTIC: [8] Use of undefined constant aid - assumed 'aid' D:\wamp\www\tpblog\Application\Runtime\Cache\Home\2a94b8bda04ff446dcedd42276fc99ee.php 第 237 行.
NOTIC: [8] Use of undefined constant aid - assumed 'aid' D:\wamp\www\tpblog\Application\Runtime\Cache\Home\2a94b8bda04ff446dcedd42276fc99ee.php 第 237 行.
NOTIC: [8] Use of undefined constant aid - assumed 'aid' D:\wamp\www\tpblog\Application\Runtime\Cache\Home\2a94b8bda04ff446dcedd42276fc99ee.php 第 237 行.
NOTIC: [8] Use of undefined constant aid - assumed 'aid' D:\wamp\www\tpblog\Application\Runtime\Cache\Home\2a94b8bda04ff446dcedd42276fc99ee.php 第 237 行.
INFO: Run Behavior\ParseTemplateBehavior [ RunTime:0.019001s ]
INFO: [ view_parse ] --END-- [ RunTime:0.019001s ]
INFO: [ view_filter ] --START--
INFO: Run Behavior\WriteHtmlCacheBehavior [ RunTime:0.000000s ]
INFO: [ view_filter ] --END-- [ RunTime:0.000000s ]
INFO: [ app_end ] --START--
INFO: Run Behavior\ShowPageTraceBehavior [ RunTime:0.001000s ]
INFO: [ app_end ] --END-- [ RunTime:0.001000s ]

[ 2018-07-13T15:30:13+08:00 ] 127.0.0.1 /
INFO: [ app_init ] --START--
INFO: Run Behavior\BuildLiteBehavior [ RunTime:0.000000s ]
INFO: [ app_init ] --END-- [ RunTime:0.001000s ]
INFO: [ app_begin ] --START--
INFO: Run Behavior\ReadHtmlCacheBehavior [ RunTime:0.001000s ]
INFO: [ app_begin ] --END-- [ RunTime:0.001000s ]
SQL: SHOW COLUMNS FROM `setting` [ RunTime:0.0020s ]
SQL: SELECT * FROM `setting`  [ RunTime:0.0010s ]
SQL: SELECT * FROM `setting`  [ RunTime:0.0000s ]
SQL: SHOW COLUMNS FROM `article` [ RunTime:0.0020s ]
SQL: SELECT COUNT(*) AS tp_count FROM `article` LIMIT 1   [ RunTime:0.0000s ]
SQL: SELECT * FROM `article` WHERE ( category='旅游1' ) UNION (select * from article where category='时尚'order by aid desc limit 2) UNION (select * from article where category='旅游'order by aid desc limit 2) UNION (select * from article where category='美食'order by aid desc limit 2) UNION (select * from article where category='教育'order by aid desc limit 2) [ RunTime:0.0080s ]
SQL: SELECT * FROM `article` ORDER BY view desc LIMIT 8   [ RunTime:0.0010s ]
SQL: select sum(view) as view,author from article group by author order by view DESC limit 25  [ RunTime:0.0010s ]
INFO: [ view_parse ] --START--
INFO: [ template_filter ] --START--
INFO: Run Behavior\ContentReplaceBehavior [ RunTime:0.000000s ]
INFO: [ template_filter ] --END-- [ RunTime:0.001000s ]
NOTIC: [8] Use of undefined constant aid - assumed 'aid' D:\wamp\www\tpblog\Application\Runtime\Cache\Home\2a94b8bda04ff446dcedd42276fc99ee.php 第 141 行.
NOTIC: [8] Use of undefined constant aid - assumed 'aid' D:\wamp\www\tpblog\Application\Runtime\Cache\Home\2a94b8bda04ff446dcedd42276fc99ee.php 第 141 行.
NOTIC: [8] Use of undefined constant aid - assumed 'aid' D:\wamp\www\tpblog\Application\Runtime\Cache\Home\2a94b8bda04ff446dcedd42276fc99ee.php 第 141 行.
NOTIC: [8] Use of undefined constant aid - assumed 'aid' D:\wamp\www\tpblog\Application\Runtime\Cache\Home\2a94b8bda04ff446dcedd42276fc99ee.php 第 141 行.
NOTIC: [8] Use of undefined constant aid - assumed 'aid' D:\wamp\www\tpblog\Application\Runtime\Cache\Home\2a94b8bda04ff446dcedd42276fc99ee.php 第 141 行.
NOTIC: [8] Use of undefined constant aid - assumed 'aid' D:\wamp\www\tpblog\Application\Runtime\Cache\Home\2a94b8bda04ff446dcedd42276fc99ee.php 第 141 行.
NOTIC: [8] Use of undefined constant aid - assumed 'aid' D:\wamp\www\tpblog\Application\Runtime\Cache\Home\2a94b8bda04ff446dcedd42276fc99ee.php 第 141 行.
NOTIC: [8] Use of undefined constant aid - assumed 'aid' D:\wamp\www\tpblog\Application\Runtime\Cache\Home\2a94b8bda04ff446dcedd42276fc99ee.php 第 141 行.
NOTIC: [8] Use of undefined constant utf8 - assumed 'utf8' D:\wamp\www\tpblog\Application\Runtime\Cache\Home\2a94b8bda04ff446dcedd42276fc99ee.php 第 170 行.
NOTIC: [8] Use of undefined constant utf8 - assumed 'utf8' D:\wamp\www\tpblog\Application\Runtime\Cache\Home\2a94b8bda04ff446dcedd42276fc99ee.php 第 170 行.
NOTIC: [8] Use of undefined constant utf8 - assumed 'utf8' D:\wamp\www\tpblog\Application\Runtime\Cache\Home\2a94b8bda04ff446dcedd42276fc99ee.php 第 170 行.
NOTIC: [8] Use of undefined constant utf8 - assumed 'utf8' D:\wamp\www\tpblog\Application\Runtime\Cache\Home\2a94b8bda04ff446dcedd42276fc99ee.php 第 170 行.
NOTIC: [8] Use of undefined constant utf8 - assumed 'utf8' D:\wamp\www\tpblog\Application\Runtime\Cache\Home\2a94b8bda04ff446dcedd42276fc99ee.php 第 170 行.
NOTIC: [8] Use of undefined constant utf8 - assumed 'utf8' D:\wamp\www\tpblog\Application\Runtime\Cache\Home\2a94b8bda04ff446dcedd42276fc99ee.php 第 170 行.
NOTIC: [8] Use of undefined constant aid - assumed 'aid' D:\wamp\www\tpblog\Application\Runtime\Cache\Home\2a94b8bda04ff446dcedd42276fc99ee.php 第 237 行.
NOTIC: [8] Use of undefined constant aid - assumed 'aid' D:\wamp\www\tpblog\Application\Runtime\Cache\Home\2a94b8bda04ff446dcedd42276fc99ee.php 第 237 行.
NOTIC: [8] Use of undefined constant aid - assumed 'aid' D:\wamp\www\tpblog\Application\Runtime\Cache\Home\2a94b8bda04ff446dcedd42276fc99ee.php 第 237 行.
NOTIC: [8] Use of undefined constant aid - assumed 'aid' D:\wamp\www\tpblog\Application\Runtime\Cache\Home\2a94b8bda04ff446dcedd42276fc99ee.php 第 237 行.
NOTIC: [8] Use of undefined constant aid - assumed 'aid' D:\wamp\www\tpblog\Application\Runtime\Cache\Home\2a94b8bda04ff446dcedd42276fc99ee.php 第 237 行.
NOTIC: [8] Use of undefined constant aid - assumed 'aid' D:\wamp\www\tpblog\Application\Runtime\Cache\Home\2a94b8bda04ff446dcedd42276fc99ee.php 第 237 行.
NOTIC: [8] Use of undefined constant aid - assumed 'aid' D:\wamp\www\tpblog\Application\Runtime\Cache\Home\2a94b8bda04ff446dcedd42276fc99ee.php 第 237 行.
NOTIC: [8] Use of undefined constant aid - assumed 'aid' D:\wamp\www\tpblog\Application\Runtime\Cache\Home\2a94b8bda04ff446dcedd42276fc99ee.php 第 237 行.
INFO: Run Behavior\ParseTemplateBehavior [ RunTime:0.038002s ]
INFO: [ view_parse ] --END-- [ RunTime:0.040002s ]
INFO: [ view_filter ] --START--
INFO: Run Behavior\WriteHtmlCacheBehavior [ RunTime:0.000000s ]
INFO: [ view_filter ] --END-- [ RunTime:0.000000s ]
INFO: [ app_end ] --START--
INFO: Run Behavior\ShowPageTraceBehavior [ RunTime:0.000000s ]
INFO: [ app_end ] --END-- [ RunTime:0.000000s ]

[ 2018-07-13T15:30:55+08:00 ] 127.0.0.1 /
INFO: [ app_init ] --START--
INFO: Run Behavior\BuildLiteBehavior [ RunTime:0.000000s ]
INFO: [ app_init ] --END-- [ RunTime:0.000000s ]
INFO: [ app_begin ] --START--
INFO: Run Behavior\ReadHtmlCacheBehavior [ RunTime:0.001000s ]
INFO: [ app_begin ] --END-- [ RunTime:0.001000s ]
SQL: SHOW COLUMNS FROM `setting` [ RunTime:0.0020s ]
SQL: SELECT * FROM `setting`  [ RunTime:0.0010s ]
SQL: SELECT * FROM `setting`  [ RunTime:0.0000s ]
SQL: SHOW COLUMNS FROM `article` [ RunTime:0.0030s ]
SQL: SELECT COUNT(*) AS tp_count FROM `article` LIMIT 1   [ RunTime:0.0000s ]
SQL: SELECT * FROM `article` WHERE ( category='旅游1' ) UNION (select * from article where category='时尚'order by aid desc limit 2) UNION (select * from article where category='旅游'order by aid desc limit 2) UNION (select * from article where category='美食'order by aid desc limit 2) UNION (select * from article where category='教育'order by aid desc limit 2) [ RunTime:0.0030s ]
SQL: SELECT * FROM `article` ORDER BY view desc LIMIT 8   [ RunTime:0.0000s ]
SQL: select sum(view) as view,author from article group by author order by view DESC limit 25  [ RunTime:0.0000s ]
INFO: [ view_parse ] --START--
INFO: [ template_filter ] --START--
INFO: Run Behavior\ContentReplaceBehavior [ RunTime:0.000000s ]
INFO: [ template_filter ] --END-- [ RunTime:0.000000s ]
NOTIC: [8] Use of undefined constant aid - assumed 'aid' D:\wamp\www\tpblog\Application\Runtime\Cache\Home\2a94b8bda04ff446dcedd42276fc99ee.php 第 141 行.
NOTIC: [8] Use of undefined constant aid - assumed 'aid' D:\wamp\www\tpblog\Application\Runtime\Cache\Home\2a94b8bda04ff446dcedd42276fc99ee.php 第 141 行.
NOTIC: [8] Use of undefined constant aid - assumed 'aid' D:\wamp\www\tpblog\Application\Runtime\Cache\Home\2a94b8bda04ff446dcedd42276fc99ee.php 第 141 行.
NOTIC: [8] Use of undefined constant aid - assumed 'aid' D:\wamp\www\tpblog\Application\Runtime\Cache\Home\2a94b8bda04ff446dcedd42276fc99ee.php 第 141 行.
NOTIC: [8] Use of undefined constant aid - assumed 'aid' D:\wamp\www\tpblog\Application\Runtime\Cache\Home\2a94b8bda04ff446dcedd42276fc99ee.php 第 141 行.
NOTIC: [8] Use of undefined constant aid - assumed 'aid' D:\wamp\www\tpblog\Application\Runtime\Cache\Home\2a94b8bda04ff446dcedd42276fc99ee.php 第 141 行.
NOTIC: [8] Use of undefined constant aid - assumed 'aid' D:\wamp\www\tpblog\Application\Runtime\Cache\Home\2a94b8bda04ff446dcedd42276fc99ee.php 第 141 行.
NOTIC: [8] Use of undefined constant aid - assumed 'aid' D:\wamp\www\tpblog\Application\Runtime\Cache\Home\2a94b8bda04ff446dcedd42276fc99ee.php 第 141 行.
NOTIC: [8] Use of undefined constant utf8 - assumed 'utf8' D:\wamp\www\tpblog\Application\Runtime\Cache\Home\2a94b8bda04ff446dcedd42276fc99ee.php 第 170 行.
NOTIC: [8] Use of undefined constant utf8 - assumed 'utf8' D:\wamp\www\tpblog\Application\Runtime\Cache\Home\2a94b8bda04ff446dcedd42276fc99ee.php 第 170 行.
NOTIC: [8] Use of undefined constant utf8 - assumed 'utf8' D:\wamp\www\tpblog\Application\Runtime\Cache\Home\2a94b8bda04ff446dcedd42276fc99ee.php 第 170 行.
NOTIC: [8] Use of undefined constant utf8 - assumed 'utf8' D:\wamp\www\tpblog\Application\Runtime\Cache\Home\2a94b8bda04ff446dcedd42276fc99ee.php 第 170 行.
NOTIC: [8] Use of undefined constant utf8 - assumed 'utf8' D:\wamp\www\tpblog\Application\Runtime\Cache\Home\2a94b8bda04ff446dcedd42276fc99ee.php 第 170 行.
NOTIC: [8] Use of undefined constant utf8 - assumed 'utf8' D:\wamp\www\tpblog\Application\Runtime\Cache\Home\2a94b8bda04ff446dcedd42276fc99ee.php 第 170 行.
NOTIC: [8] Use of undefined constant aid - assumed 'aid' D:\wamp\www\tpblog\Application\Runtime\Cache\Home\2a94b8bda04ff446dcedd42276fc99ee.php 第 237 行.
NOTIC: [8] Use of undefined constant aid - assumed 'aid' D:\wamp\www\tpblog\Application\Runtime\Cache\Home\2a94b8bda04ff446dcedd42276fc99ee.php 第 237 行.
NOTIC: [8] Use of undefined constant aid - assumed 'aid' D:\wamp\www\tpblog\Application\Runtime\Cache\Home\2a94b8bda04ff446dcedd42276fc99ee.php 第 237 行.
NOTIC: [8] Use of undefined constant aid - assumed 'aid' D:\wamp\www\tpblog\Application\Runtime\Cache\Home\2a94b8bda04ff446dcedd42276fc99ee.php 第 237 行.
NOTIC: [8] Use of undefined constant aid - assumed 'aid' D:\wamp\www\tpblog\Application\Runtime\Cache\Home\2a94b8bda04ff446dcedd42276fc99ee.php 第 237 行.
NOTIC: [8] Use of undefined constant aid - assumed 'aid' D:\wamp\www\tpblog\Application\Runtime\Cache\Home\2a94b8bda04ff446dcedd42276fc99ee.php 第 237 行.
NOTIC: [8] Use of undefined constant aid - assumed 'aid' D:\wamp\www\tpblog\Application\Runtime\Cache\Home\2a94b8bda04ff446dcedd42276fc99ee.php 第 237 行.
NOTIC: [8] Use of undefined constant aid - assumed 'aid' D:\wamp\www\tpblog\Application\Runtime\Cache\Home\2a94b8bda04ff446dcedd42276fc99ee.php 第 237 行.
INFO: Run Behavior\ParseTemplateBehavior [ RunTime:0.020001s ]
INFO: [ view_parse ] --END-- [ RunTime:0.020001s ]
INFO: [ view_filter ] --START--
INFO: Run Behavior\WriteHtmlCacheBehavior [ RunTime:0.000000s ]
INFO: [ view_filter ] --END-- [ RunTime:0.001000s ]
INFO: [ app_end ] --START--
INFO: Run Behavior\ShowPageTraceBehavior [ RunTime:0.002000s ]
INFO: [ app_end ] --END-- [ RunTime:0.002000s ]

[ 2018-07-13T15:31:13+08:00 ] 127.0.0.1 /
INFO: [ app_init ] --START--
INFO: Run Behavior\BuildLiteBehavior [ RunTime:0.000000s ]
INFO: [ app_init ] --END-- [ RunTime:0.001000s ]
INFO: [ app_begin ] --START--
INFO: Run Behavior\ReadHtmlCacheBehavior [ RunTime:0.001000s ]
INFO: [ app_begin ] --END-- [ RunTime:0.001000s ]
SQL: SHOW COLUMNS FROM `setting` [ RunTime:0.0030s ]
SQL: SELECT * FROM `setting`  [ RunTime:0.0000s ]
SQL: SELECT * FROM `setting`  [ RunTime:0.0000s ]
SQL: SHOW COLUMNS FROM `article` [ RunTime:0.0020s ]
SQL: SELECT COUNT(*) AS tp_count FROM `article` LIMIT 1   [ RunTime:0.0000s ]
SQL: SELECT * FROM `article` WHERE ( category='旅游1' ) UNION (select * from article where category='时尚'order by aid desc limit 2) UNION (select * from article where category='旅游'order by aid desc limit 2) UNION (select * from article where category='美食'order by aid desc limit 2) UNION (select * from article where category='教育'order by aid desc limit 2) [ RunTime:0.0030s ]
SQL: SELECT * FROM `article` ORDER BY view desc LIMIT 8   [ RunTime:0.0000s ]
SQL: select sum(view) as view,author from article group by author order by view DESC limit 25  [ RunTime:0.0000s ]
INFO: [ view_parse ] --START--
INFO: [ template_filter ] --START--
INFO: Run Behavior\ContentReplaceBehavior [ RunTime:0.001000s ]
INFO: [ template_filter ] --END-- [ RunTime:0.001000s ]
NOTIC: [8] Use of undefined constant aid - assumed 'aid' D:\wamp\www\tpblog\Application\Runtime\Cache\Home\2a94b8bda04ff446dcedd42276fc99ee.php 第 141 行.
NOTIC: [8] Use of undefined constant aid - assumed 'aid' D:\wamp\www\tpblog\Application\Runtime\Cache\Home\2a94b8bda04ff446dcedd42276fc99ee.php 第 141 行.
NOTIC: [8] Use of undefined constant aid - assumed 'aid' D:\wamp\www\tpblog\Application\Runtime\Cache\Home\2a94b8bda04ff446dcedd42276fc99ee.php 第 141 行.
NOTIC: [8] Use of undefined constant aid - assumed 'aid' D:\wamp\www\tpblog\Application\Runtime\Cache\Home\2a94b8bda04ff446dcedd42276fc99ee.php 第 141 行.
NOTIC: [8] Use of undefined constant aid - assumed 'aid' D:\wamp\www\tpblog\Application\Runtime\Cache\Home\2a94b8bda04ff446dcedd42276fc99ee.php 第 141 行.
NOTIC: [8] Use of undefined constant aid - assumed 'aid' D:\wamp\www\tpblog\Application\Runtime\Cache\Home\2a94b8bda04ff446dcedd42276fc99ee.php 第 141 行.
NOTIC: [8] Use of undefined constant aid - assumed 'aid' D:\wamp\www\tpblog\Application\Runtime\Cache\Home\2a94b8bda04ff446dcedd42276fc99ee.php 第 141 行.
NOTIC: [8] Use of undefined constant aid - assumed 'aid' D:\wamp\www\tpblog\Application\Runtime\Cache\Home\2a94b8bda04ff446dcedd42276fc99ee.php 第 141 行.
NOTIC: [8] Use of undefined constant utf8 - assumed 'utf8' D:\wamp\www\tpblog\Application\Runtime\Cache\Home\2a94b8bda04ff446dcedd42276fc99ee.php 第 170 行.
NOTIC: [8] Use of undefined constant utf8 - assumed 'utf8' D:\wamp\www\tpblog\Application\Runtime\Cache\Home\2a94b8bda04ff446dcedd42276fc99ee.php 第 170 行.
NOTIC: [8] Use of undefined constant utf8 - assumed 'utf8' D:\wamp\www\tpblog\Application\Runtime\Cache\Home\2a94b8bda04ff446dcedd42276fc99ee.php 第 170 行.
NOTIC: [8] Use of undefined constant utf8 - assumed 'utf8' D:\wamp\www\tpblog\Application\Runtime\Cache\Home\2a94b8bda04ff446dcedd42276fc99ee.php 第 170 行.
NOTIC: [8] Use of undefined constant utf8 - assumed 'utf8' D:\wamp\www\tpblog\Application\Runtime\Cache\Home\2a94b8bda04ff446dcedd42276fc99ee.php 第 170 行.
NOTIC: [8] Use of undefined constant utf8 - assumed 'utf8' D:\wamp\www\tpblog\Application\Runtime\Cache\Home\2a94b8bda04ff446dcedd42276fc99ee.php 第 170 行.
NOTIC: [8] Use of undefined constant aid - assumed 'aid' D:\wamp\www\tpblog\Application\Runtime\Cache\Home\2a94b8bda04ff446dcedd42276fc99ee.php 第 237 行.
NOTIC: [8] Use of undefined constant aid - assumed 'aid' D:\wamp\www\tpblog\Application\Runtime\Cache\Home\2a94b8bda04ff446dcedd42276fc99ee.php 第 237 行.
NOTIC: [8] Use of undefined constant aid - assumed 'aid' D:\wamp\www\tpblog\Application\Runtime\Cache\Home\2a94b8bda04ff446dcedd42276fc99ee.php 第 237 行.
NOTIC: [8] Use of undefined constant aid - assumed 'aid' D:\wamp\www\tpblog\Application\Runtime\Cache\Home\2a94b8bda04ff446dcedd42276fc99ee.php 第 237 行.
NOTIC: [8] Use of undefined constant aid - assumed 'aid' D:\wamp\www\tpblog\Application\Runtime\Cache\Home\2a94b8bda04ff446dcedd42276fc99ee.php 第 237 行.
NOTIC: [8] Use of undefined constant aid - assumed 'aid' D:\wamp\www\tpblog\Application\Runtime\Cache\Home\2a94b8bda04ff446dcedd42276fc99ee.php 第 237 行.
NOTIC: [8] Use of undefined constant aid - assumed 'aid' D:\wamp\www\tpblog\Application\Runtime\Cache\Home\2a94b8bda04ff446dcedd42276fc99ee.php 第 237 行.
NOTIC: [8] Use of undefined constant aid - assumed 'aid' D:\wamp\www\tpblog\Application\Runtime\Cache\Home\2a94b8bda04ff446dcedd42276fc99ee.php 第 237 行.
INFO: Run Behavior\ParseTemplateBehavior [ RunTime:0.021002s ]
INFO: [ view_parse ] --END-- [ RunTime:0.021002s ]
INFO: [ view_filter ] --START--
INFO: Run Behavior\WriteHtmlCacheBehavior [ RunTime:0.000000s ]
INFO: [ view_filter ] --END-- [ RunTime:0.001000s ]
INFO: [ app_end ] --START--
INFO: Run Behavior\ShowPageTraceBehavior [ RunTime:0.000000s ]
INFO: [ app_end ] --END-- [ RunTime:0.001000s ]

[ 2018-07-13T15:32:34+08:00 ] 127.0.0.1 /
INFO: [ app_init ] --START--
INFO: Run Behavior\BuildLiteBehavior [ RunTime:0.000000s ]
INFO: [ app_init ] --END-- [ RunTime:0.001000s ]
INFO: [ app_begin ] --START--
INFO: Run Behavior\ReadHtmlCacheBehavior [ RunTime:0.000000s ]
INFO: [ app_begin ] --END-- [ RunTime:0.001000s ]
SQL: SHOW COLUMNS FROM `setting` [ RunTime:0.0030s ]
SQL: SELECT * FROM `setting`  [ RunTime:0.0000s ]
SQL: SELECT * FROM `setting`  [ RunTime:0.0010s ]
SQL: SHOW COLUMNS FROM `article` [ RunTime:0.0020s ]
SQL: SELECT COUNT(*) AS tp_count FROM `article` LIMIT 1   [ RunTime:0.0000s ]
SQL: SELECT * FROM `article` WHERE ( category='旅游1' ) UNION (select * from article where category='时尚'order by aid desc limit 2) UNION (select * from article where category='旅游'order by aid desc limit 2) UNION (select * from article where category='美食'order by aid desc limit 2) UNION (select * from article where category='教育'order by aid desc limit 2) [ RunTime:0.0030s ]
SQL: SELECT * FROM `article` ORDER BY view desc LIMIT 8   [ RunTime:0.0010s ]
SQL: select sum(view) as view,author from article group by author order by view DESC limit 25  [ RunTime:0.0010s ]
INFO: [ view_parse ] --START--
INFO: [ template_filter ] --START--
INFO: Run Behavior\ContentReplaceBehavior [ RunTime:0.001000s ]
INFO: [ template_filter ] --END-- [ RunTime:0.001000s ]
NOTIC: [8] Use of undefined constant aid - assumed 'aid' D:\wamp\www\tpblog\Application\Runtime\Cache\Home\2a94b8bda04ff446dcedd42276fc99ee.php 第 141 行.
NOTIC: [8] Use of undefined constant aid - assumed 'aid' D:\wamp\www\tpblog\Application\Runtime\Cache\Home\2a94b8bda04ff446dcedd42276fc99ee.php 第 141 行.
NOTIC: [8] Use of undefined constant aid - assumed 'aid' D:\wamp\www\tpblog\Application\Runtime\Cache\Home\2a94b8bda04ff446dcedd42276fc99ee.php 第 141 行.
NOTIC: [8] Use of undefined constant aid - assumed 'aid' D:\wamp\www\tpblog\Application\Runtime\Cache\Home\2a94b8bda04ff446dcedd42276fc99ee.php 第 141 行.
NOTIC: [8] Use of undefined constant aid - assumed 'aid' D:\wamp\www\tpblog\Application\Runtime\Cache\Home\2a94b8bda04ff446dcedd42276fc99ee.php 第 141 行.
NOTIC: [8] Use of undefined constant aid - assumed 'aid' D:\wamp\www\tpblog\Application\Runtime\Cache\Home\2a94b8bda04ff446dcedd42276fc99ee.php 第 141 行.
NOTIC: [8] Use of undefined constant aid - assumed 'aid' D:\wamp\www\tpblog\Application\Runtime\Cache\Home\2a94b8bda04ff446dcedd42276fc99ee.php 第 141 行.
NOTIC: [8] Use of undefined constant aid - assumed 'aid' D:\wamp\www\tpblog\Application\Runtime\Cache\Home\2a94b8bda04ff446dcedd42276fc99ee.php 第 141 行.
NOTIC: [8] Use of undefined constant utf8 - assumed 'utf8' D:\wamp\www\tpblog\Application\Runtime\Cache\Home\2a94b8bda04ff446dcedd42276fc99ee.php 第 170 行.
NOTIC: [8] Use of undefined constant utf8 - assumed 'utf8' D:\wamp\www\tpblog\Application\Runtime\Cache\Home\2a94b8bda04ff446dcedd42276fc99ee.php 第 170 行.
NOTIC: [8] Use of undefined constant utf8 - assumed 'utf8' D:\wamp\www\tpblog\Application\Runtime\Cache\Home\2a94b8bda04ff446dcedd42276fc99ee.php 第 170 行.
NOTIC: [8] Use of undefined constant utf8 - assumed 'utf8' D:\wamp\www\tpblog\Application\Runtime\Cache\Home\2a94b8bda04ff446dcedd42276fc99ee.php 第 170 行.
NOTIC: [8] Use of undefined constant utf8 - assumed 'utf8' D:\wamp\www\tpblog\Application\Runtime\Cache\Home\2a94b8bda04ff446dcedd42276fc99ee.php 第 170 行.
NOTIC: [8] Use of undefined constant utf8 - assumed 'utf8' D:\wamp\www\tpblog\Application\Runtime\Cache\Home\2a94b8bda04ff446dcedd42276fc99ee.php 第 170 行.
NOTIC: [8] Use of undefined constant aid - assumed 'aid' D:\wamp\www\tpblog\Application\Runtime\Cache\Home\2a94b8bda04ff446dcedd42276fc99ee.php 第 237 行.
NOTIC: [8] Use of undefined constant aid - assumed 'aid' D:\wamp\www\tpblog\Application\Runtime\Cache\Home\2a94b8bda04ff446dcedd42276fc99ee.php 第 237 行.
NOTIC: [8] Use of undefined constant aid - assumed 'aid' D:\wamp\www\tpblog\Application\Runtime\Cache\Home\2a94b8bda04ff446dcedd42276fc99ee.php 第 237 行.
NOTIC: [8] Use of undefined constant aid - assumed 'aid' D:\wamp\www\tpblog\Application\Runtime\Cache\Home\2a94b8bda04ff446dcedd42276fc99ee.php 第 237 行.
NOTIC: [8] Use of undefined constant aid - assumed 'aid' D:\wamp\www\tpblog\Application\Runtime\Cache\Home\2a94b8bda04ff446dcedd42276fc99ee.php 第 237 行.
NOTIC: [8] Use of undefined constant aid - assumed 'aid' D:\wamp\www\tpblog\Application\Runtime\Cache\Home\2a94b8bda04ff446dcedd42276fc99ee.php 第 237 行.
NOTIC: [8] Use of undefined constant aid - assumed 'aid' D:\wamp\www\tpblog\Application\Runtime\Cache\Home\2a94b8bda04ff446dcedd42276fc99ee.php 第 237 行.
NOTIC: [8] Use of undefined constant aid - assumed 'aid' D:\wamp\www\tpblog\Application\Runtime\Cache\Home\2a94b8bda04ff446dcedd42276fc99ee.php 第 237 行.
INFO: Run Behavior\ParseTemplateBehavior [ RunTime:0.027001s ]
INFO: [ view_parse ] --END-- [ RunTime:0.027001s ]
INFO: [ view_filter ] --START--
INFO: Run Behavior\WriteHtmlCacheBehavior [ RunTime:0.000000s ]
INFO: [ view_filter ] --END-- [ RunTime:0.000000s ]
INFO: [ app_end ] --START--
INFO: Run Behavior\ShowPageTraceBehavior [ RunTime:0.000000s ]
INFO: [ app_end ] --END-- [ RunTime:0.001000s ]

