[ 2019-02-04T20:22:32+08:00 ] 127.0.0.1 /
INFO: [ app_init ] --START--
INFO: Run Behavior\BuildLiteBehavior [ RunTime:0.000000s ]
INFO: [ app_init ] --END-- [ RunTime:0.001000s ]
INFO: [ app_begin ] --START--
INFO: Run Behavior\ReadHtmlCacheBehavior [ RunTime:0.001000s ]
INFO: [ app_begin ] --END-- [ RunTime:0.001000s ]
NOTIC: [2] PDO::__construct(): php_network_getaddresses: getaddrinfo failed: ï¿½ï¿½Öªï¿½ï¿½ï¿½ï¿½ï¿½ï¿½ï¿½ï¿½ï¿½ï¿½ï¿½ï¿½  D:\wamp64\www\tpblog\ThinkPHP\Library\Think\Db\Driver.class.php ç¬¬ 103 è¡Œ.
ERR: SQLSTATE[HY000] [2002] php_network_getaddresses: getaddrinfo failed: ²»ÖªµÀÕâÑùµÄÖ÷»ú¡£ 

[ 2019-02-04T20:23:09+08:00 ] 127.0.0.1 /
INFO: [ app_init ] --START--
INFO: Run Behavior\BuildLiteBehavior [ RunTime:0.000000s ]
INFO: [ app_init ] --END-- [ RunTime:0.001000s ]
INFO: [ app_begin ] --START--
INFO: Run Behavior\ReadHtmlCacheBehavior [ RunTime:0.001000s ]
INFO: [ app_begin ] --END-- [ RunTime:0.001000s ]
SQL: SHOW COLUMNS FROM `setting` [ RunTime:0.0560s ]
SQL: SELECT * FROM `setting`  [ RunTime:0.0390s ]
SQL: SELECT * FROM `setting`  [ RunTime:0.0400s ]
SQL: SHOW COLUMNS FROM `article` [ RunTime:0.0550s ]
SQL: SELECT COUNT(*) AS tp_count FROM `article` LIMIT 1   [ RunTime:0.0490s ]
SQL: SELECT * FROM `article` WHERE ( category='æ—…æ¸¸1' ) UNION (select * from article where category='æ—¶å°š'order by aid desc limit 2) UNION (select * from article where category='æ—…æ¸¸'order by aid desc limit 2) UNION (select * from article where category='ç¾Žé£Ÿ'order by aid desc limit 2) UNION (select * from article where category='æ•™è‚²'order by aid desc limit 2) [ RunTime:0.2470s ]
SQL: SELECT * FROM `article` ORDER BY view desc LIMIT 8   [ RunTime:0.1470s ]
SQL: select sum(view) as view,author from article group by author order by view DESC limit 25  [ RunTime:0.0470s ]
INFO: [ view_parse ] --START--
INFO: [ template_filter ] --START--
INFO: Run Behavior\ContentReplaceBehavior [ RunTime:0.001000s ]
INFO: [ template_filter ] --END-- [ RunTime:0.001000s ]
NOTIC: [8] Use of undefined constant aid - assumed 'aid' D:\wamp64\www\tpblog\Application\Runtime\Cache\Home\2a94b8bda04ff446dcedd42276fc99ee.php ç¬¬ 174 è¡Œ.
NOTIC: [8] Use of undefined constant aid - assumed 'aid' D:\wamp64\www\tpblog\Application\Runtime\Cache\Home\2a94b8bda04ff446dcedd42276fc99ee.php ç¬¬ 174 è¡Œ.
NOTIC: [8] Use of undefined constant aid - assumed 'aid' D:\wamp64\www\tpblog\Application\Runtime\Cache\Home\2a94b8bda04ff446dcedd42276fc99ee.php ç¬¬ 174 è¡Œ.
NOTIC: [8] Use of undefined constant aid - assumed 'aid' D:\wamp64\www\tpblog\Application\Runtime\Cache\Home\2a94b8bda04ff446dcedd42276fc99ee.php ç¬¬ 174 è¡Œ.
NOTIC: [8] Use of undefined constant aid - assumed 'aid' D:\wamp64\www\tpblog\Application\Runtime\Cache\Home\2a94b8bda04ff446dcedd42276fc99ee.php ç¬¬ 174 è¡Œ.
NOTIC: [8] Use of undefined constant aid - assumed 'aid' D:\wamp64\www\tpblog\Application\Runtime\Cache\Home\2a94b8bda04ff446dcedd42276fc99ee.php ç¬¬ 174 è¡Œ.
NOTIC: [8] Use of undefined constant aid - assumed 'aid' D:\wamp64\www\tpblog\Application\Runtime\Cache\Home\2a94b8bda04ff446dcedd42276fc99ee.php ç¬¬ 174 è¡Œ.
NOTIC: [8] Use of undefined constant aid - assumed 'aid' D:\wamp64\www\tpblog\Application\Runtime\Cache\Home\2a94b8bda04ff446dcedd42276fc99ee.php ç¬¬ 174 è¡Œ.
NOTIC: [8] Use of undefined constant utf8 - assumed 'utf8' D:\wamp64\www\tpblog\Application\Runtime\Cache\Home\2a94b8bda04ff446dcedd42276fc99ee.php ç¬¬ 203 è¡Œ.
NOTIC: [8] Use of undefined constant utf8 - assumed 'utf8' D:\wamp64\www\tpblog\Application\Runtime\Cache\Home\2a94b8bda04ff446dcedd42276fc99ee.php ç¬¬ 203 è¡Œ.
NOTIC: [8] Use of undefined constant utf8 - assumed 'utf8' D:\wamp64\www\tpblog\Application\Runtime\Cache\Home\2a94b8bda04ff446dcedd42276fc99ee.php ç¬¬ 203 è¡Œ.
NOTIC: [8] Use of undefined constant aid - assumed 'aid' D:\wamp64\www\tpblog\Application\Runtime\Cache\Home\2a94b8bda04ff446dcedd42276fc99ee.php ç¬¬ 270 è¡Œ.
NOTIC: [8] Use of undefined constant aid - assumed 'aid' D:\wamp64\www\tpblog\Application\Runtime\Cache\Home\2a94b8bda04ff446dcedd42276fc99ee.php ç¬¬ 270 è¡Œ.
NOTIC: [8] Use of undefined constant aid - assumed 'aid' D:\wamp64\www\tpblog\Application\Runtime\Cache\Home\2a94b8bda04ff446dcedd42276fc99ee.php ç¬¬ 270 è¡Œ.
NOTIC: [8] Use of undefined constant aid - assumed 'aid' D:\wamp64\www\tpblog\Application\Runtime\Cache\Home\2a94b8bda04ff446dcedd42276fc99ee.php ç¬¬ 270 è¡Œ.
NOTIC: [8] Use of undefined constant aid - assumed 'aid' D:\wamp64\www\tpblog\Application\Runtime\Cache\Home\2a94b8bda04ff446dcedd42276fc99ee.php ç¬¬ 270 è¡Œ.
NOTIC: [8] Use of undefined constant aid - assumed 'aid' D:\wamp64\www\tpblog\Application\Runtime\Cache\Home\2a94b8bda04ff446dcedd42276fc99ee.php ç¬¬ 270 è¡Œ.
NOTIC: [8] Use of undefined constant aid - assumed 'aid' D:\wamp64\www\tpblog\Application\Runtime\Cache\Home\2a94b8bda04ff446dcedd42276fc99ee.php ç¬¬ 270 è¡Œ.
NOTIC: [8] Use of undefined constant aid - assumed 'aid' D:\wamp64\www\tpblog\Application\Runtime\Cache\Home\2a94b8bda04ff446dcedd42276fc99ee.php ç¬¬ 270 è¡Œ.
INFO: Run Behavior\ParseTemplateBehavior [ RunTime:0.045003s ]
INFO: [ view_parse ] --END-- [ RunTime:0.046003s ]
INFO: [ view_filter ] --START--
INFO: Run Behavior\WriteHtmlCacheBehavior [ RunTime:0.001000s ]
INFO: [ view_filter ] --END-- [ RunTime:0.001000s ]
INFO: [ app_end ] --START--
INFO: Run Behavior\ShowPageTraceBehavior [ RunTime:0.004000s ]
INFO: [ app_end ] --END-- [ RunTime:0.005000s ]

[ 2019-02-04T20:35:42+08:00 ] 127.0.0.1 /
INFO: [ app_init ] --START--
INFO: Run Behavior\BuildLiteBehavior [ RunTime:0.000000s ]
INFO: [ app_init ] --END-- [ RunTime:0.001001s ]
INFO: [ app_begin ] --START--
INFO: Run Behavior\ReadHtmlCacheBehavior [ RunTime:0.001000s ]
INFO: [ app_begin ] --END-- [ RunTime:0.001000s ]
SQL: SHOW COLUMNS FROM `setting` [ RunTime:0.0740s ]
SQL: SELECT * FROM `setting`  [ RunTime:0.0550s ]
SQL: SELECT * FROM `setting`  [ RunTime:0.0690s ]
SQL: SHOW COLUMNS FROM `article` [ RunTime:0.0640s ]
SQL: SELECT COUNT(*) AS tp_count FROM `article` LIMIT 1   [ RunTime:0.0540s ]
SQL: SELECT * FROM `article` WHERE ( category='æ—…æ¸¸1' ) UNION (select * from article where category='æ—¶å°š'order by aid desc limit 2) UNION (select * from article where category='æ—…æ¸¸'order by aid desc limit 2) UNION (select * from article where category='ç¾Žé£Ÿ'order by aid desc limit 2) UNION (select * from article where category='æ•™è‚²'order by aid desc limit 2) [ RunTime:0.1640s ]
SQL: SELECT * FROM `article` ORDER BY view desc LIMIT 8   [ RunTime:0.1810s ]
SQL: select sum(view) as view,author from article group by author order by view DESC limit 25  [ RunTime:0.0580s ]
INFO: [ view_parse ] --START--
INFO: [ template_filter ] --START--
INFO: Run Behavior\ContentReplaceBehavior [ RunTime:0.000000s ]
INFO: [ template_filter ] --END-- [ RunTime:0.000000s ]
NOTIC: [8] Use of undefined constant aid - assumed 'aid' D:\wamp64\www\tpblog\Application\Runtime\Cache\Home\2a94b8bda04ff446dcedd42276fc99ee.php ç¬¬ 179 è¡Œ.
NOTIC: [8] Use of undefined constant aid - assumed 'aid' D:\wamp64\www\tpblog\Application\Runtime\Cache\Home\2a94b8bda04ff446dcedd42276fc99ee.php ç¬¬ 179 è¡Œ.
NOTIC: [8] Use of undefined constant aid - assumed 'aid' D:\wamp64\www\tpblog\Application\Runtime\Cache\Home\2a94b8bda04ff446dcedd42276fc99ee.php ç¬¬ 179 è¡Œ.
NOTIC: [8] Use of undefined constant aid - assumed 'aid' D:\wamp64\www\tpblog\Application\Runtime\Cache\Home\2a94b8bda04ff446dcedd42276fc99ee.php ç¬¬ 179 è¡Œ.
NOTIC: [8] Use of undefined constant aid - assumed 'aid' D:\wamp64\www\tpblog\Application\Runtime\Cache\Home\2a94b8bda04ff446dcedd42276fc99ee.php ç¬¬ 179 è¡Œ.
NOTIC: [8] Use of undefined constant aid - assumed 'aid' D:\wamp64\www\tpblog\Application\Runtime\Cache\Home\2a94b8bda04ff446dcedd42276fc99ee.php ç¬¬ 179 è¡Œ.
NOTIC: [8] Use of undefined constant aid - assumed 'aid' D:\wamp64\www\tpblog\Application\Runtime\Cache\Home\2a94b8bda04ff446dcedd42276fc99ee.php ç¬¬ 179 è¡Œ.
NOTIC: [8] Use of undefined constant aid - assumed 'aid' D:\wamp64\www\tpblog\Application\Runtime\Cache\Home\2a94b8bda04ff446dcedd42276fc99ee.php ç¬¬ 179 è¡Œ.
NOTIC: [8] Use of undefined constant utf8 - assumed 'utf8' D:\wamp64\www\tpblog\Application\Runtime\Cache\Home\2a94b8bda04ff446dcedd42276fc99ee.php ç¬¬ 208 è¡Œ.
NOTIC: [8] Use of undefined constant utf8 - assumed 'utf8' D:\wamp64\www\tpblog\Application\Runtime\Cache\Home\2a94b8bda04ff446dcedd42276fc99ee.php ç¬¬ 208 è¡Œ.
NOTIC: [8] Use of undefined constant utf8 - assumed 'utf8' D:\wamp64\www\tpblog\Application\Runtime\Cache\Home\2a94b8bda04ff446dcedd42276fc99ee.php ç¬¬ 208 è¡Œ.
NOTIC: [8] Use of undefined constant aid - assumed 'aid' D:\wamp64\www\tpblog\Application\Runtime\Cache\Home\2a94b8bda04ff446dcedd42276fc99ee.php ç¬¬ 275 è¡Œ.
NOTIC: [8] Use of undefined constant aid - assumed 'aid' D:\wamp64\www\tpblog\Application\Runtime\Cache\Home\2a94b8bda04ff446dcedd42276fc99ee.php ç¬¬ 275 è¡Œ.
NOTIC: [8] Use of undefined constant aid - assumed 'aid' D:\wamp64\www\tpblog\Application\Runtime\Cache\Home\2a94b8bda04ff446dcedd42276fc99ee.php ç¬¬ 275 è¡Œ.
NOTIC: [8] Use of undefined constant aid - assumed 'aid' D:\wamp64\www\tpblog\Application\Runtime\Cache\Home\2a94b8bda04ff446dcedd42276fc99ee.php ç¬¬ 275 è¡Œ.
NOTIC: [8] Use of undefined constant aid - assumed 'aid' D:\wamp64\www\tpblog\Application\Runtime\Cache\Home\2a94b8bda04ff446dcedd42276fc99ee.php ç¬¬ 275 è¡Œ.
NOTIC: [8] Use of undefined constant aid - assumed 'aid' D:\wamp64\www\tpblog\Application\Runtime\Cache\Home\2a94b8bda04ff446dcedd42276fc99ee.php ç¬¬ 275 è¡Œ.
NOTIC: [8] Use of undefined constant aid - assumed 'aid' D:\wamp64\www\tpblog\Application\Runtime\Cache\Home\2a94b8bda04ff446dcedd42276fc99ee.php ç¬¬ 275 è¡Œ.
NOTIC: [8] Use of undefined constant aid - assumed 'aid' D:\wamp64\www\tpblog\Application\Runtime\Cache\Home\2a94b8bda04ff446dcedd42276fc99ee.php ç¬¬ 275 è¡Œ.
INFO: Run Behavior\ParseTemplateBehavior [ RunTime:0.051003s ]
INFO: [ view_parse ] --END-- [ RunTime:0.051003s ]
INFO: [ view_filter ] --START--
INFO: Run Behavior\WriteHtmlCacheBehavior [ RunTime:0.001000s ]
INFO: [ view_filter ] --END-- [ RunTime:0.001000s ]
INFO: [ app_end ] --START--
INFO: Run Behavior\ShowPageTraceBehavior [ RunTime:0.002000s ]
INFO: [ app_end ] --END-- [ RunTime:0.004000s ]

[ 2019-02-04T20:36:10+08:00 ] 127.0.0.1 /
INFO: [ app_init ] --START--
INFO: Run Behavior\BuildLiteBehavior [ RunTime:0.000000s ]
INFO: [ app_init ] --END-- [ RunTime:0.001000s ]
INFO: [ app_begin ] --START--
INFO: Run Behavior\ReadHtmlCacheBehavior [ RunTime:0.001001s ]
INFO: [ app_begin ] --END-- [ RunTime:0.001001s ]
SQL: SHOW COLUMNS FROM `setting` [ RunTime:0.4410s ]
SQL: SELECT * FROM `setting`  [ RunTime:0.1900s ]
SQL: SELECT * FROM `setting`  [ RunTime:0.0430s ]
SQL: SHOW COLUMNS FROM `article` [ RunTime:0.0900s ]
SQL: SELECT COUNT(*) AS tp_count FROM `article` LIMIT 1   [ RunTime:0.0400s ]
SQL: SELECT * FROM `article` WHERE ( category='æ—…æ¸¸1' ) UNION (select * from article where category='æ—¶å°š'order by aid desc limit 2) UNION (select * from article where category='æ—…æ¸¸'order by aid desc limit 2) UNION (select * from article where category='ç¾Žé£Ÿ'order by aid desc limit 2) UNION (select * from article where category='æ•™è‚²'order by aid desc limit 2) [ RunTime:0.1740s ]
SQL: SELECT * FROM `article` ORDER BY view desc LIMIT 8   [ RunTime:0.8250s ]
SQL: select sum(view) as view,author from article group by author order by view DESC limit 25  [ RunTime:0.0590s ]
INFO: [ view_parse ] --START--
INFO: [ template_filter ] --START--
INFO: Run Behavior\ContentReplaceBehavior [ RunTime:0.000000s ]
INFO: [ template_filter ] --END-- [ RunTime:0.000000s ]
NOTIC: [8] Use of undefined constant aid - assumed 'aid' D:\wamp64\www\tpblog\Application\Runtime\Cache\Home\2a94b8bda04ff446dcedd42276fc99ee.php ç¬¬ 179 è¡Œ.
NOTIC: [8] Use of undefined constant aid - assumed 'aid' D:\wamp64\www\tpblog\Application\Runtime\Cache\Home\2a94b8bda04ff446dcedd42276fc99ee.php ç¬¬ 179 è¡Œ.
NOTIC: [8] Use of undefined constant aid - assumed 'aid' D:\wamp64\www\tpblog\Application\Runtime\Cache\Home\2a94b8bda04ff446dcedd42276fc99ee.php ç¬¬ 179 è¡Œ.
NOTIC: [8] Use of undefined constant aid - assumed 'aid' D:\wamp64\www\tpblog\Application\Runtime\Cache\Home\2a94b8bda04ff446dcedd42276fc99ee.php ç¬¬ 179 è¡Œ.
NOTIC: [8] Use of undefined constant aid - assumed 'aid' D:\wamp64\www\tpblog\Application\Runtime\Cache\Home\2a94b8bda04ff446dcedd42276fc99ee.php ç¬¬ 179 è¡Œ.
NOTIC: [8] Use of undefined constant aid - assumed 'aid' D:\wamp64\www\tpblog\Application\Runtime\Cache\Home\2a94b8bda04ff446dcedd42276fc99ee.php ç¬¬ 179 è¡Œ.
NOTIC: [8] Use of undefined constant aid - assumed 'aid' D:\wamp64\www\tpblog\Application\Runtime\Cache\Home\2a94b8bda04ff446dcedd42276fc99ee.php ç¬¬ 179 è¡Œ.
NOTIC: [8] Use of undefined constant aid - assumed 'aid' D:\wamp64\www\tpblog\Application\Runtime\Cache\Home\2a94b8bda04ff446dcedd42276fc99ee.php ç¬¬ 179 è¡Œ.
NOTIC: [8] Use of undefined constant utf8 - assumed 'utf8' D:\wamp64\www\tpblog\Application\Runtime\Cache\Home\2a94b8bda04ff446dcedd42276fc99ee.php ç¬¬ 208 è¡Œ.
NOTIC: [8] Use of undefined constant utf8 - assumed 'utf8' D:\wamp64\www\tpblog\Application\Runtime\Cache\Home\2a94b8bda04ff446dcedd42276fc99ee.php ç¬¬ 208 è¡Œ.
NOTIC: [8] Use of undefined constant utf8 - assumed 'utf8' D:\wamp64\www\tpblog\Application\Runtime\Cache\Home\2a94b8bda04ff446dcedd42276fc99ee.php ç¬¬ 208 è¡Œ.
NOTIC: [8] Use of undefined constant aid - assumed 'aid' D:\wamp64\www\tpblog\Application\Runtime\Cache\Home\2a94b8bda04ff446dcedd42276fc99ee.php ç¬¬ 275 è¡Œ.
NOTIC: [8] Use of undefined constant aid - assumed 'aid' D:\wamp64\www\tpblog\Application\Runtime\Cache\Home\2a94b8bda04ff446dcedd42276fc99ee.php ç¬¬ 275 è¡Œ.
NOTIC: [8] Use of undefined constant aid - assumed 'aid' D:\wamp64\www\tpblog\Application\Runtime\Cache\Home\2a94b8bda04ff446dcedd42276fc99ee.php ç¬¬ 275 è¡Œ.
NOTIC: [8] Use of undefined constant aid - assumed 'aid' D:\wamp64\www\tpblog\Application\Runtime\Cache\Home\2a94b8bda04ff446dcedd42276fc99ee.php ç¬¬ 275 è¡Œ.
NOTIC: [8] Use of undefined constant aid - assumed 'aid' D:\wamp64\www\tpblog\Application\Runtime\Cache\Home\2a94b8bda04ff446dcedd42276fc99ee.php ç¬¬ 275 è¡Œ.
NOTIC: [8] Use of undefined constant aid - assumed 'aid' D:\wamp64\www\tpblog\Application\Runtime\Cache\Home\2a94b8bda04ff446dcedd42276fc99ee.php ç¬¬ 275 è¡Œ.
NOTIC: [8] Use of undefined constant aid - assumed 'aid' D:\wamp64\www\tpblog\Application\Runtime\Cache\Home\2a94b8bda04ff446dcedd42276fc99ee.php ç¬¬ 275 è¡Œ.
NOTIC: [8] Use of undefined constant aid - assumed 'aid' D:\wamp64\www\tpblog\Application\Runtime\Cache\Home\2a94b8bda04ff446dcedd42276fc99ee.php ç¬¬ 275 è¡Œ.
INFO: Run Behavior\ParseTemplateBehavior [ RunTime:0.023002s ]
INFO: [ view_parse ] --END-- [ RunTime:0.024002s ]
INFO: [ view_filter ] --START--
INFO: Run Behavior\WriteHtmlCacheBehavior [ RunTime:0.001000s ]
INFO: [ view_filter ] --END-- [ RunTime:0.001000s ]
INFO: [ app_end ] --START--
INFO: Run Behavior\ShowPageTraceBehavior [ RunTime:0.003000s ]
INFO: [ app_end ] --END-- [ RunTime:0.003000s ]

[ 2019-02-04T20:36:21+08:00 ] 127.0.0.1 /
INFO: [ app_init ] --START--
INFO: Run Behavior\BuildLiteBehavior [ RunTime:0.000000s ]
INFO: [ app_init ] --END-- [ RunTime:0.000000s ]
INFO: [ app_begin ] --START--
INFO: Run Behavior\ReadHtmlCacheBehavior [ RunTime:0.001000s ]
INFO: [ app_begin ] --END-- [ RunTime:0.001000s ]
SQL: SHOW COLUMNS FROM `setting` [ RunTime:0.0760s ]
SQL: SELECT * FROM `setting`  [ RunTime:0.0440s ]
SQL: SELECT * FROM `setting`  [ RunTime:0.0440s ]
SQL: SHOW COLUMNS FROM `article` [ RunTime:0.0540s ]
SQL: SELECT COUNT(*) AS tp_count FROM `article` LIMIT 1   [ RunTime:0.0420s ]
SQL: SELECT * FROM `article` WHERE ( category='æ—…æ¸¸1' ) UNION (select * from article where category='æ—¶å°š'order by aid desc limit 2) UNION (select * from article where category='æ—…æ¸¸'order by aid desc limit 2) UNION (select * from article where category='ç¾Žé£Ÿ'order by aid desc limit 2) UNION (select * from article where category='æ•™è‚²'order by aid desc limit 2) [ RunTime:0.1490s ]
SQL: SELECT * FROM `article` ORDER BY view desc LIMIT 8   [ RunTime:0.1030s ]
SQL: select sum(view) as view,author from article group by author order by view DESC limit 25  [ RunTime:0.0580s ]
INFO: [ view_parse ] --START--
INFO: [ template_filter ] --START--
INFO: Run Behavior\ContentReplaceBehavior [ RunTime:0.000000s ]
INFO: [ template_filter ] --END-- [ RunTime:0.000000s ]
NOTIC: [8] Use of undefined constant aid - assumed 'aid' D:\wamp64\www\tpblog\Application\Runtime\Cache\Home\2a94b8bda04ff446dcedd42276fc99ee.php ç¬¬ 179 è¡Œ.
NOTIC: [8] Use of undefined constant aid - assumed 'aid' D:\wamp64\www\tpblog\Application\Runtime\Cache\Home\2a94b8bda04ff446dcedd42276fc99ee.php ç¬¬ 179 è¡Œ.
NOTIC: [8] Use of undefined constant aid - assumed 'aid' D:\wamp64\www\tpblog\Application\Runtime\Cache\Home\2a94b8bda04ff446dcedd42276fc99ee.php ç¬¬ 179 è¡Œ.
NOTIC: [8] Use of undefined constant aid - assumed 'aid' D:\wamp64\www\tpblog\Application\Runtime\Cache\Home\2a94b8bda04ff446dcedd42276fc99ee.php ç¬¬ 179 è¡Œ.
NOTIC: [8] Use of undefined constant aid - assumed 'aid' D:\wamp64\www\tpblog\Application\Runtime\Cache\Home\2a94b8bda04ff446dcedd42276fc99ee.php ç¬¬ 179 è¡Œ.
NOTIC: [8] Use of undefined constant aid - assumed 'aid' D:\wamp64\www\tpblog\Application\Runtime\Cache\Home\2a94b8bda04ff446dcedd42276fc99ee.php ç¬¬ 179 è¡Œ.
NOTIC: [8] Use of undefined constant aid - assumed 'aid' D:\wamp64\www\tpblog\Application\Runtime\Cache\Home\2a94b8bda04ff446dcedd42276fc99ee.php ç¬¬ 179 è¡Œ.
NOTIC: [8] Use of undefined constant aid - assumed 'aid' D:\wamp64\www\tpblog\Application\Runtime\Cache\Home\2a94b8bda04ff446dcedd42276fc99ee.php ç¬¬ 179 è¡Œ.
NOTIC: [8] Use of undefined constant utf8 - assumed 'utf8' D:\wamp64\www\tpblog\Application\Runtime\Cache\Home\2a94b8bda04ff446dcedd42276fc99ee.php ç¬¬ 208 è¡Œ.
NOTIC: [8] Use of undefined constant utf8 - assumed 'utf8' D:\wamp64\www\tpblog\Application\Runtime\Cache\Home\2a94b8bda04ff446dcedd42276fc99ee.php ç¬¬ 208 è¡Œ.
NOTIC: [8] Use of undefined constant utf8 - assumed 'utf8' D:\wamp64\www\tpblog\Application\Runtime\Cache\Home\2a94b8bda04ff446dcedd42276fc99ee.php ç¬¬ 208 è¡Œ.
NOTIC: [8] Use of undefined constant aid - assumed 'aid' D:\wamp64\www\tpblog\Application\Runtime\Cache\Home\2a94b8bda04ff446dcedd42276fc99ee.php ç¬¬ 275 è¡Œ.
NOTIC: [8] Use of undefined constant aid - assumed 'aid' D:\wamp64\www\tpblog\Application\Runtime\Cache\Home\2a94b8bda04ff446dcedd42276fc99ee.php ç¬¬ 275 è¡Œ.
NOTIC: [8] Use of undefined constant aid - assumed 'aid' D:\wamp64\www\tpblog\Application\Runtime\Cache\Home\2a94b8bda04ff446dcedd42276fc99ee.php ç¬¬ 275 è¡Œ.
NOTIC: [8] Use of undefined constant aid - assumed 'aid' D:\wamp64\www\tpblog\Application\Runtime\Cache\Home\2a94b8bda04ff446dcedd42276fc99ee.php ç¬¬ 275 è¡Œ.
NOTIC: [8] Use of undefined constant aid - assumed 'aid' D:\wamp64\www\tpblog\Application\Runtime\Cache\Home\2a94b8bda04ff446dcedd42276fc99ee.php ç¬¬ 275 è¡Œ.
NOTIC: [8] Use of undefined constant aid - assumed 'aid' D:\wamp64\www\tpblog\Application\Runtime\Cache\Home\2a94b8bda04ff446dcedd42276fc99ee.php ç¬¬ 275 è¡Œ.
NOTIC: [8] Use of undefined constant aid - assumed 'aid' D:\wamp64\www\tpblog\Application\Runtime\Cache\Home\2a94b8bda04ff446dcedd42276fc99ee.php ç¬¬ 275 è¡Œ.
NOTIC: [8] Use of undefined constant aid - assumed 'aid' D:\wamp64\www\tpblog\Application\Runtime\Cache\Home\2a94b8bda04ff446dcedd42276fc99ee.php ç¬¬ 275 è¡Œ.
INFO: Run Behavior\ParseTemplateBehavior [ RunTime:0.034002s ]
INFO: [ view_parse ] --END-- [ RunTime:0.034002s ]
INFO: [ view_filter ] --START--
INFO: Run Behavior\WriteHtmlCacheBehavior [ RunTime:0.001000s ]
INFO: [ view_filter ] --END-- [ RunTime:0.002000s ]
INFO: [ app_end ] --START--
INFO: Run Behavior\ShowPageTraceBehavior [ RunTime:0.005000s ]
INFO: [ app_end ] --END-- [ RunTime:0.005000s ]

[ 2019-02-04T20:36:57+08:00 ] 127.0.0.1 /
INFO: [ app_init ] --START--
INFO: Run Behavior\BuildLiteBehavior [ RunTime:0.000000s ]
INFO: [ app_init ] --END-- [ RunTime:0.001000s ]
INFO: [ app_begin ] --START--
INFO: Run Behavior\ReadHtmlCacheBehavior [ RunTime:0.001000s ]
INFO: [ app_begin ] --END-- [ RunTime:0.001000s ]
SQL: SHOW COLUMNS FROM `setting` [ RunTime:0.0710s ]
SQL: SELECT * FROM `setting`  [ RunTime:0.0370s ]
SQL: SELECT * FROM `setting`  [ RunTime:0.0370s ]
SQL: SHOW COLUMNS FROM `article` [ RunTime:0.1150s ]
SQL: SELECT COUNT(*) AS tp_count FROM `article` LIMIT 1   [ RunTime:0.1410s ]
SQL: SELECT * FROM `article` WHERE ( category='æ—…æ¸¸1' ) UNION (select * from article where category='æ—¶å°š'order by aid desc limit 2) UNION (select * from article where category='æ—…æ¸¸'order by aid desc limit 2) UNION (select * from article where category='ç¾Žé£Ÿ'order by aid desc limit 2) UNION (select * from article where category='æ•™è‚²'order by aid desc limit 2) [ RunTime:0.1280s ]
SQL: SELECT * FROM `article` ORDER BY view desc LIMIT 8   [ RunTime:0.6630s ]
SQL: select sum(view) as view,author from article group by author order by view DESC limit 25  [ RunTime:0.0590s ]
INFO: [ view_parse ] --START--
INFO: [ template_filter ] --START--
INFO: Run Behavior\ContentReplaceBehavior [ RunTime:0.000000s ]
INFO: [ template_filter ] --END-- [ RunTime:0.001000s ]
NOTIC: [8] Use of undefined constant aid - assumed 'aid' D:\wamp64\www\tpblog\Application\Runtime\Cache\Home\2a94b8bda04ff446dcedd42276fc99ee.php ç¬¬ 179 è¡Œ.
NOTIC: [8] Use of undefined constant aid - assumed 'aid' D:\wamp64\www\tpblog\Application\Runtime\Cache\Home\2a94b8bda04ff446dcedd42276fc99ee.php ç¬¬ 179 è¡Œ.
NOTIC: [8] Use of undefined constant aid - assumed 'aid' D:\wamp64\www\tpblog\Application\Runtime\Cache\Home\2a94b8bda04ff446dcedd42276fc99ee.php ç¬¬ 179 è¡Œ.
NOTIC: [8] Use of undefined constant aid - assumed 'aid' D:\wamp64\www\tpblog\Application\Runtime\Cache\Home\2a94b8bda04ff446dcedd42276fc99ee.php ç¬¬ 179 è¡Œ.
NOTIC: [8] Use of undefined constant aid - assumed 'aid' D:\wamp64\www\tpblog\Application\Runtime\Cache\Home\2a94b8bda04ff446dcedd42276fc99ee.php ç¬¬ 179 è¡Œ.
NOTIC: [8] Use of undefined constant aid - assumed 'aid' D:\wamp64\www\tpblog\Application\Runtime\Cache\Home\2a94b8bda04ff446dcedd42276fc99ee.php ç¬¬ 179 è¡Œ.
NOTIC: [8] Use of undefined constant aid - assumed 'aid' D:\wamp64\www\tpblog\Application\Runtime\Cache\Home\2a94b8bda04ff446dcedd42276fc99ee.php ç¬¬ 179 è¡Œ.
NOTIC: [8] Use of undefined constant aid - assumed 'aid' D:\wamp64\www\tpblog\Application\Runtime\Cache\Home\2a94b8bda04ff446dcedd42276fc99ee.php ç¬¬ 179 è¡Œ.
NOTIC: [8] Use of undefined constant utf8 - assumed 'utf8' D:\wamp64\www\tpblog\Application\Runtime\Cache\Home\2a94b8bda04ff446dcedd42276fc99ee.php ç¬¬ 208 è¡Œ.
NOTIC: [8] Use of undefined constant utf8 - assumed 'utf8' D:\wamp64\www\tpblog\Application\Runtime\Cache\Home\2a94b8bda04ff446dcedd42276fc99ee.php ç¬¬ 208 è¡Œ.
NOTIC: [8] Use of undefined constant utf8 - assumed 'utf8' D:\wamp64\www\tpblog\Application\Runtime\Cache\Home\2a94b8bda04ff446dcedd42276fc99ee.php ç¬¬ 208 è¡Œ.
NOTIC: [8] Use of undefined constant aid - assumed 'aid' D:\wamp64\www\tpblog\Application\Runtime\Cache\Home\2a94b8bda04ff446dcedd42276fc99ee.php ç¬¬ 275 è¡Œ.
NOTIC: [8] Use of undefined constant aid - assumed 'aid' D:\wamp64\www\tpblog\Application\Runtime\Cache\Home\2a94b8bda04ff446dcedd42276fc99ee.php ç¬¬ 275 è¡Œ.
NOTIC: [8] Use of undefined constant aid - assumed 'aid' D:\wamp64\www\tpblog\Application\Runtime\Cache\Home\2a94b8bda04ff446dcedd42276fc99ee.php ç¬¬ 275 è¡Œ.
NOTIC: [8] Use of undefined constant aid - assumed 'aid' D:\wamp64\www\tpblog\Application\Runtime\Cache\Home\2a94b8bda04ff446dcedd42276fc99ee.php ç¬¬ 275 è¡Œ.
NOTIC: [8] Use of undefined constant aid - assumed 'aid' D:\wamp64\www\tpblog\Application\Runtime\Cache\Home\2a94b8bda04ff446dcedd42276fc99ee.php ç¬¬ 275 è¡Œ.
NOTIC: [8] Use of undefined constant aid - assumed 'aid' D:\wamp64\www\tpblog\Application\Runtime\Cache\Home\2a94b8bda04ff446dcedd42276fc99ee.php ç¬¬ 275 è¡Œ.
NOTIC: [8] Use of undefined constant aid - assumed 'aid' D:\wamp64\www\tpblog\Application\Runtime\Cache\Home\2a94b8bda04ff446dcedd42276fc99ee.php ç¬¬ 275 è¡Œ.
NOTIC: [8] Use of undefined constant aid - assumed 'aid' D:\wamp64\www\tpblog\Application\Runtime\Cache\Home\2a94b8bda04ff446dcedd42276fc99ee.php ç¬¬ 275 è¡Œ.
INFO: Run Behavior\ParseTemplateBehavior [ RunTime:0.039002s ]
INFO: [ view_parse ] --END-- [ RunTime:0.040002s ]
INFO: [ view_filter ] --START--
INFO: Run Behavior\WriteHtmlCacheBehavior [ RunTime:0.001001s ]
INFO: [ view_filter ] --END-- [ RunTime:0.001001s ]
INFO: [ app_end ] --START--
INFO: Run Behavior\ShowPageTraceBehavior [ RunTime:0.001000s ]
INFO: [ app_end ] --END-- [ RunTime:0.002000s ]

[ 2019-02-04T20:37:14+08:00 ] 127.0.0.1 /
INFO: [ app_init ] --START--
INFO: Run Behavior\BuildLiteBehavior [ RunTime:0.000000s ]
INFO: [ app_init ] --END-- [ RunTime:0.001000s ]
INFO: [ app_begin ] --START--
INFO: Run Behavior\ReadHtmlCacheBehavior [ RunTime:0.001000s ]
INFO: [ app_begin ] --END-- [ RunTime:0.001000s ]
SQL: SHOW COLUMNS FROM `setting` [ RunTime:0.0690s ]
SQL: SELECT * FROM `setting`  [ RunTime:0.0700s ]
SQL: SELECT * FROM `setting`  [ RunTime:0.0370s ]
SQL: SHOW COLUMNS FROM `article` [ RunTime:0.0520s ]
SQL: SELECT COUNT(*) AS tp_count FROM `article` LIMIT 1   [ RunTime:0.0480s ]
SQL: SELECT * FROM `article` WHERE ( category='æ—…æ¸¸1' ) UNION (select * from article where category='æ—¶å°š'order by aid desc limit 2) UNION (select * from article where category='æ—…æ¸¸'order by aid desc limit 2) UNION (select * from article where category='ç¾Žé£Ÿ'order by aid desc limit 2) UNION (select * from article where category='æ•™è‚²'order by aid desc limit 2) [ RunTime:0.3570s ]
SQL: SELECT * FROM `article` ORDER BY view desc LIMIT 8   [ RunTime:0.2200s ]
SQL: select sum(view) as view,author from article group by author order by view DESC limit 25  [ RunTime:0.0940s ]
INFO: [ view_parse ] --START--
INFO: [ template_filter ] --START--
INFO: Run Behavior\ContentReplaceBehavior [ RunTime:0.000000s ]
INFO: [ template_filter ] --END-- [ RunTime:0.001000s ]
NOTIC: [8] Use of undefined constant aid - assumed 'aid' D:\wamp64\www\tpblog\Application\Runtime\Cache\Home\2a94b8bda04ff446dcedd42276fc99ee.php ç¬¬ 179 è¡Œ.
NOTIC: [8] Use of undefined constant aid - assumed 'aid' D:\wamp64\www\tpblog\Application\Runtime\Cache\Home\2a94b8bda04ff446dcedd42276fc99ee.php ç¬¬ 179 è¡Œ.
NOTIC: [8] Use of undefined constant aid - assumed 'aid' D:\wamp64\www\tpblog\Application\Runtime\Cache\Home\2a94b8bda04ff446dcedd42276fc99ee.php ç¬¬ 179 è¡Œ.
NOTIC: [8] Use of undefined constant aid - assumed 'aid' D:\wamp64\www\tpblog\Application\Runtime\Cache\Home\2a94b8bda04ff446dcedd42276fc99ee.php ç¬¬ 179 è¡Œ.
NOTIC: [8] Use of undefined constant aid - assumed 'aid' D:\wamp64\www\tpblog\Application\Runtime\Cache\Home\2a94b8bda04ff446dcedd42276fc99ee.php ç¬¬ 179 è¡Œ.
NOTIC: [8] Use of undefined constant aid - assumed 'aid' D:\wamp64\www\tpblog\Application\Runtime\Cache\Home\2a94b8bda04ff446dcedd42276fc99ee.php ç¬¬ 179 è¡Œ.
NOTIC: [8] Use of undefined constant aid - assumed 'aid' D:\wamp64\www\tpblog\Application\Runtime\Cache\Home\2a94b8bda04ff446dcedd42276fc99ee.php ç¬¬ 179 è¡Œ.
NOTIC: [8] Use of undefined constant aid - assumed 'aid' D:\wamp64\www\tpblog\Application\Runtime\Cache\Home\2a94b8bda04ff446dcedd42276fc99ee.php ç¬¬ 179 è¡Œ.
NOTIC: [8] Use of undefined constant utf8 - assumed 'utf8' D:\wamp64\www\tpblog\Application\Runtime\Cache\Home\2a94b8bda04ff446dcedd42276fc99ee.php ç¬¬ 208 è¡Œ.
NOTIC: [8] Use of undefined constant utf8 - assumed 'utf8' D:\wamp64\www\tpblog\Application\Runtime\Cache\Home\2a94b8bda04ff446dcedd42276fc99ee.php ç¬¬ 208 è¡Œ.
NOTIC: [8] Use of undefined constant utf8 - assumed 'utf8' D:\wamp64\www\tpblog\Application\Runtime\Cache\Home\2a94b8bda04ff446dcedd42276fc99ee.php ç¬¬ 208 è¡Œ.
NOTIC: [8] Use of undefined constant aid - assumed 'aid' D:\wamp64\www\tpblog\Application\Runtime\Cache\Home\2a94b8bda04ff446dcedd42276fc99ee.php ç¬¬ 275 è¡Œ.
NOTIC: [8] Use of undefined constant aid - assumed 'aid' D:\wamp64\www\tpblog\Application\Runtime\Cache\Home\2a94b8bda04ff446dcedd42276fc99ee.php ç¬¬ 275 è¡Œ.
NOTIC: [8] Use of undefined constant aid - assumed 'aid' D:\wamp64\www\tpblog\Application\Runtime\Cache\Home\2a94b8bda04ff446dcedd42276fc99ee.php ç¬¬ 275 è¡Œ.
NOTIC: [8] Use of undefined constant aid - assumed 'aid' D:\wamp64\www\tpblog\Application\Runtime\Cache\Home\2a94b8bda04ff446dcedd42276fc99ee.php ç¬¬ 275 è¡Œ.
NOTIC: [8] Use of undefined constant aid - assumed 'aid' D:\wamp64\www\tpblog\Application\Runtime\Cache\Home\2a94b8bda04ff446dcedd42276fc99ee.php ç¬¬ 275 è¡Œ.
NOTIC: [8] Use of undefined constant aid - assumed 'aid' D:\wamp64\www\tpblog\Application\Runtime\Cache\Home\2a94b8bda04ff446dcedd42276fc99ee.php ç¬¬ 275 è¡Œ.
NOTIC: [8] Use of undefined constant aid - assumed 'aid' D:\wamp64\www\tpblog\Application\Runtime\Cache\Home\2a94b8bda04ff446dcedd42276fc99ee.php ç¬¬ 275 è¡Œ.
NOTIC: [8] Use of undefined constant aid - assumed 'aid' D:\wamp64\www\tpblog\Application\Runtime\Cache\Home\2a94b8bda04ff446dcedd42276fc99ee.php ç¬¬ 275 è¡Œ.
INFO: Run Behavior\ParseTemplateBehavior [ RunTime:0.051003s ]
INFO: [ view_parse ] --END-- [ RunTime:0.051003s ]
INFO: [ view_filter ] --START--
INFO: Run Behavior\WriteHtmlCacheBehavior [ RunTime:0.001000s ]
INFO: [ view_filter ] --END-- [ RunTime:0.001000s ]
INFO: [ app_end ] --START--
INFO: Run Behavior\ShowPageTraceBehavior [ RunTime:0.001000s ]
INFO: [ app_end ] --END-- [ RunTime:0.001000s ]

[ 2019-02-04T20:37:16+08:00 ] 127.0.0.1 /
INFO: [ app_init ] --START--
INFO: Run Behavior\BuildLiteBehavior [ RunTime:0.000000s ]
INFO: [ app_init ] --END-- [ RunTime:0.002000s ]
INFO: [ app_begin ] --START--
INFO: Run Behavior\ReadHtmlCacheBehavior [ RunTime:0.001000s ]
INFO: [ app_begin ] --END-- [ RunTime:0.002001s ]
SQL: SHOW COLUMNS FROM `setting` [ RunTime:0.0690s ]
SQL: SELECT * FROM `setting`  [ RunTime:0.0380s ]
SQL: SELECT * FROM `setting`  [ RunTime:0.0380s ]
SQL: SHOW COLUMNS FROM `article` [ RunTime:0.0530s ]
SQL: SELECT COUNT(*) AS tp_count FROM `article` LIMIT 1   [ RunTime:0.0410s ]
SQL: SELECT * FROM `article` WHERE ( category='æ—…æ¸¸1' ) UNION (select * from article where category='æ—¶å°š'order by aid desc limit 2) UNION (select * from article where category='æ—…æ¸¸'order by aid desc limit 2) UNION (select * from article where category='ç¾Žé£Ÿ'order by aid desc limit 2) UNION (select * from article where category='æ•™è‚²'order by aid desc limit 2) [ RunTime:0.1580s ]
SQL: SELECT * FROM `article` ORDER BY view desc LIMIT 8   [ RunTime:0.7950s ]
SQL: select sum(view) as view,author from article group by author order by view DESC limit 25  [ RunTime:0.0830s ]
INFO: [ view_parse ] --START--
INFO: [ template_filter ] --START--
INFO: Run Behavior\ContentReplaceBehavior [ RunTime:0.001000s ]
INFO: [ template_filter ] --END-- [ RunTime:0.001000s ]
NOTIC: [8] Use of undefined constant aid - assumed 'aid' D:\wamp64\www\tpblog\Application\Runtime\Cache\Home\2a94b8bda04ff446dcedd42276fc99ee.php ç¬¬ 179 è¡Œ.
NOTIC: [8] Use of undefined constant aid - assumed 'aid' D:\wamp64\www\tpblog\Application\Runtime\Cache\Home\2a94b8bda04ff446dcedd42276fc99ee.php ç¬¬ 179 è¡Œ.
NOTIC: [8] Use of undefined constant aid - assumed 'aid' D:\wamp64\www\tpblog\Application\Runtime\Cache\Home\2a94b8bda04ff446dcedd42276fc99ee.php ç¬¬ 179 è¡Œ.
NOTIC: [8] Use of undefined constant aid - assumed 'aid' D:\wamp64\www\tpblog\Application\Runtime\Cache\Home\2a94b8bda04ff446dcedd42276fc99ee.php ç¬¬ 179 è¡Œ.
NOTIC: [8] Use of undefined constant aid - assumed 'aid' D:\wamp64\www\tpblog\Application\Runtime\Cache\Home\2a94b8bda04ff446dcedd42276fc99ee.php ç¬¬ 179 è¡Œ.
NOTIC: [8] Use of undefined constant aid - assumed 'aid' D:\wamp64\www\tpblog\Application\Runtime\Cache\Home\2a94b8bda04ff446dcedd42276fc99ee.php ç¬¬ 179 è¡Œ.
NOTIC: [8] Use of undefined constant aid - assumed 'aid' D:\wamp64\www\tpblog\Application\Runtime\Cache\Home\2a94b8bda04ff446dcedd42276fc99ee.php ç¬¬ 179 è¡Œ.
NOTIC: [8] Use of undefined constant aid - assumed 'aid' D:\wamp64\www\tpblog\Application\Runtime\Cache\Home\2a94b8bda04ff446dcedd42276fc99ee.php ç¬¬ 179 è¡Œ.
NOTIC: [8] Use of undefined constant utf8 - assumed 'utf8' D:\wamp64\www\tpblog\Application\Runtime\Cache\Home\2a94b8bda04ff446dcedd42276fc99ee.php ç¬¬ 208 è¡Œ.
NOTIC: [8] Use of undefined constant utf8 - assumed 'utf8' D:\wamp64\www\tpblog\Application\Runtime\Cache\Home\2a94b8bda04ff446dcedd42276fc99ee.php ç¬¬ 208 è¡Œ.
NOTIC: [8] Use of undefined constant utf8 - assumed 'utf8' D:\wamp64\www\tpblog\Application\Runtime\Cache\Home\2a94b8bda04ff446dcedd42276fc99ee.php ç¬¬ 208 è¡Œ.
NOTIC: [8] Use of undefined constant aid - assumed 'aid' D:\wamp64\www\tpblog\Application\Runtime\Cache\Home\2a94b8bda04ff446dcedd42276fc99ee.php ç¬¬ 275 è¡Œ.
NOTIC: [8] Use of undefined constant aid - assumed 'aid' D:\wamp64\www\tpblog\Application\Runtime\Cache\Home\2a94b8bda04ff446dcedd42276fc99ee.php ç¬¬ 275 è¡Œ.
NOTIC: [8] Use of undefined constant aid - assumed 'aid' D:\wamp64\www\tpblog\Application\Runtime\Cache\Home\2a94b8bda04ff446dcedd42276fc99ee.php ç¬¬ 275 è¡Œ.
NOTIC: [8] Use of undefined constant aid - assumed 'aid' D:\wamp64\www\tpblog\Application\Runtime\Cache\Home\2a94b8bda04ff446dcedd42276fc99ee.php ç¬¬ 275 è¡Œ.
NOTIC: [8] Use of undefined constant aid - assumed 'aid' D:\wamp64\www\tpblog\Application\Runtime\Cache\Home\2a94b8bda04ff446dcedd42276fc99ee.php ç¬¬ 275 è¡Œ.
NOTIC: [8] Use of undefined constant aid - assumed 'aid' D:\wamp64\www\tpblog\Application\Runtime\Cache\Home\2a94b8bda04ff446dcedd42276fc99ee.php ç¬¬ 275 è¡Œ.
NOTIC: [8] Use of undefined constant aid - assumed 'aid' D:\wamp64\www\tpblog\Application\Runtime\Cache\Home\2a94b8bda04ff446dcedd42276fc99ee.php ç¬¬ 275 è¡Œ.
NOTIC: [8] Use of undefined constant aid - assumed 'aid' D:\wamp64\www\tpblog\Application\Runtime\Cache\Home\2a94b8bda04ff446dcedd42276fc99ee.php ç¬¬ 275 è¡Œ.
INFO: Run Behavior\ParseTemplateBehavior [ RunTime:0.025001s ]
INFO: [ view_parse ] --END-- [ RunTime:0.026001s ]
INFO: [ view_filter ] --START--
INFO: Run Behavior\WriteHtmlCacheBehavior [ RunTime:0.001000s ]
INFO: [ view_filter ] --END-- [ RunTime:0.001000s ]
INFO: [ app_end ] --START--
INFO: Run Behavior\ShowPageTraceBehavior [ RunTime:0.001000s ]
INFO: [ app_end ] --END-- [ RunTime:0.001000s ]

[ 2019-02-04T20:37:17+08:00 ] 127.0.0.1 /
INFO: [ app_init ] --START--
INFO: Run Behavior\BuildLiteBehavior [ RunTime:0.000000s ]
INFO: [ app_init ] --END-- [ RunTime:0.001000s ]
INFO: [ app_begin ] --START--
INFO: Run Behavior\ReadHtmlCacheBehavior [ RunTime:0.001000s ]
INFO: [ app_begin ] --END-- [ RunTime:0.002001s ]
SQL: SHOW COLUMNS FROM `setting` [ RunTime:0.0660s ]
SQL: SELECT * FROM `setting`  [ RunTime:0.0400s ]
SQL: SELECT * FROM `setting`  [ RunTime:0.0390s ]
SQL: SHOW COLUMNS FROM `article` [ RunTime:0.0530s ]
SQL: SELECT COUNT(*) AS tp_count FROM `article` LIMIT 1   [ RunTime:0.0630s ]
SQL: SELECT * FROM `article` WHERE ( category='æ—…æ¸¸1' ) UNION (select * from article where category='æ—¶å°š'order by aid desc limit 2) UNION (select * from article where category='æ—…æ¸¸'order by aid desc limit 2) UNION (select * from article where category='ç¾Žé£Ÿ'order by aid desc limit 2) UNION (select * from article where category='æ•™è‚²'order by aid desc limit 2) [ RunTime:0.1900s ]
SQL: SELECT * FROM `article` ORDER BY view desc LIMIT 8   [ RunTime:0.0940s ]
SQL: select sum(view) as view,author from article group by author order by view DESC limit 25  [ RunTime:0.0590s ]
INFO: [ view_parse ] --START--
INFO: [ template_filter ] --START--
INFO: Run Behavior\ContentReplaceBehavior [ RunTime:0.000000s ]
INFO: [ template_filter ] --END-- [ RunTime:0.000000s ]
NOTIC: [8] Use of undefined constant aid - assumed 'aid' D:\wamp64\www\tpblog\Application\Runtime\Cache\Home\2a94b8bda04ff446dcedd42276fc99ee.php ç¬¬ 179 è¡Œ.
NOTIC: [8] Use of undefined constant aid - assumed 'aid' D:\wamp64\www\tpblog\Application\Runtime\Cache\Home\2a94b8bda04ff446dcedd42276fc99ee.php ç¬¬ 179 è¡Œ.
NOTIC: [8] Use of undefined constant aid - assumed 'aid' D:\wamp64\www\tpblog\Application\Runtime\Cache\Home\2a94b8bda04ff446dcedd42276fc99ee.php ç¬¬ 179 è¡Œ.
NOTIC: [8] Use of undefined constant aid - assumed 'aid' D:\wamp64\www\tpblog\Application\Runtime\Cache\Home\2a94b8bda04ff446dcedd42276fc99ee.php ç¬¬ 179 è¡Œ.
NOTIC: [8] Use of undefined constant aid - assumed 'aid' D:\wamp64\www\tpblog\Application\Runtime\Cache\Home\2a94b8bda04ff446dcedd42276fc99ee.php ç¬¬ 179 è¡Œ.
NOTIC: [8] Use of undefined constant aid - assumed 'aid' D:\wamp64\www\tpblog\Application\Runtime\Cache\Home\2a94b8bda04ff446dcedd42276fc99ee.php ç¬¬ 179 è¡Œ.
NOTIC: [8] Use of undefined constant aid - assumed 'aid' D:\wamp64\www\tpblog\Application\Runtime\Cache\Home\2a94b8bda04ff446dcedd42276fc99ee.php ç¬¬ 179 è¡Œ.
NOTIC: [8] Use of undefined constant aid - assumed 'aid' D:\wamp64\www\tpblog\Application\Runtime\Cache\Home\2a94b8bda04ff446dcedd42276fc99ee.php ç¬¬ 179 è¡Œ.
NOTIC: [8] Use of undefined constant utf8 - assumed 'utf8' D:\wamp64\www\tpblog\Application\Runtime\Cache\Home\2a94b8bda04ff446dcedd42276fc99ee.php ç¬¬ 208 è¡Œ.
NOTIC: [8] Use of undefined constant utf8 - assumed 'utf8' D:\wamp64\www\tpblog\Application\Runtime\Cache\Home\2a94b8bda04ff446dcedd42276fc99ee.php ç¬¬ 208 è¡Œ.
NOTIC: [8] Use of undefined constant utf8 - assumed 'utf8' D:\wamp64\www\tpblog\Application\Runtime\Cache\Home\2a94b8bda04ff446dcedd42276fc99ee.php ç¬¬ 208 è¡Œ.
NOTIC: [8] Use of undefined constant aid - assumed 'aid' D:\wamp64\www\tpblog\Application\Runtime\Cache\Home\2a94b8bda04ff446dcedd42276fc99ee.php ç¬¬ 275 è¡Œ.
NOTIC: [8] Use of undefined constant aid - assumed 'aid' D:\wamp64\www\tpblog\Application\Runtime\Cache\Home\2a94b8bda04ff446dcedd42276fc99ee.php ç¬¬ 275 è¡Œ.
NOTIC: [8] Use of undefined constant aid - assumed 'aid' D:\wamp64\www\tpblog\Application\Runtime\Cache\Home\2a94b8bda04ff446dcedd42276fc99ee.php ç¬¬ 275 è¡Œ.
NOTIC: [8] Use of undefined constant aid - assumed 'aid' D:\wamp64\www\tpblog\Application\Runtime\Cache\Home\2a94b8bda04ff446dcedd42276fc99ee.php ç¬¬ 275 è¡Œ.
NOTIC: [8] Use of undefined constant aid - assumed 'aid' D:\wamp64\www\tpblog\Application\Runtime\Cache\Home\2a94b8bda04ff446dcedd42276fc99ee.php ç¬¬ 275 è¡Œ.
NOTIC: [8] Use of undefined constant aid - assumed 'aid' D:\wamp64\www\tpblog\Application\Runtime\Cache\Home\2a94b8bda04ff446dcedd42276fc99ee.php ç¬¬ 275 è¡Œ.
NOTIC: [8] Use of undefined constant aid - assumed 'aid' D:\wamp64\www\tpblog\Application\Runtime\Cache\Home\2a94b8bda04ff446dcedd42276fc99ee.php ç¬¬ 275 è¡Œ.
NOTIC: [8] Use of undefined constant aid - assumed 'aid' D:\wamp64\www\tpblog\Application\Runtime\Cache\Home\2a94b8bda04ff446dcedd42276fc99ee.php ç¬¬ 275 è¡Œ.
INFO: Run Behavior\ParseTemplateBehavior [ RunTime:0.029001s ]
INFO: [ view_parse ] --END-- [ RunTime:0.029001s ]
INFO: [ view_filter ] --START--
INFO: Run Behavior\WriteHtmlCacheBehavior [ RunTime:0.001000s ]
INFO: [ view_filter ] --END-- [ RunTime:0.001000s ]
INFO: [ app_end ] --START--
INFO: Run Behavior\ShowPageTraceBehavior [ RunTime:0.001000s ]
INFO: [ app_end ] --END-- [ RunTime:0.002000s ]

[ 2019-02-04T20:39:12+08:00 ] 127.0.0.1 /
INFO: [ app_init ] --START--
INFO: Run Behavior\BuildLiteBehavior [ RunTime:0.000000s ]
INFO: [ app_init ] --END-- [ RunTime:0.001000s ]
INFO: [ app_begin ] --START--
INFO: Run Behavior\ReadHtmlCacheBehavior [ RunTime:0.001000s ]
INFO: [ app_begin ] --END-- [ RunTime:0.001000s ]
SQL: SHOW COLUMNS FROM `setting` [ RunTime:0.0660s ]
SQL: SELECT * FROM `setting`  [ RunTime:0.1240s ]
SQL: SELECT * FROM `setting`  [ RunTime:0.0770s ]
SQL: SHOW COLUMNS FROM `article` [ RunTime:0.0940s ]
SQL: SELECT COUNT(*) AS tp_count FROM `article` LIMIT 1   [ RunTime:0.0600s ]
SQL: SELECT * FROM `article` WHERE ( category='æ—…æ¸¸1' ) UNION (select * from article where category='æ—¶å°š'order by aid desc limit 2) UNION (select * from article where category='æ—…æ¸¸'order by aid desc limit 2) UNION (select * from article where category='ç¾Žé£Ÿ'order by aid desc limit 2) UNION (select * from article where category='æ•™è‚²'order by aid desc limit 2) [ RunTime:0.4950s ]
SQL: SELECT * FROM `article` ORDER BY view desc LIMIT 8   [ RunTime:0.1740s ]
SQL: select sum(view) as view,author from article group by author order by view DESC limit 25  [ RunTime:0.0590s ]
INFO: [ view_parse ] --START--
INFO: [ template_filter ] --START--
INFO: Run Behavior\ContentReplaceBehavior [ RunTime:0.000000s ]
INFO: [ template_filter ] --END-- [ RunTime:0.000000s ]
NOTIC: [8] Use of undefined constant aid - assumed 'aid' D:\wamp64\www\tpblog\Application\Runtime\Cache\Home\2a94b8bda04ff446dcedd42276fc99ee.php ç¬¬ 179 è¡Œ.
NOTIC: [8] Use of undefined constant aid - assumed 'aid' D:\wamp64\www\tpblog\Application\Runtime\Cache\Home\2a94b8bda04ff446dcedd42276fc99ee.php ç¬¬ 179 è¡Œ.
NOTIC: [8] Use of undefined constant aid - assumed 'aid' D:\wamp64\www\tpblog\Application\Runtime\Cache\Home\2a94b8bda04ff446dcedd42276fc99ee.php ç¬¬ 179 è¡Œ.
NOTIC: [8] Use of undefined constant aid - assumed 'aid' D:\wamp64\www\tpblog\Application\Runtime\Cache\Home\2a94b8bda04ff446dcedd42276fc99ee.php ç¬¬ 179 è¡Œ.
NOTIC: [8] Use of undefined constant aid - assumed 'aid' D:\wamp64\www\tpblog\Application\Runtime\Cache\Home\2a94b8bda04ff446dcedd42276fc99ee.php ç¬¬ 179 è¡Œ.
NOTIC: [8] Use of undefined constant aid - assumed 'aid' D:\wamp64\www\tpblog\Application\Runtime\Cache\Home\2a94b8bda04ff446dcedd42276fc99ee.php ç¬¬ 179 è¡Œ.
NOTIC: [8] Use of undefined constant aid - assumed 'aid' D:\wamp64\www\tpblog\Application\Runtime\Cache\Home\2a94b8bda04ff446dcedd42276fc99ee.php ç¬¬ 179 è¡Œ.
NOTIC: [8] Use of undefined constant aid - assumed 'aid' D:\wamp64\www\tpblog\Application\Runtime\Cache\Home\2a94b8bda04ff446dcedd42276fc99ee.php ç¬¬ 179 è¡Œ.
NOTIC: [8] Use of undefined constant utf8 - assumed 'utf8' D:\wamp64\www\tpblog\Application\Runtime\Cache\Home\2a94b8bda04ff446dcedd42276fc99ee.php ç¬¬ 208 è¡Œ.
NOTIC: [8] Use of undefined constant utf8 - assumed 'utf8' D:\wamp64\www\tpblog\Application\Runtime\Cache\Home\2a94b8bda04ff446dcedd42276fc99ee.php ç¬¬ 208 è¡Œ.
NOTIC: [8] Use of undefined constant utf8 - assumed 'utf8' D:\wamp64\www\tpblog\Application\Runtime\Cache\Home\2a94b8bda04ff446dcedd42276fc99ee.php ç¬¬ 208 è¡Œ.
NOTIC: [8] Use of undefined constant aid - assumed 'aid' D:\wamp64\www\tpblog\Application\Runtime\Cache\Home\2a94b8bda04ff446dcedd42276fc99ee.php ç¬¬ 275 è¡Œ.
NOTIC: [8] Use of undefined constant aid - assumed 'aid' D:\wamp64\www\tpblog\Application\Runtime\Cache\Home\2a94b8bda04ff446dcedd42276fc99ee.php ç¬¬ 275 è¡Œ.
NOTIC: [8] Use of undefined constant aid - assumed 'aid' D:\wamp64\www\tpblog\Application\Runtime\Cache\Home\2a94b8bda04ff446dcedd42276fc99ee.php ç¬¬ 275 è¡Œ.
NOTIC: [8] Use of undefined constant aid - assumed 'aid' D:\wamp64\www\tpblog\Application\Runtime\Cache\Home\2a94b8bda04ff446dcedd42276fc99ee.php ç¬¬ 275 è¡Œ.
NOTIC: [8] Use of undefined constant aid - assumed 'aid' D:\wamp64\www\tpblog\Application\Runtime\Cache\Home\2a94b8bda04ff446dcedd42276fc99ee.php ç¬¬ 275 è¡Œ.
NOTIC: [8] Use of undefined constant aid - assumed 'aid' D:\wamp64\www\tpblog\Application\Runtime\Cache\Home\2a94b8bda04ff446dcedd42276fc99ee.php ç¬¬ 275 è¡Œ.
NOTIC: [8] Use of undefined constant aid - assumed 'aid' D:\wamp64\www\tpblog\Application\Runtime\Cache\Home\2a94b8bda04ff446dcedd42276fc99ee.php ç¬¬ 275 è¡Œ.
NOTIC: [8] Use of undefined constant aid - assumed 'aid' D:\wamp64\www\tpblog\Application\Runtime\Cache\Home\2a94b8bda04ff446dcedd42276fc99ee.php ç¬¬ 275 è¡Œ.
INFO: Run Behavior\ParseTemplateBehavior [ RunTime:0.047003s ]
INFO: [ view_parse ] --END-- [ RunTime:0.047003s ]
INFO: [ view_filter ] --START--
INFO: Run Behavior\WriteHtmlCacheBehavior [ RunTime:0.001000s ]
INFO: [ view_filter ] --END-- [ RunTime:0.001000s ]
INFO: [ app_end ] --START--
INFO: Run Behavior\ShowPageTraceBehavior [ RunTime:0.001000s ]
INFO: [ app_end ] --END-- [ RunTime:0.001000s ]

[ 2019-02-04T20:39:27+08:00 ] 127.0.0.1 /
INFO: [ app_init ] --START--
INFO: Run Behavior\BuildLiteBehavior [ RunTime:0.000000s ]
INFO: [ app_init ] --END-- [ RunTime:0.001000s ]
INFO: [ app_begin ] --START--
INFO: Run Behavior\ReadHtmlCacheBehavior [ RunTime:0.002000s ]
INFO: [ app_begin ] --END-- [ RunTime:0.002000s ]
SQL: SHOW COLUMNS FROM `setting` [ RunTime:0.0660s ]
SQL: SELECT * FROM `setting`  [ RunTime:0.1010s ]
SQL: SELECT * FROM `setting`  [ RunTime:0.4650s ]
SQL: SHOW COLUMNS FROM `article` [ RunTime:0.0920s ]
SQL: SELECT COUNT(*) AS tp_count FROM `article` LIMIT 1   [ RunTime:0.0490s ]
SQL: SELECT * FROM `article` WHERE ( category='æ—…æ¸¸1' ) UNION (select * from article where category='æ—¶å°š'order by aid desc limit 2) UNION (select * from article where category='æ—…æ¸¸'order by aid desc limit 2) UNION (select * from article where category='ç¾Žé£Ÿ'order by aid desc limit 2) UNION (select * from article where category='æ•™è‚²'order by aid desc limit 2) [ RunTime:0.1670s ]
SQL: SELECT * FROM `article` ORDER BY view desc LIMIT 8   [ RunTime:0.1550s ]
SQL: select sum(view) as view,author from article group by author order by view DESC limit 25  [ RunTime:0.0450s ]
INFO: [ view_parse ] --START--
INFO: [ template_filter ] --START--
INFO: Run Behavior\ContentReplaceBehavior [ RunTime:0.000000s ]
INFO: [ template_filter ] --END-- [ RunTime:0.000000s ]
NOTIC: [8] Use of undefined constant aid - assumed 'aid' D:\wamp64\www\tpblog\Application\Runtime\Cache\Home\2a94b8bda04ff446dcedd42276fc99ee.php ç¬¬ 179 è¡Œ.
NOTIC: [8] Use of undefined constant aid - assumed 'aid' D:\wamp64\www\tpblog\Application\Runtime\Cache\Home\2a94b8bda04ff446dcedd42276fc99ee.php ç¬¬ 179 è¡Œ.
NOTIC: [8] Use of undefined constant aid - assumed 'aid' D:\wamp64\www\tpblog\Application\Runtime\Cache\Home\2a94b8bda04ff446dcedd42276fc99ee.php ç¬¬ 179 è¡Œ.
NOTIC: [8] Use of undefined constant aid - assumed 'aid' D:\wamp64\www\tpblog\Application\Runtime\Cache\Home\2a94b8bda04ff446dcedd42276fc99ee.php ç¬¬ 179 è¡Œ.
NOTIC: [8] Use of undefined constant aid - assumed 'aid' D:\wamp64\www\tpblog\Application\Runtime\Cache\Home\2a94b8bda04ff446dcedd42276fc99ee.php ç¬¬ 179 è¡Œ.
NOTIC: [8] Use of undefined constant aid - assumed 'aid' D:\wamp64\www\tpblog\Application\Runtime\Cache\Home\2a94b8bda04ff446dcedd42276fc99ee.php ç¬¬ 179 è¡Œ.
NOTIC: [8] Use of undefined constant aid - assumed 'aid' D:\wamp64\www\tpblog\Application\Runtime\Cache\Home\2a94b8bda04ff446dcedd42276fc99ee.php ç¬¬ 179 è¡Œ.
NOTIC: [8] Use of undefined constant aid - assumed 'aid' D:\wamp64\www\tpblog\Application\Runtime\Cache\Home\2a94b8bda04ff446dcedd42276fc99ee.php ç¬¬ 179 è¡Œ.
NOTIC: [8] Use of undefined constant utf8 - assumed 'utf8' D:\wamp64\www\tpblog\Application\Runtime\Cache\Home\2a94b8bda04ff446dcedd42276fc99ee.php ç¬¬ 208 è¡Œ.
NOTIC: [8] Use of undefined constant utf8 - assumed 'utf8' D:\wamp64\www\tpblog\Application\Runtime\Cache\Home\2a94b8bda04ff446dcedd42276fc99ee.php ç¬¬ 208 è¡Œ.
NOTIC: [8] Use of undefined constant utf8 - assumed 'utf8' D:\wamp64\www\tpblog\Application\Runtime\Cache\Home\2a94b8bda04ff446dcedd42276fc99ee.php ç¬¬ 208 è¡Œ.
NOTIC: [8] Use of undefined constant aid - assumed 'aid' D:\wamp64\www\tpblog\Application\Runtime\Cache\Home\2a94b8bda04ff446dcedd42276fc99ee.php ç¬¬ 275 è¡Œ.
NOTIC: [8] Use of undefined constant aid - assumed 'aid' D:\wamp64\www\tpblog\Application\Runtime\Cache\Home\2a94b8bda04ff446dcedd42276fc99ee.php ç¬¬ 275 è¡Œ.
NOTIC: [8] Use of undefined constant aid - assumed 'aid' D:\wamp64\www\tpblog\Application\Runtime\Cache\Home\2a94b8bda04ff446dcedd42276fc99ee.php ç¬¬ 275 è¡Œ.
NOTIC: [8] Use of undefined constant aid - assumed 'aid' D:\wamp64\www\tpblog\Application\Runtime\Cache\Home\2a94b8bda04ff446dcedd42276fc99ee.php ç¬¬ 275 è¡Œ.
NOTIC: [8] Use of undefined constant aid - assumed 'aid' D:\wamp64\www\tpblog\Application\Runtime\Cache\Home\2a94b8bda04ff446dcedd42276fc99ee.php ç¬¬ 275 è¡Œ.
NOTIC: [8] Use of undefined constant aid - assumed 'aid' D:\wamp64\www\tpblog\Application\Runtime\Cache\Home\2a94b8bda04ff446dcedd42276fc99ee.php ç¬¬ 275 è¡Œ.
NOTIC: [8] Use of undefined constant aid - assumed 'aid' D:\wamp64\www\tpblog\Application\Runtime\Cache\Home\2a94b8bda04ff446dcedd42276fc99ee.php ç¬¬ 275 è¡Œ.
NOTIC: [8] Use of undefined constant aid - assumed 'aid' D:\wamp64\www\tpblog\Application\Runtime\Cache\Home\2a94b8bda04ff446dcedd42276fc99ee.php ç¬¬ 275 è¡Œ.
INFO: Run Behavior\ParseTemplateBehavior [ RunTime:0.053003s ]
INFO: [ view_parse ] --END-- [ RunTime:0.053003s ]
INFO: [ view_filter ] --START--
INFO: Run Behavior\WriteHtmlCacheBehavior [ RunTime:0.001000s ]
INFO: [ view_filter ] --END-- [ RunTime:0.002000s ]
INFO: [ app_end ] --START--
INFO: Run Behavior\ShowPageTraceBehavior [ RunTime:0.002000s ]
INFO: [ app_end ] --END-- [ RunTime:0.002000s ]

[ 2019-02-04T20:39:51+08:00 ] 127.0.0.1 /
INFO: [ app_init ] --START--
INFO: Run Behavior\BuildLiteBehavior [ RunTime:0.000000s ]
INFO: [ app_init ] --END-- [ RunTime:0.001000s ]
INFO: [ app_begin ] --START--
INFO: Run Behavior\ReadHtmlCacheBehavior [ RunTime:0.001001s ]
INFO: [ app_begin ] --END-- [ RunTime:0.001001s ]
SQL: SHOW COLUMNS FROM `setting` [ RunTime:0.1170s ]
SQL: SELECT * FROM `setting`  [ RunTime:0.0510s ]
SQL: SELECT * FROM `setting`  [ RunTime:0.0930s ]
SQL: SHOW COLUMNS FROM `article` [ RunTime:0.0680s ]
SQL: SELECT COUNT(*) AS tp_count FROM `article` LIMIT 1   [ RunTime:0.0990s ]
SQL: SELECT * FROM `article` WHERE ( category='æ—…æ¸¸1' ) UNION (select * from article where category='æ—¶å°š'order by aid desc limit 2) UNION (select * from article where category='æ—…æ¸¸'order by aid desc limit 2) UNION (select * from article where category='ç¾Žé£Ÿ'order by aid desc limit 2) UNION (select * from article where category='æ•™è‚²'order by aid desc limit 2) [ RunTime:0.1530s ]
SQL: SELECT * FROM `article` ORDER BY view desc LIMIT 8   [ RunTime:0.4540s ]
SQL: select sum(view) as view,author from article group by author order by view DESC limit 25  [ RunTime:0.0510s ]
INFO: [ view_parse ] --START--
INFO: [ template_filter ] --START--
INFO: Run Behavior\ContentReplaceBehavior [ RunTime:0.000000s ]
INFO: [ template_filter ] --END-- [ RunTime:0.001000s ]
NOTIC: [8] Use of undefined constant aid - assumed 'aid' D:\wamp64\www\tpblog\Application\Runtime\Cache\Home\2a94b8bda04ff446dcedd42276fc99ee.php ç¬¬ 179 è¡Œ.
NOTIC: [8] Use of undefined constant aid - assumed 'aid' D:\wamp64\www\tpblog\Application\Runtime\Cache\Home\2a94b8bda04ff446dcedd42276fc99ee.php ç¬¬ 179 è¡Œ.
NOTIC: [8] Use of undefined constant aid - assumed 'aid' D:\wamp64\www\tpblog\Application\Runtime\Cache\Home\2a94b8bda04ff446dcedd42276fc99ee.php ç¬¬ 179 è¡Œ.
NOTIC: [8] Use of undefined constant aid - assumed 'aid' D:\wamp64\www\tpblog\Application\Runtime\Cache\Home\2a94b8bda04ff446dcedd42276fc99ee.php ç¬¬ 179 è¡Œ.
NOTIC: [8] Use of undefined constant aid - assumed 'aid' D:\wamp64\www\tpblog\Application\Runtime\Cache\Home\2a94b8bda04ff446dcedd42276fc99ee.php ç¬¬ 179 è¡Œ.
NOTIC: [8] Use of undefined constant aid - assumed 'aid' D:\wamp64\www\tpblog\Application\Runtime\Cache\Home\2a94b8bda04ff446dcedd42276fc99ee.php ç¬¬ 179 è¡Œ.
NOTIC: [8] Use of undefined constant aid - assumed 'aid' D:\wamp64\www\tpblog\Application\Runtime\Cache\Home\2a94b8bda04ff446dcedd42276fc99ee.php ç¬¬ 179 è¡Œ.
NOTIC: [8] Use of undefined constant aid - assumed 'aid' D:\wamp64\www\tpblog\Application\Runtime\Cache\Home\2a94b8bda04ff446dcedd42276fc99ee.php ç¬¬ 179 è¡Œ.
NOTIC: [8] Use of undefined constant utf8 - assumed 'utf8' D:\wamp64\www\tpblog\Application\Runtime\Cache\Home\2a94b8bda04ff446dcedd42276fc99ee.php ç¬¬ 208 è¡Œ.
NOTIC: [8] Use of undefined constant utf8 - assumed 'utf8' D:\wamp64\www\tpblog\Application\Runtime\Cache\Home\2a94b8bda04ff446dcedd42276fc99ee.php ç¬¬ 208 è¡Œ.
NOTIC: [8] Use of undefined constant utf8 - assumed 'utf8' D:\wamp64\www\tpblog\Application\Runtime\Cache\Home\2a94b8bda04ff446dcedd42276fc99ee.php ç¬¬ 208 è¡Œ.
NOTIC: [8] Use of undefined constant aid - assumed 'aid' D:\wamp64\www\tpblog\Application\Runtime\Cache\Home\2a94b8bda04ff446dcedd42276fc99ee.php ç¬¬ 275 è¡Œ.
NOTIC: [8] Use of undefined constant aid - assumed 'aid' D:\wamp64\www\tpblog\Application\Runtime\Cache\Home\2a94b8bda04ff446dcedd42276fc99ee.php ç¬¬ 275 è¡Œ.
NOTIC: [8] Use of undefined constant aid - assumed 'aid' D:\wamp64\www\tpblog\Application\Runtime\Cache\Home\2a94b8bda04ff446dcedd42276fc99ee.php ç¬¬ 275 è¡Œ.
NOTIC: [8] Use of undefined constant aid - assumed 'aid' D:\wamp64\www\tpblog\Application\Runtime\Cache\Home\2a94b8bda04ff446dcedd42276fc99ee.php ç¬¬ 275 è¡Œ.
NOTIC: [8] Use of undefined constant aid - assumed 'aid' D:\wamp64\www\tpblog\Application\Runtime\Cache\Home\2a94b8bda04ff446dcedd42276fc99ee.php ç¬¬ 275 è¡Œ.
NOTIC: [8] Use of undefined constant aid - assumed 'aid' D:\wamp64\www\tpblog\Application\Runtime\Cache\Home\2a94b8bda04ff446dcedd42276fc99ee.php ç¬¬ 275 è¡Œ.
NOTIC: [8] Use of undefined constant aid - assumed 'aid' D:\wamp64\www\tpblog\Application\Runtime\Cache\Home\2a94b8bda04ff446dcedd42276fc99ee.php ç¬¬ 275 è¡Œ.
NOTIC: [8] Use of undefined constant aid - assumed 'aid' D:\wamp64\www\tpblog\Application\Runtime\Cache\Home\2a94b8bda04ff446dcedd42276fc99ee.php ç¬¬ 275 è¡Œ.
INFO: Run Behavior\ParseTemplateBehavior [ RunTime:0.053003s ]
INFO: [ view_parse ] --END-- [ RunTime:0.054003s ]
INFO: [ view_filter ] --START--
INFO: Run Behavior\WriteHtmlCacheBehavior [ RunTime:0.001001s ]
INFO: [ view_filter ] --END-- [ RunTime:0.001001s ]
INFO: [ app_end ] --START--
INFO: Run Behavior\ShowPageTraceBehavior [ RunTime:0.002000s ]
INFO: [ app_end ] --END-- [ RunTime:0.002000s ]

[ 2019-02-04T20:39:55+08:00 ] 127.0.0.1 /
INFO: [ app_init ] --START--
INFO: Run Behavior\BuildLiteBehavior [ RunTime:0.000000s ]
INFO: [ app_init ] --END-- [ RunTime:0.001000s ]
INFO: [ app_begin ] --START--
INFO: Run Behavior\ReadHtmlCacheBehavior [ RunTime:0.002000s ]
INFO: [ app_begin ] --END-- [ RunTime:0.002000s ]
SQL: SHOW COLUMNS FROM `setting` [ RunTime:0.0710s ]
SQL: SELECT * FROM `setting`  [ RunTime:0.0420s ]
SQL: SELECT * FROM `setting`  [ RunTime:0.0430s ]
SQL: SHOW COLUMNS FROM `article` [ RunTime:0.0570s ]
SQL: SELECT COUNT(*) AS tp_count FROM `article` LIMIT 1   [ RunTime:0.0580s ]
SQL: SELECT * FROM `article` WHERE ( category='æ—…æ¸¸1' ) UNION (select * from article where category='æ—¶å°š'order by aid desc limit 2) UNION (select * from article where category='æ—…æ¸¸'order by aid desc limit 2) UNION (select * from article where category='ç¾Žé£Ÿ'order by aid desc limit 2) UNION (select * from article where category='æ•™è‚²'order by aid desc limit 2) [ RunTime:0.1960s ]
SQL: SELECT * FROM `article` ORDER BY view desc LIMIT 8   [ RunTime:3.8232s ]
SQL: select sum(view) as view,author from article group by author order by view DESC limit 25  [ RunTime:0.1010s ]
INFO: [ view_parse ] --START--
INFO: [ template_filter ] --START--
INFO: Run Behavior\ContentReplaceBehavior [ RunTime:0.000000s ]
INFO: [ template_filter ] --END-- [ RunTime:0.000000s ]
NOTIC: [8] Use of undefined constant aid - assumed 'aid' D:\wamp64\www\tpblog\Application\Runtime\Cache\Home\2a94b8bda04ff446dcedd42276fc99ee.php ç¬¬ 179 è¡Œ.
NOTIC: [8] Use of undefined constant aid - assumed 'aid' D:\wamp64\www\tpblog\Application\Runtime\Cache\Home\2a94b8bda04ff446dcedd42276fc99ee.php ç¬¬ 179 è¡Œ.
NOTIC: [8] Use of undefined constant aid - assumed 'aid' D:\wamp64\www\tpblog\Application\Runtime\Cache\Home\2a94b8bda04ff446dcedd42276fc99ee.php ç¬¬ 179 è¡Œ.
NOTIC: [8] Use of undefined constant aid - assumed 'aid' D:\wamp64\www\tpblog\Application\Runtime\Cache\Home\2a94b8bda04ff446dcedd42276fc99ee.php ç¬¬ 179 è¡Œ.
NOTIC: [8] Use of undefined constant aid - assumed 'aid' D:\wamp64\www\tpblog\Application\Runtime\Cache\Home\2a94b8bda04ff446dcedd42276fc99ee.php ç¬¬ 179 è¡Œ.
NOTIC: [8] Use of undefined constant aid - assumed 'aid' D:\wamp64\www\tpblog\Application\Runtime\Cache\Home\2a94b8bda04ff446dcedd42276fc99ee.php ç¬¬ 179 è¡Œ.
NOTIC: [8] Use of undefined constant aid - assumed 'aid' D:\wamp64\www\tpblog\Application\Runtime\Cache\Home\2a94b8bda04ff446dcedd42276fc99ee.php ç¬¬ 179 è¡Œ.
NOTIC: [8] Use of undefined constant aid - assumed 'aid' D:\wamp64\www\tpblog\Application\Runtime\Cache\Home\2a94b8bda04ff446dcedd42276fc99ee.php ç¬¬ 179 è¡Œ.
NOTIC: [8] Use of undefined constant utf8 - assumed 'utf8' D:\wamp64\www\tpblog\Application\Runtime\Cache\Home\2a94b8bda04ff446dcedd42276fc99ee.php ç¬¬ 208 è¡Œ.
NOTIC: [8] Use of undefined constant utf8 - assumed 'utf8' D:\wamp64\www\tpblog\Application\Runtime\Cache\Home\2a94b8bda04ff446dcedd42276fc99ee.php ç¬¬ 208 è¡Œ.
NOTIC: [8] Use of undefined constant utf8 - assumed 'utf8' D:\wamp64\www\tpblog\Application\Runtime\Cache\Home\2a94b8bda04ff446dcedd42276fc99ee.php ç¬¬ 208 è¡Œ.
NOTIC: [8] Use of undefined constant aid - assumed 'aid' D:\wamp64\www\tpblog\Application\Runtime\Cache\Home\2a94b8bda04ff446dcedd42276fc99ee.php ç¬¬ 275 è¡Œ.
NOTIC: [8] Use of undefined constant aid - assumed 'aid' D:\wamp64\www\tpblog\Application\Runtime\Cache\Home\2a94b8bda04ff446dcedd42276fc99ee.php ç¬¬ 275 è¡Œ.
NOTIC: [8] Use of undefined constant aid - assumed 'aid' D:\wamp64\www\tpblog\Application\Runtime\Cache\Home\2a94b8bda04ff446dcedd42276fc99ee.php ç¬¬ 275 è¡Œ.
NOTIC: [8] Use of undefined constant aid - assumed 'aid' D:\wamp64\www\tpblog\Application\Runtime\Cache\Home\2a94b8bda04ff446dcedd42276fc99ee.php ç¬¬ 275 è¡Œ.
NOTIC: [8] Use of undefined constant aid - assumed 'aid' D:\wamp64\www\tpblog\Application\Runtime\Cache\Home\2a94b8bda04ff446dcedd42276fc99ee.php ç¬¬ 275 è¡Œ.
NOTIC: [8] Use of undefined constant aid - assumed 'aid' D:\wamp64\www\tpblog\Application\Runtime\Cache\Home\2a94b8bda04ff446dcedd42276fc99ee.php ç¬¬ 275 è¡Œ.
NOTIC: [8] Use of undefined constant aid - assumed 'aid' D:\wamp64\www\tpblog\Application\Runtime\Cache\Home\2a94b8bda04ff446dcedd42276fc99ee.php ç¬¬ 275 è¡Œ.
NOTIC: [8] Use of undefined constant aid - assumed 'aid' D:\wamp64\www\tpblog\Application\Runtime\Cache\Home\2a94b8bda04ff446dcedd42276fc99ee.php ç¬¬ 275 è¡Œ.
INFO: Run Behavior\ParseTemplateBehavior [ RunTime:0.048003s ]
INFO: [ view_parse ] --END-- [ RunTime:0.048003s ]
INFO: [ view_filter ] --START--
INFO: Run Behavior\WriteHtmlCacheBehavior [ RunTime:0.001000s ]
INFO: [ view_filter ] --END-- [ RunTime:0.002000s ]
INFO: [ app_end ] --START--
INFO: Run Behavior\ShowPageTraceBehavior [ RunTime:0.001000s ]
INFO: [ app_end ] --END-- [ RunTime:0.001000s ]

[ 2019-02-04T20:39:57+08:00 ] 127.0.0.1 /
INFO: [ app_init ] --START--
INFO: Run Behavior\BuildLiteBehavior [ RunTime:0.000000s ]
INFO: [ app_init ] --END-- [ RunTime:0.002000s ]
INFO: [ app_begin ] --START--
INFO: Run Behavior\ReadHtmlCacheBehavior [ RunTime:0.002000s ]
INFO: [ app_begin ] --END-- [ RunTime:0.003000s ]
SQL: SHOW COLUMNS FROM `setting` [ RunTime:0.0790s ]
SQL: SELECT * FROM `setting`  [ RunTime:0.0860s ]
SQL: SELECT * FROM `setting`  [ RunTime:0.0390s ]
SQL: SHOW COLUMNS FROM `article` [ RunTime:0.0540s ]
SQL: SELECT COUNT(*) AS tp_count FROM `article` LIMIT 1   [ RunTime:0.0620s ]
SQL: SELECT * FROM `article` WHERE ( category='æ—…æ¸¸1' ) UNION (select * from article where category='æ—¶å°š'order by aid desc limit 2) UNION (select * from article where category='æ—…æ¸¸'order by aid desc limit 2) UNION (select * from article where category='ç¾Žé£Ÿ'order by aid desc limit 2) UNION (select * from article where category='æ•™è‚²'order by aid desc limit 2) [ RunTime:0.1430s ]
SQL: SELECT * FROM `article` ORDER BY view desc LIMIT 8   [ RunTime:0.0960s ]
SQL: select sum(view) as view,author from article group by author order by view DESC limit 25  [ RunTime:0.0750s ]
INFO: [ view_parse ] --START--
INFO: [ template_filter ] --START--
INFO: Run Behavior\ContentReplaceBehavior [ RunTime:0.001000s ]
INFO: [ template_filter ] --END-- [ RunTime:0.001000s ]
NOTIC: [8] Use of undefined constant aid - assumed 'aid' D:\wamp64\www\tpblog\Application\Runtime\Cache\Home\2a94b8bda04ff446dcedd42276fc99ee.php ç¬¬ 179 è¡Œ.
NOTIC: [8] Use of undefined constant aid - assumed 'aid' D:\wamp64\www\tpblog\Application\Runtime\Cache\Home\2a94b8bda04ff446dcedd42276fc99ee.php ç¬¬ 179 è¡Œ.
NOTIC: [8] Use of undefined constant aid - assumed 'aid' D:\wamp64\www\tpblog\Application\Runtime\Cache\Home\2a94b8bda04ff446dcedd42276fc99ee.php ç¬¬ 179 è¡Œ.
NOTIC: [8] Use of undefined constant aid - assumed 'aid' D:\wamp64\www\tpblog\Application\Runtime\Cache\Home\2a94b8bda04ff446dcedd42276fc99ee.php ç¬¬ 179 è¡Œ.
NOTIC: [8] Use of undefined constant aid - assumed 'aid' D:\wamp64\www\tpblog\Application\Runtime\Cache\Home\2a94b8bda04ff446dcedd42276fc99ee.php ç¬¬ 179 è¡Œ.
NOTIC: [8] Use of undefined constant aid - assumed 'aid' D:\wamp64\www\tpblog\Application\Runtime\Cache\Home\2a94b8bda04ff446dcedd42276fc99ee.php ç¬¬ 179 è¡Œ.
NOTIC: [8] Use of undefined constant aid - assumed 'aid' D:\wamp64\www\tpblog\Application\Runtime\Cache\Home\2a94b8bda04ff446dcedd42276fc99ee.php ç¬¬ 179 è¡Œ.
NOTIC: [8] Use of undefined constant aid - assumed 'aid' D:\wamp64\www\tpblog\Application\Runtime\Cache\Home\2a94b8bda04ff446dcedd42276fc99ee.php ç¬¬ 179 è¡Œ.
NOTIC: [8] Use of undefined constant utf8 - assumed 'utf8' D:\wamp64\www\tpblog\Application\Runtime\Cache\Home\2a94b8bda04ff446dcedd42276fc99ee.php ç¬¬ 208 è¡Œ.
NOTIC: [8] Use of undefined constant utf8 - assumed 'utf8' D:\wamp64\www\tpblog\Application\Runtime\Cache\Home\2a94b8bda04ff446dcedd42276fc99ee.php ç¬¬ 208 è¡Œ.
NOTIC: [8] Use of undefined constant utf8 - assumed 'utf8' D:\wamp64\www\tpblog\Application\Runtime\Cache\Home\2a94b8bda04ff446dcedd42276fc99ee.php ç¬¬ 208 è¡Œ.
NOTIC: [8] Use of undefined constant aid - assumed 'aid' D:\wamp64\www\tpblog\Application\Runtime\Cache\Home\2a94b8bda04ff446dcedd42276fc99ee.php ç¬¬ 275 è¡Œ.
NOTIC: [8] Use of undefined constant aid - assumed 'aid' D:\wamp64\www\tpblog\Application\Runtime\Cache\Home\2a94b8bda04ff446dcedd42276fc99ee.php ç¬¬ 275 è¡Œ.
NOTIC: [8] Use of undefined constant aid - assumed 'aid' D:\wamp64\www\tpblog\Application\Runtime\Cache\Home\2a94b8bda04ff446dcedd42276fc99ee.php ç¬¬ 275 è¡Œ.
NOTIC: [8] Use of undefined constant aid - assumed 'aid' D:\wamp64\www\tpblog\Application\Runtime\Cache\Home\2a94b8bda04ff446dcedd42276fc99ee.php ç¬¬ 275 è¡Œ.
NOTIC: [8] Use of undefined constant aid - assumed 'aid' D:\wamp64\www\tpblog\Application\Runtime\Cache\Home\2a94b8bda04ff446dcedd42276fc99ee.php ç¬¬ 275 è¡Œ.
NOTIC: [8] Use of undefined constant aid - assumed 'aid' D:\wamp64\www\tpblog\Application\Runtime\Cache\Home\2a94b8bda04ff446dcedd42276fc99ee.php ç¬¬ 275 è¡Œ.
NOTIC: [8] Use of undefined constant aid - assumed 'aid' D:\wamp64\www\tpblog\Application\Runtime\Cache\Home\2a94b8bda04ff446dcedd42276fc99ee.php ç¬¬ 275 è¡Œ.
NOTIC: [8] Use of undefined constant aid - assumed 'aid' D:\wamp64\www\tpblog\Application\Runtime\Cache\Home\2a94b8bda04ff446dcedd42276fc99ee.php ç¬¬ 275 è¡Œ.
INFO: Run Behavior\ParseTemplateBehavior [ RunTime:0.063004s ]
INFO: [ view_parse ] --END-- [ RunTime:0.063004s ]
INFO: [ view_filter ] --START--
INFO: Run Behavior\WriteHtmlCacheBehavior [ RunTime:0.001000s ]
INFO: [ view_filter ] --END-- [ RunTime:0.002000s ]
INFO: [ app_end ] --START--
INFO: Run Behavior\ShowPageTraceBehavior [ RunTime:0.004000s ]
INFO: [ app_end ] --END-- [ RunTime:0.005000s ]

[ 2019-02-04T20:41:14+08:00 ] 127.0.0.1 /
INFO: [ app_init ] --START--
INFO: Run Behavior\BuildLiteBehavior [ RunTime:0.000000s ]
INFO: [ app_init ] --END-- [ RunTime:0.001000s ]
INFO: [ app_begin ] --START--
INFO: Run Behavior\ReadHtmlCacheBehavior [ RunTime:0.001000s ]
INFO: [ app_begin ] --END-- [ RunTime:0.002000s ]
SQL: SHOW COLUMNS FROM `setting` [ RunTime:0.0710s ]
SQL: SELECT * FROM `setting`  [ RunTime:0.0370s ]
SQL: SELECT * FROM `setting`  [ RunTime:0.0620s ]
SQL: SHOW COLUMNS FROM `article` [ RunTime:0.0770s ]
SQL: SELECT COUNT(*) AS tp_count FROM `article` LIMIT 1   [ RunTime:0.0590s ]
SQL: SELECT * FROM `article` WHERE ( category='æ—…æ¸¸1' ) UNION (select * from article where category='æ—¶å°š'order by aid desc limit 2) UNION (select * from article where category='æ—…æ¸¸'order by aid desc limit 2) UNION (select * from article where category='ç¾Žé£Ÿ'order by aid desc limit 2) UNION (select * from article where category='æ•™è‚²'order by aid desc limit 2) [ RunTime:0.1810s ]
SQL: SELECT * FROM `article` ORDER BY view desc LIMIT 8   [ RunTime:0.1380s ]
SQL: select sum(view) as view,author from article group by author order by view DESC limit 25  [ RunTime:0.0490s ]
INFO: [ view_parse ] --START--
INFO: [ template_filter ] --START--
INFO: Run Behavior\ContentReplaceBehavior [ RunTime:0.000000s ]
INFO: [ template_filter ] --END-- [ RunTime:0.001000s ]
NOTIC: [8] Use of undefined constant aid - assumed 'aid' D:\wamp64\www\tpblog\Application\Runtime\Cache\Home\2a94b8bda04ff446dcedd42276fc99ee.php ç¬¬ 180 è¡Œ.
NOTIC: [8] Use of undefined constant aid - assumed 'aid' D:\wamp64\www\tpblog\Application\Runtime\Cache\Home\2a94b8bda04ff446dcedd42276fc99ee.php ç¬¬ 180 è¡Œ.
NOTIC: [8] Use of undefined constant aid - assumed 'aid' D:\wamp64\www\tpblog\Application\Runtime\Cache\Home\2a94b8bda04ff446dcedd42276fc99ee.php ç¬¬ 180 è¡Œ.
NOTIC: [8] Use of undefined constant aid - assumed 'aid' D:\wamp64\www\tpblog\Application\Runtime\Cache\Home\2a94b8bda04ff446dcedd42276fc99ee.php ç¬¬ 180 è¡Œ.
NOTIC: [8] Use of undefined constant aid - assumed 'aid' D:\wamp64\www\tpblog\Application\Runtime\Cache\Home\2a94b8bda04ff446dcedd42276fc99ee.php ç¬¬ 180 è¡Œ.
NOTIC: [8] Use of undefined constant aid - assumed 'aid' D:\wamp64\www\tpblog\Application\Runtime\Cache\Home\2a94b8bda04ff446dcedd42276fc99ee.php ç¬¬ 180 è¡Œ.
NOTIC: [8] Use of undefined constant aid - assumed 'aid' D:\wamp64\www\tpblog\Application\Runtime\Cache\Home\2a94b8bda04ff446dcedd42276fc99ee.php ç¬¬ 180 è¡Œ.
NOTIC: [8] Use of undefined constant aid - assumed 'aid' D:\wamp64\www\tpblog\Application\Runtime\Cache\Home\2a94b8bda04ff446dcedd42276fc99ee.php ç¬¬ 180 è¡Œ.
NOTIC: [8] Use of undefined constant utf8 - assumed 'utf8' D:\wamp64\www\tpblog\Application\Runtime\Cache\Home\2a94b8bda04ff446dcedd42276fc99ee.php ç¬¬ 209 è¡Œ.
NOTIC: [8] Use of undefined constant utf8 - assumed 'utf8' D:\wamp64\www\tpblog\Application\Runtime\Cache\Home\2a94b8bda04ff446dcedd42276fc99ee.php ç¬¬ 209 è¡Œ.
NOTIC: [8] Use of undefined constant utf8 - assumed 'utf8' D:\wamp64\www\tpblog\Application\Runtime\Cache\Home\2a94b8bda04ff446dcedd42276fc99ee.php ç¬¬ 209 è¡Œ.
NOTIC: [8] Use of undefined constant aid - assumed 'aid' D:\wamp64\www\tpblog\Application\Runtime\Cache\Home\2a94b8bda04ff446dcedd42276fc99ee.php ç¬¬ 276 è¡Œ.
NOTIC: [8] Use of undefined constant aid - assumed 'aid' D:\wamp64\www\tpblog\Application\Runtime\Cache\Home\2a94b8bda04ff446dcedd42276fc99ee.php ç¬¬ 276 è¡Œ.
NOTIC: [8] Use of undefined constant aid - assumed 'aid' D:\wamp64\www\tpblog\Application\Runtime\Cache\Home\2a94b8bda04ff446dcedd42276fc99ee.php ç¬¬ 276 è¡Œ.
NOTIC: [8] Use of undefined constant aid - assumed 'aid' D:\wamp64\www\tpblog\Application\Runtime\Cache\Home\2a94b8bda04ff446dcedd42276fc99ee.php ç¬¬ 276 è¡Œ.
NOTIC: [8] Use of undefined constant aid - assumed 'aid' D:\wamp64\www\tpblog\Application\Runtime\Cache\Home\2a94b8bda04ff446dcedd42276fc99ee.php ç¬¬ 276 è¡Œ.
NOTIC: [8] Use of undefined constant aid - assumed 'aid' D:\wamp64\www\tpblog\Application\Runtime\Cache\Home\2a94b8bda04ff446dcedd42276fc99ee.php ç¬¬ 276 è¡Œ.
NOTIC: [8] Use of undefined constant aid - assumed 'aid' D:\wamp64\www\tpblog\Application\Runtime\Cache\Home\2a94b8bda04ff446dcedd42276fc99ee.php ç¬¬ 276 è¡Œ.
NOTIC: [8] Use of undefined constant aid - assumed 'aid' D:\wamp64\www\tpblog\Application\Runtime\Cache\Home\2a94b8bda04ff446dcedd42276fc99ee.php ç¬¬ 276 è¡Œ.
INFO: Run Behavior\ParseTemplateBehavior [ RunTime:0.051003s ]
INFO: [ view_parse ] --END-- [ RunTime:0.051003s ]
INFO: [ view_filter ] --START--
INFO: Run Behavior\WriteHtmlCacheBehavior [ RunTime:0.001000s ]
INFO: [ view_filter ] --END-- [ RunTime:0.001000s ]
INFO: [ app_end ] --START--
INFO: Run Behavior\ShowPageTraceBehavior [ RunTime:0.003000s ]
INFO: [ app_end ] --END-- [ RunTime:0.003000s ]

[ 2019-02-04T20:41:26+08:00 ] 127.0.0.1 /
INFO: [ app_init ] --START--
INFO: Run Behavior\BuildLiteBehavior [ RunTime:0.000000s ]
INFO: [ app_init ] --END-- [ RunTime:0.001000s ]
INFO: [ app_begin ] --START--
INFO: Run Behavior\ReadHtmlCacheBehavior [ RunTime:0.001000s ]
INFO: [ app_begin ] --END-- [ RunTime:0.001000s ]
SQL: SHOW COLUMNS FROM `setting` [ RunTime:0.0840s ]
SQL: SELECT * FROM `setting`  [ RunTime:0.0650s ]
SQL: SELECT * FROM `setting`  [ RunTime:0.0950s ]
SQL: SHOW COLUMNS FROM `article` [ RunTime:0.1550s ]
SQL: SELECT COUNT(*) AS tp_count FROM `article` LIMIT 1   [ RunTime:0.0430s ]
SQL: SELECT * FROM `article` WHERE ( category='æ—…æ¸¸1' ) UNION (select * from article where category='æ—¶å°š'order by aid desc limit 2) UNION (select * from article where category='æ—…æ¸¸'order by aid desc limit 2) UNION (select * from article where category='ç¾Žé£Ÿ'order by aid desc limit 2) UNION (select * from article where category='æ•™è‚²'order by aid desc limit 2) [ RunTime:0.2520s ]
SQL: SELECT * FROM `article` ORDER BY view desc LIMIT 8   [ RunTime:0.4310s ]
SQL: select sum(view) as view,author from article group by author order by view DESC limit 25  [ RunTime:0.1380s ]
INFO: [ view_parse ] --START--
INFO: [ template_filter ] --START--
INFO: Run Behavior\ContentReplaceBehavior [ RunTime:0.001000s ]
INFO: [ template_filter ] --END-- [ RunTime:0.001000s ]
NOTIC: [8] Use of undefined constant aid - assumed 'aid' D:\wamp64\www\tpblog\Application\Runtime\Cache\Home\2a94b8bda04ff446dcedd42276fc99ee.php ç¬¬ 180 è¡Œ.
NOTIC: [8] Use of undefined constant aid - assumed 'aid' D:\wamp64\www\tpblog\Application\Runtime\Cache\Home\2a94b8bda04ff446dcedd42276fc99ee.php ç¬¬ 180 è¡Œ.
NOTIC: [8] Use of undefined constant aid - assumed 'aid' D:\wamp64\www\tpblog\Application\Runtime\Cache\Home\2a94b8bda04ff446dcedd42276fc99ee.php ç¬¬ 180 è¡Œ.
NOTIC: [8] Use of undefined constant aid - assumed 'aid' D:\wamp64\www\tpblog\Application\Runtime\Cache\Home\2a94b8bda04ff446dcedd42276fc99ee.php ç¬¬ 180 è¡Œ.
NOTIC: [8] Use of undefined constant aid - assumed 'aid' D:\wamp64\www\tpblog\Application\Runtime\Cache\Home\2a94b8bda04ff446dcedd42276fc99ee.php ç¬¬ 180 è¡Œ.
NOTIC: [8] Use of undefined constant aid - assumed 'aid' D:\wamp64\www\tpblog\Application\Runtime\Cache\Home\2a94b8bda04ff446dcedd42276fc99ee.php ç¬¬ 180 è¡Œ.
NOTIC: [8] Use of undefined constant aid - assumed 'aid' D:\wamp64\www\tpblog\Application\Runtime\Cache\Home\2a94b8bda04ff446dcedd42276fc99ee.php ç¬¬ 180 è¡Œ.
NOTIC: [8] Use of undefined constant aid - assumed 'aid' D:\wamp64\www\tpblog\Application\Runtime\Cache\Home\2a94b8bda04ff446dcedd42276fc99ee.php ç¬¬ 180 è¡Œ.
NOTIC: [8] Use of undefined constant utf8 - assumed 'utf8' D:\wamp64\www\tpblog\Application\Runtime\Cache\Home\2a94b8bda04ff446dcedd42276fc99ee.php ç¬¬ 209 è¡Œ.
NOTIC: [8] Use of undefined constant utf8 - assumed 'utf8' D:\wamp64\www\tpblog\Application\Runtime\Cache\Home\2a94b8bda04ff446dcedd42276fc99ee.php ç¬¬ 209 è¡Œ.
NOTIC: [8] Use of undefined constant utf8 - assumed 'utf8' D:\wamp64\www\tpblog\Application\Runtime\Cache\Home\2a94b8bda04ff446dcedd42276fc99ee.php ç¬¬ 209 è¡Œ.
NOTIC: [8] Use of undefined constant aid - assumed 'aid' D:\wamp64\www\tpblog\Application\Runtime\Cache\Home\2a94b8bda04ff446dcedd42276fc99ee.php ç¬¬ 276 è¡Œ.
NOTIC: [8] Use of undefined constant aid - assumed 'aid' D:\wamp64\www\tpblog\Application\Runtime\Cache\Home\2a94b8bda04ff446dcedd42276fc99ee.php ç¬¬ 276 è¡Œ.
NOTIC: [8] Use of undefined constant aid - assumed 'aid' D:\wamp64\www\tpblog\Application\Runtime\Cache\Home\2a94b8bda04ff446dcedd42276fc99ee.php ç¬¬ 276 è¡Œ.
NOTIC: [8] Use of undefined constant aid - assumed 'aid' D:\wamp64\www\tpblog\Application\Runtime\Cache\Home\2a94b8bda04ff446dcedd42276fc99ee.php ç¬¬ 276 è¡Œ.
NOTIC: [8] Use of undefined constant aid - assumed 'aid' D:\wamp64\www\tpblog\Application\Runtime\Cache\Home\2a94b8bda04ff446dcedd42276fc99ee.php ç¬¬ 276 è¡Œ.
NOTIC: [8] Use of undefined constant aid - assumed 'aid' D:\wamp64\www\tpblog\Application\Runtime\Cache\Home\2a94b8bda04ff446dcedd42276fc99ee.php ç¬¬ 276 è¡Œ.
NOTIC: [8] Use of undefined constant aid - assumed 'aid' D:\wamp64\www\tpblog\Application\Runtime\Cache\Home\2a94b8bda04ff446dcedd42276fc99ee.php ç¬¬ 276 è¡Œ.
NOTIC: [8] Use of undefined constant aid - assumed 'aid' D:\wamp64\www\tpblog\Application\Runtime\Cache\Home\2a94b8bda04ff446dcedd42276fc99ee.php ç¬¬ 276 è¡Œ.
INFO: Run Behavior\ParseTemplateBehavior [ RunTime:0.045002s ]
INFO: [ view_parse ] --END-- [ RunTime:0.045002s ]
INFO: [ view_filter ] --START--
INFO: Run Behavior\WriteHtmlCacheBehavior [ RunTime:0.001000s ]
INFO: [ view_filter ] --END-- [ RunTime:0.001000s ]
INFO: [ app_end ] --START--
INFO: Run Behavior\ShowPageTraceBehavior [ RunTime:0.001001s ]
INFO: [ app_end ] --END-- [ RunTime:0.001001s ]

[ 2019-02-04T20:42:01+08:00 ] 127.0.0.1 /
INFO: [ app_init ] --START--
INFO: Run Behavior\BuildLiteBehavior [ RunTime:0.001000s ]
INFO: [ app_init ] --END-- [ RunTime:0.001000s ]
INFO: [ app_begin ] --START--
INFO: Run Behavior\ReadHtmlCacheBehavior [ RunTime:0.001000s ]
INFO: [ app_begin ] --END-- [ RunTime:0.001000s ]
SQL: SHOW COLUMNS FROM `setting` [ RunTime:0.0630s ]
SQL: SELECT * FROM `setting`  [ RunTime:0.1150s ]
SQL: SELECT * FROM `setting`  [ RunTime:0.0400s ]
SQL: SHOW COLUMNS FROM `article` [ RunTime:0.0680s ]
SQL: SELECT COUNT(*) AS tp_count FROM `article` LIMIT 1   [ RunTime:0.0580s ]
SQL: SELECT * FROM `article` WHERE ( category='æ—…æ¸¸1' ) UNION (select * from article where category='æ—¶å°š'order by aid desc limit 2) UNION (select * from article where category='æ—…æ¸¸'order by aid desc limit 2) UNION (select * from article where category='ç¾Žé£Ÿ'order by aid desc limit 2) UNION (select * from article where category='æ•™è‚²'order by aid desc limit 2) [ RunTime:0.1560s ]
SQL: SELECT * FROM `article` ORDER BY view desc LIMIT 8   [ RunTime:0.7020s ]
SQL: select sum(view) as view,author from article group by author order by view DESC limit 25  [ RunTime:0.0560s ]
INFO: [ view_parse ] --START--
INFO: [ template_filter ] --START--
INFO: Run Behavior\ContentReplaceBehavior [ RunTime:0.000000s ]
INFO: [ template_filter ] --END-- [ RunTime:0.000000s ]
NOTIC: [8] Use of undefined constant aid - assumed 'aid' D:\wamp64\www\tpblog\Application\Runtime\Cache\Home\2a94b8bda04ff446dcedd42276fc99ee.php ç¬¬ 174 è¡Œ.
NOTIC: [8] Use of undefined constant aid - assumed 'aid' D:\wamp64\www\tpblog\Application\Runtime\Cache\Home\2a94b8bda04ff446dcedd42276fc99ee.php ç¬¬ 174 è¡Œ.
NOTIC: [8] Use of undefined constant aid - assumed 'aid' D:\wamp64\www\tpblog\Application\Runtime\Cache\Home\2a94b8bda04ff446dcedd42276fc99ee.php ç¬¬ 174 è¡Œ.
NOTIC: [8] Use of undefined constant aid - assumed 'aid' D:\wamp64\www\tpblog\Application\Runtime\Cache\Home\2a94b8bda04ff446dcedd42276fc99ee.php ç¬¬ 174 è¡Œ.
NOTIC: [8] Use of undefined constant aid - assumed 'aid' D:\wamp64\www\tpblog\Application\Runtime\Cache\Home\2a94b8bda04ff446dcedd42276fc99ee.php ç¬¬ 174 è¡Œ.
NOTIC: [8] Use of undefined constant aid - assumed 'aid' D:\wamp64\www\tpblog\Application\Runtime\Cache\Home\2a94b8bda04ff446dcedd42276fc99ee.php ç¬¬ 174 è¡Œ.
NOTIC: [8] Use of undefined constant aid - assumed 'aid' D:\wamp64\www\tpblog\Application\Runtime\Cache\Home\2a94b8bda04ff446dcedd42276fc99ee.php ç¬¬ 174 è¡Œ.
NOTIC: [8] Use of undefined constant aid - assumed 'aid' D:\wamp64\www\tpblog\Application\Runtime\Cache\Home\2a94b8bda04ff446dcedd42276fc99ee.php ç¬¬ 174 è¡Œ.
NOTIC: [8] Use of undefined constant utf8 - assumed 'utf8' D:\wamp64\www\tpblog\Application\Runtime\Cache\Home\2a94b8bda04ff446dcedd42276fc99ee.php ç¬¬ 203 è¡Œ.
NOTIC: [8] Use of undefined constant utf8 - assumed 'utf8' D:\wamp64\www\tpblog\Application\Runtime\Cache\Home\2a94b8bda04ff446dcedd42276fc99ee.php ç¬¬ 203 è¡Œ.
NOTIC: [8] Use of undefined constant utf8 - assumed 'utf8' D:\wamp64\www\tpblog\Application\Runtime\Cache\Home\2a94b8bda04ff446dcedd42276fc99ee.php ç¬¬ 203 è¡Œ.
NOTIC: [8] Use of undefined constant aid - assumed 'aid' D:\wamp64\www\tpblog\Application\Runtime\Cache\Home\2a94b8bda04ff446dcedd42276fc99ee.php ç¬¬ 270 è¡Œ.
NOTIC: [8] Use of undefined constant aid - assumed 'aid' D:\wamp64\www\tpblog\Application\Runtime\Cache\Home\2a94b8bda04ff446dcedd42276fc99ee.php ç¬¬ 270 è¡Œ.
NOTIC: [8] Use of undefined constant aid - assumed 'aid' D:\wamp64\www\tpblog\Application\Runtime\Cache\Home\2a94b8bda04ff446dcedd42276fc99ee.php ç¬¬ 270 è¡Œ.
NOTIC: [8] Use of undefined constant aid - assumed 'aid' D:\wamp64\www\tpblog\Application\Runtime\Cache\Home\2a94b8bda04ff446dcedd42276fc99ee.php ç¬¬ 270 è¡Œ.
NOTIC: [8] Use of undefined constant aid - assumed 'aid' D:\wamp64\www\tpblog\Application\Runtime\Cache\Home\2a94b8bda04ff446dcedd42276fc99ee.php ç¬¬ 270 è¡Œ.
NOTIC: [8] Use of undefined constant aid - assumed 'aid' D:\wamp64\www\tpblog\Application\Runtime\Cache\Home\2a94b8bda04ff446dcedd42276fc99ee.php ç¬¬ 270 è¡Œ.
NOTIC: [8] Use of undefined constant aid - assumed 'aid' D:\wamp64\www\tpblog\Application\Runtime\Cache\Home\2a94b8bda04ff446dcedd42276fc99ee.php ç¬¬ 270 è¡Œ.
NOTIC: [8] Use of undefined constant aid - assumed 'aid' D:\wamp64\www\tpblog\Application\Runtime\Cache\Home\2a94b8bda04ff446dcedd42276fc99ee.php ç¬¬ 270 è¡Œ.
INFO: Run Behavior\ParseTemplateBehavior [ RunTime:0.048002s ]
INFO: [ view_parse ] --END-- [ RunTime:0.048002s ]
INFO: [ view_filter ] --START--
INFO: Run Behavior\WriteHtmlCacheBehavior [ RunTime:0.002000s ]
INFO: [ view_filter ] --END-- [ RunTime:0.002000s ]
INFO: [ app_end ] --START--
INFO: Run Behavior\ShowPageTraceBehavior [ RunTime:0.001001s ]
INFO: [ app_end ] --END-- [ RunTime:0.003001s ]

[ 2019-02-04T20:42:02+08:00 ] 127.0.0.1 /
INFO: [ app_init ] --START--
INFO: Run Behavior\BuildLiteBehavior [ RunTime:0.000000s ]
INFO: [ app_init ] --END-- [ RunTime:0.001000s ]
INFO: [ app_begin ] --START--
INFO: Run Behavior\ReadHtmlCacheBehavior [ RunTime:0.001000s ]
INFO: [ app_begin ] --END-- [ RunTime:0.001000s ]
SQL: SHOW COLUMNS FROM `setting` [ RunTime:0.0950s ]
SQL: SELECT * FROM `setting`  [ RunTime:0.0640s ]
SQL: SELECT * FROM `setting`  [ RunTime:0.0950s ]
SQL: SHOW COLUMNS FROM `article` [ RunTime:0.0770s ]
SQL: SELECT COUNT(*) AS tp_count FROM `article` LIMIT 1   [ RunTime:0.0500s ]
SQL: SELECT * FROM `article` WHERE ( category='æ—…æ¸¸1' ) UNION (select * from article where category='æ—¶å°š'order by aid desc limit 2) UNION (select * from article where category='æ—…æ¸¸'order by aid desc limit 2) UNION (select * from article where category='ç¾Žé£Ÿ'order by aid desc limit 2) UNION (select * from article where category='æ•™è‚²'order by aid desc limit 2) [ RunTime:0.1860s ]
SQL: SELECT * FROM `article` ORDER BY view desc LIMIT 8   [ RunTime:0.1560s ]
SQL: select sum(view) as view,author from article group by author order by view DESC limit 25  [ RunTime:0.0480s ]
INFO: [ view_parse ] --START--
INFO: [ template_filter ] --START--
INFO: Run Behavior\ContentReplaceBehavior [ RunTime:0.000000s ]
INFO: [ template_filter ] --END-- [ RunTime:0.000000s ]
NOTIC: [8] Use of undefined constant aid - assumed 'aid' D:\wamp64\www\tpblog\Application\Runtime\Cache\Home\2a94b8bda04ff446dcedd42276fc99ee.php ç¬¬ 174 è¡Œ.
NOTIC: [8] Use of undefined constant aid - assumed 'aid' D:\wamp64\www\tpblog\Application\Runtime\Cache\Home\2a94b8bda04ff446dcedd42276fc99ee.php ç¬¬ 174 è¡Œ.
NOTIC: [8] Use of undefined constant aid - assumed 'aid' D:\wamp64\www\tpblog\Application\Runtime\Cache\Home\2a94b8bda04ff446dcedd42276fc99ee.php ç¬¬ 174 è¡Œ.
NOTIC: [8] Use of undefined constant aid - assumed 'aid' D:\wamp64\www\tpblog\Application\Runtime\Cache\Home\2a94b8bda04ff446dcedd42276fc99ee.php ç¬¬ 174 è¡Œ.
NOTIC: [8] Use of undefined constant aid - assumed 'aid' D:\wamp64\www\tpblog\Application\Runtime\Cache\Home\2a94b8bda04ff446dcedd42276fc99ee.php ç¬¬ 174 è¡Œ.
NOTIC: [8] Use of undefined constant aid - assumed 'aid' D:\wamp64\www\tpblog\Application\Runtime\Cache\Home\2a94b8bda04ff446dcedd42276fc99ee.php ç¬¬ 174 è¡Œ.
NOTIC: [8] Use of undefined constant aid - assumed 'aid' D:\wamp64\www\tpblog\Application\Runtime\Cache\Home\2a94b8bda04ff446dcedd42276fc99ee.php ç¬¬ 174 è¡Œ.
NOTIC: [8] Use of undefined constant aid - assumed 'aid' D:\wamp64\www\tpblog\Application\Runtime\Cache\Home\2a94b8bda04ff446dcedd42276fc99ee.php ç¬¬ 174 è¡Œ.
NOTIC: [8] Use of undefined constant utf8 - assumed 'utf8' D:\wamp64\www\tpblog\Application\Runtime\Cache\Home\2a94b8bda04ff446dcedd42276fc99ee.php ç¬¬ 203 è¡Œ.
NOTIC: [8] Use of undefined constant utf8 - assumed 'utf8' D:\wamp64\www\tpblog\Application\Runtime\Cache\Home\2a94b8bda04ff446dcedd42276fc99ee.php ç¬¬ 203 è¡Œ.
NOTIC: [8] Use of undefined constant utf8 - assumed 'utf8' D:\wamp64\www\tpblog\Application\Runtime\Cache\Home\2a94b8bda04ff446dcedd42276fc99ee.php ç¬¬ 203 è¡Œ.
NOTIC: [8] Use of undefined constant aid - assumed 'aid' D:\wamp64\www\tpblog\Application\Runtime\Cache\Home\2a94b8bda04ff446dcedd42276fc99ee.php ç¬¬ 270 è¡Œ.
NOTIC: [8] Use of undefined constant aid - assumed 'aid' D:\wamp64\www\tpblog\Application\Runtime\Cache\Home\2a94b8bda04ff446dcedd42276fc99ee.php ç¬¬ 270 è¡Œ.
NOTIC: [8] Use of undefined constant aid - assumed 'aid' D:\wamp64\www\tpblog\Application\Runtime\Cache\Home\2a94b8bda04ff446dcedd42276fc99ee.php ç¬¬ 270 è¡Œ.
NOTIC: [8] Use of undefined constant aid - assumed 'aid' D:\wamp64\www\tpblog\Application\Runtime\Cache\Home\2a94b8bda04ff446dcedd42276fc99ee.php ç¬¬ 270 è¡Œ.
NOTIC: [8] Use of undefined constant aid - assumed 'aid' D:\wamp64\www\tpblog\Application\Runtime\Cache\Home\2a94b8bda04ff446dcedd42276fc99ee.php ç¬¬ 270 è¡Œ.
NOTIC: [8] Use of undefined constant aid - assumed 'aid' D:\wamp64\www\tpblog\Application\Runtime\Cache\Home\2a94b8bda04ff446dcedd42276fc99ee.php ç¬¬ 270 è¡Œ.
NOTIC: [8] Use of undefined constant aid - assumed 'aid' D:\wamp64\www\tpblog\Application\Runtime\Cache\Home\2a94b8bda04ff446dcedd42276fc99ee.php ç¬¬ 270 è¡Œ.
NOTIC: [8] Use of undefined constant aid - assumed 'aid' D:\wamp64\www\tpblog\Application\Runtime\Cache\Home\2a94b8bda04ff446dcedd42276fc99ee.php ç¬¬ 270 è¡Œ.
INFO: Run Behavior\ParseTemplateBehavior [ RunTime:0.043003s ]
INFO: [ view_parse ] --END-- [ RunTime:0.043003s ]
INFO: [ view_filter ] --START--
INFO: Run Behavior\WriteHtmlCacheBehavior [ RunTime:0.001000s ]
INFO: [ view_filter ] --END-- [ RunTime:0.001000s ]
INFO: [ app_end ] --START--
INFO: Run Behavior\ShowPageTraceBehavior [ RunTime:0.002000s ]
INFO: [ app_end ] --END-- [ RunTime:0.002000s ]

