[ 2019-03-27T22:55:12+08:00 ] 127.0.0.1 /
INFO: [ app_init ] --START--
INFO: Run Behavior\BuildLiteBehavior [ RunTime:0.000000s ]
INFO: [ app_init ] --END-- [ RunTime:0.007001s ]
INFO: [ app_begin ] --START--
INFO: Run Behavior\ReadHtmlCacheBehavior [ RunTime:0.006000s ]
INFO: [ app_begin ] --END-- [ RunTime:0.006000s ]
SQL: SHOW COLUMNS FROM `setting` [ RunTime:0.0450s ]
SQL: SELECT * FROM `setting`  [ RunTime:0.0330s ]
SQL: SELECT * FROM `setting`  [ RunTime:0.0330s ]
SQL: SHOW COLUMNS FROM `article` [ RunTime:0.0690s ]
SQL: SELECT COUNT(*) AS tp_count FROM `article` LIMIT 1   [ RunTime:0.0340s ]
SQL: SELECT * FROM `article` WHERE ( category='旅游1' ) UNION (select * from article where category='时尚'order by aid desc limit 2) UNION (select * from article where category='旅游'order by aid desc limit 2) UNION (select * from article where category='美食'order by aid desc limit 2) UNION (select * from article where category='教育'order by aid desc limit 2) [ RunTime:0.1600s ]
SQL: SELECT * FROM `article` ORDER BY view desc LIMIT 8   [ RunTime:0.1080s ]
SQL: select sum(view) as view,author from article group by author order by view DESC limit 25  [ RunTime:0.0310s ]
INFO: [ view_parse ] --START--
INFO: [ template_filter ] --START--
INFO: Run Behavior\ContentReplaceBehavior [ RunTime:0.001000s ]
INFO: [ template_filter ] --END-- [ RunTime:0.002000s ]
NOTIC: [8] Use of undefined constant aid - assumed 'aid' D:\wamp64\www\tpblog\Application\Runtime\Cache\Home\2a94b8bda04ff446dcedd42276fc99ee.php 第 178 行.
NOTIC: [8] Use of undefined constant aid - assumed 'aid' D:\wamp64\www\tpblog\Application\Runtime\Cache\Home\2a94b8bda04ff446dcedd42276fc99ee.php 第 178 行.
NOTIC: [8] Use of undefined constant aid - assumed 'aid' D:\wamp64\www\tpblog\Application\Runtime\Cache\Home\2a94b8bda04ff446dcedd42276fc99ee.php 第 178 行.
NOTIC: [8] Use of undefined constant aid - assumed 'aid' D:\wamp64\www\tpblog\Application\Runtime\Cache\Home\2a94b8bda04ff446dcedd42276fc99ee.php 第 178 行.
NOTIC: [8] Use of undefined constant aid - assumed 'aid' D:\wamp64\www\tpblog\Application\Runtime\Cache\Home\2a94b8bda04ff446dcedd42276fc99ee.php 第 178 行.
NOTIC: [8] Use of undefined constant aid - assumed 'aid' D:\wamp64\www\tpblog\Application\Runtime\Cache\Home\2a94b8bda04ff446dcedd42276fc99ee.php 第 178 行.
NOTIC: [8] Use of undefined constant aid - assumed 'aid' D:\wamp64\www\tpblog\Application\Runtime\Cache\Home\2a94b8bda04ff446dcedd42276fc99ee.php 第 178 行.
NOTIC: [8] Use of undefined constant aid - assumed 'aid' D:\wamp64\www\tpblog\Application\Runtime\Cache\Home\2a94b8bda04ff446dcedd42276fc99ee.php 第 178 行.
NOTIC: [8] Use of undefined constant utf8 - assumed 'utf8' D:\wamp64\www\tpblog\Application\Runtime\Cache\Home\2a94b8bda04ff446dcedd42276fc99ee.php 第 207 行.
NOTIC: [8] Use of undefined constant utf8 - assumed 'utf8' D:\wamp64\www\tpblog\Application\Runtime\Cache\Home\2a94b8bda04ff446dcedd42276fc99ee.php 第 207 行.
NOTIC: [8] Use of undefined constant utf8 - assumed 'utf8' D:\wamp64\www\tpblog\Application\Runtime\Cache\Home\2a94b8bda04ff446dcedd42276fc99ee.php 第 207 行.
NOTIC: [8] Use of undefined constant utf8 - assumed 'utf8' D:\wamp64\www\tpblog\Application\Runtime\Cache\Home\2a94b8bda04ff446dcedd42276fc99ee.php 第 207 行.
NOTIC: [8] Use of undefined constant aid - assumed 'aid' D:\wamp64\www\tpblog\Application\Runtime\Cache\Home\2a94b8bda04ff446dcedd42276fc99ee.php 第 274 行.
NOTIC: [8] Use of undefined constant aid - assumed 'aid' D:\wamp64\www\tpblog\Application\Runtime\Cache\Home\2a94b8bda04ff446dcedd42276fc99ee.php 第 274 行.
NOTIC: [8] Use of undefined constant aid - assumed 'aid' D:\wamp64\www\tpblog\Application\Runtime\Cache\Home\2a94b8bda04ff446dcedd42276fc99ee.php 第 274 行.
NOTIC: [8] Use of undefined constant aid - assumed 'aid' D:\wamp64\www\tpblog\Application\Runtime\Cache\Home\2a94b8bda04ff446dcedd42276fc99ee.php 第 274 行.
NOTIC: [8] Use of undefined constant aid - assumed 'aid' D:\wamp64\www\tpblog\Application\Runtime\Cache\Home\2a94b8bda04ff446dcedd42276fc99ee.php 第 274 行.
NOTIC: [8] Use of undefined constant aid - assumed 'aid' D:\wamp64\www\tpblog\Application\Runtime\Cache\Home\2a94b8bda04ff446dcedd42276fc99ee.php 第 274 行.
NOTIC: [8] Use of undefined constant aid - assumed 'aid' D:\wamp64\www\tpblog\Application\Runtime\Cache\Home\2a94b8bda04ff446dcedd42276fc99ee.php 第 274 行.
NOTIC: [8] Use of undefined constant aid - assumed 'aid' D:\wamp64\www\tpblog\Application\Runtime\Cache\Home\2a94b8bda04ff446dcedd42276fc99ee.php 第 274 行.
INFO: Run Behavior\ParseTemplateBehavior [ RunTime:0.034002s ]
INFO: [ view_parse ] --END-- [ RunTime:0.034002s ]
INFO: [ view_filter ] --START--
INFO: Run Behavior\WriteHtmlCacheBehavior [ RunTime:0.001000s ]
INFO: [ view_filter ] --END-- [ RunTime:0.001000s ]
INFO: [ app_end ] --START--
INFO: Run Behavior\ShowPageTraceBehavior [ RunTime:0.003000s ]
INFO: [ app_end ] --END-- [ RunTime:0.003000s ]

[ 2019-03-27T22:55:26+08:00 ] 127.0.0.1 /
INFO: [ app_init ] --START--
INFO: Run Behavior\BuildLiteBehavior [ RunTime:0.000000s ]
INFO: [ app_init ] --END-- [ RunTime:0.000000s ]
INFO: [ app_begin ] --START--
INFO: Run Behavior\ReadHtmlCacheBehavior [ RunTime:0.000000s ]
INFO: [ app_begin ] --END-- [ RunTime:0.000000s ]
SQL: SHOW COLUMNS FROM `setting` [ RunTime:0.0480s ]
SQL: SELECT * FROM `setting`  [ RunTime:0.0320s ]
SQL: SELECT * FROM `setting`  [ RunTime:0.0310s ]
SQL: SHOW COLUMNS FROM `article` [ RunTime:0.0620s ]
SQL: SELECT COUNT(*) AS tp_count FROM `article` LIMIT 1   [ RunTime:0.0450s ]
SQL: SELECT * FROM `article` WHERE ( category='旅游1' ) UNION (select * from article where category='时尚'order by aid desc limit 2) UNION (select * from article where category='旅游'order by aid desc limit 2) UNION (select * from article where category='美食'order by aid desc limit 2) UNION (select * from article where category='教育'order by aid desc limit 2) [ RunTime:0.1450s ]
SQL: SELECT * FROM `article` ORDER BY view desc LIMIT 8   [ RunTime:0.0940s ]
SQL: select sum(view) as view,author from article group by author order by view DESC limit 25  [ RunTime:0.0390s ]
INFO: [ view_parse ] --START--
INFO: [ template_filter ] --START--
INFO: Run Behavior\ContentReplaceBehavior [ RunTime:0.000000s ]
INFO: [ template_filter ] --END-- [ RunTime:0.000000s ]
NOTIC: [8] Use of undefined constant aid - assumed 'aid' D:\wamp64\www\tpblog\Application\Runtime\Cache\Home\2a94b8bda04ff446dcedd42276fc99ee.php 第 178 行.
NOTIC: [8] Use of undefined constant aid - assumed 'aid' D:\wamp64\www\tpblog\Application\Runtime\Cache\Home\2a94b8bda04ff446dcedd42276fc99ee.php 第 178 行.
NOTIC: [8] Use of undefined constant aid - assumed 'aid' D:\wamp64\www\tpblog\Application\Runtime\Cache\Home\2a94b8bda04ff446dcedd42276fc99ee.php 第 178 行.
NOTIC: [8] Use of undefined constant aid - assumed 'aid' D:\wamp64\www\tpblog\Application\Runtime\Cache\Home\2a94b8bda04ff446dcedd42276fc99ee.php 第 178 行.
NOTIC: [8] Use of undefined constant aid - assumed 'aid' D:\wamp64\www\tpblog\Application\Runtime\Cache\Home\2a94b8bda04ff446dcedd42276fc99ee.php 第 178 行.
NOTIC: [8] Use of undefined constant aid - assumed 'aid' D:\wamp64\www\tpblog\Application\Runtime\Cache\Home\2a94b8bda04ff446dcedd42276fc99ee.php 第 178 行.
NOTIC: [8] Use of undefined constant aid - assumed 'aid' D:\wamp64\www\tpblog\Application\Runtime\Cache\Home\2a94b8bda04ff446dcedd42276fc99ee.php 第 178 行.
NOTIC: [8] Use of undefined constant aid - assumed 'aid' D:\wamp64\www\tpblog\Application\Runtime\Cache\Home\2a94b8bda04ff446dcedd42276fc99ee.php 第 178 行.
NOTIC: [8] Use of undefined constant utf8 - assumed 'utf8' D:\wamp64\www\tpblog\Application\Runtime\Cache\Home\2a94b8bda04ff446dcedd42276fc99ee.php 第 207 行.
NOTIC: [8] Use of undefined constant utf8 - assumed 'utf8' D:\wamp64\www\tpblog\Application\Runtime\Cache\Home\2a94b8bda04ff446dcedd42276fc99ee.php 第 207 行.
NOTIC: [8] Use of undefined constant utf8 - assumed 'utf8' D:\wamp64\www\tpblog\Application\Runtime\Cache\Home\2a94b8bda04ff446dcedd42276fc99ee.php 第 207 行.
NOTIC: [8] Use of undefined constant utf8 - assumed 'utf8' D:\wamp64\www\tpblog\Application\Runtime\Cache\Home\2a94b8bda04ff446dcedd42276fc99ee.php 第 207 行.
NOTIC: [8] Use of undefined constant aid - assumed 'aid' D:\wamp64\www\tpblog\Application\Runtime\Cache\Home\2a94b8bda04ff446dcedd42276fc99ee.php 第 274 行.
NOTIC: [8] Use of undefined constant aid - assumed 'aid' D:\wamp64\www\tpblog\Application\Runtime\Cache\Home\2a94b8bda04ff446dcedd42276fc99ee.php 第 274 行.
NOTIC: [8] Use of undefined constant aid - assumed 'aid' D:\wamp64\www\tpblog\Application\Runtime\Cache\Home\2a94b8bda04ff446dcedd42276fc99ee.php 第 274 行.
NOTIC: [8] Use of undefined constant aid - assumed 'aid' D:\wamp64\www\tpblog\Application\Runtime\Cache\Home\2a94b8bda04ff446dcedd42276fc99ee.php 第 274 行.
NOTIC: [8] Use of undefined constant aid - assumed 'aid' D:\wamp64\www\tpblog\Application\Runtime\Cache\Home\2a94b8bda04ff446dcedd42276fc99ee.php 第 274 行.
NOTIC: [8] Use of undefined constant aid - assumed 'aid' D:\wamp64\www\tpblog\Application\Runtime\Cache\Home\2a94b8bda04ff446dcedd42276fc99ee.php 第 274 行.
NOTIC: [8] Use of undefined constant aid - assumed 'aid' D:\wamp64\www\tpblog\Application\Runtime\Cache\Home\2a94b8bda04ff446dcedd42276fc99ee.php 第 274 行.
NOTIC: [8] Use of undefined constant aid - assumed 'aid' D:\wamp64\www\tpblog\Application\Runtime\Cache\Home\2a94b8bda04ff446dcedd42276fc99ee.php 第 274 行.
INFO: Run Behavior\ParseTemplateBehavior [ RunTime:0.011000s ]
INFO: [ view_parse ] --END-- [ RunTime:0.011000s ]
INFO: [ view_filter ] --START--
INFO: Run Behavior\WriteHtmlCacheBehavior [ RunTime:0.001000s ]
INFO: [ view_filter ] --END-- [ RunTime:0.001000s ]
INFO: [ app_end ] --START--
INFO: Run Behavior\ShowPageTraceBehavior [ RunTime:0.001000s ]
INFO: [ app_end ] --END-- [ RunTime:0.001000s ]

[ 2019-03-27T22:55:36+08:00 ] 127.0.0.1 /
INFO: [ app_init ] --START--
INFO: Run Behavior\BuildLiteBehavior [ RunTime:0.000000s ]
INFO: [ app_init ] --END-- [ RunTime:0.000000s ]
INFO: [ app_begin ] --START--
INFO: Run Behavior\ReadHtmlCacheBehavior [ RunTime:0.001000s ]
INFO: [ app_begin ] --END-- [ RunTime:0.001000s ]
SQL: SHOW COLUMNS FROM `setting` [ RunTime:0.0660s ]
SQL: SELECT * FROM `setting`  [ RunTime:0.0320s ]
SQL: SELECT * FROM `setting`  [ RunTime:0.0320s ]
SQL: SHOW COLUMNS FROM `article` [ RunTime:0.0560s ]
SQL: SELECT COUNT(*) AS tp_count FROM `article` LIMIT 1   [ RunTime:0.0600s ]
SQL: SELECT * FROM `article` WHERE ( category='旅游1' ) UNION (select * from article where category='时尚'order by aid desc limit 2) UNION (select * from article where category='旅游'order by aid desc limit 2) UNION (select * from article where category='美食'order by aid desc limit 2) UNION (select * from article where category='教育'order by aid desc limit 2) [ RunTime:0.2110s ]
SQL: SELECT * FROM `article` ORDER BY view desc LIMIT 8   [ RunTime:0.1330s ]
SQL: select sum(view) as view,author from article group by author order by view DESC limit 25  [ RunTime:0.0400s ]
INFO: [ view_parse ] --START--
INFO: [ template_filter ] --START--
INFO: Run Behavior\ContentReplaceBehavior [ RunTime:0.000000s ]
INFO: [ template_filter ] --END-- [ RunTime:0.000000s ]
NOTIC: [8] Use of undefined constant aid - assumed 'aid' D:\wamp64\www\tpblog\Application\Runtime\Cache\Home\2a94b8bda04ff446dcedd42276fc99ee.php 第 178 行.
NOTIC: [8] Use of undefined constant aid - assumed 'aid' D:\wamp64\www\tpblog\Application\Runtime\Cache\Home\2a94b8bda04ff446dcedd42276fc99ee.php 第 178 行.
NOTIC: [8] Use of undefined constant aid - assumed 'aid' D:\wamp64\www\tpblog\Application\Runtime\Cache\Home\2a94b8bda04ff446dcedd42276fc99ee.php 第 178 行.
NOTIC: [8] Use of undefined constant aid - assumed 'aid' D:\wamp64\www\tpblog\Application\Runtime\Cache\Home\2a94b8bda04ff446dcedd42276fc99ee.php 第 178 行.
NOTIC: [8] Use of undefined constant aid - assumed 'aid' D:\wamp64\www\tpblog\Application\Runtime\Cache\Home\2a94b8bda04ff446dcedd42276fc99ee.php 第 178 行.
NOTIC: [8] Use of undefined constant aid - assumed 'aid' D:\wamp64\www\tpblog\Application\Runtime\Cache\Home\2a94b8bda04ff446dcedd42276fc99ee.php 第 178 行.
NOTIC: [8] Use of undefined constant aid - assumed 'aid' D:\wamp64\www\tpblog\Application\Runtime\Cache\Home\2a94b8bda04ff446dcedd42276fc99ee.php 第 178 行.
NOTIC: [8] Use of undefined constant aid - assumed 'aid' D:\wamp64\www\tpblog\Application\Runtime\Cache\Home\2a94b8bda04ff446dcedd42276fc99ee.php 第 178 行.
NOTIC: [8] Use of undefined constant utf8 - assumed 'utf8' D:\wamp64\www\tpblog\Application\Runtime\Cache\Home\2a94b8bda04ff446dcedd42276fc99ee.php 第 207 行.
NOTIC: [8] Use of undefined constant utf8 - assumed 'utf8' D:\wamp64\www\tpblog\Application\Runtime\Cache\Home\2a94b8bda04ff446dcedd42276fc99ee.php 第 207 行.
NOTIC: [8] Use of undefined constant utf8 - assumed 'utf8' D:\wamp64\www\tpblog\Application\Runtime\Cache\Home\2a94b8bda04ff446dcedd42276fc99ee.php 第 207 行.
NOTIC: [8] Use of undefined constant utf8 - assumed 'utf8' D:\wamp64\www\tpblog\Application\Runtime\Cache\Home\2a94b8bda04ff446dcedd42276fc99ee.php 第 207 行.
NOTIC: [8] Use of undefined constant aid - assumed 'aid' D:\wamp64\www\tpblog\Application\Runtime\Cache\Home\2a94b8bda04ff446dcedd42276fc99ee.php 第 274 行.
NOTIC: [8] Use of undefined constant aid - assumed 'aid' D:\wamp64\www\tpblog\Application\Runtime\Cache\Home\2a94b8bda04ff446dcedd42276fc99ee.php 第 274 行.
NOTIC: [8] Use of undefined constant aid - assumed 'aid' D:\wamp64\www\tpblog\Application\Runtime\Cache\Home\2a94b8bda04ff446dcedd42276fc99ee.php 第 274 行.
NOTIC: [8] Use of undefined constant aid - assumed 'aid' D:\wamp64\www\tpblog\Application\Runtime\Cache\Home\2a94b8bda04ff446dcedd42276fc99ee.php 第 274 行.
NOTIC: [8] Use of undefined constant aid - assumed 'aid' D:\wamp64\www\tpblog\Application\Runtime\Cache\Home\2a94b8bda04ff446dcedd42276fc99ee.php 第 274 行.
NOTIC: [8] Use of undefined constant aid - assumed 'aid' D:\wamp64\www\tpblog\Application\Runtime\Cache\Home\2a94b8bda04ff446dcedd42276fc99ee.php 第 274 行.
NOTIC: [8] Use of undefined constant aid - assumed 'aid' D:\wamp64\www\tpblog\Application\Runtime\Cache\Home\2a94b8bda04ff446dcedd42276fc99ee.php 第 274 行.
NOTIC: [8] Use of undefined constant aid - assumed 'aid' D:\wamp64\www\tpblog\Application\Runtime\Cache\Home\2a94b8bda04ff446dcedd42276fc99ee.php 第 274 行.
INFO: Run Behavior\ParseTemplateBehavior [ RunTime:0.013001s ]
INFO: [ view_parse ] --END-- [ RunTime:0.013001s ]
INFO: [ view_filter ] --START--
INFO: Run Behavior\WriteHtmlCacheBehavior [ RunTime:0.000000s ]
INFO: [ view_filter ] --END-- [ RunTime:0.000000s ]
INFO: [ app_end ] --START--
INFO: Run Behavior\ShowPageTraceBehavior [ RunTime:0.001000s ]
INFO: [ app_end ] --END-- [ RunTime:0.002000s ]

[ 2019-03-27T22:56:48+08:00 ] 127.0.0.1 /
INFO: [ app_init ] --START--
INFO: Run Behavior\BuildLiteBehavior [ RunTime:0.000000s ]
INFO: [ app_init ] --END-- [ RunTime:0.001000s ]
INFO: [ app_begin ] --START--
INFO: Run Behavior\ReadHtmlCacheBehavior [ RunTime:0.000000s ]
INFO: [ app_begin ] --END-- [ RunTime:0.000000s ]
SQL: SHOW COLUMNS FROM `setting` [ RunTime:0.0590s ]
SQL: SELECT * FROM `setting`  [ RunTime:0.0390s ]
SQL: SELECT * FROM `setting`  [ RunTime:0.0420s ]
SQL: SHOW COLUMNS FROM `article` [ RunTime:0.0490s ]
SQL: SELECT COUNT(*) AS tp_count FROM `article` LIMIT 1   [ RunTime:0.0320s ]
SQL: SELECT * FROM `article` WHERE ( category='旅游1' ) UNION (select * from article where category='时尚'order by aid desc limit 2) UNION (select * from article where category='旅游'order by aid desc limit 2) UNION (select * from article where category='美食'order by aid desc limit 2) UNION (select * from article where category='教育'order by aid desc limit 2) [ RunTime:0.1650s ]
SQL: SELECT * FROM `article` ORDER BY view desc LIMIT 8   [ RunTime:0.1450s ]
SQL: select sum(view) as view,author from article group by author order by view DESC limit 25  [ RunTime:0.0330s ]
INFO: [ view_parse ] --START--
INFO: [ template_filter ] --START--
INFO: Run Behavior\ContentReplaceBehavior [ RunTime:0.001000s ]
INFO: [ template_filter ] --END-- [ RunTime:0.001000s ]
NOTIC: [8] Use of undefined constant aid - assumed 'aid' D:\wamp64\www\tpblog\Application\Runtime\Cache\Home\2a94b8bda04ff446dcedd42276fc99ee.php 第 178 行.
NOTIC: [8] Use of undefined constant aid - assumed 'aid' D:\wamp64\www\tpblog\Application\Runtime\Cache\Home\2a94b8bda04ff446dcedd42276fc99ee.php 第 178 行.
NOTIC: [8] Use of undefined constant aid - assumed 'aid' D:\wamp64\www\tpblog\Application\Runtime\Cache\Home\2a94b8bda04ff446dcedd42276fc99ee.php 第 178 行.
NOTIC: [8] Use of undefined constant aid - assumed 'aid' D:\wamp64\www\tpblog\Application\Runtime\Cache\Home\2a94b8bda04ff446dcedd42276fc99ee.php 第 178 行.
NOTIC: [8] Use of undefined constant aid - assumed 'aid' D:\wamp64\www\tpblog\Application\Runtime\Cache\Home\2a94b8bda04ff446dcedd42276fc99ee.php 第 178 行.
NOTIC: [8] Use of undefined constant aid - assumed 'aid' D:\wamp64\www\tpblog\Application\Runtime\Cache\Home\2a94b8bda04ff446dcedd42276fc99ee.php 第 178 行.
NOTIC: [8] Use of undefined constant aid - assumed 'aid' D:\wamp64\www\tpblog\Application\Runtime\Cache\Home\2a94b8bda04ff446dcedd42276fc99ee.php 第 178 行.
NOTIC: [8] Use of undefined constant aid - assumed 'aid' D:\wamp64\www\tpblog\Application\Runtime\Cache\Home\2a94b8bda04ff446dcedd42276fc99ee.php 第 178 行.
NOTIC: [8] Use of undefined constant utf8 - assumed 'utf8' D:\wamp64\www\tpblog\Application\Runtime\Cache\Home\2a94b8bda04ff446dcedd42276fc99ee.php 第 207 行.
NOTIC: [8] Use of undefined constant utf8 - assumed 'utf8' D:\wamp64\www\tpblog\Application\Runtime\Cache\Home\2a94b8bda04ff446dcedd42276fc99ee.php 第 207 行.
NOTIC: [8] Use of undefined constant utf8 - assumed 'utf8' D:\wamp64\www\tpblog\Application\Runtime\Cache\Home\2a94b8bda04ff446dcedd42276fc99ee.php 第 207 行.
NOTIC: [8] Use of undefined constant utf8 - assumed 'utf8' D:\wamp64\www\tpblog\Application\Runtime\Cache\Home\2a94b8bda04ff446dcedd42276fc99ee.php 第 207 行.
NOTIC: [8] Use of undefined constant aid - assumed 'aid' D:\wamp64\www\tpblog\Application\Runtime\Cache\Home\2a94b8bda04ff446dcedd42276fc99ee.php 第 274 行.
NOTIC: [8] Use of undefined constant aid - assumed 'aid' D:\wamp64\www\tpblog\Application\Runtime\Cache\Home\2a94b8bda04ff446dcedd42276fc99ee.php 第 274 行.
NOTIC: [8] Use of undefined constant aid - assumed 'aid' D:\wamp64\www\tpblog\Application\Runtime\Cache\Home\2a94b8bda04ff446dcedd42276fc99ee.php 第 274 行.
NOTIC: [8] Use of undefined constant aid - assumed 'aid' D:\wamp64\www\tpblog\Application\Runtime\Cache\Home\2a94b8bda04ff446dcedd42276fc99ee.php 第 274 行.
NOTIC: [8] Use of undefined constant aid - assumed 'aid' D:\wamp64\www\tpblog\Application\Runtime\Cache\Home\2a94b8bda04ff446dcedd42276fc99ee.php 第 274 行.
NOTIC: [8] Use of undefined constant aid - assumed 'aid' D:\wamp64\www\tpblog\Application\Runtime\Cache\Home\2a94b8bda04ff446dcedd42276fc99ee.php 第 274 行.
NOTIC: [8] Use of undefined constant aid - assumed 'aid' D:\wamp64\www\tpblog\Application\Runtime\Cache\Home\2a94b8bda04ff446dcedd42276fc99ee.php 第 274 行.
NOTIC: [8] Use of undefined constant aid - assumed 'aid' D:\wamp64\www\tpblog\Application\Runtime\Cache\Home\2a94b8bda04ff446dcedd42276fc99ee.php 第 274 行.
INFO: Run Behavior\ParseTemplateBehavior [ RunTime:0.023001s ]
INFO: [ view_parse ] --END-- [ RunTime:0.023001s ]
INFO: [ view_filter ] --START--
INFO: Run Behavior\WriteHtmlCacheBehavior [ RunTime:0.000000s ]
INFO: [ view_filter ] --END-- [ RunTime:0.000000s ]
INFO: [ app_end ] --START--
INFO: Run Behavior\ShowPageTraceBehavior [ RunTime:0.001000s ]
INFO: [ app_end ] --END-- [ RunTime:0.001000s ]

[ 2019-03-27T22:56:56+08:00 ] 127.0.0.1 /
INFO: [ app_init ] --START--
INFO: Run Behavior\BuildLiteBehavior [ RunTime:0.000000s ]
INFO: [ app_init ] --END-- [ RunTime:0.000000s ]
INFO: [ app_begin ] --START--
INFO: Run Behavior\ReadHtmlCacheBehavior [ RunTime:0.001000s ]
INFO: [ app_begin ] --END-- [ RunTime:0.001000s ]
SQL: SHOW COLUMNS FROM `setting` [ RunTime:0.0540s ]
SQL: SELECT * FROM `setting`  [ RunTime:0.0340s ]
SQL: SELECT * FROM `setting`  [ RunTime:0.0340s ]
SQL: SHOW COLUMNS FROM `article` [ RunTime:0.0510s ]
SQL: SELECT COUNT(*) AS tp_count FROM `article` LIMIT 1   [ RunTime:0.0330s ]
SQL: SELECT * FROM `article` WHERE ( category='旅游1' ) UNION (select * from article where category='时尚'order by aid desc limit 2) UNION (select * from article where category='旅游'order by aid desc limit 2) UNION (select * from article where category='美食'order by aid desc limit 2) UNION (select * from article where category='教育'order by aid desc limit 2) [ RunTime:0.1660s ]
SQL: SELECT * FROM `article` ORDER BY view desc LIMIT 8   [ RunTime:0.1180s ]
SQL: select sum(view) as view,author from article group by author order by view DESC limit 25  [ RunTime:0.0510s ]
INFO: [ view_parse ] --START--
INFO: [ template_filter ] --START--
INFO: Run Behavior\ContentReplaceBehavior [ RunTime:0.000000s ]
INFO: [ template_filter ] --END-- [ RunTime:0.000000s ]
NOTIC: [8] Use of undefined constant aid - assumed 'aid' D:\wamp64\www\tpblog\Application\Runtime\Cache\Home\2a94b8bda04ff446dcedd42276fc99ee.php 第 178 行.
NOTIC: [8] Use of undefined constant aid - assumed 'aid' D:\wamp64\www\tpblog\Application\Runtime\Cache\Home\2a94b8bda04ff446dcedd42276fc99ee.php 第 178 行.
NOTIC: [8] Use of undefined constant aid - assumed 'aid' D:\wamp64\www\tpblog\Application\Runtime\Cache\Home\2a94b8bda04ff446dcedd42276fc99ee.php 第 178 行.
NOTIC: [8] Use of undefined constant aid - assumed 'aid' D:\wamp64\www\tpblog\Application\Runtime\Cache\Home\2a94b8bda04ff446dcedd42276fc99ee.php 第 178 行.
NOTIC: [8] Use of undefined constant aid - assumed 'aid' D:\wamp64\www\tpblog\Application\Runtime\Cache\Home\2a94b8bda04ff446dcedd42276fc99ee.php 第 178 行.
NOTIC: [8] Use of undefined constant aid - assumed 'aid' D:\wamp64\www\tpblog\Application\Runtime\Cache\Home\2a94b8bda04ff446dcedd42276fc99ee.php 第 178 行.
NOTIC: [8] Use of undefined constant aid - assumed 'aid' D:\wamp64\www\tpblog\Application\Runtime\Cache\Home\2a94b8bda04ff446dcedd42276fc99ee.php 第 178 行.
NOTIC: [8] Use of undefined constant aid - assumed 'aid' D:\wamp64\www\tpblog\Application\Runtime\Cache\Home\2a94b8bda04ff446dcedd42276fc99ee.php 第 178 行.
NOTIC: [8] Use of undefined constant utf8 - assumed 'utf8' D:\wamp64\www\tpblog\Application\Runtime\Cache\Home\2a94b8bda04ff446dcedd42276fc99ee.php 第 207 行.
NOTIC: [8] Use of undefined constant utf8 - assumed 'utf8' D:\wamp64\www\tpblog\Application\Runtime\Cache\Home\2a94b8bda04ff446dcedd42276fc99ee.php 第 207 行.
NOTIC: [8] Use of undefined constant utf8 - assumed 'utf8' D:\wamp64\www\tpblog\Application\Runtime\Cache\Home\2a94b8bda04ff446dcedd42276fc99ee.php 第 207 行.
NOTIC: [8] Use of undefined constant utf8 - assumed 'utf8' D:\wamp64\www\tpblog\Application\Runtime\Cache\Home\2a94b8bda04ff446dcedd42276fc99ee.php 第 207 行.
NOTIC: [8] Use of undefined constant aid - assumed 'aid' D:\wamp64\www\tpblog\Application\Runtime\Cache\Home\2a94b8bda04ff446dcedd42276fc99ee.php 第 274 行.
NOTIC: [8] Use of undefined constant aid - assumed 'aid' D:\wamp64\www\tpblog\Application\Runtime\Cache\Home\2a94b8bda04ff446dcedd42276fc99ee.php 第 274 行.
NOTIC: [8] Use of undefined constant aid - assumed 'aid' D:\wamp64\www\tpblog\Application\Runtime\Cache\Home\2a94b8bda04ff446dcedd42276fc99ee.php 第 274 行.
NOTIC: [8] Use of undefined constant aid - assumed 'aid' D:\wamp64\www\tpblog\Application\Runtime\Cache\Home\2a94b8bda04ff446dcedd42276fc99ee.php 第 274 行.
NOTIC: [8] Use of undefined constant aid - assumed 'aid' D:\wamp64\www\tpblog\Application\Runtime\Cache\Home\2a94b8bda04ff446dcedd42276fc99ee.php 第 274 行.
NOTIC: [8] Use of undefined constant aid - assumed 'aid' D:\wamp64\www\tpblog\Application\Runtime\Cache\Home\2a94b8bda04ff446dcedd42276fc99ee.php 第 274 行.
NOTIC: [8] Use of undefined constant aid - assumed 'aid' D:\wamp64\www\tpblog\Application\Runtime\Cache\Home\2a94b8bda04ff446dcedd42276fc99ee.php 第 274 行.
NOTIC: [8] Use of undefined constant aid - assumed 'aid' D:\wamp64\www\tpblog\Application\Runtime\Cache\Home\2a94b8bda04ff446dcedd42276fc99ee.php 第 274 行.
INFO: Run Behavior\ParseTemplateBehavior [ RunTime:0.010001s ]
INFO: [ view_parse ] --END-- [ RunTime:0.010001s ]
INFO: [ view_filter ] --START--
INFO: Run Behavior\WriteHtmlCacheBehavior [ RunTime:0.002000s ]
INFO: [ view_filter ] --END-- [ RunTime:0.002000s ]
INFO: [ app_end ] --START--
INFO: Run Behavior\ShowPageTraceBehavior [ RunTime:0.001000s ]
INFO: [ app_end ] --END-- [ RunTime:0.002000s ]

[ 2019-03-27T22:57:04+08:00 ] 127.0.0.1 /
INFO: [ app_init ] --START--
INFO: Run Behavior\BuildLiteBehavior [ RunTime:0.000000s ]
INFO: [ app_init ] --END-- [ RunTime:0.000000s ]
INFO: [ app_begin ] --START--
INFO: Run Behavior\ReadHtmlCacheBehavior [ RunTime:0.001000s ]
INFO: [ app_begin ] --END-- [ RunTime:0.001000s ]
SQL: SHOW COLUMNS FROM `setting` [ RunTime:0.0580s ]
SQL: SELECT * FROM `setting`  [ RunTime:0.0320s ]
SQL: SELECT * FROM `setting`  [ RunTime:0.0320s ]
SQL: SHOW COLUMNS FROM `article` [ RunTime:0.0540s ]
SQL: SELECT COUNT(*) AS tp_count FROM `article` LIMIT 1   [ RunTime:0.0320s ]
SQL: SELECT * FROM `article` WHERE ( category='旅游1' ) UNION (select * from article where category='时尚'order by aid desc limit 2) UNION (select * from article where category='旅游'order by aid desc limit 2) UNION (select * from article where category='美食'order by aid desc limit 2) UNION (select * from article where category='教育'order by aid desc limit 2) [ RunTime:0.1730s ]
SQL: SELECT * FROM `article` ORDER BY view desc LIMIT 8   [ RunTime:0.1170s ]
SQL: select sum(view) as view,author from article group by author order by view DESC limit 25  [ RunTime:0.0360s ]
INFO: [ view_parse ] --START--
INFO: [ template_filter ] --START--
INFO: Run Behavior\ContentReplaceBehavior [ RunTime:0.001000s ]
INFO: [ template_filter ] --END-- [ RunTime:0.001000s ]
NOTIC: [8] Use of undefined constant aid - assumed 'aid' D:\wamp64\www\tpblog\Application\Runtime\Cache\Home\2a94b8bda04ff446dcedd42276fc99ee.php 第 178 行.
NOTIC: [8] Use of undefined constant aid - assumed 'aid' D:\wamp64\www\tpblog\Application\Runtime\Cache\Home\2a94b8bda04ff446dcedd42276fc99ee.php 第 178 行.
NOTIC: [8] Use of undefined constant aid - assumed 'aid' D:\wamp64\www\tpblog\Application\Runtime\Cache\Home\2a94b8bda04ff446dcedd42276fc99ee.php 第 178 行.
NOTIC: [8] Use of undefined constant aid - assumed 'aid' D:\wamp64\www\tpblog\Application\Runtime\Cache\Home\2a94b8bda04ff446dcedd42276fc99ee.php 第 178 行.
NOTIC: [8] Use of undefined constant aid - assumed 'aid' D:\wamp64\www\tpblog\Application\Runtime\Cache\Home\2a94b8bda04ff446dcedd42276fc99ee.php 第 178 行.
NOTIC: [8] Use of undefined constant aid - assumed 'aid' D:\wamp64\www\tpblog\Application\Runtime\Cache\Home\2a94b8bda04ff446dcedd42276fc99ee.php 第 178 行.
NOTIC: [8] Use of undefined constant aid - assumed 'aid' D:\wamp64\www\tpblog\Application\Runtime\Cache\Home\2a94b8bda04ff446dcedd42276fc99ee.php 第 178 行.
NOTIC: [8] Use of undefined constant aid - assumed 'aid' D:\wamp64\www\tpblog\Application\Runtime\Cache\Home\2a94b8bda04ff446dcedd42276fc99ee.php 第 178 行.
NOTIC: [8] Use of undefined constant utf8 - assumed 'utf8' D:\wamp64\www\tpblog\Application\Runtime\Cache\Home\2a94b8bda04ff446dcedd42276fc99ee.php 第 207 行.
NOTIC: [8] Use of undefined constant utf8 - assumed 'utf8' D:\wamp64\www\tpblog\Application\Runtime\Cache\Home\2a94b8bda04ff446dcedd42276fc99ee.php 第 207 行.
NOTIC: [8] Use of undefined constant utf8 - assumed 'utf8' D:\wamp64\www\tpblog\Application\Runtime\Cache\Home\2a94b8bda04ff446dcedd42276fc99ee.php 第 207 行.
NOTIC: [8] Use of undefined constant utf8 - assumed 'utf8' D:\wamp64\www\tpblog\Application\Runtime\Cache\Home\2a94b8bda04ff446dcedd42276fc99ee.php 第 207 行.
NOTIC: [8] Use of undefined constant aid - assumed 'aid' D:\wamp64\www\tpblog\Application\Runtime\Cache\Home\2a94b8bda04ff446dcedd42276fc99ee.php 第 274 行.
NOTIC: [8] Use of undefined constant aid - assumed 'aid' D:\wamp64\www\tpblog\Application\Runtime\Cache\Home\2a94b8bda04ff446dcedd42276fc99ee.php 第 274 行.
NOTIC: [8] Use of undefined constant aid - assumed 'aid' D:\wamp64\www\tpblog\Application\Runtime\Cache\Home\2a94b8bda04ff446dcedd42276fc99ee.php 第 274 行.
NOTIC: [8] Use of undefined constant aid - assumed 'aid' D:\wamp64\www\tpblog\Application\Runtime\Cache\Home\2a94b8bda04ff446dcedd42276fc99ee.php 第 274 行.
NOTIC: [8] Use of undefined constant aid - assumed 'aid' D:\wamp64\www\tpblog\Application\Runtime\Cache\Home\2a94b8bda04ff446dcedd42276fc99ee.php 第 274 行.
NOTIC: [8] Use of undefined constant aid - assumed 'aid' D:\wamp64\www\tpblog\Application\Runtime\Cache\Home\2a94b8bda04ff446dcedd42276fc99ee.php 第 274 行.
NOTIC: [8] Use of undefined constant aid - assumed 'aid' D:\wamp64\www\tpblog\Application\Runtime\Cache\Home\2a94b8bda04ff446dcedd42276fc99ee.php 第 274 行.
NOTIC: [8] Use of undefined constant aid - assumed 'aid' D:\wamp64\www\tpblog\Application\Runtime\Cache\Home\2a94b8bda04ff446dcedd42276fc99ee.php 第 274 行.
INFO: Run Behavior\ParseTemplateBehavior [ RunTime:0.038003s ]
INFO: [ view_parse ] --END-- [ RunTime:0.038003s ]
INFO: [ view_filter ] --START--
INFO: Run Behavior\WriteHtmlCacheBehavior [ RunTime:0.001000s ]
INFO: [ view_filter ] --END-- [ RunTime:0.001000s ]
INFO: [ app_end ] --START--
INFO: Run Behavior\ShowPageTraceBehavior [ RunTime:0.001000s ]
INFO: [ app_end ] --END-- [ RunTime:0.001000s ]

[ 2019-03-27T22:57:14+08:00 ] 127.0.0.1 /Home/Index/fashion
INFO: [ app_init ] --START--
INFO: Run Behavior\BuildLiteBehavior [ RunTime:0.000000s ]
INFO: [ app_init ] --END-- [ RunTime:0.001000s ]
INFO: [ app_begin ] --START--
INFO: Run Behavior\ReadHtmlCacheBehavior [ RunTime:0.001000s ]
INFO: [ app_begin ] --END-- [ RunTime:0.001000s ]
SQL: SHOW COLUMNS FROM `setting` [ RunTime:0.0520s ]
SQL: SELECT * FROM `setting`  [ RunTime:0.0370s ]
SQL: SELECT * FROM `setting`  [ RunTime:0.0340s ]
SQL: SHOW COLUMNS FROM `article` [ RunTime:0.0480s ]
SQL: SELECT COUNT(*) AS tp_count FROM `article` LIMIT 1   [ RunTime:0.0320s ]
SQL: SELECT * FROM `article` WHERE ( category='时尚' ) ORDER BY aid desc LIMIT 0,8   [ RunTime:0.0730s ]
SQL: SELECT * FROM `article` ORDER BY view desc LIMIT 8   [ RunTime:0.1200s ]
SQL: select sum(view) as view,author from article group by author order by view DESC limit 25  [ RunTime:0.0400s ]
INFO: [ view_parse ] --START--
INFO: [ template_filter ] --START--
INFO: Run Behavior\ContentReplaceBehavior [ RunTime:0.000000s ]
INFO: [ template_filter ] --END-- [ RunTime:0.001000s ]
NOTIC: [8] Use of undefined constant aid - assumed 'aid' D:\wamp64\www\tpblog\Application\Runtime\Cache\Home\41affe53c3e1c278d4128c2f9dadba18.php 第 165 行.
NOTIC: [8] Use of undefined constant aid - assumed 'aid' D:\wamp64\www\tpblog\Application\Runtime\Cache\Home\41affe53c3e1c278d4128c2f9dadba18.php 第 165 行.
NOTIC: [8] Use of undefined constant utf8 - assumed 'utf8' D:\wamp64\www\tpblog\Application\Runtime\Cache\Home\41affe53c3e1c278d4128c2f9dadba18.php 第 194 行.
NOTIC: [8] Use of undefined constant utf8 - assumed 'utf8' D:\wamp64\www\tpblog\Application\Runtime\Cache\Home\41affe53c3e1c278d4128c2f9dadba18.php 第 194 行.
NOTIC: [8] Use of undefined constant utf8 - assumed 'utf8' D:\wamp64\www\tpblog\Application\Runtime\Cache\Home\41affe53c3e1c278d4128c2f9dadba18.php 第 194 行.
NOTIC: [8] Use of undefined constant utf8 - assumed 'utf8' D:\wamp64\www\tpblog\Application\Runtime\Cache\Home\41affe53c3e1c278d4128c2f9dadba18.php 第 194 行.
NOTIC: [8] Use of undefined constant aid - assumed 'aid' D:\wamp64\www\tpblog\Application\Runtime\Cache\Home\41affe53c3e1c278d4128c2f9dadba18.php 第 261 行.
NOTIC: [8] Use of undefined constant aid - assumed 'aid' D:\wamp64\www\tpblog\Application\Runtime\Cache\Home\41affe53c3e1c278d4128c2f9dadba18.php 第 261 行.
INFO: Run Behavior\ParseTemplateBehavior [ RunTime:0.023001s ]
INFO: [ view_parse ] --END-- [ RunTime:0.023001s ]
INFO: [ view_filter ] --START--
INFO: Run Behavior\WriteHtmlCacheBehavior [ RunTime:0.001001s ]
INFO: [ view_filter ] --END-- [ RunTime:0.001001s ]
INFO: [ app_end ] --START--
INFO: Run Behavior\ShowPageTraceBehavior [ RunTime:0.001000s ]
INFO: [ app_end ] --END-- [ RunTime:0.001000s ]

[ 2019-03-27T22:57:16+08:00 ] 127.0.0.1 /Home/Index/food
INFO: [ app_init ] --START--
INFO: Run Behavior\BuildLiteBehavior [ RunTime:0.000000s ]
INFO: [ app_init ] --END-- [ RunTime:0.000000s ]
INFO: [ app_begin ] --START--
INFO: Run Behavior\ReadHtmlCacheBehavior [ RunTime:0.001000s ]
INFO: [ app_begin ] --END-- [ RunTime:0.001000s ]
SQL: SHOW COLUMNS FROM `setting` [ RunTime:0.0480s ]
SQL: SELECT * FROM `setting`  [ RunTime:0.0320s ]
SQL: SELECT * FROM `setting`  [ RunTime:0.0420s ]
SQL: SHOW COLUMNS FROM `article` [ RunTime:0.0460s ]
SQL: SELECT COUNT(*) AS tp_count FROM `article` LIMIT 1   [ RunTime:0.0390s ]
SQL: SELECT * FROM `article` WHERE ( category='美食' ) ORDER BY aid desc LIMIT 0,8   [ RunTime:0.1030s ]
SQL: SELECT * FROM `article` ORDER BY view desc LIMIT 8   [ RunTime:0.1430s ]
SQL: select sum(view) as view,author from article group by author order by view DESC limit 25  [ RunTime:0.0510s ]
INFO: [ view_parse ] --START--
INFO: [ template_filter ] --START--
INFO: Run Behavior\ContentReplaceBehavior [ RunTime:0.000000s ]
INFO: [ template_filter ] --END-- [ RunTime:0.000000s ]
NOTIC: [8] Use of undefined constant aid - assumed 'aid' D:\wamp64\www\tpblog\Application\Runtime\Cache\Home\5b25d46fa9f6ae75b76124a39381fcca.php 第 166 行.
NOTIC: [8] Use of undefined constant aid - assumed 'aid' D:\wamp64\www\tpblog\Application\Runtime\Cache\Home\5b25d46fa9f6ae75b76124a39381fcca.php 第 166 行.
NOTIC: [8] Use of undefined constant utf8 - assumed 'utf8' D:\wamp64\www\tpblog\Application\Runtime\Cache\Home\5b25d46fa9f6ae75b76124a39381fcca.php 第 194 行.
NOTIC: [8] Use of undefined constant utf8 - assumed 'utf8' D:\wamp64\www\tpblog\Application\Runtime\Cache\Home\5b25d46fa9f6ae75b76124a39381fcca.php 第 194 行.
NOTIC: [8] Use of undefined constant utf8 - assumed 'utf8' D:\wamp64\www\tpblog\Application\Runtime\Cache\Home\5b25d46fa9f6ae75b76124a39381fcca.php 第 194 行.
NOTIC: [8] Use of undefined constant utf8 - assumed 'utf8' D:\wamp64\www\tpblog\Application\Runtime\Cache\Home\5b25d46fa9f6ae75b76124a39381fcca.php 第 194 行.
NOTIC: [8] Use of undefined constant aid - assumed 'aid' D:\wamp64\www\tpblog\Application\Runtime\Cache\Home\5b25d46fa9f6ae75b76124a39381fcca.php 第 262 行.
NOTIC: [8] Use of undefined constant aid - assumed 'aid' D:\wamp64\www\tpblog\Application\Runtime\Cache\Home\5b25d46fa9f6ae75b76124a39381fcca.php 第 262 行.
INFO: Run Behavior\ParseTemplateBehavior [ RunTime:0.011001s ]
INFO: [ view_parse ] --END-- [ RunTime:0.011001s ]
INFO: [ view_filter ] --START--
INFO: Run Behavior\WriteHtmlCacheBehavior [ RunTime:0.001000s ]
INFO: [ view_filter ] --END-- [ RunTime:0.002000s ]
INFO: [ app_end ] --START--
INFO: Run Behavior\ShowPageTraceBehavior [ RunTime:0.001000s ]
INFO: [ app_end ] --END-- [ RunTime:0.001000s ]

[ 2019-03-27T22:57:17+08:00 ] 127.0.0.1 /Home/Index/education
INFO: [ app_init ] --START--
INFO: Run Behavior\BuildLiteBehavior [ RunTime:0.000000s ]
INFO: [ app_init ] --END-- [ RunTime:0.000000s ]
INFO: [ app_begin ] --START--
INFO: Run Behavior\ReadHtmlCacheBehavior [ RunTime:0.001000s ]
INFO: [ app_begin ] --END-- [ RunTime:0.001000s ]
SQL: SHOW COLUMNS FROM `setting` [ RunTime:0.0490s ]
SQL: SELECT * FROM `setting`  [ RunTime:0.0410s ]
SQL: SELECT * FROM `setting`  [ RunTime:0.0380s ]
SQL: SHOW COLUMNS FROM `article` [ RunTime:0.0640s ]
SQL: SELECT COUNT(*) AS tp_count FROM `article` LIMIT 1   [ RunTime:0.0350s ]
SQL: SELECT * FROM `article` WHERE ( category='教育' ) ORDER BY aid desc LIMIT 0,8   [ RunTime:0.0680s ]
SQL: SELECT * FROM `article` ORDER BY view desc LIMIT 8   [ RunTime:0.1200s ]
SQL: select sum(view) as view,author from article group by author order by view DESC limit 25  [ RunTime:0.0360s ]
INFO: [ view_parse ] --START--
INFO: [ template_filter ] --START--
INFO: Run Behavior\ContentReplaceBehavior [ RunTime:0.000000s ]
INFO: [ template_filter ] --END-- [ RunTime:0.000000s ]
NOTIC: [8] Use of undefined constant aid - assumed 'aid' D:\wamp64\www\tpblog\Application\Runtime\Cache\Home\28af3cbf496e6769a54c4cf4bfe418ea.php 第 174 行.
NOTIC: [8] Use of undefined constant aid - assumed 'aid' D:\wamp64\www\tpblog\Application\Runtime\Cache\Home\28af3cbf496e6769a54c4cf4bfe418ea.php 第 174 行.
NOTIC: [8] Use of undefined constant utf8 - assumed 'utf8' D:\wamp64\www\tpblog\Application\Runtime\Cache\Home\28af3cbf496e6769a54c4cf4bfe418ea.php 第 202 行.
NOTIC: [8] Use of undefined constant utf8 - assumed 'utf8' D:\wamp64\www\tpblog\Application\Runtime\Cache\Home\28af3cbf496e6769a54c4cf4bfe418ea.php 第 202 行.
NOTIC: [8] Use of undefined constant utf8 - assumed 'utf8' D:\wamp64\www\tpblog\Application\Runtime\Cache\Home\28af3cbf496e6769a54c4cf4bfe418ea.php 第 202 行.
NOTIC: [8] Use of undefined constant utf8 - assumed 'utf8' D:\wamp64\www\tpblog\Application\Runtime\Cache\Home\28af3cbf496e6769a54c4cf4bfe418ea.php 第 202 行.
NOTIC: [8] Use of undefined constant aid - assumed 'aid' D:\wamp64\www\tpblog\Application\Runtime\Cache\Home\28af3cbf496e6769a54c4cf4bfe418ea.php 第 270 行.
NOTIC: [8] Use of undefined constant aid - assumed 'aid' D:\wamp64\www\tpblog\Application\Runtime\Cache\Home\28af3cbf496e6769a54c4cf4bfe418ea.php 第 270 行.
INFO: Run Behavior\ParseTemplateBehavior [ RunTime:0.014001s ]
INFO: [ view_parse ] --END-- [ RunTime:0.014001s ]
INFO: [ view_filter ] --START--
INFO: Run Behavior\WriteHtmlCacheBehavior [ RunTime:0.000000s ]
INFO: [ view_filter ] --END-- [ RunTime:0.000000s ]
INFO: [ app_end ] --START--
INFO: Run Behavior\ShowPageTraceBehavior [ RunTime:0.001000s ]
INFO: [ app_end ] --END-- [ RunTime:0.001000s ]

